[0.024s] Invoking command in '/home/jimmy/ros2_ws/build/servo': CMAKE_PREFIX_PATH=${CMAKE_PREFIX_PATH}:/opt/ros/jazzy DEBUGINFOD_URLS=https://debuginfod.ubuntu.com /usr/bin/cmake --build /home/jimmy/ros2_ws/build/servo -- -j4 -l4
[0.107s] Invoked command in '/home/jimmy/ros2_ws/build/servo' returned '0': CMAKE_PREFIX_PATH=${CMAKE_PREFIX_PATH}:/opt/ros/jazzy DEBUGINFOD_URLS=https://debuginfod.ubuntu.com /usr/bin/cmake --build /home/jimmy/ros2_ws/build/servo -- -j4 -l4
[0.131s] Invoking command in '/home/jimmy/ros2_ws/build/servo': CMAKE_PREFIX_PATH=${CMAKE_PREFIX_PATH}:/opt/ros/jazzy DEBUGINFOD_URLS=https://debuginfod.ubuntu.com /usr/bin/cmake --install /home/jimmy/ros2_ws/build/servo
[0.145s] -- Install configuration: ""
[0.146s] -- Up-to-date: /home/jimmy/ros2_ws/install/servo/share/ament_index/resource_index/package_run_dependencies/servo
[0.146s] -- Up-to-date: /home/jimmy/ros2_ws/install/servo/share/ament_index/resource_index/parent_prefix_path/servo
[0.146s] -- Up-to-date: /home/jimmy/ros2_ws/install/servo/share/servo/environment/ament_prefix_path.sh
[0.146s] -- Up-to-date: /home/jimmy/ros2_ws/install/servo/share/servo/environment/ament_prefix_path.dsv
[0.146s] -- Up-to-date: /home/jimmy/ros2_ws/install/servo/share/servo/environment/path.sh
[0.146s] -- Up-to-date: /home/jimmy/ros2_ws/install/servo/share/servo/environment/path.dsv
[0.146s] -- Up-to-date: /home/jimmy/ros2_ws/install/servo/share/servo/local_setup.bash
[0.147s] -- Up-to-date: /home/jimmy/ros2_ws/install/servo/share/servo/local_setup.sh
[0.147s] -- Up-to-date: /home/jimmy/ros2_ws/install/servo/share/servo/local_setup.zsh
[0.147s] -- Up-to-date: /home/jimmy/ros2_ws/install/servo/share/servo/local_setup.dsv
[0.147s] -- Up-to-date: /home/jimmy/ros2_ws/install/servo/share/servo/package.dsv
[0.147s] -- Up-to-date: /home/jimmy/ros2_ws/install/servo/share/ament_index/resource_index/packages/servo
[0.147s] -- Up-to-date: /home/jimmy/ros2_ws/install/servo/share/servo/cmake/servoConfig.cmake
[0.147s] -- Up-to-date: /home/jimmy/ros2_ws/install/servo/share/servo/cmake/servoConfig-version.cmake
[0.147s] -- Up-to-date: /home/jimmy/ros2_ws/install/servo/share/servo/package.xml
[0.150s] Invoked command in '/home/jimmy/ros2_ws/build/servo' returned '0': CMAKE_PREFIX_PATH=${CMAKE_PREFIX_PATH}:/opt/ros/jazzy DEBUGINFOD_URLS=https://debuginfod.ubuntu.com /usr/bin/cmake --install /home/jimmy/ros2_ws/build/servo
