[0.026s] Invoking command in '/home/jimmy/ros2_ws/build/interfaces': CMAKE_PREFIX_PATH=${CMAKE_PREFIX_PATH}:/opt/ros/jazzy CONDA_PROMPT_MODIFIER=(base) DEBUGINFOD_URLS=https://debuginfod.ubuntu.com /usr/bin/cmake /home/jimmy/ros2_ws/src/interfaces -DAMENT_CMAKE_SYMLINK_INSTALL=1 -DCMAKE_INSTALL_PREFIX=/home/jimmy/ros2_ws/install/interfaces
[0.052s] -- Found ament_cmake: 2.5.4 (/opt/ros/jazzy/share/ament_cmake/cmake)
[0.506s] -- Override CMake install command with custom implementation using symlinks instead of copying resources
[0.515s] -- Found rosidl_default_generators: 1.6.0 (/opt/ros/jazzy/share/rosidl_default_generators/cmake)
[0.519s] -- Using all available rosidl_typesupport_c: rosidl_typesupport_fastrtps_c;rosidl_typesupport_introspection_c
[0.566s] -- Using all available rosidl_typesupport_cpp: rosidl_typesupport_fastrtps_cpp;rosidl_typesupport_introspection_cpp
[0.610s] -- Found rosidl_adapter: 4.6.6 (/opt/ros/jazzy/share/rosidl_adapter/cmake)
[0.965s] [31mCMake Error at /opt/ros/jazzy/share/rosidl_adapter/cmake/rosidl_adapt_interfaces.cmake:57 (message):
[0.966s]   execute_process(/home/jimmy/miniconda3/bin/python3 -m rosidl_adapter
[0.966s]   --package-name interfaces --arguments-file
[0.966s]   /home/jimmy/ros2_ws/build/interfaces/rosidl_adapter__arguments__interfaces.json
[0.966s]   --output-dir /home/jimmy/ros2_ws/build/interfaces/rosidl_adapter/interfaces
[0.966s]   --output-file
[0.966s]   /home/jimmy/ros2_ws/build/interfaces/rosidl_adapter/interfaces.idls)
[0.966s]   returned error code 1:
[0.966s] 
[0.966s]   AttributeError processing template 'msg.idl.em'
[0.966s] 
[0.967s]   Traceback (most recent call last):
[0.967s] 
[0.967s]     File "<frozen runpy>", line 198, in _run_module_as_main
[0.967s]     File "<frozen runpy>", line 88, in _run_code
[0.967s]     File "/opt/ros/jazzy/lib/python3.12/site-packages/rosidl_adapter/__main__.py", line 19, in <module>
[0.967s]       sys.exit(main())
[0.967s]                ~~~~^^
[0.967s]     File "/opt/ros/jazzy/lib/python3.12/site-packages/rosidl_adapter/main.py", line 53, in main
[0.967s]       abs_idl_file = convert_to_idl(
[0.968s]           pathlib.Path(basepath), args.package_name,
[0.968s]           pathlib.Path(relative_path), output_dir)
[0.968s]     File "/opt/ros/jazzy/lib/python3.12/site-packages/rosidl_adapter/__init__.py", line 19, in convert_to_idl
[0.968s]       return convert_msg_to_idl(
[0.968s]           package_dir, package_name, interface_file, output_dir / 'msg')
[0.968s]     File "/opt/ros/jazzy/lib/python3.12/site-packages/rosidl_adapter/msg/__init__.py", line 39, in convert_msg_to_idl
[0.968s]       expand_template('msg.idl.em', data, output_file, encoding='iso-8859-1')
[0.968s]       ~~~~~~~~~~~~~~~^^^^^^^^^^^^^^^^^^^^^^^^^^^^^^^^^^^^^^^^^^^^^^^^^^^^^^^^
[0.968s]     File "/opt/ros/jazzy/lib/python3.12/site-packages/rosidl_adapter/resource/__init__.py", line 29, in expand_template
[0.969s]       content = evaluate_template(template_name, data)
[0.969s]     File "/opt/ros/jazzy/lib/python3.12/site-packages/rosidl_adapter/resource/__init__.py", line 65, in evaluate_template
[0.969s]       _interpreter = em.Interpreter(
[0.969s]                      ^^^^^^^^^^^^^^
[0.969s] 
[0.969s]   AttributeError: module 'em' has no attribute 'Interpreter'
[0.969s] 
[0.969s] Call Stack (most recent call first):
[0.969s]   /opt/ros/jazzy/share/rosidl_cmake/cmake/rosidl_generate_interfaces.cmake:132 (rosidl_adapt_interfaces)
[0.969s]   CMakeLists.txt:14 (rosidl_generate_interfaces)
[0.969s] 
[0.970s] [0m
[0.970s] -- Configuring incomplete, errors occurred!
[0.979s] Invoked command in '/home/jimmy/ros2_ws/build/interfaces' returned '1': CMAKE_PREFIX_PATH=${CMAKE_PREFIX_PATH}:/opt/ros/jazzy CONDA_PROMPT_MODIFIER=(base) DEBUGINFOD_URLS=https://debuginfod.ubuntu.com /usr/bin/cmake /home/jimmy/ros2_ws/src/interfaces -DAMENT_CMAKE_SYMLINK_INSTALL=1 -DCMAKE_INSTALL_PREFIX=/home/jimmy/ros2_ws/install/interfaces
