[0.024s] Invoking command in '/home/jimmy/ros2_ws/build/realsense2_camera': AMENT_PREFIX_PATH=/home/jimmy/ros2_ws/install/realsense2_camera_msgs:${AMENT_PREFIX_PATH} CMAKE_PREFIX_PATH=/home/jimmy/ros2_ws/install/realsense2_camera_msgs:/opt/ros/jazzy/opt/gz_math_vendor:/opt/ros/jazzy/opt/gz_utils_vendor:/opt/ros/jazzy/opt/gz_cmake_vendor:/opt/ros/jazzy DEBUGINFOD_URLS=https://debuginfod.ubuntu.com LD_LIBRARY_PATH=/home/jimmy/ros2_ws/install/realsense2_camera_msgs/lib:${LD_LIBRARY_PATH} PYTHONPATH=/home/jimmy/ros2_ws/install/realsense2_camera_msgs/lib/python3.12/site-packages:${PYTHONPATH} /usr/bin/cmake /home/jimmy/ros2_ws/src/realsense-ros/realsense2_camera -DCMAKE_INSTALL_PREFIX=/home/jimmy/ros2_ws/install/realsense2_camera
[0.186s] -- The C compiler identification is GNU 13.3.0
[0.343s] -- The CXX compiler identification is GNU 13.3.0
[0.387s] -- Detecting C compiler ABI info
[0.600s] -- Detecting C compiler ABI info - done
[0.615s] -- Check for working C compiler: /usr/bin/cc - skipped
[0.615s] -- Detecting C compile features
[0.616s] -- Detecting C compile features - done
[0.631s] -- Detecting CXX compiler ABI info
[0.830s] -- Detecting CXX compiler ABI info - done
[0.845s] -- Check for working CXX compiler: /usr/bin/c++ - skipped
[0.846s] -- Detecting CXX compile features
[0.847s] -- Detecting CXX compile features - done
[0.849s] -- Create Release Build.
[0.853s] -- Found ament_cmake: 2.5.4 (/opt/ros/jazzy/share/ament_cmake/cmake)
[1.271s] -- Found Python3: /usr/bin/python3 (found version "3.12.3") found components: Interpreter 
[1.542s] -- Found builtin_interfaces: 2.0.3 (/opt/ros/jazzy/share/builtin_interfaces/cmake)
[1.596s] -- Found rosidl_generator_c: 4.6.6 (/opt/ros/jazzy/share/rosidl_generator_c/cmake)
[1.617s] -- Found rosidl_generator_cpp: 4.6.6 (/opt/ros/jazzy/share/rosidl_generator_cpp/cmake)
[1.642s] -- Using all available rosidl_typesupport_c: rosidl_typesupport_fastrtps_c;rosidl_typesupport_introspection_c
[1.678s] -- Using all available rosidl_typesupport_cpp: rosidl_typesupport_fastrtps_cpp;rosidl_typesupport_introspection_cpp
[1.722s] -- Found cv_bridge: 4.1.0 (/opt/ros/jazzy/share/cv_bridge/cmake)
[1.996s] -- Found rmw_implementation_cmake: 7.3.2 (/opt/ros/jazzy/share/rmw_implementation_cmake/cmake)
[2.002s] -- Found rmw_fastrtps_cpp: 8.4.3 (/opt/ros/jazzy/share/rmw_fastrtps_cpp/cmake)
[2.185s] -- Found OpenSSL: /usr/lib/aarch64-linux-gnu/libcrypto.so (found version "3.0.13")  
[2.215s] -- Found FastRTPS: /opt/ros/jazzy/include (Required is at least version "2.13") 
[2.251s] -- Using RMW implementation 'rmw_fastrtps_cpp' as default
[2.393s] -- Found image_transport: 5.1.7 (/opt/ros/jazzy/share/image_transport/cmake)
[2.440s] -- Found rclcpp_action: 28.1.12 (/opt/ros/jazzy/share/rclcpp_action/cmake)
[2.509s] -- Found rclcpp_components: 28.1.12 (/opt/ros/jazzy/share/rclcpp_components/cmake)
[2.555s] -- Found realsense2_camera_msgs: 4.56.4 (/home/jimmy/ros2_ws/install/realsense2_camera_msgs/share/realsense2_camera_msgs/cmake)
[2.618s] -- Found std_srvs: 5.3.6 (/opt/ros/jazzy/share/std_srvs/cmake)
[2.656s] -- Found nav_msgs: 5.3.6 (/opt/ros/jazzy/share/nav_msgs/cmake)
[2.715s] -- Found tf2_ros: 0.36.14 (/opt/ros/jazzy/share/tf2_ros/cmake)
[2.886s] -- Found diagnostic_updater: 4.2.6 (/opt/ros/jazzy/share/diagnostic_updater/cmake)
[2.938s] -- Found OpenCV: /usr (found version "4.6.0") found components: core 
[2.940s] -- Build for ROS2 Jazzy
[2.946s] -- Found ament_cmake_gtest: 2.5.4 (/opt/ros/jazzy/share/ament_cmake_gtest/cmake)
[2.951s] -- Found gtest sources under '/opt/ros/jazzy/src/gtest_vendor': C++ tests using 'Google Test' will be built
[2.965s] -- Performing Test CMAKE_HAVE_LIBC_PTHREAD
[3.135s] -- Performing Test CMAKE_HAVE_LIBC_PTHREAD - Success
[3.138s] -- Found Threads: TRUE  
[3.141s] -- Found ament_cmake_pytest: 2.5.4 (/opt/ros/jazzy/share/ament_cmake_pytest/cmake)
[9.567s] -- rs_device_info:
[9.567s] --  07/11 12:58:18,403 ERROR [281473078222368] (context.cpp:40) No valid configuration file found at : /home/jimmy/.realsense-config.json loading defaults
[9.567s] No device detected. Is it plugged in?
[9.568s] 
[9.742s] -- Configuring done (9.7s)
[9.800s] -- Generating done (0.0s)
[9.812s] -- Build files have been written to: /home/jimmy/ros2_ws/build/realsense2_camera
[9.840s] Invoked command in '/home/jimmy/ros2_ws/build/realsense2_camera' returned '0': AMENT_PREFIX_PATH=/home/jimmy/ros2_ws/install/realsense2_camera_msgs:${AMENT_PREFIX_PATH} CMAKE_PREFIX_PATH=/home/jimmy/ros2_ws/install/realsense2_camera_msgs:/opt/ros/jazzy/opt/gz_math_vendor:/opt/ros/jazzy/opt/gz_utils_vendor:/opt/ros/jazzy/opt/gz_cmake_vendor:/opt/ros/jazzy DEBUGINFOD_URLS=https://debuginfod.ubuntu.com LD_LIBRARY_PATH=/home/jimmy/ros2_ws/install/realsense2_camera_msgs/lib:${LD_LIBRARY_PATH} PYTHONPATH=/home/jimmy/ros2_ws/install/realsense2_camera_msgs/lib/python3.12/site-packages:${PYTHONPATH} /usr/bin/cmake /home/jimmy/ros2_ws/src/realsense-ros/realsense2_camera -DCMAKE_INSTALL_PREFIX=/home/jimmy/ros2_ws/install/realsense2_camera
[9.842s] Invoking command in '/home/jimmy/ros2_ws/build/realsense2_camera': AMENT_PREFIX_PATH=/home/jimmy/ros2_ws/install/realsense2_camera_msgs:${AMENT_PREFIX_PATH} CMAKE_PREFIX_PATH=/home/jimmy/ros2_ws/install/realsense2_camera_msgs:/opt/ros/jazzy/opt/gz_math_vendor:/opt/ros/jazzy/opt/gz_utils_vendor:/opt/ros/jazzy/opt/gz_cmake_vendor:/opt/ros/jazzy DEBUGINFOD_URLS=https://debuginfod.ubuntu.com LD_LIBRARY_PATH=/home/jimmy/ros2_ws/install/realsense2_camera_msgs/lib:${LD_LIBRARY_PATH} PYTHONPATH=/home/jimmy/ros2_ws/install/realsense2_camera_msgs/lib/python3.12/site-packages:${PYTHONPATH} /usr/bin/cmake --build /home/jimmy/ros2_ws/build/realsense2_camera -- -j4 -l4
[9.947s] [  8%] [32mBuilding CXX object CMakeFiles/realsense2_camera.dir/src/realsense_node_factory.cpp.o[0m
[9.947s] [  8%] [32mBuilding CXX object gtest/CMakeFiles/gtest_main.dir/src/gtest_main.cc.o[0m
[9.954s] [ 12%] [32mBuilding CXX object gtest/CMakeFiles/gtest.dir/src/gtest-all.cc.o[0m
[9.963s] [ 16%] [32mBuilding CXX object CMakeFiles/realsense2_camera_node.dir/rclcpp_components/node_main_realsense2_camera_node.cpp.o[0m
[11.937s] [ 20%] [32m[1mLinking CXX static library libgtest_main.a[0m
[12.090s] [ 20%] Built target gtest_main
[12.119s] [ 24%] [32mBuilding CXX object CMakeFiles/realsense2_camera.dir/src/base_realsense_node.cpp.o[0m
[22.000s] [ 28%] [32m[1mLinking CXX executable realsense2_camera_node[0m
[23.233s] [ 28%] Built target realsense2_camera_node
[23.330s] [ 32%] [32mBuilding CXX object CMakeFiles/realsense2_camera.dir/src/parameters.cpp.o[0m
[41.413s] [ 36%] [32m[1mLinking CXX static library libgtest.a[0m
[41.638s] [ 36%] Built target gtest
[57.148s] [ 40%] [32mBuilding CXX object CMakeFiles/realsense2_camera.dir/src/ros_sensor.cpp.o[0m
[64.173s] [ 44%] [32mBuilding CXX object CMakeFiles/realsense2_camera.dir/src/ros_utils.cpp.o[0m
[65.202s] [ 48%] [32mBuilding CXX object CMakeFiles/realsense2_camera.dir/src/rs_node_setup.cpp.o[0m
[68.162s] [ 52%] [32mBuilding CXX object CMakeFiles/realsense2_camera.dir/src/dynamic_params.cpp.o[0m
[71.228s] [ 56%] [32mBuilding CXX object CMakeFiles/realsense2_camera.dir/src/sensor_params.cpp.o[0m
[80.012s] [ 60%] [32mBuilding CXX object CMakeFiles/realsense2_camera.dir/src/named_filter.cpp.o[0m
[82.551s] [ 64%] [32mBuilding CXX object CMakeFiles/realsense2_camera.dir/src/pointcloud_filter.cpp.o[0m
[89.345s] [ 68%] [32mBuilding CXX object CMakeFiles/realsense2_camera.dir/src/align_depth_filter.cpp.o[0m
[97.150s] [ 72%] [32mBuilding CXX object CMakeFiles/realsense2_camera.dir/src/profile_manager.cpp.o[0m
[97.169s] [ 76%] [32mBuilding CXX object CMakeFiles/realsense2_camera.dir/src/image_publisher.cpp.o[0m
[108.510s] [ 80%] [32mBuilding CXX object CMakeFiles/realsense2_camera.dir/src/tfs.cpp.o[0m
[109.378s] [ 84%] [32mBuilding CXX object CMakeFiles/realsense2_camera.dir/src/actions.cpp.o[0m
[116.726s] [ 88%] [32mBuilding CXX object CMakeFiles/realsense2_camera.dir/src/ros_param_backend.cpp.o[0m
[130.662s] [ 92%] [32m[1mLinking CXX shared library librealsense2_camera.so[0m
[131.965s] [ 92%] Built target realsense2_camera
[132.005s] [ 96%] [32mBuilding CXX object CMakeFiles/gtest_template.dir/test/gtest_template.cpp.o[0m
[133.563s] [100%] [32m[1mLinking CXX executable gtest_template[0m
[133.747s] [100%] Built target gtest_template
[133.769s] Invoked command in '/home/jimmy/ros2_ws/build/realsense2_camera' returned '0': AMENT_PREFIX_PATH=/home/jimmy/ros2_ws/install/realsense2_camera_msgs:${AMENT_PREFIX_PATH} CMAKE_PREFIX_PATH=/home/jimmy/ros2_ws/install/realsense2_camera_msgs:/opt/ros/jazzy/opt/gz_math_vendor:/opt/ros/jazzy/opt/gz_utils_vendor:/opt/ros/jazzy/opt/gz_cmake_vendor:/opt/ros/jazzy DEBUGINFOD_URLS=https://debuginfod.ubuntu.com LD_LIBRARY_PATH=/home/jimmy/ros2_ws/install/realsense2_camera_msgs/lib:${LD_LIBRARY_PATH} PYTHONPATH=/home/jimmy/ros2_ws/install/realsense2_camera_msgs/lib/python3.12/site-packages:${PYTHONPATH} /usr/bin/cmake --build /home/jimmy/ros2_ws/build/realsense2_camera -- -j4 -l4
[133.771s] Invoking command in '/home/jimmy/ros2_ws/build/realsense2_camera': AMENT_PREFIX_PATH=/home/jimmy/ros2_ws/install/realsense2_camera_msgs:${AMENT_PREFIX_PATH} CMAKE_PREFIX_PATH=/home/jimmy/ros2_ws/install/realsense2_camera_msgs:/opt/ros/jazzy/opt/gz_math_vendor:/opt/ros/jazzy/opt/gz_utils_vendor:/opt/ros/jazzy/opt/gz_cmake_vendor:/opt/ros/jazzy DEBUGINFOD_URLS=https://debuginfod.ubuntu.com LD_LIBRARY_PATH=/home/jimmy/ros2_ws/install/realsense2_camera_msgs/lib:${LD_LIBRARY_PATH} PYTHONPATH=/home/jimmy/ros2_ws/install/realsense2_camera_msgs/lib/python3.12/site-packages:${PYTHONPATH} /usr/bin/cmake --install /home/jimmy/ros2_ws/build/realsense2_camera
[133.786s] -- Install configuration: "Release"
[133.786s] -- Installing: /home/jimmy/ros2_ws/install/realsense2_camera/share/realsense2_camera/config/global_settings.yaml
[133.787s] -- Installing: /home/jimmy/ros2_ws/install/realsense2_camera/lib/realsense2_camera/realsense2_camera_node
[133.788s] -- Set non-toolchain portion of runtime path of "/home/jimmy/ros2_ws/install/realsense2_camera/lib/realsense2_camera/realsense2_camera_node" to ""
[133.788s] -- Installing: /home/jimmy/ros2_ws/install/realsense2_camera/lib/librealsense2_camera.so
[133.793s] -- Set non-toolchain portion of runtime path of "/home/jimmy/ros2_ws/install/realsense2_camera/lib/librealsense2_camera.so" to ""
[133.793s] -- Installing: /home/jimmy/ros2_ws/install/realsense2_camera/include
[133.793s] -- Installing: /home/jimmy/ros2_ws/install/realsense2_camera/include/align_depth_filter.h
[133.793s] -- Installing: /home/jimmy/ros2_ws/install/realsense2_camera/include/ros_sensor.h
[133.793s] -- Installing: /home/jimmy/ros2_ws/install/realsense2_camera/include/dynamic_params.h
[133.794s] -- Installing: /home/jimmy/ros2_ws/install/realsense2_camera/include/profile_manager.h
[133.794s] -- Installing: /home/jimmy/ros2_ws/install/realsense2_camera/include/base_realsense_node.h
[133.794s] -- Installing: /home/jimmy/ros2_ws/install/realsense2_camera/include/image_publisher.h
[133.794s] -- Installing: /home/jimmy/ros2_ws/install/realsense2_camera/include/ros_param_backend.h
[133.794s] -- Installing: /home/jimmy/ros2_ws/install/realsense2_camera/include/ros_node_base.h
[133.794s] -- Installing: /home/jimmy/ros2_ws/install/realsense2_camera/include/pointcloud_filter.h
[133.794s] -- Installing: /home/jimmy/ros2_ws/install/realsense2_camera/include/sensor_params.h
[133.794s] -- Installing: /home/jimmy/ros2_ws/install/realsense2_camera/include/ros_utils.h
[133.794s] -- Installing: /home/jimmy/ros2_ws/install/realsense2_camera/include/named_filter.h
[133.795s] -- Installing: /home/jimmy/ros2_ws/install/realsense2_camera/include/realsense_node_factory.h
[133.795s] -- Installing: /home/jimmy/ros2_ws/install/realsense2_camera/include/gl_window.h
[133.795s] -- Installing: /home/jimmy/ros2_ws/install/realsense2_camera/include/constants.h
[133.795s] -- Installing: /home/jimmy/ros2_ws/install/realsense2_camera/share/realsense2_camera/launch
[133.795s] -- Installing: /home/jimmy/ros2_ws/install/realsense2_camera/share/realsense2_camera/launch/rs_multi_camera_launch.py
[133.795s] -- Installing: /home/jimmy/ros2_ws/install/realsense2_camera/share/realsense2_camera/launch/default.rviz
[133.795s] -- Installing: /home/jimmy/ros2_ws/install/realsense2_camera/share/realsense2_camera/launch/rs_intra_process_demo_launch.py
[133.796s] -- Installing: /home/jimmy/ros2_ws/install/realsense2_camera/share/realsense2_camera/launch/rs_multi_camera_launch_sync.py
[133.796s] -- Installing: /home/jimmy/ros2_ws/install/realsense2_camera/share/realsense2_camera/launch/rs_launch.py
[133.796s] -- Installing: /home/jimmy/ros2_ws/install/realsense2_camera/share/realsense2_camera/examples
[133.796s] -- Installing: /home/jimmy/ros2_ws/install/realsense2_camera/share/realsense2_camera/examples/align_depth
[133.796s] -- Installing: /home/jimmy/ros2_ws/install/realsense2_camera/share/realsense2_camera/examples/align_depth/README.md
[133.796s] -- Installing: /home/jimmy/ros2_ws/install/realsense2_camera/share/realsense2_camera/examples/align_depth/rs_align_depth_launch.py
[133.796s] -- Installing: /home/jimmy/ros2_ws/install/realsense2_camera/share/realsense2_camera/examples/pointcloud
[133.796s] -- Installing: /home/jimmy/ros2_ws/install/realsense2_camera/share/realsense2_camera/examples/pointcloud/rviz
[133.796s] -- Installing: /home/jimmy/ros2_ws/install/realsense2_camera/share/realsense2_camera/examples/pointcloud/rviz/pointcloud.rviz
[133.797s] -- Installing: /home/jimmy/ros2_ws/install/realsense2_camera/share/realsense2_camera/examples/pointcloud/rviz/urdf_pointcloud.rviz
[133.797s] -- Installing: /home/jimmy/ros2_ws/install/realsense2_camera/share/realsense2_camera/examples/pointcloud/README.md
[133.797s] -- Installing: /home/jimmy/ros2_ws/install/realsense2_camera/share/realsense2_camera/examples/pointcloud/rs_pointcloud_launch.py
[133.797s] -- Installing: /home/jimmy/ros2_ws/install/realsense2_camera/share/realsense2_camera/examples/pointcloud/rs_d405_pointcloud_launch.py
[133.797s] -- Installing: /home/jimmy/ros2_ws/install/realsense2_camera/share/realsense2_camera/examples/pointcloud/rs_pointcloud_infra_launch.py
[133.797s] -- Installing: /home/jimmy/ros2_ws/install/realsense2_camera/share/realsense2_camera/examples/pointcloud/rs_d455_pointcloud_launch.py
[133.797s] -- Installing: /home/jimmy/ros2_ws/install/realsense2_camera/share/realsense2_camera/examples/d500_tables
[133.797s] -- Installing: /home/jimmy/ros2_ws/install/realsense2_camera/share/realsense2_camera/examples/d500_tables/calib_config_example.json
[133.798s] -- Installing: /home/jimmy/ros2_ws/install/realsense2_camera/share/realsense2_camera/examples/launch_params_from_file
[133.798s] -- Installing: /home/jimmy/ros2_ws/install/realsense2_camera/share/realsense2_camera/examples/launch_params_from_file/README.md
[133.798s] -- Installing: /home/jimmy/ros2_ws/install/realsense2_camera/share/realsense2_camera/examples/launch_params_from_file/config
[133.798s] -- Installing: /home/jimmy/ros2_ws/install/realsense2_camera/share/realsense2_camera/examples/launch_params_from_file/config/config.yaml
[133.798s] -- Installing: /home/jimmy/ros2_ws/install/realsense2_camera/share/realsense2_camera/examples/launch_params_from_file/rs_launch_get_params_from_yaml.py
[133.798s] -- Installing: /home/jimmy/ros2_ws/install/realsense2_camera/share/realsense2_camera/examples/launch_from_rosbag
[133.798s] -- Installing: /home/jimmy/ros2_ws/install/realsense2_camera/share/realsense2_camera/examples/launch_from_rosbag/rs_launch_from_rosbag.py
[133.798s] -- Installing: /home/jimmy/ros2_ws/install/realsense2_camera/share/realsense2_camera/examples/launch_from_rosbag/README.md
[133.798s] -- Installing: /home/jimmy/ros2_ws/install/realsense2_camera/share/realsense2_camera/examples/dual_camera
[133.799s] -- Installing: /home/jimmy/ros2_ws/install/realsense2_camera/share/realsense2_camera/examples/dual_camera/rviz
[133.799s] -- Installing: /home/jimmy/ros2_ws/install/realsense2_camera/share/realsense2_camera/examples/dual_camera/rviz/dual_camera_pointcloud.rviz
[133.799s] -- Installing: /home/jimmy/ros2_ws/install/realsense2_camera/share/realsense2_camera/examples/dual_camera/README.md
[133.799s] -- Installing: /home/jimmy/ros2_ws/install/realsense2_camera/share/realsense2_camera/examples/dual_camera/rs_dual_camera_launch.py
[133.799s] -- Installing: /home/jimmy/ros2_ws/install/realsense2_camera/share/realsense2_camera/environment/library_path.sh
[133.799s] -- Installing: /home/jimmy/ros2_ws/install/realsense2_camera/share/realsense2_camera/environment/library_path.dsv
[133.800s] -- Installing: /home/jimmy/ros2_ws/install/realsense2_camera/share/ament_index/resource_index/package_run_dependencies/realsense2_camera
[133.800s] -- Installing: /home/jimmy/ros2_ws/install/realsense2_camera/share/ament_index/resource_index/parent_prefix_path/realsense2_camera
[133.800s] -- Installing: /home/jimmy/ros2_ws/install/realsense2_camera/share/realsense2_camera/environment/ament_prefix_path.sh
[133.800s] -- Installing: /home/jimmy/ros2_ws/install/realsense2_camera/share/realsense2_camera/environment/ament_prefix_path.dsv
[133.800s] -- Installing: /home/jimmy/ros2_ws/install/realsense2_camera/share/realsense2_camera/environment/path.sh
[133.800s] -- Installing: /home/jimmy/ros2_ws/install/realsense2_camera/share/realsense2_camera/environment/path.dsv
[133.801s] -- Installing: /home/jimmy/ros2_ws/install/realsense2_camera/share/realsense2_camera/local_setup.bash
[133.801s] -- Installing: /home/jimmy/ros2_ws/install/realsense2_camera/share/realsense2_camera/local_setup.sh
[133.801s] -- Installing: /home/jimmy/ros2_ws/install/realsense2_camera/share/realsense2_camera/local_setup.zsh
[133.801s] -- Installing: /home/jimmy/ros2_ws/install/realsense2_camera/share/realsense2_camera/local_setup.dsv
[133.801s] -- Installing: /home/jimmy/ros2_ws/install/realsense2_camera/share/realsense2_camera/package.dsv
[133.801s] -- Installing: /home/jimmy/ros2_ws/install/realsense2_camera/share/ament_index/resource_index/packages/realsense2_camera
[133.802s] -- Installing: /home/jimmy/ros2_ws/install/realsense2_camera/share/ament_index/resource_index/rclcpp_components/realsense2_camera
[133.802s] -- Installing: /home/jimmy/ros2_ws/install/realsense2_camera/share/realsense2_camera/cmake/ament_cmake_export_include_directories-extras.cmake
[133.802s] -- Installing: /home/jimmy/ros2_ws/install/realsense2_camera/share/realsense2_camera/cmake/ament_cmake_export_libraries-extras.cmake
[133.802s] -- Installing: /home/jimmy/ros2_ws/install/realsense2_camera/share/realsense2_camera/cmake/ament_cmake_export_dependencies-extras.cmake
[133.802s] -- Installing: /home/jimmy/ros2_ws/install/realsense2_camera/share/realsense2_camera/cmake/realsense2_cameraConfig.cmake
[133.802s] -- Installing: /home/jimmy/ros2_ws/install/realsense2_camera/share/realsense2_camera/cmake/realsense2_cameraConfig-version.cmake
[133.803s] -- Installing: /home/jimmy/ros2_ws/install/realsense2_camera/share/realsense2_camera/package.xml
[133.806s] Invoked command in '/home/jimmy/ros2_ws/build/realsense2_camera' returned '0': AMENT_PREFIX_PATH=/home/jimmy/ros2_ws/install/realsense2_camera_msgs:${AMENT_PREFIX_PATH} CMAKE_PREFIX_PATH=/home/jimmy/ros2_ws/install/realsense2_camera_msgs:/opt/ros/jazzy/opt/gz_math_vendor:/opt/ros/jazzy/opt/gz_utils_vendor:/opt/ros/jazzy/opt/gz_cmake_vendor:/opt/ros/jazzy DEBUGINFOD_URLS=https://debuginfod.ubuntu.com LD_LIBRARY_PATH=/home/jimmy/ros2_ws/install/realsense2_camera_msgs/lib:${LD_LIBRARY_PATH} PYTHONPATH=/home/jimmy/ros2_ws/install/realsense2_camera_msgs/lib/python3.12/site-packages:${PYTHONPATH} /usr/bin/cmake --install /home/jimmy/ros2_ws/build/realsense2_camera
