[0.037s] Invoking command in '/home/jimmy/ros2_ws/build/servo': CMAKE_PREFIX_PATH=${CMAKE_PREFIX_PATH}:/opt/ros/jazzy CONDA_PROMPT_MODIFIER=(base) DEBUGINFOD_URLS=https://debuginfod.ubuntu.com /usr/bin/cmake --build /home/jimmy/ros2_ws/build/servo -- -j4 -l4
[0.139s] Invoked command in '/home/jimmy/ros2_ws/build/servo' returned '0': CMAKE_PREFIX_PATH=${CMAKE_PREFIX_PATH}:/opt/ros/jazzy CONDA_PROMPT_MODIFIER=(base) DEBUGINFOD_URLS=https://debuginfod.ubuntu.com /usr/bin/cmake --build /home/jimmy/ros2_ws/build/servo -- -j4 -l4
[0.179s] Invoking command in '/home/jimmy/ros2_ws/build/servo': CMAKE_PREFIX_PATH=${CMAKE_PREFIX_PATH}:/opt/ros/jazzy CONDA_PROMPT_MODIFIER=(base) DEBUGINFOD_URLS=https://debuginfod.ubuntu.com /usr/bin/cmake --install /home/jimmy/ros2_ws/build/servo
[0.212s] -- Install configuration: ""
[0.213s] -- Execute custom install script
[0.215s] -- Up-to-date symlink: /home/jimmy/ros2_ws/install/servo/share/ament_index/resource_index/package_run_dependencies/servo
[0.220s] -- Up-to-date symlink: /home/jimmy/ros2_ws/install/servo/share/ament_index/resource_index/parent_prefix_path/servo
[0.220s] -- Up-to-date symlink: /home/jimmy/ros2_ws/install/servo/share/servo/environment/ament_prefix_path.sh
[0.223s] -- Up-to-date symlink: /home/jimmy/ros2_ws/install/servo/share/servo/environment/ament_prefix_path.dsv
[0.225s] -- Up-to-date symlink: /home/jimmy/ros2_ws/install/servo/share/servo/environment/path.sh
[0.226s] -- Up-to-date symlink: /home/jimmy/ros2_ws/install/servo/share/servo/environment/path.dsv
[0.227s] -- Up-to-date symlink: /home/jimmy/ros2_ws/install/servo/share/servo/local_setup.bash
[0.228s] -- Up-to-date symlink: /home/jimmy/ros2_ws/install/servo/share/servo/local_setup.sh
[0.231s] -- Up-to-date symlink: /home/jimmy/ros2_ws/install/servo/share/servo/local_setup.zsh
[0.234s] -- Up-to-date symlink: /home/jimmy/ros2_ws/install/servo/share/servo/local_setup.dsv
[0.234s] -- Symlinking: /home/jimmy/ros2_ws/install/servo/share/servo/package.dsv
[0.285s] -- Up-to-date symlink: /home/jimmy/ros2_ws/install/servo/share/ament_index/resource_index/packages/servo
[0.302s] -- Up-to-date symlink: /home/jimmy/ros2_ws/install/servo/share/servo/cmake/servoConfig.cmake
[0.303s] -- Up-to-date symlink: /home/jimmy/ros2_ws/install/servo/share/servo/cmake/servoConfig-version.cmake
[0.303s] -- Up-to-date symlink: /home/jimmy/ros2_ws/install/servo/share/servo/package.xml
[0.312s] Invoked command in '/home/jimmy/ros2_ws/build/servo' returned '0': CMAKE_PREFIX_PATH=${CMAKE_PREFIX_PATH}:/opt/ros/jazzy CONDA_PROMPT_MODIFIER=(base) DEBUGINFOD_URLS=https://debuginfod.ubuntu.com /usr/bin/cmake --install /home/jimmy/ros2_ws/build/servo
