[0.059s] Invoking command in '/home/jimmy/ros2_ws/build/servo': CMAKE_PREFIX_PATH=${CMAKE_PREFIX_PATH}:/opt/ros/jazzy CONDA_PROMPT_MODIFIER=(base) DEBUGINFOD_URLS=https://debuginfod.ubuntu.com /usr/bin/cmake /home/jimmy/ros2_ws/src/servo -DBUILD_TOOLS=ON -DCMAKE_INSTALL_PREFIX=/home/jimmy/ros2_ws/install/servo
[0.216s] -- Found ament_cmake: 2.5.4 (/opt/ros/jazzy/share/ament_cmake/cmake)
[0.772s] -- Found ament_lint_auto: 0.17.3 (/opt/ros/jazzy/share/ament_lint_auto/cmake)
[1.069s] -- Added test 'lint_cmake' to check CMake code style
[1.072s] -- Added test 'xmllint' to check XML markup files
[1.077s] -- Configuring done (0.9s)
[1.138s] -- Generating done (0.0s)
[1.139s] [33mCMake Warning:
[1.139s]   Manually-specified variables were not used by the project:
[1.139s] 
[1.139s]     BUILD_TOOLS
[1.140s] 
[1.140s] [0m
[1.148s] -- Build files have been written to: /home/jimmy/ros2_ws/build/servo
[1.185s] Invoked command in '/home/jimmy/ros2_ws/build/servo' returned '0': CMAKE_PREFIX_PATH=${CMAKE_PREFIX_PATH}:/opt/ros/jazzy CONDA_PROMPT_MODIFIER=(base) DEBUGINFOD_URLS=https://debuginfod.ubuntu.com /usr/bin/cmake /home/jimmy/ros2_ws/src/servo -DBUILD_TOOLS=ON -DCMAKE_INSTALL_PREFIX=/home/jimmy/ros2_ws/install/servo
[1.189s] Invoking command in '/home/jimmy/ros2_ws/build/servo': CMAKE_PREFIX_PATH=${CMAKE_PREFIX_PATH}:/opt/ros/jazzy CONDA_PROMPT_MODIFIER=(base) DEBUGINFOD_URLS=https://debuginfod.ubuntu.com /usr/bin/cmake --build /home/jimmy/ros2_ws/build/servo -- -j4 -l4
[1.396s] Invoked command in '/home/jimmy/ros2_ws/build/servo' returned '0': CMAKE_PREFIX_PATH=${CMAKE_PREFIX_PATH}:/opt/ros/jazzy CONDA_PROMPT_MODIFIER=(base) DEBUGINFOD_URLS=https://debuginfod.ubuntu.com /usr/bin/cmake --build /home/jimmy/ros2_ws/build/servo -- -j4 -l4
[1.433s] Invoking command in '/home/jimmy/ros2_ws/build/servo': CMAKE_PREFIX_PATH=${CMAKE_PREFIX_PATH}:/opt/ros/jazzy CONDA_PROMPT_MODIFIER=(base) DEBUGINFOD_URLS=https://debuginfod.ubuntu.com /usr/bin/cmake --install /home/jimmy/ros2_ws/build/servo
[1.457s] -- Install configuration: ""
[1.457s] -- Up-to-date: /home/jimmy/ros2_ws/install/servo/share/ament_index/resource_index/package_run_dependencies/servo
[1.458s] -- Installing: /home/jimmy/ros2_ws/install/servo/share/ament_index/resource_index/parent_prefix_path/servo
[1.458s] -- Up-to-date: /home/jimmy/ros2_ws/install/servo/share/servo/environment/ament_prefix_path.sh
[1.458s] -- Up-to-date: /home/jimmy/ros2_ws/install/servo/share/servo/environment/ament_prefix_path.dsv
[1.458s] -- Up-to-date: /home/jimmy/ros2_ws/install/servo/share/servo/environment/path.sh
[1.458s] -- Up-to-date: /home/jimmy/ros2_ws/install/servo/share/servo/environment/path.dsv
[1.458s] -- Up-to-date: /home/jimmy/ros2_ws/install/servo/share/servo/local_setup.bash
[1.458s] -- Up-to-date: /home/jimmy/ros2_ws/install/servo/share/servo/local_setup.sh
[1.458s] -- Up-to-date: /home/jimmy/ros2_ws/install/servo/share/servo/local_setup.zsh
[1.459s] -- Up-to-date: /home/jimmy/ros2_ws/install/servo/share/servo/local_setup.dsv
[1.459s] -- Installing: /home/jimmy/ros2_ws/install/servo/share/servo/package.dsv
[1.460s] -- Up-to-date: /home/jimmy/ros2_ws/install/servo/share/ament_index/resource_index/packages/servo
[1.460s] -- Up-to-date: /home/jimmy/ros2_ws/install/servo/share/servo/cmake/servoConfig.cmake
[1.460s] -- Up-to-date: /home/jimmy/ros2_ws/install/servo/share/servo/cmake/servoConfig-version.cmake
[1.461s] -- Up-to-date: /home/jimmy/ros2_ws/install/servo/share/servo/package.xml
[1.465s] Invoked command in '/home/jimmy/ros2_ws/build/servo' returned '0': CMAKE_PREFIX_PATH=${CMAKE_PREFIX_PATH}:/opt/ros/jazzy CONDA_PROMPT_MODIFIER=(base) DEBUGINFOD_URLS=https://debuginfod.ubuntu.com /usr/bin/cmake --install /home/jimmy/ros2_ws/build/servo
