[0.148s] DEBUG:colcon:Command line arguments: ['/usr/bin/colcon', 'build']
[0.148s] DEBUG:colcon:Parsed command line arguments: Namespace(log_base=None, log_level=None, verb_name='build', build_base='build', install_base='install', merge_install=False, symlink_install=False, test_result_base=None, continue_on_error=False, executor='parallel', parallel_workers=4, event_handlers=None, ignore_user_meta=False, metas=['./colcon.meta'], base_paths=['.'], packages_ignore=None, packages_ignore_regex=None, paths=None, packages_up_to=None, packages_up_to_regex=None, packages_above=None, packages_above_and_dependencies=None, packages_above_depth=None, packages_select_by_dep=None, packages_skip_by_dep=None, packages_skip_up_to=None, packages_select_build_failed=False, packages_skip_build_finished=False, packages_select_test_failures=False, packages_skip_test_passed=False, packages_select=None, packages_skip=None, packages_select_regex=None, packages_skip_regex=None, packages_start=None, packages_end=None, allow_overriding=[], cmake_args=None, cmake_target=None, cmake_target_skip_unavailable=False, cmake_clean_cache=False, cmake_clean_first=False, cmake_force_configure=False, ament_cmake_args=None, catkin_cmake_args=None, catkin_skip_building_tests=False, mixin_files=None, mixin=None, verb_parser=<colcon_mixin.mixin.mixin_argument.MixinArgumentDecorator object at 0xffff90fbbec0>, verb_extension=<colcon_core.verb.build.BuildVerb object at 0xffff911a0350>, main=<bound method BuildVerb.main of <colcon_core.verb.build.BuildVerb object at 0xffff911a0350>>, mixin_verb=('build',))
[0.205s] Level 1:colcon.colcon_core.package_discovery:discover_packages(colcon_meta) check parameters
[0.205s] Level 1:colcon.colcon_core.package_discovery:discover_packages(recursive) check parameters
[0.205s] Level 1:colcon.colcon_core.package_discovery:discover_packages(ignore) check parameters
[0.205s] Level 1:colcon.colcon_core.package_discovery:discover_packages(path) check parameters
[0.205s] Level 1:colcon.colcon_core.package_discovery:discover_packages(colcon_meta) discover
[0.205s] Level 1:colcon.colcon_core.package_discovery:discover_packages(recursive) discover
[0.205s] INFO:colcon.colcon_core.package_discovery:Crawling recursively for packages in '/home/jimmy/ros2_ws'
[0.205s] Level 1:colcon.colcon_core.package_identification:_identify(.) by extensions ['ignore', 'ignore_ament_install']
[0.205s] Level 1:colcon.colcon_core.package_identification:_identify(.) by extension 'ignore'
[0.205s] Level 1:colcon.colcon_core.package_identification:_identify(.) by extension 'ignore_ament_install'
[0.206s] Level 1:colcon.colcon_core.package_identification:_identify(.) by extensions ['colcon_pkg']
[0.206s] Level 1:colcon.colcon_core.package_identification:_identify(.) by extension 'colcon_pkg'
[0.206s] Level 1:colcon.colcon_core.package_identification:_identify(.) by extensions ['colcon_meta']
[0.206s] Level 1:colcon.colcon_core.package_identification:_identify(.) by extension 'colcon_meta'
[0.206s] Level 1:colcon.colcon_core.package_identification:_identify(.) by extensions ['ros']
[0.206s] Level 1:colcon.colcon_core.package_identification:_identify(.) by extension 'ros'
[0.243s] Level 1:colcon.colcon_core.package_identification:_identify(.) by extensions ['cmake', 'python']
[0.243s] Level 1:colcon.colcon_core.package_identification:_identify(.) by extension 'cmake'
[0.243s] Level 1:colcon.colcon_core.package_identification:_identify(.) by extension 'python'
[0.243s] Level 1:colcon.colcon_core.package_identification:_identify(.) by extensions ['python_setup_py']
[0.243s] Level 1:colcon.colcon_core.package_identification:_identify(.) by extension 'python_setup_py'
[0.244s] Level 1:colcon.colcon_core.package_identification:_identify(build) by extensions ['ignore', 'ignore_ament_install']
[0.244s] Level 1:colcon.colcon_core.package_identification:_identify(build) by extension 'ignore'
[0.244s] Level 1:colcon.colcon_core.package_identification:_identify(build) ignored
[0.244s] Level 1:colcon.colcon_core.package_identification:_identify(install) by extensions ['ignore', 'ignore_ament_install']
[0.244s] Level 1:colcon.colcon_core.package_identification:_identify(install) by extension 'ignore'
[0.244s] Level 1:colcon.colcon_core.package_identification:_identify(install) ignored
[0.244s] Level 1:colcon.colcon_core.package_identification:_identify(log) by extensions ['ignore', 'ignore_ament_install']
[0.244s] Level 1:colcon.colcon_core.package_identification:_identify(log) by extension 'ignore'
[0.244s] Level 1:colcon.colcon_core.package_identification:_identify(log) ignored
[0.244s] Level 1:colcon.colcon_core.package_identification:_identify(src) by extensions ['ignore', 'ignore_ament_install']
[0.245s] Level 1:colcon.colcon_core.package_identification:_identify(src) by extension 'ignore'
[0.245s] Level 1:colcon.colcon_core.package_identification:_identify(src) by extension 'ignore_ament_install'
[0.245s] Level 1:colcon.colcon_core.package_identification:_identify(src) by extensions ['colcon_pkg']
[0.245s] Level 1:colcon.colcon_core.package_identification:_identify(src) by extension 'colcon_pkg'
[0.245s] Level 1:colcon.colcon_core.package_identification:_identify(src) by extensions ['colcon_meta']
[0.245s] Level 1:colcon.colcon_core.package_identification:_identify(src) by extension 'colcon_meta'
[0.245s] Level 1:colcon.colcon_core.package_identification:_identify(src) by extensions ['ros']
[0.245s] Level 1:colcon.colcon_core.package_identification:_identify(src) by extension 'ros'
[0.245s] Level 1:colcon.colcon_core.package_identification:_identify(src) by extensions ['cmake', 'python']
[0.245s] Level 1:colcon.colcon_core.package_identification:_identify(src) by extension 'cmake'
[0.245s] Level 1:colcon.colcon_core.package_identification:_identify(src) by extension 'python'
[0.245s] Level 1:colcon.colcon_core.package_identification:_identify(src) by extensions ['python_setup_py']
[0.245s] Level 1:colcon.colcon_core.package_identification:_identify(src) by extension 'python_setup_py'
[0.245s] Level 1:colcon.colcon_core.package_identification:_identify(src/interfaces) by extensions ['ignore', 'ignore_ament_install']
[0.245s] Level 1:colcon.colcon_core.package_identification:_identify(src/interfaces) by extension 'ignore'
[0.245s] Level 1:colcon.colcon_core.package_identification:_identify(src/interfaces) by extension 'ignore_ament_install'
[0.245s] Level 1:colcon.colcon_core.package_identification:_identify(src/interfaces) by extensions ['colcon_pkg']
[0.245s] Level 1:colcon.colcon_core.package_identification:_identify(src/interfaces) by extension 'colcon_pkg'
[0.245s] Level 1:colcon.colcon_core.package_identification:_identify(src/interfaces) by extensions ['colcon_meta']
[0.246s] Level 1:colcon.colcon_core.package_identification:_identify(src/interfaces) by extension 'colcon_meta'
[0.246s] Level 1:colcon.colcon_core.package_identification:_identify(src/interfaces) by extensions ['ros']
[0.246s] Level 1:colcon.colcon_core.package_identification:_identify(src/interfaces) by extension 'ros'
[0.249s] DEBUG:colcon.colcon_core.package_identification:Package 'src/interfaces' with type 'ros.ament_cmake' and name 'interfaces'
[0.249s] Level 1:colcon.colcon_core.package_identification:_identify(src/servo) by extensions ['ignore', 'ignore_ament_install']
[0.249s] Level 1:colcon.colcon_core.package_identification:_identify(src/servo) by extension 'ignore'
[0.249s] Level 1:colcon.colcon_core.package_identification:_identify(src/servo) by extension 'ignore_ament_install'
[0.249s] Level 1:colcon.colcon_core.package_identification:_identify(src/servo) by extensions ['colcon_pkg']
[0.249s] Level 1:colcon.colcon_core.package_identification:_identify(src/servo) by extension 'colcon_pkg'
[0.249s] Level 1:colcon.colcon_core.package_identification:_identify(src/servo) by extensions ['colcon_meta']
[0.249s] Level 1:colcon.colcon_core.package_identification:_identify(src/servo) by extension 'colcon_meta'
[0.249s] Level 1:colcon.colcon_core.package_identification:_identify(src/servo) by extensions ['ros']
[0.249s] Level 1:colcon.colcon_core.package_identification:_identify(src/servo) by extension 'ros'
[0.250s] DEBUG:colcon.colcon_core.package_identification:Package 'src/servo' with type 'ros.ament_cmake' and name 'servo'
[0.250s] Level 1:colcon.colcon_core.package_discovery:discover_packages(recursive) using defaults
[0.250s] Level 1:colcon.colcon_core.package_discovery:discover_packages(ignore) discover
[0.250s] Level 1:colcon.colcon_core.package_discovery:discover_packages(ignore) using defaults
[0.250s] Level 1:colcon.colcon_core.package_discovery:discover_packages(path) discover
[0.250s] Level 1:colcon.colcon_core.package_discovery:discover_packages(path) using defaults
[0.273s] Level 1:colcon.colcon_core.package_discovery:discover_packages(prefix_path) check parameters
[0.273s] Level 1:colcon.colcon_core.package_discovery:discover_packages(prefix_path) discover
[0.277s] DEBUG:colcon.colcon_installed_package_information.package_discovery:Found 285 installed packages in /opt/ros/jazzy
[0.279s] Level 1:colcon.colcon_core.package_discovery:discover_packages(prefix_path) using defaults
[0.337s] Level 5:colcon.colcon_core.verb:set package 'interfaces' build argument 'cmake_args' from command line to 'None'
[0.337s] Level 5:colcon.colcon_core.verb:set package 'interfaces' build argument 'cmake_target' from command line to 'None'
[0.337s] Level 5:colcon.colcon_core.verb:set package 'interfaces' build argument 'cmake_target_skip_unavailable' from command line to 'False'
[0.337s] Level 5:colcon.colcon_core.verb:set package 'interfaces' build argument 'cmake_clean_cache' from command line to 'False'
[0.337s] Level 5:colcon.colcon_core.verb:set package 'interfaces' build argument 'cmake_clean_first' from command line to 'False'
[0.337s] Level 5:colcon.colcon_core.verb:set package 'interfaces' build argument 'cmake_force_configure' from command line to 'False'
[0.337s] Level 5:colcon.colcon_core.verb:set package 'interfaces' build argument 'ament_cmake_args' from command line to 'None'
[0.337s] Level 5:colcon.colcon_core.verb:set package 'interfaces' build argument 'catkin_cmake_args' from command line to 'None'
[0.337s] Level 5:colcon.colcon_core.verb:set package 'interfaces' build argument 'catkin_skip_building_tests' from command line to 'False'
[0.338s] DEBUG:colcon.colcon_core.verb:Building package 'interfaces' with the following arguments: {'ament_cmake_args': None, 'build_base': '/home/jimmy/ros2_ws/build/interfaces', 'catkin_cmake_args': None, 'catkin_skip_building_tests': False, 'cmake_args': None, 'cmake_clean_cache': False, 'cmake_clean_first': False, 'cmake_force_configure': False, 'cmake_target': None, 'cmake_target_skip_unavailable': False, 'install_base': '/home/jimmy/ros2_ws/install/interfaces', 'merge_install': False, 'path': '/home/jimmy/ros2_ws/src/interfaces', 'symlink_install': False, 'test_result_base': None}
[0.338s] Level 5:colcon.colcon_core.verb:set package 'servo' build argument 'cmake_args' from command line to 'None'
[0.338s] Level 5:colcon.colcon_core.verb:set package 'servo' build argument 'cmake_target' from command line to 'None'
[0.338s] Level 5:colcon.colcon_core.verb:set package 'servo' build argument 'cmake_target_skip_unavailable' from command line to 'False'
[0.338s] Level 5:colcon.colcon_core.verb:set package 'servo' build argument 'cmake_clean_cache' from command line to 'False'
[0.338s] Level 5:colcon.colcon_core.verb:set package 'servo' build argument 'cmake_clean_first' from command line to 'False'
[0.338s] Level 5:colcon.colcon_core.verb:set package 'servo' build argument 'cmake_force_configure' from command line to 'False'
[0.338s] Level 5:colcon.colcon_core.verb:set package 'servo' build argument 'ament_cmake_args' from command line to 'None'
[0.338s] Level 5:colcon.colcon_core.verb:set package 'servo' build argument 'catkin_cmake_args' from command line to 'None'
[0.338s] Level 5:colcon.colcon_core.verb:set package 'servo' build argument 'catkin_skip_building_tests' from command line to 'False'
[0.338s] DEBUG:colcon.colcon_core.verb:Building package 'servo' with the following arguments: {'ament_cmake_args': None, 'build_base': '/home/jimmy/ros2_ws/build/servo', 'catkin_cmake_args': None, 'catkin_skip_building_tests': False, 'cmake_args': None, 'cmake_clean_cache': False, 'cmake_clean_first': False, 'cmake_force_configure': False, 'cmake_target': None, 'cmake_target_skip_unavailable': False, 'install_base': '/home/jimmy/ros2_ws/install/servo', 'merge_install': False, 'path': '/home/jimmy/ros2_ws/src/servo', 'symlink_install': False, 'test_result_base': None}
[0.338s] INFO:colcon.colcon_core.executor:Executing jobs using 'parallel' executor
[0.340s] DEBUG:colcon.colcon_parallel_executor.executor.parallel:run_until_complete
[0.340s] INFO:colcon.colcon_ros.task.ament_cmake.build:Building ROS package in '/home/jimmy/ros2_ws/src/interfaces' with build type 'ament_cmake'
[0.341s] INFO:colcon.colcon_cmake.task.cmake.build:Building CMake package in '/home/jimmy/ros2_ws/src/interfaces'
[0.346s] INFO:colcon.colcon_core.plugin_system:Skipping extension 'colcon_core.shell.bat': Not used on non-Windows systems
[0.347s] INFO:colcon.colcon_core.shell:Skip shell extension 'powershell' for command environment: Not usable outside of PowerShell
[0.347s] DEBUG:colcon.colcon_core.shell:Skip shell extension 'dsv' for command environment
[0.354s] INFO:colcon.colcon_ros.task.ament_cmake.build:Building ROS package in '/home/jimmy/ros2_ws/src/servo' with build type 'ament_cmake'
[0.354s] INFO:colcon.colcon_cmake.task.cmake.build:Building CMake package in '/home/jimmy/ros2_ws/src/servo'
[0.355s] INFO:colcon.colcon_core.shell:Skip shell extension 'powershell' for command environment: Not usable outside of PowerShell
[0.355s] DEBUG:colcon.colcon_core.shell:Skip shell extension 'dsv' for command environment
[0.368s] DEBUG:colcon.colcon_core.event_handler.log_command:Invoking command in '/home/jimmy/ros2_ws/build/interfaces': CMAKE_PREFIX_PATH=${CMAKE_PREFIX_PATH}:/opt/ros/jazzy DEBUGINFOD_URLS=https://debuginfod.ubuntu.com /usr/bin/cmake /home/jimmy/ros2_ws/src/interfaces -DCMAKE_INSTALL_PREFIX=/home/jimmy/ros2_ws/install/interfaces
[0.379s] DEBUG:colcon.colcon_core.event_handler.log_command:Invoking command in '/home/jimmy/ros2_ws/build/servo': CMAKE_PREFIX_PATH=${CMAKE_PREFIX_PATH}:/opt/ros/jazzy DEBUGINFOD_URLS=https://debuginfod.ubuntu.com /usr/bin/cmake --build /home/jimmy/ros2_ws/build/servo -- -j4 -l4
[0.457s] DEBUG:colcon.colcon_core.event_handler.log_command:Invoked command in '/home/jimmy/ros2_ws/build/servo' returned '0': CMAKE_PREFIX_PATH=${CMAKE_PREFIX_PATH}:/opt/ros/jazzy DEBUGINFOD_URLS=https://debuginfod.ubuntu.com /usr/bin/cmake --build /home/jimmy/ros2_ws/build/servo -- -j4 -l4
[0.476s] DEBUG:colcon.colcon_core.event_handler.log_command:Invoking command in '/home/jimmy/ros2_ws/build/servo': CMAKE_PREFIX_PATH=${CMAKE_PREFIX_PATH}:/opt/ros/jazzy DEBUGINFOD_URLS=https://debuginfod.ubuntu.com /usr/bin/cmake --install /home/jimmy/ros2_ws/build/servo
[0.495s] Level 1:colcon.colcon_core.environment:create_environment_scripts_only(servo)
[0.495s] DEBUG:colcon.colcon_core.event_handler.log_command:Invoked command in '/home/jimmy/ros2_ws/build/servo' returned '0': CMAKE_PREFIX_PATH=${CMAKE_PREFIX_PATH}:/opt/ros/jazzy DEBUGINFOD_URLS=https://debuginfod.ubuntu.com /usr/bin/cmake --install /home/jimmy/ros2_ws/build/servo
[0.498s] Level 1:colcon.colcon_core.environment:checking '/home/jimmy/ros2_ws/install/servo' for CMake module files
[0.499s] Level 1:colcon.colcon_core.environment:checking '/home/jimmy/ros2_ws/install/servo' for CMake config files
[0.499s] Level 1:colcon.colcon_core.shell:create_environment_hook('servo', 'cmake_prefix_path')
[0.499s] INFO:colcon.colcon_core.shell:Creating environment hook '/home/jimmy/ros2_ws/install/servo/share/servo/hook/cmake_prefix_path.ps1'
[0.500s] INFO:colcon.colcon_core.shell:Creating environment descriptor '/home/jimmy/ros2_ws/install/servo/share/servo/hook/cmake_prefix_path.dsv'
[0.501s] INFO:colcon.colcon_core.shell:Creating environment hook '/home/jimmy/ros2_ws/install/servo/share/servo/hook/cmake_prefix_path.sh'
[0.502s] Level 1:colcon.colcon_core.environment:checking '/home/jimmy/ros2_ws/install/servo/bin'
[0.502s] Level 1:colcon.colcon_core.environment:checking '/home/jimmy/ros2_ws/install/servo/lib/pkgconfig/servo.pc'
[0.502s] Level 1:colcon.colcon_core.environment:checking '/home/jimmy/ros2_ws/install/servo/lib/python3.12/site-packages'
[0.503s] Level 1:colcon.colcon_core.environment:checking '/home/jimmy/ros2_ws/install/servo/bin'
[0.503s] INFO:colcon.colcon_core.shell:Creating package script '/home/jimmy/ros2_ws/install/servo/share/servo/package.ps1'
[0.504s] INFO:colcon.colcon_core.shell:Creating package descriptor '/home/jimmy/ros2_ws/install/servo/share/servo/package.dsv'
[0.505s] INFO:colcon.colcon_core.shell:Creating package script '/home/jimmy/ros2_ws/install/servo/share/servo/package.sh'
[0.507s] INFO:colcon.colcon_core.shell:Creating package script '/home/jimmy/ros2_ws/install/servo/share/servo/package.bash'
[0.509s] INFO:colcon.colcon_core.shell:Creating package script '/home/jimmy/ros2_ws/install/servo/share/servo/package.zsh'
[0.511s] Level 1:colcon.colcon_core.environment:create_file_with_runtime_dependencies(/home/jimmy/ros2_ws/install/servo/share/colcon-core/packages/servo)
[0.512s] Level 1:colcon.colcon_core.environment:create_environment_scripts_only(servo)
[0.512s] Level 1:colcon.colcon_core.environment:checking '/home/jimmy/ros2_ws/install/servo' for CMake module files
[0.513s] Level 1:colcon.colcon_core.environment:checking '/home/jimmy/ros2_ws/install/servo' for CMake config files
[0.513s] Level 1:colcon.colcon_core.shell:create_environment_hook('servo', 'cmake_prefix_path')
[0.513s] INFO:colcon.colcon_core.shell:Creating environment hook '/home/jimmy/ros2_ws/install/servo/share/servo/hook/cmake_prefix_path.ps1'
[0.514s] INFO:colcon.colcon_core.shell:Creating environment descriptor '/home/jimmy/ros2_ws/install/servo/share/servo/hook/cmake_prefix_path.dsv'
[0.515s] INFO:colcon.colcon_core.shell:Creating environment hook '/home/jimmy/ros2_ws/install/servo/share/servo/hook/cmake_prefix_path.sh'
[0.516s] Level 1:colcon.colcon_core.environment:checking '/home/jimmy/ros2_ws/install/servo/bin'
[0.516s] Level 1:colcon.colcon_core.environment:checking '/home/jimmy/ros2_ws/install/servo/lib/pkgconfig/servo.pc'
[0.517s] Level 1:colcon.colcon_core.environment:checking '/home/jimmy/ros2_ws/install/servo/lib/python3.12/site-packages'
[0.517s] Level 1:colcon.colcon_core.environment:checking '/home/jimmy/ros2_ws/install/servo/bin'
[0.518s] INFO:colcon.colcon_core.shell:Creating package script '/home/jimmy/ros2_ws/install/servo/share/servo/package.ps1'
[0.518s] INFO:colcon.colcon_core.shell:Creating package descriptor '/home/jimmy/ros2_ws/install/servo/share/servo/package.dsv'
[0.519s] INFO:colcon.colcon_core.shell:Creating package script '/home/jimmy/ros2_ws/install/servo/share/servo/package.sh'
[0.520s] INFO:colcon.colcon_core.shell:Creating package script '/home/jimmy/ros2_ws/install/servo/share/servo/package.bash'
[0.521s] INFO:colcon.colcon_core.shell:Creating package script '/home/jimmy/ros2_ws/install/servo/share/servo/package.zsh'
[0.522s] Level 1:colcon.colcon_core.environment:create_file_with_runtime_dependencies(/home/jimmy/ros2_ws/install/servo/share/colcon-core/packages/servo)
[4.792s] DEBUG:colcon.colcon_core.event_handler.log_command:Invoked command in '/home/jimmy/ros2_ws/build/interfaces' returned '0': CMAKE_PREFIX_PATH=${CMAKE_PREFIX_PATH}:/opt/ros/jazzy DEBUGINFOD_URLS=https://debuginfod.ubuntu.com /usr/bin/cmake /home/jimmy/ros2_ws/src/interfaces -DCMAKE_INSTALL_PREFIX=/home/jimmy/ros2_ws/install/interfaces
[4.794s] DEBUG:colcon.colcon_core.event_handler.log_command:Invoking command in '/home/jimmy/ros2_ws/build/interfaces': CMAKE_PREFIX_PATH=${CMAKE_PREFIX_PATH}:/opt/ros/jazzy DEBUGINFOD_URLS=https://debuginfod.ubuntu.com /usr/bin/cmake --build /home/jimmy/ros2_ws/build/interfaces -- -j4 -l4
[11.279s] DEBUG:colcon.colcon_core.event_handler.log_command:Invoked command in '/home/jimmy/ros2_ws/build/interfaces' returned '0': CMAKE_PREFIX_PATH=${CMAKE_PREFIX_PATH}:/opt/ros/jazzy DEBUGINFOD_URLS=https://debuginfod.ubuntu.com /usr/bin/cmake --build /home/jimmy/ros2_ws/build/interfaces -- -j4 -l4
[11.281s] DEBUG:colcon.colcon_core.event_handler.log_command:Invoking command in '/home/jimmy/ros2_ws/build/interfaces': CMAKE_PREFIX_PATH=${CMAKE_PREFIX_PATH}:/opt/ros/jazzy DEBUGINFOD_URLS=https://debuginfod.ubuntu.com /usr/bin/cmake --install /home/jimmy/ros2_ws/build/interfaces
[11.405s] Level 1:colcon.colcon_core.environment:create_environment_scripts_only(interfaces)
[11.406s] Level 1:colcon.colcon_core.environment:checking '/home/jimmy/ros2_ws/install/interfaces' for CMake module files
[11.406s] DEBUG:colcon.colcon_core.event_handler.log_command:Invoked command in '/home/jimmy/ros2_ws/build/interfaces' returned '0': CMAKE_PREFIX_PATH=${CMAKE_PREFIX_PATH}:/opt/ros/jazzy DEBUGINFOD_URLS=https://debuginfod.ubuntu.com /usr/bin/cmake --install /home/jimmy/ros2_ws/build/interfaces
[11.407s] Level 1:colcon.colcon_core.environment:checking '/home/jimmy/ros2_ws/install/interfaces' for CMake config files
[11.407s] Level 1:colcon.colcon_core.shell:create_environment_hook('interfaces', 'cmake_prefix_path')
[11.407s] INFO:colcon.colcon_core.shell:Creating environment hook '/home/jimmy/ros2_ws/install/interfaces/share/interfaces/hook/cmake_prefix_path.ps1'
[11.409s] INFO:colcon.colcon_core.shell:Creating environment descriptor '/home/jimmy/ros2_ws/install/interfaces/share/interfaces/hook/cmake_prefix_path.dsv'
[11.411s] INFO:colcon.colcon_core.shell:Creating environment hook '/home/jimmy/ros2_ws/install/interfaces/share/interfaces/hook/cmake_prefix_path.sh'
[11.412s] Level 1:colcon.colcon_core.environment:checking '/home/jimmy/ros2_ws/install/interfaces/lib'
[11.412s] Level 1:colcon.colcon_core.shell:create_environment_hook('interfaces', 'ld_library_path_lib')
[11.413s] INFO:colcon.colcon_core.shell:Creating environment hook '/home/jimmy/ros2_ws/install/interfaces/share/interfaces/hook/ld_library_path_lib.ps1'
[11.414s] INFO:colcon.colcon_core.shell:Creating environment descriptor '/home/jimmy/ros2_ws/install/interfaces/share/interfaces/hook/ld_library_path_lib.dsv'
[11.415s] INFO:colcon.colcon_core.shell:Creating environment hook '/home/jimmy/ros2_ws/install/interfaces/share/interfaces/hook/ld_library_path_lib.sh'
[11.416s] Level 1:colcon.colcon_core.environment:checking '/home/jimmy/ros2_ws/install/interfaces/bin'
[11.416s] Level 1:colcon.colcon_core.environment:checking '/home/jimmy/ros2_ws/install/interfaces/lib/pkgconfig/interfaces.pc'
[11.416s] Level 1:colcon.colcon_core.environment:checking '/home/jimmy/ros2_ws/install/interfaces/lib/python3.12/site-packages'
[11.416s] Level 1:colcon.colcon_core.shell:create_environment_hook('interfaces', 'pythonpath')
[11.417s] INFO:colcon.colcon_core.shell:Creating environment hook '/home/jimmy/ros2_ws/install/interfaces/share/interfaces/hook/pythonpath.ps1'
[11.417s] INFO:colcon.colcon_core.shell:Creating environment descriptor '/home/jimmy/ros2_ws/install/interfaces/share/interfaces/hook/pythonpath.dsv'
[11.418s] INFO:colcon.colcon_core.shell:Creating environment hook '/home/jimmy/ros2_ws/install/interfaces/share/interfaces/hook/pythonpath.sh'
[11.419s] Level 1:colcon.colcon_core.environment:checking '/home/jimmy/ros2_ws/install/interfaces/bin'
[11.419s] INFO:colcon.colcon_core.shell:Creating package script '/home/jimmy/ros2_ws/install/interfaces/share/interfaces/package.ps1'
[11.420s] INFO:colcon.colcon_core.shell:Creating package descriptor '/home/jimmy/ros2_ws/install/interfaces/share/interfaces/package.dsv'
[11.421s] INFO:colcon.colcon_core.shell:Creating package script '/home/jimmy/ros2_ws/install/interfaces/share/interfaces/package.sh'
[11.421s] INFO:colcon.colcon_core.shell:Creating package script '/home/jimmy/ros2_ws/install/interfaces/share/interfaces/package.bash'
[11.422s] INFO:colcon.colcon_core.shell:Creating package script '/home/jimmy/ros2_ws/install/interfaces/share/interfaces/package.zsh'
[11.423s] Level 1:colcon.colcon_core.environment:create_file_with_runtime_dependencies(/home/jimmy/ros2_ws/install/interfaces/share/colcon-core/packages/interfaces)
[11.424s] Level 1:colcon.colcon_core.environment:create_environment_scripts_only(interfaces)
[11.424s] Level 1:colcon.colcon_core.environment:checking '/home/jimmy/ros2_ws/install/interfaces' for CMake module files
[11.425s] Level 1:colcon.colcon_core.environment:checking '/home/jimmy/ros2_ws/install/interfaces' for CMake config files
[11.426s] Level 1:colcon.colcon_core.shell:create_environment_hook('interfaces', 'cmake_prefix_path')
[11.426s] INFO:colcon.colcon_core.shell:Creating environment hook '/home/jimmy/ros2_ws/install/interfaces/share/interfaces/hook/cmake_prefix_path.ps1'
[11.426s] INFO:colcon.colcon_core.shell:Creating environment descriptor '/home/jimmy/ros2_ws/install/interfaces/share/interfaces/hook/cmake_prefix_path.dsv'
[11.427s] INFO:colcon.colcon_core.shell:Creating environment hook '/home/jimmy/ros2_ws/install/interfaces/share/interfaces/hook/cmake_prefix_path.sh'
[11.428s] Level 1:colcon.colcon_core.environment:checking '/home/jimmy/ros2_ws/install/interfaces/lib'
[11.428s] Level 1:colcon.colcon_core.shell:create_environment_hook('interfaces', 'ld_library_path_lib')
[11.429s] INFO:colcon.colcon_core.shell:Creating environment hook '/home/jimmy/ros2_ws/install/interfaces/share/interfaces/hook/ld_library_path_lib.ps1'
[11.429s] INFO:colcon.colcon_core.shell:Creating environment descriptor '/home/jimmy/ros2_ws/install/interfaces/share/interfaces/hook/ld_library_path_lib.dsv'
[11.430s] INFO:colcon.colcon_core.shell:Creating environment hook '/home/jimmy/ros2_ws/install/interfaces/share/interfaces/hook/ld_library_path_lib.sh'
[11.431s] Level 1:colcon.colcon_core.environment:checking '/home/jimmy/ros2_ws/install/interfaces/bin'
[11.431s] Level 1:colcon.colcon_core.environment:checking '/home/jimmy/ros2_ws/install/interfaces/lib/pkgconfig/interfaces.pc'
[11.431s] Level 1:colcon.colcon_core.environment:checking '/home/jimmy/ros2_ws/install/interfaces/lib/python3.12/site-packages'
[11.432s] Level 1:colcon.colcon_core.shell:create_environment_hook('interfaces', 'pythonpath')
[11.432s] INFO:colcon.colcon_core.shell:Creating environment hook '/home/jimmy/ros2_ws/install/interfaces/share/interfaces/hook/pythonpath.ps1'
[11.432s] INFO:colcon.colcon_core.shell:Creating environment descriptor '/home/jimmy/ros2_ws/install/interfaces/share/interfaces/hook/pythonpath.dsv'
[11.433s] INFO:colcon.colcon_core.shell:Creating environment hook '/home/jimmy/ros2_ws/install/interfaces/share/interfaces/hook/pythonpath.sh'
[11.435s] Level 1:colcon.colcon_core.environment:checking '/home/jimmy/ros2_ws/install/interfaces/bin'
[11.435s] INFO:colcon.colcon_core.shell:Creating package script '/home/jimmy/ros2_ws/install/interfaces/share/interfaces/package.ps1'
[11.436s] INFO:colcon.colcon_core.shell:Creating package descriptor '/home/jimmy/ros2_ws/install/interfaces/share/interfaces/package.dsv'
[11.437s] INFO:colcon.colcon_core.shell:Creating package script '/home/jimmy/ros2_ws/install/interfaces/share/interfaces/package.sh'
[11.438s] INFO:colcon.colcon_core.shell:Creating package script '/home/jimmy/ros2_ws/install/interfaces/share/interfaces/package.bash'
[11.440s] INFO:colcon.colcon_core.shell:Creating package script '/home/jimmy/ros2_ws/install/interfaces/share/interfaces/package.zsh'
[11.441s] Level 1:colcon.colcon_core.environment:create_file_with_runtime_dependencies(/home/jimmy/ros2_ws/install/interfaces/share/colcon-core/packages/interfaces)
[11.443s] DEBUG:colcon.colcon_parallel_executor.executor.parallel:closing loop
[11.443s] DEBUG:colcon.colcon_parallel_executor.executor.parallel:loop closed
[11.443s] DEBUG:colcon.colcon_parallel_executor.executor.parallel:run_until_complete finished with '0'
[11.443s] DEBUG:colcon.colcon_core.event_reactor:joining thread
[11.455s] INFO:colcon.colcon_core.plugin_system:Skipping extension 'colcon_notification.desktop_notification.terminal_notifier': Not used on non-Darwin systems
[11.455s] INFO:colcon.colcon_core.plugin_system:Skipping extension 'colcon_notification.desktop_notification.win32': Not used on non-Windows systems
[11.455s] INFO:colcon.colcon_notification.desktop_notification:Sending desktop notification using 'notify2'
[11.486s] DEBUG:colcon.colcon_core.event_reactor:joined thread
[11.487s] INFO:colcon.colcon_core.shell:Creating prefix script '/home/jimmy/ros2_ws/install/local_setup.ps1'
[11.488s] INFO:colcon.colcon_core.shell:Creating prefix util module '/home/jimmy/ros2_ws/install/_local_setup_util_ps1.py'
[11.490s] INFO:colcon.colcon_core.shell:Creating prefix chain script '/home/jimmy/ros2_ws/install/setup.ps1'
[11.491s] INFO:colcon.colcon_core.shell:Creating prefix script '/home/jimmy/ros2_ws/install/local_setup.sh'
[11.492s] INFO:colcon.colcon_core.shell:Creating prefix util module '/home/jimmy/ros2_ws/install/_local_setup_util_sh.py'
[11.493s] INFO:colcon.colcon_core.shell:Creating prefix chain script '/home/jimmy/ros2_ws/install/setup.sh'
[11.495s] INFO:colcon.colcon_core.shell:Creating prefix script '/home/jimmy/ros2_ws/install/local_setup.bash'
[11.496s] INFO:colcon.colcon_core.shell:Creating prefix chain script '/home/jimmy/ros2_ws/install/setup.bash'
[11.498s] INFO:colcon.colcon_core.shell:Creating prefix script '/home/jimmy/ros2_ws/install/local_setup.zsh'
[11.499s] INFO:colcon.colcon_core.shell:Creating prefix chain script '/home/jimmy/ros2_ws/install/setup.zsh'
