[0.032s] Invoking command in '/home/jimmy/ros2_ws/build/realsense2_camera_msgs': CMAKE_PREFIX_PATH=${CMAKE_PREFIX_PATH}:/opt/ros/jazzy CONDA_PROMPT_MODIFIER=(base) DEBUGINFOD_URLS=https://debuginfod.ubuntu.com /usr/bin/cmake /home/jimmy/ros2_ws/src/realsense-ros/realsense2_camera_msgs -DAMENT_CMAKE_SYMLINK_INSTALL=1 -DCMAKE_INSTALL_PREFIX=/home/jimmy/ros2_ws/install/realsense2_camera_msgs
[0.059s] -- Found ament_cmake: 2.5.4 (/opt/ros/jazzy/share/ament_cmake/cmake)
[0.519s] -- Override CMake install command with custom implementation using symlinks instead of copying resources
[0.530s] -- Found rosidl_default_generators: 1.6.0 (/opt/ros/jazzy/share/rosidl_default_generators/cmake)
[0.534s] -- Using all available rosidl_typesupport_c: rosidl_typesupport_fastrtps_c;rosidl_typesupport_introspection_c
[0.580s] -- Using all available rosidl_typesupport_cpp: rosidl_typesupport_fastrtps_cpp;rosidl_typesupport_introspection_cpp
[0.624s] -- Found rosidl_adapter: 4.6.6 (/opt/ros/jazzy/share/rosidl_adapter/cmake)
[0.626s] -- Found builtin_interfaces: 2.0.3 (/opt/ros/jazzy/share/builtin_interfaces/cmake)
[0.644s] -- Found std_msgs: 5.3.6 (/opt/ros/jazzy/share/std_msgs/cmake)
[0.664s] -- Found sensor_msgs: 5.3.6 (/opt/ros/jazzy/share/sensor_msgs/cmake)
[1.079s] [31mCMake Error at /opt/ros/jazzy/share/rosidl_adapter/cmake/rosidl_adapt_interfaces.cmake:57 (message):
[1.080s]   execute_process(/home/jimmy/miniconda3/bin/python3 -m rosidl_adapter
[1.080s]   --package-name realsense2_camera_msgs --arguments-file
[1.080s]   /home/jimmy/ros2_ws/build/realsense2_camera_msgs/rosidl_adapter__arguments__realsense2_camera_msgs.json
[1.080s]   --output-dir
[1.080s]   /home/jimmy/ros2_ws/build/realsense2_camera_msgs/rosidl_adapter/realsense2_camera_msgs
[1.080s]   --output-file
[1.080s]   /home/jimmy/ros2_ws/build/realsense2_camera_msgs/rosidl_adapter/realsense2_camera_msgs.idls)
[1.080s]   returned error code 1:
[1.081s] 
[1.081s]   AttributeError processing template 'msg.idl.em'
[1.081s] 
[1.081s]   Traceback (most recent call last):
[1.081s] 
[1.081s]     File "<frozen runpy>", line 198, in _run_module_as_main
[1.081s]     File "<frozen runpy>", line 88, in _run_code
[1.082s]     File "/opt/ros/jazzy/lib/python3.12/site-packages/rosidl_adapter/__main__.py", line 19, in <module>
[1.082s]       sys.exit(main())
[1.082s]                ~~~~^^
[1.082s]     File "/opt/ros/jazzy/lib/python3.12/site-packages/rosidl_adapter/main.py", line 53, in main
[1.082s]       abs_idl_file = convert_to_idl(
[1.082s]           pathlib.Path(basepath), args.package_name,
[1.082s]           pathlib.Path(relative_path), output_dir)
[1.083s]     File "/opt/ros/jazzy/lib/python3.12/site-packages/rosidl_adapter/__init__.py", line 19, in convert_to_idl
[1.083s]       return convert_msg_to_idl(
[1.083s]           package_dir, package_name, interface_file, output_dir / 'msg')
[1.083s]     File "/opt/ros/jazzy/lib/python3.12/site-packages/rosidl_adapter/msg/__init__.py", line 39, in convert_msg_to_idl
[1.083s]       expand_template('msg.idl.em', data, output_file, encoding='iso-8859-1')
[1.083s]       ~~~~~~~~~~~~~~~^^^^^^^^^^^^^^^^^^^^^^^^^^^^^^^^^^^^^^^^^^^^^^^^^^^^^^^^
[1.084s]     File "/opt/ros/jazzy/lib/python3.12/site-packages/rosidl_adapter/resource/__init__.py", line 29, in expand_template
[1.084s]       content = evaluate_template(template_name, data)
[1.084s]     File "/opt/ros/jazzy/lib/python3.12/site-packages/rosidl_adapter/resource/__init__.py", line 65, in evaluate_template
[1.084s]       _interpreter = em.Interpreter(
[1.084s]                      ^^^^^^^^^^^^^^
[1.084s] 
[1.084s]   AttributeError: module 'em' has no attribute 'Interpreter'
[1.084s] 
[1.085s] Call Stack (most recent call first):
[1.085s]   /opt/ros/jazzy/share/rosidl_cmake/cmake/rosidl_generate_interfaces.cmake:132 (rosidl_adapt_interfaces)
[1.085s]   CMakeLists.txt:43 (rosidl_generate_interfaces)
[1.085s] 
[1.085s] [0m
[1.085s] -- Configuring incomplete, errors occurred!
