[0.035s] Invoking command in '/home/jimmy/ros2_ws/build/interfaces': CMAKE_PREFIX_PATH=${CMAKE_PREFIX_PATH}:/opt/ros/jazzy CONDA_PROMPT_MODIFIER=(base) DEBUGINFOD_URLS=https://debuginfod.ubuntu.com /usr/bin/cmake --build /home/jimmy/ros2_ws/build/interfaces -- -j4 -l4
[0.161s] [  2%] Built target interfaces__rosidl_generator_type_description
[0.208s] [  2%] Built target ament_cmake_python_symlink_interfaces
[0.258s] [  5%] Built target interfaces__cpp
[0.263s] [ 20%] Built target interfaces__rosidl_generator_c
[0.395s] [ 29%] Built target interfaces__rosidl_typesupport_cpp
[0.413s] [ 38%] Built target interfaces__rosidl_typesupport_introspection_cpp
[0.438s] [ 47%] Built target interfaces__rosidl_typesupport_fastrtps_cpp
[0.562s] [ 55%] Built target interfaces__rosidl_typesupport_introspection_c
[0.567s] [ 64%] Built target interfaces__rosidl_typesupport_c
[0.576s] [ 73%] Built target interfaces__rosidl_typesupport_fastrtps_c
[0.730s] [ 73%] Built target interfaces
[0.833s] [ 76%] Built target interfaces__py
[0.934s] [ 82%] Built target interfaces__rosidl_generator_py
[1.083s] [ 88%] Built target interfaces_s__rosidl_typesupport_fastrtps_c
[1.083s] [ 94%] Built target interfaces_s__rosidl_typesupport_c
[1.095s] [100%] Built target interfaces_s__rosidl_typesupport_introspection_c
[1.207s] running egg_info
[1.231s] writing interfaces.egg-info/PKG-INFO
[1.231s] writing dependency_links to interfaces.egg-info/dependency_links.txt
[1.232s] writing top-level names to interfaces.egg-info/top_level.txt
[1.289s] reading manifest file 'interfaces.egg-info/SOURCES.txt'
[1.290s] writing manifest file 'interfaces.egg-info/SOURCES.txt'
[1.393s] [100%] Built target ament_cmake_python_build_interfaces_egg
[1.423s] Invoked command in '/home/jimmy/ros2_ws/build/interfaces' returned '0': CMAKE_PREFIX_PATH=${CMAKE_PREFIX_PATH}:/opt/ros/jazzy CONDA_PROMPT_MODIFIER=(base) DEBUGINFOD_URLS=https://debuginfod.ubuntu.com /usr/bin/cmake --build /home/jimmy/ros2_ws/build/interfaces -- -j4 -l4
[1.424s] Invoking command in '/home/jimmy/ros2_ws/build/interfaces': CMAKE_PREFIX_PATH=${CMAKE_PREFIX_PATH}:/opt/ros/jazzy CONDA_PROMPT_MODIFIER=(base) DEBUGINFOD_URLS=https://debuginfod.ubuntu.com /usr/bin/cmake --install /home/jimmy/ros2_ws/build/interfaces
[1.439s] -- Install configuration: ""
[1.440s] -- Execute custom install script
[1.440s] -- Up-to-date symlink: /home/jimmy/ros2_ws/install/interfaces/share/ament_index/resource_index/rosidl_interfaces/interfaces
[1.441s] -- Up-to-date symlink: /home/jimmy/ros2_ws/install/interfaces/share/interfaces/msg/MotorCmds.json
[1.441s] -- Up-to-date symlink: /home/jimmy/ros2_ws/install/interfaces/include/interfaces/interfaces/msg/detail/motor_cmds__functions.h
[1.441s] -- Up-to-date symlink: /home/jimmy/ros2_ws/install/interfaces/include/interfaces/interfaces/msg/detail/motor_cmds__struct.h
[1.441s] -- Up-to-date symlink: /home/jimmy/ros2_ws/install/interfaces/include/interfaces/interfaces/msg/detail/motor_cmds__type_support.h
[1.442s] -- Up-to-date symlink: /home/jimmy/ros2_ws/install/interfaces/include/interfaces/interfaces/msg/motor_cmds.h
[1.442s] -- Up-to-date symlink: /home/jimmy/ros2_ws/install/interfaces/include/interfaces/interfaces/msg/rosidl_generator_c__visibility_control.h
[1.443s] -- Up-to-date symlink: /home/jimmy/ros2_ws/install/interfaces/share/interfaces/environment/library_path.sh
[1.443s] -- Up-to-date symlink: /home/jimmy/ros2_ws/install/interfaces/share/interfaces/environment/library_path.dsv
[1.443s] -- Up-to-date symlink: /home/jimmy/ros2_ws/install/interfaces/include/interfaces/interfaces/msg/detail/motor_cmds__rosidl_typesupport_fastrtps_c.h
[1.443s] -- Up-to-date symlink: /home/jimmy/ros2_ws/install/interfaces/include/interfaces/interfaces/msg/rosidl_typesupport_fastrtps_c__visibility_control.h
[1.444s] -- Up-to-date symlink: /home/jimmy/ros2_ws/install/interfaces/include/interfaces/interfaces/msg/detail/motor_cmds__rosidl_typesupport_introspection_c.h
[1.444s] -- Up-to-date symlink: /home/jimmy/ros2_ws/install/interfaces/include/interfaces/interfaces/msg/rosidl_typesupport_introspection_c__visibility_control.h
[1.445s] -- Up-to-date symlink: /home/jimmy/ros2_ws/install/interfaces/include/interfaces/interfaces/msg/detail/motor_cmds__builder.hpp
[1.445s] -- Up-to-date symlink: /home/jimmy/ros2_ws/install/interfaces/include/interfaces/interfaces/msg/detail/motor_cmds__struct.hpp
[1.445s] -- Up-to-date symlink: /home/jimmy/ros2_ws/install/interfaces/include/interfaces/interfaces/msg/detail/motor_cmds__traits.hpp
[1.445s] -- Up-to-date symlink: /home/jimmy/ros2_ws/install/interfaces/include/interfaces/interfaces/msg/detail/motor_cmds__type_support.hpp
[1.445s] -- Up-to-date symlink: /home/jimmy/ros2_ws/install/interfaces/include/interfaces/interfaces/msg/motor_cmds.hpp
[1.446s] -- Up-to-date symlink: /home/jimmy/ros2_ws/install/interfaces/include/interfaces/interfaces/msg/rosidl_generator_cpp__visibility_control.hpp
[1.446s] -- Up-to-date symlink: /home/jimmy/ros2_ws/install/interfaces/include/interfaces/interfaces/msg/detail/motor_cmds__rosidl_typesupport_fastrtps_cpp.hpp
[1.446s] -- Up-to-date symlink: /home/jimmy/ros2_ws/install/interfaces/include/interfaces/interfaces/msg/rosidl_typesupport_fastrtps_cpp__visibility_control.h
[1.447s] -- Up-to-date symlink: /home/jimmy/ros2_ws/install/interfaces/include/interfaces/interfaces/msg/detail/motor_cmds__rosidl_typesupport_introspection_cpp.hpp
[1.447s] -- Up-to-date symlink: /home/jimmy/ros2_ws/install/interfaces/share/interfaces/environment/pythonpath.sh
[1.447s] -- Up-to-date symlink: /home/jimmy/ros2_ws/install/interfaces/share/interfaces/environment/pythonpath.dsv
[1.448s] -- Up-to-date symlink: /home/jimmy/ros2_ws/install/interfaces/lib/python3.13/site-packages/interfaces-0.0.0-py3.13.egg-info/PKG-INFO
[1.448s] -- Up-to-date symlink: /home/jimmy/ros2_ws/install/interfaces/lib/python3.13/site-packages/interfaces-0.0.0-py3.13.egg-info/SOURCES.txt
[1.448s] -- Up-to-date symlink: /home/jimmy/ros2_ws/install/interfaces/lib/python3.13/site-packages/interfaces-0.0.0-py3.13.egg-info/dependency_links.txt
[1.448s] -- Up-to-date symlink: /home/jimmy/ros2_ws/install/interfaces/lib/python3.13/site-packages/interfaces-0.0.0-py3.13.egg-info/top_level.txt
[1.449s] -- Up-to-date symlink: /home/jimmy/ros2_ws/install/interfaces/lib/python3.13/site-packages/interfaces/__init__.py
[1.449s] -- Up-to-date symlink: /home/jimmy/ros2_ws/install/interfaces/lib/python3.13/site-packages/interfaces/_interfaces_s.ep.rosidl_typesupport_c.c
[1.449s] -- Up-to-date symlink: /home/jimmy/ros2_ws/install/interfaces/lib/python3.13/site-packages/interfaces/_interfaces_s.ep.rosidl_typesupport_fastrtps_c.c
[1.450s] -- Up-to-date symlink: /home/jimmy/ros2_ws/install/interfaces/lib/python3.13/site-packages/interfaces/_interfaces_s.ep.rosidl_typesupport_introspection_c.c
[1.450s] -- Up-to-date symlink: /home/jimmy/ros2_ws/install/interfaces/lib/python3.13/site-packages/interfaces/interfaces_s__rosidl_typesupport_c.so
[1.450s] -- Up-to-date symlink: /home/jimmy/ros2_ws/install/interfaces/lib/python3.13/site-packages/interfaces/interfaces_s__rosidl_typesupport_fastrtps_c.so
[1.450s] -- Up-to-date symlink: /home/jimmy/ros2_ws/install/interfaces/lib/python3.13/site-packages/interfaces/interfaces_s__rosidl_typesupport_introspection_c.so
[1.450s] -- Up-to-date symlink: /home/jimmy/ros2_ws/install/interfaces/lib/python3.13/site-packages/interfaces/msg/__init__.py
[1.450s] -- Up-to-date symlink: /home/jimmy/ros2_ws/install/interfaces/lib/python3.13/site-packages/interfaces/msg/_motor_cmds.py
[1.451s] -- Up-to-date symlink: /home/jimmy/ros2_ws/install/interfaces/lib/python3.13/site-packages/interfaces/msg/_motor_cmds_s.c
[1.451s] -- Up-to-date symlink: /home/jimmy/ros2_ws/install/interfaces/lib/python3.13/site-packages/interfaces/interfaces_s__rosidl_typesupport_fastrtps_c.so
[1.451s] -- Up-to-date symlink: /home/jimmy/ros2_ws/install/interfaces/lib/python3.13/site-packages/interfaces/interfaces_s__rosidl_typesupport_introspection_c.so
[1.452s] -- Up-to-date symlink: /home/jimmy/ros2_ws/install/interfaces/lib/python3.13/site-packages/interfaces/interfaces_s__rosidl_typesupport_c.so
[1.452s] -- Up-to-date symlink: /home/jimmy/ros2_ws/install/interfaces/share/interfaces/msg/MotorCmds.idl
[1.452s] -- Up-to-date symlink: /home/jimmy/ros2_ws/install/interfaces/share/interfaces/msg/MotorCmds.msg
[1.452s] -- Up-to-date symlink: /home/jimmy/ros2_ws/install/interfaces/share/ament_index/resource_index/package_run_dependencies/interfaces
[1.453s] -- Up-to-date symlink: /home/jimmy/ros2_ws/install/interfaces/share/ament_index/resource_index/parent_prefix_path/interfaces
[1.453s] -- Up-to-date symlink: /home/jimmy/ros2_ws/install/interfaces/share/interfaces/environment/ament_prefix_path.sh
[1.453s] -- Up-to-date symlink: /home/jimmy/ros2_ws/install/interfaces/share/interfaces/environment/ament_prefix_path.dsv
[1.453s] -- Up-to-date symlink: /home/jimmy/ros2_ws/install/interfaces/share/interfaces/environment/path.sh
[1.454s] -- Up-to-date symlink: /home/jimmy/ros2_ws/install/interfaces/share/interfaces/environment/path.dsv
[1.454s] -- Up-to-date symlink: /home/jimmy/ros2_ws/install/interfaces/share/interfaces/local_setup.bash
[1.454s] -- Up-to-date symlink: /home/jimmy/ros2_ws/install/interfaces/share/interfaces/local_setup.sh
[1.454s] -- Up-to-date symlink: /home/jimmy/ros2_ws/install/interfaces/share/interfaces/local_setup.zsh
[1.455s] -- Up-to-date symlink: /home/jimmy/ros2_ws/install/interfaces/share/interfaces/local_setup.dsv
[1.455s] -- Symlinking: /home/jimmy/ros2_ws/install/interfaces/share/interfaces/package.dsv
[1.475s] -- Up-to-date symlink: /home/jimmy/ros2_ws/install/interfaces/share/ament_index/resource_index/packages/interfaces
[1.475s] -- Up-to-date symlink: /home/jimmy/ros2_ws/install/interfaces/share/interfaces/cmake/rosidl_cmake-extras.cmake
[1.475s] -- Up-to-date symlink: /home/jimmy/ros2_ws/install/interfaces/share/interfaces/cmake/ament_cmake_export_include_directories-extras.cmake
[1.476s] -- Up-to-date symlink: /home/jimmy/ros2_ws/install/interfaces/share/interfaces/cmake/ament_cmake_export_libraries-extras.cmake
[1.476s] -- Up-to-date symlink: /home/jimmy/ros2_ws/install/interfaces/share/interfaces/cmake/ament_cmake_export_targets-extras.cmake
[1.476s] -- Up-to-date symlink: /home/jimmy/ros2_ws/install/interfaces/share/interfaces/cmake/rosidl_cmake_export_typesupport_targets-extras.cmake
[1.476s] -- Up-to-date symlink: /home/jimmy/ros2_ws/install/interfaces/share/interfaces/cmake/ament_cmake_export_dependencies-extras.cmake
[1.476s] -- Up-to-date symlink: /home/jimmy/ros2_ws/install/interfaces/share/interfaces/cmake/rosidl_cmake_export_typesupport_libraries-extras.cmake
[1.477s] -- Up-to-date symlink: /home/jimmy/ros2_ws/install/interfaces/share/interfaces/cmake/interfacesConfig.cmake
[1.477s] -- Up-to-date symlink: /home/jimmy/ros2_ws/install/interfaces/share/interfaces/cmake/interfacesConfig-version.cmake
[1.477s] -- Up-to-date symlink: /home/jimmy/ros2_ws/install/interfaces/share/interfaces/package.xml
[1.477s] -- Up-to-date: /home/jimmy/ros2_ws/install/interfaces/lib/libinterfaces__rosidl_generator_c.so
[1.478s] -- Up-to-date: /home/jimmy/ros2_ws/install/interfaces/lib/libinterfaces__rosidl_typesupport_fastrtps_c.so
[1.478s] -- Up-to-date: /home/jimmy/ros2_ws/install/interfaces/lib/libinterfaces__rosidl_typesupport_introspection_c.so
[1.481s] -- Up-to-date: /home/jimmy/ros2_ws/install/interfaces/lib/libinterfaces__rosidl_typesupport_c.so
[1.481s] -- Up-to-date: /home/jimmy/ros2_ws/install/interfaces/lib/libinterfaces__rosidl_typesupport_fastrtps_cpp.so
[1.481s] -- Up-to-date: /home/jimmy/ros2_ws/install/interfaces/lib/libinterfaces__rosidl_typesupport_introspection_cpp.so
[1.481s] -- Up-to-date: /home/jimmy/ros2_ws/install/interfaces/lib/libinterfaces__rosidl_typesupport_cpp.so
[1.557s] Listing '/home/jimmy/ros2_ws/install/interfaces/lib/python3.13/site-packages/interfaces'...
[1.557s] Listing '/home/jimmy/ros2_ws/install/interfaces/lib/python3.13/site-packages/interfaces/msg'...
[1.569s] -- Up-to-date: /home/jimmy/ros2_ws/install/interfaces/lib/libinterfaces__rosidl_generator_py.so
[1.570s] -- Up-to-date: /home/jimmy/ros2_ws/install/interfaces/share/interfaces/cmake/export_interfaces__rosidl_generator_cExport.cmake
[1.570s] -- Up-to-date: /home/jimmy/ros2_ws/install/interfaces/share/interfaces/cmake/export_interfaces__rosidl_generator_cExport-noconfig.cmake
[1.570s] -- Up-to-date: /home/jimmy/ros2_ws/install/interfaces/share/interfaces/cmake/export_interfaces__rosidl_typesupport_fastrtps_cExport.cmake
[1.570s] -- Up-to-date: /home/jimmy/ros2_ws/install/interfaces/share/interfaces/cmake/export_interfaces__rosidl_typesupport_fastrtps_cExport-noconfig.cmake
[1.570s] -- Up-to-date: /home/jimmy/ros2_ws/install/interfaces/share/interfaces/cmake/interfaces__rosidl_typesupport_introspection_cExport.cmake
[1.570s] -- Up-to-date: /home/jimmy/ros2_ws/install/interfaces/share/interfaces/cmake/interfaces__rosidl_typesupport_introspection_cExport-noconfig.cmake
[1.570s] -- Up-to-date: /home/jimmy/ros2_ws/install/interfaces/share/interfaces/cmake/interfaces__rosidl_typesupport_cExport.cmake
[1.570s] -- Up-to-date: /home/jimmy/ros2_ws/install/interfaces/share/interfaces/cmake/interfaces__rosidl_typesupport_cExport-noconfig.cmake
[1.571s] -- Up-to-date: /home/jimmy/ros2_ws/install/interfaces/share/interfaces/cmake/export_interfaces__rosidl_generator_cppExport.cmake
[1.571s] -- Up-to-date: /home/jimmy/ros2_ws/install/interfaces/share/interfaces/cmake/export_interfaces__rosidl_typesupport_fastrtps_cppExport.cmake
[1.571s] -- Up-to-date: /home/jimmy/ros2_ws/install/interfaces/share/interfaces/cmake/export_interfaces__rosidl_typesupport_fastrtps_cppExport-noconfig.cmake
[1.571s] -- Up-to-date: /home/jimmy/ros2_ws/install/interfaces/share/interfaces/cmake/interfaces__rosidl_typesupport_introspection_cppExport.cmake
[1.571s] -- Up-to-date: /home/jimmy/ros2_ws/install/interfaces/share/interfaces/cmake/interfaces__rosidl_typesupport_introspection_cppExport-noconfig.cmake
[1.571s] -- Up-to-date: /home/jimmy/ros2_ws/install/interfaces/share/interfaces/cmake/interfaces__rosidl_typesupport_cppExport.cmake
[1.571s] -- Up-to-date: /home/jimmy/ros2_ws/install/interfaces/share/interfaces/cmake/interfaces__rosidl_typesupport_cppExport-noconfig.cmake
[1.571s] -- Up-to-date: /home/jimmy/ros2_ws/install/interfaces/share/interfaces/cmake/export_interfaces__rosidl_generator_pyExport.cmake
[1.571s] -- Up-to-date: /home/jimmy/ros2_ws/install/interfaces/share/interfaces/cmake/export_interfaces__rosidl_generator_pyExport-noconfig.cmake
[1.575s] Invoked command in '/home/jimmy/ros2_ws/build/interfaces' returned '0': CMAKE_PREFIX_PATH=${CMAKE_PREFIX_PATH}:/opt/ros/jazzy CONDA_PROMPT_MODIFIER=(base) DEBUGINFOD_URLS=https://debuginfod.ubuntu.com /usr/bin/cmake --install /home/jimmy/ros2_ws/build/interfaces
