[0.025s] Invoking command in '/home/jimmy/ros2_ws/build/interfaces': CMAKE_PREFIX_PATH=${CMAKE_PREFIX_PATH}:/opt/ros/jazzy CONDA_PROMPT_MODIFIER=(base) DEBUGINFOD_URLS=https://debuginfod.ubuntu.com /usr/bin/cmake /home/jimmy/ros2_ws/src/interfaces -DAMENT_CMAKE_SYMLINK_INSTALL=1 -DCMAKE_INSTALL_PREFIX=/home/jimmy/ros2_ws/install/interfaces
[0.478s] -- The C compiler identification is GNU 13.3.0
[1.004s] -- The CXX compiler identification is GNU 13.3.0
[1.052s] -- Detecting C compiler ABI info
[1.322s] -- Detecting C compiler ABI info - done
[1.338s] -- Check for working C compiler: /usr/bin/cc - skipped
[1.339s] -- Detecting C compile features
[1.340s] -- Detecting C compile features - done
[1.357s] -- Detecting CXX compiler ABI info
[1.630s] -- Detecting CXX compiler ABI info - done
[1.645s] -- Check for working CXX compiler: /usr/bin/c++ - skipped
[1.645s] -- Detecting CXX compile features
[1.646s] -- Detecting CXX compile features - done
[1.653s] -- Found ament_cmake: 2.5.4 (/opt/ros/jazzy/share/ament_cmake/cmake)
[1.972s] -- Found Python3: /home/jimmy/miniconda3/bin/python3 (found version "3.13.9") found components: Interpreter 
[2.193s] -- Override CMake install command with custom implementation using symlinks instead of copying resources
[2.262s] -- Found rosidl_default_generators: 1.6.0 (/opt/ros/jazzy/share/rosidl_default_generators/cmake)
[2.279s] -- Using all available rosidl_typesupport_c: rosidl_typesupport_fastrtps_c;rosidl_typesupport_introspection_c
[2.429s] -- Using all available rosidl_typesupport_cpp: rosidl_typesupport_fastrtps_cpp;rosidl_typesupport_introspection_cpp
[2.591s] -- Found rosidl_adapter: 4.6.6 (/opt/ros/jazzy/share/rosidl_adapter/cmake)
[2.936s] [31mCMake Error at /opt/ros/jazzy/share/rosidl_adapter/cmake/rosidl_adapt_interfaces.cmake:57 (message):
[2.936s]   execute_process(/home/jimmy/miniconda3/bin/python3 -m rosidl_adapter
[2.936s]   --package-name interfaces --arguments-file
[2.936s]   /home/jimmy/ros2_ws/build/interfaces/rosidl_adapter__arguments__interfaces.json
[2.937s]   --output-dir /home/jimmy/ros2_ws/build/interfaces/rosidl_adapter/interfaces
[2.937s]   --output-file
[2.937s]   /home/jimmy/ros2_ws/build/interfaces/rosidl_adapter/interfaces.idls)
[2.937s]   returned error code 1:
[2.937s] 
[2.937s]   Traceback (most recent call last):
[2.937s] 
[2.937s]     File "<frozen runpy>", line 198, in _run_module_as_main
[2.937s]     File "<frozen runpy>", line 88, in _run_code
[2.938s]     File "/opt/ros/jazzy/lib/python3.12/site-packages/rosidl_adapter/__main__.py", line 19, in <module>
[2.938s]       sys.exit(main())
[2.938s]                ~~~~^^
[2.938s]     File "/opt/ros/jazzy/lib/python3.12/site-packages/rosidl_adapter/main.py", line 53, in main
[2.938s]       abs_idl_file = convert_to_idl(
[2.938s]           pathlib.Path(basepath), args.package_name,
[2.938s]           pathlib.Path(relative_path), output_dir)
[2.938s]     File "/opt/ros/jazzy/lib/python3.12/site-packages/rosidl_adapter/__init__.py", line 18, in convert_to_idl
[2.938s]       from rosidl_adapter.msg import convert_msg_to_idl
[2.938s]     File "/opt/ros/jazzy/lib/python3.12/site-packages/rosidl_adapter/msg/__init__.py", line 16, in <module>
[2.938s]       from rosidl_adapter.resource import expand_template
[2.939s]     File "/opt/ros/jazzy/lib/python3.12/site-packages/rosidl_adapter/resource/__init__.py", line 19, in <module>
[2.939s]       import em
[2.939s] 
[2.939s]   ModuleNotFoundError: No module named 'em'
[2.939s] 
[2.939s] Call Stack (most recent call first):
[2.939s]   /opt/ros/jazzy/share/rosidl_cmake/cmake/rosidl_generate_interfaces.cmake:132 (rosidl_adapt_interfaces)
[2.939s]   CMakeLists.txt:14 (rosidl_generate_interfaces)
[2.939s] 
[2.939s] [0m
[2.940s] -- Configuring incomplete, errors occurred!
