-- Found ament_cmake: 2.5.4 (/opt/ros/jazzy/share/ament_cmake/cmake)
-- Override CMake install command with custom implementation using symlinks instead of copying resources
-- Found ament_lint_auto: 0.17.3 (/opt/ros/jazzy/share/ament_lint_auto/cmake)
-- Added test 'lint_cmake' to check CMake code style
-- Added test 'xmllint' to check XML markup files
-- Configuring done (0.9s)
-- Generating done (0.0s)
-- Build files have been written to: /home/jimmy/ros2_ws/build/servo
-- Install configuration: ""
-- Execute custom install script
-- Symlinking: /home/jimmy/ros2_ws/install/servo/share/ament_index/resource_index/package_run_dependencies/servo
-- Symlinking: /home/jimmy/ros2_ws/install/servo/share/ament_index/resource_index/parent_prefix_path/servo
-- Symlinking: /home/jimmy/ros2_ws/install/servo/share/servo/environment/ament_prefix_path.sh
-- Symlinking: /home/jimmy/ros2_ws/install/servo/share/servo/environment/ament_prefix_path.dsv
-- Symlinking: /home/jimmy/ros2_ws/install/servo/share/servo/environment/path.sh
-- Symlinking: /home/jimmy/ros2_ws/install/servo/share/servo/environment/path.dsv
-- Symlinking: /home/jimmy/ros2_ws/install/servo/share/servo/local_setup.bash
-- Symlinking: /home/jimmy/ros2_ws/install/servo/share/servo/local_setup.sh
-- Symlinking: /home/jimmy/ros2_ws/install/servo/share/servo/local_setup.zsh
-- Symlinking: /home/jimmy/ros2_ws/install/servo/share/servo/local_setup.dsv
-- Symlinking: /home/jimmy/ros2_ws/install/servo/share/servo/package.dsv
-- Symlinking: /home/jimmy/ros2_ws/install/servo/share/ament_index/resource_index/packages/servo
-- Symlinking: /home/jimmy/ros2_ws/install/servo/share/servo/cmake/servoConfig.cmake
-- Symlinking: /home/jimmy/ros2_ws/install/servo/share/servo/cmake/servoConfig-version.cmake
-- Symlinking: /home/jimmy/ros2_ws/install/servo/share/servo/package.xml
