[0.026s] Invoking command in '/home/jimmy/ros2_ws/build/servo': CMAKE_PREFIX_PATH=${CMAKE_PREFIX_PATH}:/opt/ros/jazzy DEBUGINFOD_URLS=https://debuginfod.ubuntu.com /usr/bin/cmake /home/jimmy/ros2_ws/src/servo -DCMAKE_INSTALL_PREFIX=/home/jimmy/ros2_ws/install/servo
[0.627s] -- The C compiler identification is GNU 13.3.0
[1.052s] -- The CXX compiler identification is GNU 13.3.0
[1.096s] -- Detecting C compiler ABI info
[1.301s] -- Detecting C compiler ABI info - done
[1.319s] -- Check for working C compiler: /usr/bin/cc - skipped
[1.320s] -- Detecting C compile features
[1.321s] -- Detecting C compile features - done
[1.337s] -- Detecting CXX compiler ABI info
[1.535s] -- Detecting CXX compiler ABI info - done
[1.551s] -- Check for working CXX compiler: /usr/bin/c++ - skipped
[1.552s] -- Detecting CXX compile features
[1.553s] -- Detecting CXX compile features - done
[1.561s] -- Found ament_cmake: 2.5.4 (/opt/ros/jazzy/share/ament_cmake/cmake)
[1.798s] -- Found Python3: /usr/bin/python3 (found version "3.12.3") found components: Interpreter 
[2.003s] -- Found ament_lint_auto: 0.17.3 (/opt/ros/jazzy/share/ament_lint_auto/cmake)
[2.201s] -- Added test 'lint_cmake' to check CMake code style
[2.204s] -- Added test 'xmllint' to check XML markup files
[2.210s] -- Configuring done (2.1s)
[2.215s] -- Generating done (0.0s)
[2.218s] -- Build files have been written to: /home/jimmy/ros2_ws/build/servo
[2.228s] Invoked command in '/home/jimmy/ros2_ws/build/servo' returned '0': CMAKE_PREFIX_PATH=${CMAKE_PREFIX_PATH}:/opt/ros/jazzy DEBUGINFOD_URLS=https://debuginfod.ubuntu.com /usr/bin/cmake /home/jimmy/ros2_ws/src/servo -DCMAKE_INSTALL_PREFIX=/home/jimmy/ros2_ws/install/servo
[2.231s] Invoking command in '/home/jimmy/ros2_ws/build/servo': CMAKE_PREFIX_PATH=${CMAKE_PREFIX_PATH}:/opt/ros/jazzy DEBUGINFOD_URLS=https://debuginfod.ubuntu.com /usr/bin/cmake --build /home/jimmy/ros2_ws/build/servo -- -j4 -l4
[2.301s] Invoked command in '/home/jimmy/ros2_ws/build/servo' returned '0': CMAKE_PREFIX_PATH=${CMAKE_PREFIX_PATH}:/opt/ros/jazzy DEBUGINFOD_URLS=https://debuginfod.ubuntu.com /usr/bin/cmake --build /home/jimmy/ros2_ws/build/servo -- -j4 -l4
[2.323s] Invoking command in '/home/jimmy/ros2_ws/build/servo': CMAKE_PREFIX_PATH=${CMAKE_PREFIX_PATH}:/opt/ros/jazzy DEBUGINFOD_URLS=https://debuginfod.ubuntu.com /usr/bin/cmake --install /home/jimmy/ros2_ws/build/servo
[2.337s] -- Install configuration: ""
[2.337s] -- Installing: /home/jimmy/ros2_ws/install/servo/share/ament_index/resource_index/package_run_dependencies/servo
[2.338s] -- Installing: /home/jimmy/ros2_ws/install/servo/share/ament_index/resource_index/parent_prefix_path/servo
[2.338s] -- Installing: /home/jimmy/ros2_ws/install/servo/share/servo/environment/ament_prefix_path.sh
[2.338s] -- Installing: /home/jimmy/ros2_ws/install/servo/share/servo/environment/ament_prefix_path.dsv
[2.338s] -- Installing: /home/jimmy/ros2_ws/install/servo/share/servo/environment/path.sh
[2.339s] -- Installing: /home/jimmy/ros2_ws/install/servo/share/servo/environment/path.dsv
[2.339s] -- Installing: /home/jimmy/ros2_ws/install/servo/share/servo/local_setup.bash
[2.339s] -- Installing: /home/jimmy/ros2_ws/install/servo/share/servo/local_setup.sh
[2.339s] -- Installing: /home/jimmy/ros2_ws/install/servo/share/servo/local_setup.zsh
[2.339s] -- Installing: /home/jimmy/ros2_ws/install/servo/share/servo/local_setup.dsv
[2.339s] -- Installing: /home/jimmy/ros2_ws/install/servo/share/servo/package.dsv
[2.340s] -- Installing: /home/jimmy/ros2_ws/install/servo/share/ament_index/resource_index/packages/servo
[2.340s] -- Installing: /home/jimmy/ros2_ws/install/servo/share/servo/cmake/servoConfig.cmake
[2.340s] -- Installing: /home/jimmy/ros2_ws/install/servo/share/servo/cmake/servoConfig-version.cmake
[2.340s] -- Installing: /home/jimmy/ros2_ws/install/servo/share/servo/package.xml
[2.343s] Invoked command in '/home/jimmy/ros2_ws/build/servo' returned '0': CMAKE_PREFIX_PATH=${CMAKE_PREFIX_PATH}:/opt/ros/jazzy DEBUGINFOD_URLS=https://debuginfod.ubuntu.com /usr/bin/cmake --install /home/jimmy/ros2_ws/build/servo
