[0.031s] Invoking command in '/home/jimmy/ros2_ws/build/interfaces': CMAKE_PREFIX_PATH=${CMAKE_PREFIX_PATH}:/opt/ros/jazzy CONDA_PROMPT_MODIFIER=(base) DEBUGINFOD_URLS=https://debuginfod.ubuntu.com /usr/bin/cmake /home/jimmy/ros2_ws/src/interfaces -DCMAKE_INSTALL_PREFIX=/home/jimmy/ros2_ws/install/interfaces
[0.072s] -- Found ament_cmake: 2.5.4 (/opt/ros/jazzy/share/ament_cmake/cmake)
[0.137s] -- Found Python3: /home/jimmy/miniconda3/bin/python3 (found version "3.13.9") found components: Interpreter 
[0.342s] -- Override CMake install command with custom implementation using symlinks instead of copying resources
[0.399s] -- Found rosidl_default_generators: 1.6.0 (/opt/ros/jazzy/share/rosidl_default_generators/cmake)
[0.409s] -- Using all available rosidl_typesupport_c: rosidl_typesupport_fastrtps_c;rosidl_typesupport_introspection_c
[0.555s] -- Using all available rosidl_typesupport_cpp: rosidl_typesupport_fastrtps_cpp;rosidl_typesupport_introspection_cpp
[0.658s] -- Found rosidl_adapter: 4.6.6 (/opt/ros/jazzy/share/rosidl_adapter/cmake)
[1.232s] -- Found ament_cmake_ros: 0.12.0 (/opt/ros/jazzy/share/ament_cmake_ros/cmake)
[1.374s] -- Using all available rosidl_typesupport_c: rosidl_typesupport_fastrtps_c;rosidl_typesupport_introspection_c
[1.560s] -- Using all available rosidl_typesupport_cpp: rosidl_typesupport_fastrtps_cpp;rosidl_typesupport_introspection_cpp
[1.563s] -- Found python_cmake_module: 0.11.1 (/opt/ros/jazzy/share/python_cmake_module/cmake)
[2.138s] -- Found Python3: /home/jimmy/miniconda3/bin/python3 (found version "3.13.9") found components: Interpreter Development NumPy Development.Module Development.Embed 
[2.155s] -- Found ament_lint_auto: 0.17.3 (/opt/ros/jazzy/share/ament_lint_auto/cmake)
[2.180s] -- Added test 'lint_cmake' to check CMake code style
[2.181s] -- Added test 'xmllint' to check XML markup files
[2.189s] -- Configuring done (2.1s)
[2.289s] -- Generating done (0.1s)
[2.326s] -- Build files have been written to: /home/jimmy/ros2_ws/build/interfaces
[2.343s] Invoked command in '/home/jimmy/ros2_ws/build/interfaces' returned '0': CMAKE_PREFIX_PATH=${CMAKE_PREFIX_PATH}:/opt/ros/jazzy CONDA_PROMPT_MODIFIER=(base) DEBUGINFOD_URLS=https://debuginfod.ubuntu.com /usr/bin/cmake /home/jimmy/ros2_ws/src/interfaces -DCMAKE_INSTALL_PREFIX=/home/jimmy/ros2_ws/install/interfaces
[2.346s] Invoking command in '/home/jimmy/ros2_ws/build/interfaces': CMAKE_PREFIX_PATH=${CMAKE_PREFIX_PATH}:/opt/ros/jazzy CONDA_PROMPT_MODIFIER=(base) DEBUGINFOD_URLS=https://debuginfod.ubuntu.com /usr/bin/cmake --build /home/jimmy/ros2_ws/build/interfaces -- -j4 -l4
[2.446s] [  2%] Built target interfaces__rosidl_generator_type_description
[2.464s] [  2%] Built target ament_cmake_python_symlink_interfaces
[2.490s] [ 11%] Built target interfaces__cpp
[2.491s] [ 20%] Built target interfaces__rosidl_generator_c
[2.556s] [ 29%] Built target interfaces__rosidl_typesupport_cpp
[2.577s] [ 38%] Built target interfaces__rosidl_typesupport_fastrtps_cpp
[2.592s] [ 47%] Built target interfaces__rosidl_typesupport_introspection_cpp
[2.659s] [ 55%] Built target interfaces__rosidl_typesupport_fastrtps_c
[2.667s] [ 64%] Built target interfaces__rosidl_typesupport_introspection_c
[2.676s] [ 73%] Built target interfaces__rosidl_typesupport_c
[2.733s] [ 73%] Built target interfaces
[2.782s] [ 76%] Built target interfaces__py
[2.835s] [ 82%] Built target interfaces__rosidl_generator_py
[2.893s] [ 88%] Built target interfaces_s__rosidl_typesupport_fastrtps_c
[2.953s] [ 94%] Built target interfaces_s__rosidl_typesupport_introspection_c
[2.955s] [100%] Built target interfaces_s__rosidl_typesupport_c
[2.984s] running egg_info
[3.005s] writing interfaces.egg-info/PKG-INFO
[3.047s] writing dependency_links to interfaces.egg-info/dependency_links.txt
[3.048s] writing top-level names to interfaces.egg-info/top_level.txt
[3.111s] reading manifest file 'interfaces.egg-info/SOURCES.txt'
[3.116s] writing manifest file 'interfaces.egg-info/SOURCES.txt'
[3.215s] [100%] Built target ament_cmake_python_build_interfaces_egg
[3.243s] Invoked command in '/home/jimmy/ros2_ws/build/interfaces' returned '0': CMAKE_PREFIX_PATH=${CMAKE_PREFIX_PATH}:/opt/ros/jazzy CONDA_PROMPT_MODIFIER=(base) DEBUGINFOD_URLS=https://debuginfod.ubuntu.com /usr/bin/cmake --build /home/jimmy/ros2_ws/build/interfaces -- -j4 -l4
[3.246s] Invoking command in '/home/jimmy/ros2_ws/build/interfaces': CMAKE_PREFIX_PATH=${CMAKE_PREFIX_PATH}:/opt/ros/jazzy CONDA_PROMPT_MODIFIER=(base) DEBUGINFOD_URLS=https://debuginfod.ubuntu.com /usr/bin/cmake --install /home/jimmy/ros2_ws/build/interfaces
[3.262s] -- Install configuration: ""
[3.263s] -- Execute custom install script
[3.263s] -- Up-to-date symlink: /home/jimmy/ros2_ws/install/interfaces/share/ament_index/resource_index/rosidl_interfaces/interfaces
[3.264s] -- Up-to-date symlink: /home/jimmy/ros2_ws/install/interfaces/share/interfaces/msg/MotorCmds.json
[3.264s] -- Up-to-date symlink: /home/jimmy/ros2_ws/install/interfaces/include/interfaces/interfaces/msg/detail/motor_cmds__functions.h
[3.264s] -- Up-to-date symlink: /home/jimmy/ros2_ws/install/interfaces/include/interfaces/interfaces/msg/detail/motor_cmds__struct.h
[3.265s] -- Up-to-date symlink: /home/jimmy/ros2_ws/install/interfaces/include/interfaces/interfaces/msg/detail/motor_cmds__type_support.h
[3.265s] -- Up-to-date symlink: /home/jimmy/ros2_ws/install/interfaces/include/interfaces/interfaces/msg/motor_cmds.h
[3.265s] -- Up-to-date symlink: /home/jimmy/ros2_ws/install/interfaces/include/interfaces/interfaces/msg/rosidl_generator_c__visibility_control.h
[3.265s] -- Up-to-date symlink: /home/jimmy/ros2_ws/install/interfaces/share/interfaces/environment/library_path.sh
[3.265s] -- Up-to-date symlink: /home/jimmy/ros2_ws/install/interfaces/share/interfaces/environment/library_path.dsv
[3.266s] -- Up-to-date symlink: /home/jimmy/ros2_ws/install/interfaces/include/interfaces/interfaces/msg/detail/motor_cmds__rosidl_typesupport_fastrtps_c.h
[3.266s] -- Up-to-date symlink: /home/jimmy/ros2_ws/install/interfaces/include/interfaces/interfaces/msg/rosidl_typesupport_fastrtps_c__visibility_control.h
[3.267s] -- Up-to-date symlink: /home/jimmy/ros2_ws/install/interfaces/include/interfaces/interfaces/msg/detail/motor_cmds__rosidl_typesupport_introspection_c.h
[3.267s] -- Up-to-date symlink: /home/jimmy/ros2_ws/install/interfaces/include/interfaces/interfaces/msg/rosidl_typesupport_introspection_c__visibility_control.h
[3.267s] -- Up-to-date symlink: /home/jimmy/ros2_ws/install/interfaces/include/interfaces/interfaces/msg/detail/motor_cmds__builder.hpp
[3.267s] -- Up-to-date symlink: /home/jimmy/ros2_ws/install/interfaces/include/interfaces/interfaces/msg/detail/motor_cmds__struct.hpp
[3.268s] -- Up-to-date symlink: /home/jimmy/ros2_ws/install/interfaces/include/interfaces/interfaces/msg/detail/motor_cmds__traits.hpp
[3.268s] -- Up-to-date symlink: /home/jimmy/ros2_ws/install/interfaces/include/interfaces/interfaces/msg/detail/motor_cmds__type_support.hpp
[3.268s] -- Up-to-date symlink: /home/jimmy/ros2_ws/install/interfaces/include/interfaces/interfaces/msg/motor_cmds.hpp
[3.268s] -- Up-to-date symlink: /home/jimmy/ros2_ws/install/interfaces/include/interfaces/interfaces/msg/rosidl_generator_cpp__visibility_control.hpp
[3.269s] -- Up-to-date symlink: /home/jimmy/ros2_ws/install/interfaces/include/interfaces/interfaces/msg/detail/motor_cmds__rosidl_typesupport_fastrtps_cpp.hpp
[3.269s] -- Up-to-date symlink: /home/jimmy/ros2_ws/install/interfaces/include/interfaces/interfaces/msg/rosidl_typesupport_fastrtps_cpp__visibility_control.h
[3.269s] -- Up-to-date symlink: /home/jimmy/ros2_ws/install/interfaces/include/interfaces/interfaces/msg/detail/motor_cmds__rosidl_typesupport_introspection_cpp.hpp
[3.269s] -- Up-to-date symlink: /home/jimmy/ros2_ws/install/interfaces/share/interfaces/environment/pythonpath.sh
[3.270s] -- Up-to-date symlink: /home/jimmy/ros2_ws/install/interfaces/share/interfaces/environment/pythonpath.dsv
[3.270s] -- Up-to-date symlink: /home/jimmy/ros2_ws/install/interfaces/lib/python3.13/site-packages/interfaces-0.0.0-py3.13.egg-info/PKG-INFO
[3.270s] -- Up-to-date symlink: /home/jimmy/ros2_ws/install/interfaces/lib/python3.13/site-packages/interfaces-0.0.0-py3.13.egg-info/SOURCES.txt
[3.270s] -- Up-to-date symlink: /home/jimmy/ros2_ws/install/interfaces/lib/python3.13/site-packages/interfaces-0.0.0-py3.13.egg-info/dependency_links.txt
[3.270s] -- Up-to-date symlink: /home/jimmy/ros2_ws/install/interfaces/lib/python3.13/site-packages/interfaces-0.0.0-py3.13.egg-info/top_level.txt
[3.271s] -- Up-to-date symlink: /home/jimmy/ros2_ws/install/interfaces/lib/python3.13/site-packages/interfaces/__init__.py
[3.271s] -- Up-to-date symlink: /home/jimmy/ros2_ws/install/interfaces/lib/python3.13/site-packages/interfaces/_interfaces_s.ep.rosidl_typesupport_c.c
[3.271s] -- Up-to-date symlink: /home/jimmy/ros2_ws/install/interfaces/lib/python3.13/site-packages/interfaces/_interfaces_s.ep.rosidl_typesupport_fastrtps_c.c
[3.272s] -- Up-to-date symlink: /home/jimmy/ros2_ws/install/interfaces/lib/python3.13/site-packages/interfaces/_interfaces_s.ep.rosidl_typesupport_introspection_c.c
[3.272s] -- Up-to-date symlink: /home/jimmy/ros2_ws/install/interfaces/lib/python3.13/site-packages/interfaces/interfaces_s__rosidl_typesupport_c.so
[3.272s] -- Up-to-date symlink: /home/jimmy/ros2_ws/install/interfaces/lib/python3.13/site-packages/interfaces/interfaces_s__rosidl_typesupport_fastrtps_c.so
[3.272s] -- Up-to-date symlink: /home/jimmy/ros2_ws/install/interfaces/lib/python3.13/site-packages/interfaces/interfaces_s__rosidl_typesupport_introspection_c.so
[3.272s] -- Up-to-date symlink: /home/jimmy/ros2_ws/install/interfaces/lib/python3.13/site-packages/interfaces/msg/__init__.py
[3.272s] -- Up-to-date symlink: /home/jimmy/ros2_ws/install/interfaces/lib/python3.13/site-packages/interfaces/msg/_motor_cmds.py
[3.272s] -- Up-to-date symlink: /home/jimmy/ros2_ws/install/interfaces/lib/python3.13/site-packages/interfaces/msg/_motor_cmds_s.c
[3.273s] -- Up-to-date symlink: /home/jimmy/ros2_ws/install/interfaces/lib/python3.13/site-packages/interfaces/interfaces_s__rosidl_typesupport_fastrtps_c.so
[3.273s] -- Up-to-date symlink: /home/jimmy/ros2_ws/install/interfaces/lib/python3.13/site-packages/interfaces/interfaces_s__rosidl_typesupport_introspection_c.so
[3.273s] -- Up-to-date symlink: /home/jimmy/ros2_ws/install/interfaces/lib/python3.13/site-packages/interfaces/interfaces_s__rosidl_typesupport_c.so
[3.274s] -- Up-to-date symlink: /home/jimmy/ros2_ws/install/interfaces/share/interfaces/msg/MotorCmds.idl
[3.274s] -- Up-to-date symlink: /home/jimmy/ros2_ws/install/interfaces/share/interfaces/msg/MotorCmds.msg
[3.274s] -- Up-to-date symlink: /home/jimmy/ros2_ws/install/interfaces/share/ament_index/resource_index/package_run_dependencies/interfaces
[3.274s] -- Up-to-date symlink: /home/jimmy/ros2_ws/install/interfaces/share/ament_index/resource_index/parent_prefix_path/interfaces
[3.275s] -- Up-to-date symlink: /home/jimmy/ros2_ws/install/interfaces/share/interfaces/environment/ament_prefix_path.sh
[3.275s] -- Up-to-date symlink: /home/jimmy/ros2_ws/install/interfaces/share/interfaces/environment/ament_prefix_path.dsv
[3.275s] -- Up-to-date symlink: /home/jimmy/ros2_ws/install/interfaces/share/interfaces/environment/path.sh
[3.275s] -- Up-to-date symlink: /home/jimmy/ros2_ws/install/interfaces/share/interfaces/environment/path.dsv
[3.275s] -- Up-to-date symlink: /home/jimmy/ros2_ws/install/interfaces/share/interfaces/local_setup.bash
[3.276s] -- Up-to-date symlink: /home/jimmy/ros2_ws/install/interfaces/share/interfaces/local_setup.sh
[3.276s] -- Up-to-date symlink: /home/jimmy/ros2_ws/install/interfaces/share/interfaces/local_setup.zsh
[3.276s] -- Up-to-date symlink: /home/jimmy/ros2_ws/install/interfaces/share/interfaces/local_setup.dsv
[3.276s] -- Symlinking: /home/jimmy/ros2_ws/install/interfaces/share/interfaces/package.dsv
[3.294s] -- Up-to-date symlink: /home/jimmy/ros2_ws/install/interfaces/share/ament_index/resource_index/packages/interfaces
[3.294s] -- Up-to-date symlink: /home/jimmy/ros2_ws/install/interfaces/share/interfaces/cmake/rosidl_cmake-extras.cmake
[3.294s] -- Up-to-date symlink: /home/jimmy/ros2_ws/install/interfaces/share/interfaces/cmake/ament_cmake_export_include_directories-extras.cmake
[3.294s] -- Up-to-date symlink: /home/jimmy/ros2_ws/install/interfaces/share/interfaces/cmake/ament_cmake_export_libraries-extras.cmake
[3.295s] -- Up-to-date symlink: /home/jimmy/ros2_ws/install/interfaces/share/interfaces/cmake/ament_cmake_export_targets-extras.cmake
[3.295s] -- Up-to-date symlink: /home/jimmy/ros2_ws/install/interfaces/share/interfaces/cmake/rosidl_cmake_export_typesupport_targets-extras.cmake
[3.295s] -- Up-to-date symlink: /home/jimmy/ros2_ws/install/interfaces/share/interfaces/cmake/ament_cmake_export_dependencies-extras.cmake
[3.295s] -- Up-to-date symlink: /home/jimmy/ros2_ws/install/interfaces/share/interfaces/cmake/rosidl_cmake_export_typesupport_libraries-extras.cmake
[3.295s] -- Up-to-date symlink: /home/jimmy/ros2_ws/install/interfaces/share/interfaces/cmake/interfacesConfig.cmake
[3.296s] -- Up-to-date symlink: /home/jimmy/ros2_ws/install/interfaces/share/interfaces/cmake/interfacesConfig-version.cmake
[3.296s] -- Up-to-date symlink: /home/jimmy/ros2_ws/install/interfaces/share/interfaces/package.xml
[3.296s] -- Up-to-date: /home/jimmy/ros2_ws/install/interfaces/lib/libinterfaces__rosidl_generator_c.so
[3.297s] -- Up-to-date: /home/jimmy/ros2_ws/install/interfaces/lib/libinterfaces__rosidl_typesupport_fastrtps_c.so
[3.297s] -- Up-to-date: /home/jimmy/ros2_ws/install/interfaces/lib/libinterfaces__rosidl_typesupport_introspection_c.so
[3.297s] -- Up-to-date: /home/jimmy/ros2_ws/install/interfaces/lib/libinterfaces__rosidl_typesupport_c.so
[3.298s] -- Up-to-date: /home/jimmy/ros2_ws/install/interfaces/lib/libinterfaces__rosidl_typesupport_fastrtps_cpp.so
[3.298s] -- Up-to-date: /home/jimmy/ros2_ws/install/interfaces/lib/libinterfaces__rosidl_typesupport_introspection_cpp.so
[3.299s] -- Up-to-date: /home/jimmy/ros2_ws/install/interfaces/lib/libinterfaces__rosidl_typesupport_cpp.so
[3.356s] Listing '/home/jimmy/ros2_ws/install/interfaces/lib/python3.13/site-packages/interfaces'...
[3.357s] Compiling '/home/jimmy/ros2_ws/install/interfaces/lib/python3.13/site-packages/interfaces/__init__.py'...
[3.357s] Listing '/home/jimmy/ros2_ws/install/interfaces/lib/python3.13/site-packages/interfaces/msg'...
[3.371s] -- Up-to-date: /home/jimmy/ros2_ws/install/interfaces/lib/libinterfaces__rosidl_generator_py.so
[3.372s] -- Up-to-date: /home/jimmy/ros2_ws/install/interfaces/share/interfaces/cmake/export_interfaces__rosidl_generator_cExport.cmake
[3.372s] -- Up-to-date: /home/jimmy/ros2_ws/install/interfaces/share/interfaces/cmake/export_interfaces__rosidl_generator_cExport-noconfig.cmake
[3.372s] -- Up-to-date: /home/jimmy/ros2_ws/install/interfaces/share/interfaces/cmake/export_interfaces__rosidl_typesupport_fastrtps_cExport.cmake
[3.372s] -- Up-to-date: /home/jimmy/ros2_ws/install/interfaces/share/interfaces/cmake/export_interfaces__rosidl_typesupport_fastrtps_cExport-noconfig.cmake
[3.372s] -- Up-to-date: /home/jimmy/ros2_ws/install/interfaces/share/interfaces/cmake/interfaces__rosidl_typesupport_introspection_cExport.cmake
[3.373s] -- Up-to-date: /home/jimmy/ros2_ws/install/interfaces/share/interfaces/cmake/interfaces__rosidl_typesupport_introspection_cExport-noconfig.cmake
[3.373s] -- Up-to-date: /home/jimmy/ros2_ws/install/interfaces/share/interfaces/cmake/interfaces__rosidl_typesupport_cExport.cmake
[3.374s] -- Up-to-date: /home/jimmy/ros2_ws/install/interfaces/share/interfaces/cmake/interfaces__rosidl_typesupport_cExport-noconfig.cmake
[3.374s] -- Up-to-date: /home/jimmy/ros2_ws/install/interfaces/share/interfaces/cmake/export_interfaces__rosidl_generator_cppExport.cmake
[3.374s] -- Up-to-date: /home/jimmy/ros2_ws/install/interfaces/share/interfaces/cmake/export_interfaces__rosidl_typesupport_fastrtps_cppExport.cmake
[3.374s] -- Up-to-date: /home/jimmy/ros2_ws/install/interfaces/share/interfaces/cmake/export_interfaces__rosidl_typesupport_fastrtps_cppExport-noconfig.cmake
[3.374s] -- Up-to-date: /home/jimmy/ros2_ws/install/interfaces/share/interfaces/cmake/interfaces__rosidl_typesupport_introspection_cppExport.cmake
[3.374s] -- Up-to-date: /home/jimmy/ros2_ws/install/interfaces/share/interfaces/cmake/interfaces__rosidl_typesupport_introspection_cppExport-noconfig.cmake
[3.374s] -- Up-to-date: /home/jimmy/ros2_ws/install/interfaces/share/interfaces/cmake/interfaces__rosidl_typesupport_cppExport.cmake
[3.374s] -- Up-to-date: /home/jimmy/ros2_ws/install/interfaces/share/interfaces/cmake/interfaces__rosidl_typesupport_cppExport-noconfig.cmake
[3.374s] -- Up-to-date: /home/jimmy/ros2_ws/install/interfaces/share/interfaces/cmake/export_interfaces__rosidl_generator_pyExport.cmake
[3.375s] -- Up-to-date: /home/jimmy/ros2_ws/install/interfaces/share/interfaces/cmake/export_interfaces__rosidl_generator_pyExport-noconfig.cmake
[3.378s] Invoked command in '/home/jimmy/ros2_ws/build/interfaces' returned '0': CMAKE_PREFIX_PATH=${CMAKE_PREFIX_PATH}:/opt/ros/jazzy CONDA_PROMPT_MODIFIER=(base) DEBUGINFOD_URLS=https://debuginfod.ubuntu.com /usr/bin/cmake --install /home/jimmy/ros2_ws/build/interfaces
