[0.029s] Invoking command in '/home/jimmy/ros2_ws/build/realsense2_description': AMENT_PREFIX_PATH=/home/jimmy/ros2_ws/install/realsense2_camera_msgs:${AMENT_PREFIX_PATH} CMAKE_PREFIX_PATH=/home/jimmy/ros2_ws/install/realsense2_camera_msgs:/opt/ros/jazzy/opt/gz_math_vendor:/opt/ros/jazzy/opt/gz_utils_vendor:/opt/ros/jazzy/opt/gz_cmake_vendor:/opt/ros/jazzy DEBUGINFOD_URLS=https://debuginfod.ubuntu.com LD_LIBRARY_PATH=/home/jimmy/ros2_ws/install/realsense2_camera_msgs/lib:${LD_LIBRARY_PATH} PYTHONPATH=/home/jimmy/ros2_ws/install/realsense2_camera_msgs/lib/python3.12/site-packages:${PYTHONPATH} /usr/bin/cmake /home/jimmy/ros2_ws/src/realsense-ros/realsense2_description -DCMAKE_INSTALL_PREFIX=/home/jimmy/ros2_ws/install/realsense2_description
[0.177s] -- The C compiler identification is GNU 13.3.0
[0.347s] -- The CXX compiler identification is GNU 13.3.0
[0.386s] -- Detecting C compiler ABI info
[0.599s] -- Detecting C compiler ABI info - done
[0.613s] -- Check for working C compiler: /usr/bin/cc - skipped
[0.614s] -- Detecting C compile features
[0.614s] -- Detecting C compile features - done
[0.630s] -- Detecting CXX compiler ABI info
[0.824s] -- Detecting CXX compiler ABI info - done
[0.839s] -- Check for working CXX compiler: /usr/bin/c++ - skipped
[0.840s] -- Detecting CXX compile features
[0.840s] -- Detecting CXX compile features - done
[0.846s] -- Found ament_cmake: 2.5.4 (/opt/ros/jazzy/share/ament_cmake/cmake)
[1.300s] -- Found Python3: /usr/bin/python3 (found version "3.12.3") found components: Interpreter 
[1.744s] -- Configuring done (1.7s)
[1.755s] -- Generating done (0.0s)
[1.761s] -- Build files have been written to: /home/jimmy/ros2_ws/build/realsense2_description
[1.777s] Invoked command in '/home/jimmy/ros2_ws/build/realsense2_description' returned '0': AMENT_PREFIX_PATH=/home/jimmy/ros2_ws/install/realsense2_camera_msgs:${AMENT_PREFIX_PATH} CMAKE_PREFIX_PATH=/home/jimmy/ros2_ws/install/realsense2_camera_msgs:/opt/ros/jazzy/opt/gz_math_vendor:/opt/ros/jazzy/opt/gz_utils_vendor:/opt/ros/jazzy/opt/gz_cmake_vendor:/opt/ros/jazzy DEBUGINFOD_URLS=https://debuginfod.ubuntu.com LD_LIBRARY_PATH=/home/jimmy/ros2_ws/install/realsense2_camera_msgs/lib:${LD_LIBRARY_PATH} PYTHONPATH=/home/jimmy/ros2_ws/install/realsense2_camera_msgs/lib/python3.12/site-packages:${PYTHONPATH} /usr/bin/cmake /home/jimmy/ros2_ws/src/realsense-ros/realsense2_description -DCMAKE_INSTALL_PREFIX=/home/jimmy/ros2_ws/install/realsense2_description
[1.780s] Invoking command in '/home/jimmy/ros2_ws/build/realsense2_description': AMENT_PREFIX_PATH=/home/jimmy/ros2_ws/install/realsense2_camera_msgs:${AMENT_PREFIX_PATH} CMAKE_PREFIX_PATH=/home/jimmy/ros2_ws/install/realsense2_camera_msgs:/opt/ros/jazzy/opt/gz_math_vendor:/opt/ros/jazzy/opt/gz_utils_vendor:/opt/ros/jazzy/opt/gz_cmake_vendor:/opt/ros/jazzy DEBUGINFOD_URLS=https://debuginfod.ubuntu.com LD_LIBRARY_PATH=/home/jimmy/ros2_ws/install/realsense2_camera_msgs/lib:${LD_LIBRARY_PATH} PYTHONPATH=/home/jimmy/ros2_ws/install/realsense2_camera_msgs/lib/python3.12/site-packages:${PYTHONPATH} /usr/bin/cmake --build /home/jimmy/ros2_ws/build/realsense2_description -- -j4 -l4
[1.882s] Invoked command in '/home/jimmy/ros2_ws/build/realsense2_description' returned '0': AMENT_PREFIX_PATH=/home/jimmy/ros2_ws/install/realsense2_camera_msgs:${AMENT_PREFIX_PATH} CMAKE_PREFIX_PATH=/home/jimmy/ros2_ws/install/realsense2_camera_msgs:/opt/ros/jazzy/opt/gz_math_vendor:/opt/ros/jazzy/opt/gz_utils_vendor:/opt/ros/jazzy/opt/gz_cmake_vendor:/opt/ros/jazzy DEBUGINFOD_URLS=https://debuginfod.ubuntu.com LD_LIBRARY_PATH=/home/jimmy/ros2_ws/install/realsense2_camera_msgs/lib:${LD_LIBRARY_PATH} PYTHONPATH=/home/jimmy/ros2_ws/install/realsense2_camera_msgs/lib/python3.12/site-packages:${PYTHONPATH} /usr/bin/cmake --build /home/jimmy/ros2_ws/build/realsense2_description -- -j4 -l4
[1.884s] Invoking command in '/home/jimmy/ros2_ws/build/realsense2_description': AMENT_PREFIX_PATH=/home/jimmy/ros2_ws/install/realsense2_camera_msgs:${AMENT_PREFIX_PATH} CMAKE_PREFIX_PATH=/home/jimmy/ros2_ws/install/realsense2_camera_msgs:/opt/ros/jazzy/opt/gz_math_vendor:/opt/ros/jazzy/opt/gz_utils_vendor:/opt/ros/jazzy/opt/gz_cmake_vendor:/opt/ros/jazzy DEBUGINFOD_URLS=https://debuginfod.ubuntu.com LD_LIBRARY_PATH=/home/jimmy/ros2_ws/install/realsense2_camera_msgs/lib:${LD_LIBRARY_PATH} PYTHONPATH=/home/jimmy/ros2_ws/install/realsense2_camera_msgs/lib/python3.12/site-packages:${PYTHONPATH} /usr/bin/cmake --install /home/jimmy/ros2_ws/build/realsense2_description
[1.904s] -- Install configuration: ""
[1.904s] -- Installing: /home/jimmy/ros2_ws/install/realsense2_description/share/realsense2_description/launch
[1.905s] -- Installing: /home/jimmy/ros2_ws/install/realsense2_description/share/realsense2_description/launch/launch_utils.py
[1.905s] -- Installing: /home/jimmy/ros2_ws/install/realsense2_description/share/realsense2_description/launch/view_model.launch.py
[1.905s] -- Installing: /home/jimmy/ros2_ws/install/realsense2_description/share/realsense2_description/meshes
[1.905s] -- Installing: /home/jimmy/ros2_ws/install/realsense2_description/share/realsense2_description/meshes/d455.stl
[1.910s] -- Installing: /home/jimmy/ros2_ws/install/realsense2_description/share/realsense2_description/meshes/d435.dae
[1.937s] -- Installing: /home/jimmy/ros2_ws/install/realsense2_description/share/realsense2_description/meshes/l515.dae
[1.989s] -- Installing: /home/jimmy/ros2_ws/install/realsense2_description/share/realsense2_description/meshes/plug.stl
[1.990s] -- Installing: /home/jimmy/ros2_ws/install/realsense2_description/share/realsense2_description/meshes/d405.stl
[1.990s] -- Installing: /home/jimmy/ros2_ws/install/realsense2_description/share/realsense2_description/meshes/d415.stl
[2.020s] -- Installing: /home/jimmy/ros2_ws/install/realsense2_description/share/realsense2_description/meshes/plug_collision.stl
[2.021s] -- Installing: /home/jimmy/ros2_ws/install/realsense2_description/share/realsense2_description/rviz
[2.021s] -- Installing: /home/jimmy/ros2_ws/install/realsense2_description/share/realsense2_description/rviz/urdf.rviz
[2.021s] -- Installing: /home/jimmy/ros2_ws/install/realsense2_description/share/realsense2_description/urdf
[2.021s] -- Installing: /home/jimmy/ros2_ws/install/realsense2_description/share/realsense2_description/urdf/test_r430_camera.urdf.xacro
[2.021s] -- Installing: /home/jimmy/ros2_ws/install/realsense2_description/share/realsense2_description/urdf/test_d455_camera.urdf.xacro
[2.021s] -- Installing: /home/jimmy/ros2_ws/install/realsense2_description/share/realsense2_description/urdf/test_d405_camera.urdf.xacro
[2.021s] -- Installing: /home/jimmy/ros2_ws/install/realsense2_description/share/realsense2_description/urdf/_d455.urdf.xacro
[2.021s] -- Installing: /home/jimmy/ros2_ws/install/realsense2_description/share/realsense2_description/urdf/_d405.urdf.xacro
[2.022s] -- Installing: /home/jimmy/ros2_ws/install/realsense2_description/share/realsense2_description/urdf/test_d435_multiple_cameras.urdf.xacro
[2.022s] -- Installing: /home/jimmy/ros2_ws/install/realsense2_description/share/realsense2_description/urdf/test_r410_camera.urdf.xacro
[2.022s] -- Installing: /home/jimmy/ros2_ws/install/realsense2_description/share/realsense2_description/urdf/_usb_plug.urdf.xacro
[2.022s] -- Installing: /home/jimmy/ros2_ws/install/realsense2_description/share/realsense2_description/urdf/_d435i_imu_modules.urdf.xacro
[2.022s] -- Installing: /home/jimmy/ros2_ws/install/realsense2_description/share/realsense2_description/urdf/_r410.urdf.xacro
[2.023s] -- Installing: /home/jimmy/ros2_ws/install/realsense2_description/share/realsense2_description/urdf/test_d435_camera.urdf.xacro
[2.023s] -- Installing: /home/jimmy/ros2_ws/install/realsense2_description/share/realsense2_description/urdf/_materials.urdf.xacro
[2.023s] -- Installing: /home/jimmy/ros2_ws/install/realsense2_description/share/realsense2_description/urdf/_r430.urdf.xacro
[2.023s] -- Installing: /home/jimmy/ros2_ws/install/realsense2_description/share/realsense2_description/urdf/test_d415_camera.urdf.xacro
[2.023s] -- Installing: /home/jimmy/ros2_ws/install/realsense2_description/share/realsense2_description/urdf/_d435.urdf.xacro
[2.023s] -- Installing: /home/jimmy/ros2_ws/install/realsense2_description/share/realsense2_description/urdf/test_d435i_camera.urdf.xacro
[2.023s] -- Installing: /home/jimmy/ros2_ws/install/realsense2_description/share/realsense2_description/urdf/_d415.urdf.xacro
[2.024s] -- Installing: /home/jimmy/ros2_ws/install/realsense2_description/share/realsense2_description/urdf/_d435i.urdf.xacro
[2.024s] -- Installing: /home/jimmy/ros2_ws/install/realsense2_description/share/ament_index/resource_index/package_run_dependencies/realsense2_description
[2.024s] -- Installing: /home/jimmy/ros2_ws/install/realsense2_description/share/ament_index/resource_index/parent_prefix_path/realsense2_description
[2.024s] -- Installing: /home/jimmy/ros2_ws/install/realsense2_description/share/realsense2_description/environment/ament_prefix_path.sh
[2.024s] -- Installing: /home/jimmy/ros2_ws/install/realsense2_description/share/realsense2_description/environment/ament_prefix_path.dsv
[2.025s] -- Installing: /home/jimmy/ros2_ws/install/realsense2_description/share/realsense2_description/environment/path.sh
[2.025s] -- Installing: /home/jimmy/ros2_ws/install/realsense2_description/share/realsense2_description/environment/path.dsv
[2.025s] -- Installing: /home/jimmy/ros2_ws/install/realsense2_description/share/realsense2_description/local_setup.bash
[2.025s] -- Installing: /home/jimmy/ros2_ws/install/realsense2_description/share/realsense2_description/local_setup.sh
[2.025s] -- Installing: /home/jimmy/ros2_ws/install/realsense2_description/share/realsense2_description/local_setup.zsh
[2.026s] -- Installing: /home/jimmy/ros2_ws/install/realsense2_description/share/realsense2_description/local_setup.dsv
[2.026s] -- Installing: /home/jimmy/ros2_ws/install/realsense2_description/share/realsense2_description/package.dsv
[2.026s] -- Installing: /home/jimmy/ros2_ws/install/realsense2_description/share/ament_index/resource_index/packages/realsense2_description
[2.026s] -- Installing: /home/jimmy/ros2_ws/install/realsense2_description/share/realsense2_description/cmake/realsense2_descriptionConfig.cmake
[2.026s] -- Installing: /home/jimmy/ros2_ws/install/realsense2_description/share/realsense2_description/cmake/realsense2_descriptionConfig-version.cmake
[2.027s] -- Installing: /home/jimmy/ros2_ws/install/realsense2_description/share/realsense2_description/package.xml
[2.031s] Invoked command in '/home/jimmy/ros2_ws/build/realsense2_description' returned '0': AMENT_PREFIX_PATH=/home/jimmy/ros2_ws/install/realsense2_camera_msgs:${AMENT_PREFIX_PATH} CMAKE_PREFIX_PATH=/home/jimmy/ros2_ws/install/realsense2_camera_msgs:/opt/ros/jazzy/opt/gz_math_vendor:/opt/ros/jazzy/opt/gz_utils_vendor:/opt/ros/jazzy/opt/gz_cmake_vendor:/opt/ros/jazzy DEBUGINFOD_URLS=https://debuginfod.ubuntu.com LD_LIBRARY_PATH=/home/jimmy/ros2_ws/install/realsense2_camera_msgs/lib:${LD_LIBRARY_PATH} PYTHONPATH=/home/jimmy/ros2_ws/install/realsense2_camera_msgs/lib/python3.12/site-packages:${PYTHONPATH} /usr/bin/cmake --install /home/jimmy/ros2_ws/build/realsense2_description
