[0.026s] Invoking command in '/home/jimmy/ros2_ws/build/interfaces': CMAKE_PREFIX_PATH=${CMAKE_PREFIX_PATH}:/opt/ros/jazzy DEBUGINFOD_URLS=https://debuginfod.ubuntu.com /usr/bin/cmake /home/jimmy/ros2_ws/src/interfaces -DCMAKE_INSTALL_PREFIX=/home/jimmy/ros2_ws/install/interfaces
[0.052s] -- Found ament_cmake: 2.5.4 (/opt/ros/jazzy/share/ament_cmake/cmake)
[0.435s] -- Found rosidl_default_generators: 1.6.0 (/opt/ros/jazzy/share/rosidl_default_generators/cmake)
[0.439s] -- Using all available rosidl_typesupport_c: rosidl_typesupport_fastrtps_c;rosidl_typesupport_introspection_c
[0.486s] -- Using all available rosidl_typesupport_cpp: rosidl_typesupport_fastrtps_cpp;rosidl_typesupport_introspection_cpp
[0.533s] -- Found rosidl_adapter: 4.6.6 (/opt/ros/jazzy/share/rosidl_adapter/cmake)
[1.489s] -- Found ament_cmake_ros: 0.12.0 (/opt/ros/jazzy/share/ament_cmake_ros/cmake)
[2.210s] -- Using all available rosidl_typesupport_c: rosidl_typesupport_fastrtps_c;rosidl_typesupport_introspection_c
[3.093s] -- Using all available rosidl_typesupport_cpp: rosidl_typesupport_fastrtps_cpp;rosidl_typesupport_introspection_cpp
[3.098s] -- Found python_cmake_module: 0.11.1 (/opt/ros/jazzy/share/python_cmake_module/cmake)
[3.324s] -- Found PythonExtra: /usr/bin/python3  
[4.277s] -- Found Python3: /usr/bin/python3 (found version "3.12.3") found components: Interpreter Development NumPy Development.Module Development.Embed 
[4.332s] -- Found ament_lint_auto: 0.17.3 (/opt/ros/jazzy/share/ament_lint_auto/cmake)
[4.362s] -- Added test 'lint_cmake' to check CMake code style
[4.364s] -- Added test 'xmllint' to check XML markup files
[4.369s] -- Configuring done (4.3s)
[4.419s] -- Generating done (0.0s)
[4.434s] -- Build files have been written to: /home/jimmy/ros2_ws/build/interfaces
[4.450s] Invoked command in '/home/jimmy/ros2_ws/build/interfaces' returned '0': CMAKE_PREFIX_PATH=${CMAKE_PREFIX_PATH}:/opt/ros/jazzy DEBUGINFOD_URLS=https://debuginfod.ubuntu.com /usr/bin/cmake /home/jimmy/ros2_ws/src/interfaces -DCMAKE_INSTALL_PREFIX=/home/jimmy/ros2_ws/install/interfaces
[4.452s] Invoking command in '/home/jimmy/ros2_ws/build/interfaces': CMAKE_PREFIX_PATH=${CMAKE_PREFIX_PATH}:/opt/ros/jazzy DEBUGINFOD_URLS=https://debuginfod.ubuntu.com /usr/bin/cmake --build /home/jimmy/ros2_ws/build/interfaces -- -j4 -l4
[4.544s] [  2%] [34m[1mGenerating type hashes for ROS interfaces[0m
[4.561s] [  2%] Built target ament_cmake_python_copy_interfaces
[4.892s] [  2%] Built target interfaces__rosidl_generator_type_description
[4.906s] running egg_info
[4.908s] creating interfaces.egg-info
[4.912s] [  5%] [34m[1mGenerating C code for ROS interfaces[0m
[4.940s] [  8%] [34m[1mGenerating C++ code for ROS interfaces[0m
[4.945s] writing interfaces.egg-info/PKG-INFO
[4.947s] writing dependency_links to interfaces.egg-info/dependency_links.txt
[4.947s] writing top-level names to interfaces.egg-info/top_level.txt
[4.947s] writing manifest file 'interfaces.egg-info/SOURCES.txt'
[5.053s] reading manifest file 'interfaces.egg-info/SOURCES.txt'
[5.053s] writing manifest file 'interfaces.egg-info/SOURCES.txt'
[5.174s] [  8%] Built target ament_cmake_python_build_interfaces_egg
[5.462s] [  8%] Built target interfaces__cpp
[5.499s] [ 17%] [32mBuilding C object CMakeFiles/interfaces__rosidl_generator_c.dir/rosidl_generator_c/interfaces/msg/detail/motor_cmds__functions.c.o[0m
[5.500s] [ 17%] [32mBuilding C object CMakeFiles/interfaces__rosidl_generator_c.dir/rosidl_generator_c/interfaces/msg/detail/motor_cmds__description.c.o[0m
[5.500s] [ 17%] [32mBuilding C object CMakeFiles/interfaces__rosidl_generator_c.dir/rosidl_generator_c/interfaces/msg/detail/motor_cmds__type_support.c.o[0m
[5.700s] [ 20%] [32m[1mLinking C shared library libinterfaces__rosidl_generator_c.so[0m
[5.807s] [ 20%] Built target interfaces__rosidl_generator_c
[5.844s] [ 26%] [34m[1mGenerating C++ type support dispatch for ROS interfaces[0m
[5.845s] [ 26%] [34m[1mGenerating C type support for eProsima Fast-RTPS[0m
[5.870s] [ 29%] [34m[1mGenerating C++ introspection for ROS interfaces[0m
[5.874s] [ 32%] [34m[1mGenerating C introspection for ROS interfaces[0m
[6.750s] [ 35%] [32mBuilding CXX object CMakeFiles/interfaces__rosidl_typesupport_cpp.dir/rosidl_typesupport_cpp/interfaces/msg/motor_cmds__type_support.cpp.o[0m
[6.933s] [ 38%] [32mBuilding CXX object CMakeFiles/interfaces__rosidl_typesupport_introspection_cpp.dir/rosidl_typesupport_introspection_cpp/interfaces/msg/detail/motor_cmds__type_support.cpp.o[0m
[6.950s] [ 41%] [32mBuilding C object CMakeFiles/interfaces__rosidl_typesupport_introspection_c.dir/rosidl_typesupport_introspection_c/interfaces/msg/detail/motor_cmds__type_support.c.o[0m
[6.992s] [ 44%] [32mBuilding CXX object CMakeFiles/interfaces__rosidl_typesupport_fastrtps_c.dir/rosidl_typesupport_fastrtps_c/interfaces/msg/detail/motor_cmds__type_support_c.cpp.o[0m
[7.141s] [ 47%] [32m[1mLinking C shared library libinterfaces__rosidl_typesupport_introspection_c.so[0m
[7.304s] [ 47%] Built target interfaces__rosidl_typesupport_introspection_c
[7.353s] [ 50%] [34m[1mGenerating C type support dispatch for ROS interfaces[0m
[8.081s] [ 52%] [32m[1mLinking CXX shared library libinterfaces__rosidl_typesupport_introspection_cpp.so[0m
[8.092s] [ 55%] [32mBuilding CXX object CMakeFiles/interfaces__rosidl_typesupport_c.dir/rosidl_typesupport_c/interfaces/msg/motor_cmds__type_support.cpp.o[0m
[8.101s] [ 58%] [32m[1mLinking CXX shared library libinterfaces__rosidl_typesupport_cpp.so[0m
[8.219s] [ 58%] Built target interfaces__rosidl_typesupport_introspection_cpp
[8.231s] [ 58%] Built target interfaces__rosidl_typesupport_cpp
[8.237s] [ 61%] [32m[1mLinking CXX shared library libinterfaces__rosidl_typesupport_c.so[0m
[8.249s] [ 64%] [34m[1mGenerating C++ type support for eProsima Fast-RTPS[0m
[8.343s] [ 64%] Built target interfaces__rosidl_typesupport_c
[8.547s] [ 67%] [32m[1mLinking CXX shared library libinterfaces__rosidl_typesupport_fastrtps_c.so[0m
[8.649s] [ 67%] Built target interfaces__rosidl_typesupport_fastrtps_c
[8.775s] [ 70%] [32mBuilding CXX object CMakeFiles/interfaces__rosidl_typesupport_fastrtps_cpp.dir/rosidl_typesupport_fastrtps_cpp/interfaces/msg/detail/dds_fastrtps/motor_cmds__type_support.cpp.o[0m
[9.584s] [ 73%] [32m[1mLinking CXX shared library libinterfaces__rosidl_typesupport_fastrtps_cpp.so[0m
[9.674s] [ 73%] Built target interfaces__rosidl_typesupport_fastrtps_cpp
[9.710s] [ 73%] Built target interfaces
[9.747s] [ 76%] [34m[1mGenerating Python code for ROS interfaces[0m
[10.193s] [ 76%] Built target interfaces__py
[10.229s] [ 79%] [32mBuilding C object CMakeFiles/interfaces__rosidl_generator_py.dir/rosidl_generator_py/interfaces/msg/_motor_cmds_s.c.o[0m
[10.499s] [ 82%] [32m[1mLinking C shared library libinterfaces__rosidl_generator_py.so[0m
[10.578s] [ 82%] Built target interfaces__rosidl_generator_py
[10.618s] [ 85%] [32mBuilding C object CMakeFiles/interfaces_s__rosidl_typesupport_introspection_c.dir/rosidl_generator_py/interfaces/_interfaces_s.ep.rosidl_typesupport_introspection_c.c.o[0m
[10.624s] [ 88%] [32mBuilding C object CMakeFiles/interfaces_s__rosidl_typesupport_c.dir/rosidl_generator_py/interfaces/_interfaces_s.ep.rosidl_typesupport_c.c.o[0m
[10.626s] [ 91%] [32mBuilding C object CMakeFiles/interfaces_s__rosidl_typesupport_fastrtps_c.dir/rosidl_generator_py/interfaces/_interfaces_s.ep.rosidl_typesupport_fastrtps_c.c.o[0m
[10.827s] [ 97%] [32m[1mLinking C shared module rosidl_generator_py/interfaces/interfaces_s__rosidl_typesupport_introspection_c.so[0m
[10.828s] [ 97%] [32m[1mLinking C shared module rosidl_generator_py/interfaces/interfaces_s__rosidl_typesupport_c.so[0m
[10.846s] [100%] [32m[1mLinking C shared module rosidl_generator_py/interfaces/interfaces_s__rosidl_typesupport_fastrtps_c.so[0m
[10.894s] [100%] Built target interfaces_s__rosidl_typesupport_introspection_c
[10.896s] [100%] Built target interfaces_s__rosidl_typesupport_c
[10.915s] [100%] Built target interfaces_s__rosidl_typesupport_fastrtps_c
[10.937s] Invoked command in '/home/jimmy/ros2_ws/build/interfaces' returned '0': CMAKE_PREFIX_PATH=${CMAKE_PREFIX_PATH}:/opt/ros/jazzy DEBUGINFOD_URLS=https://debuginfod.ubuntu.com /usr/bin/cmake --build /home/jimmy/ros2_ws/build/interfaces -- -j4 -l4
[10.940s] Invoking command in '/home/jimmy/ros2_ws/build/interfaces': CMAKE_PREFIX_PATH=${CMAKE_PREFIX_PATH}:/opt/ros/jazzy DEBUGINFOD_URLS=https://debuginfod.ubuntu.com /usr/bin/cmake --install /home/jimmy/ros2_ws/build/interfaces
[10.955s] -- Install configuration: ""
[10.955s] -- Installing: /home/jimmy/ros2_ws/install/interfaces/share/ament_index/resource_index/rosidl_interfaces/interfaces
[10.956s] -- Installing: /home/jimmy/ros2_ws/install/interfaces/share/interfaces/msg/MotorCmds.json
[10.956s] -- Installing: /home/jimmy/ros2_ws/install/interfaces/include/interfaces/interfaces
[10.956s] -- Installing: /home/jimmy/ros2_ws/install/interfaces/include/interfaces/interfaces/msg
[10.956s] -- Installing: /home/jimmy/ros2_ws/install/interfaces/include/interfaces/interfaces/msg/motor_cmds.h
[10.956s] -- Installing: /home/jimmy/ros2_ws/install/interfaces/include/interfaces/interfaces/msg/rosidl_generator_c__visibility_control.h
[10.957s] -- Installing: /home/jimmy/ros2_ws/install/interfaces/include/interfaces/interfaces/msg/detail
[10.957s] -- Installing: /home/jimmy/ros2_ws/install/interfaces/include/interfaces/interfaces/msg/detail/motor_cmds__type_support.h
[10.957s] -- Installing: /home/jimmy/ros2_ws/install/interfaces/include/interfaces/interfaces/msg/detail/motor_cmds__type_support.c
[10.957s] -- Installing: /home/jimmy/ros2_ws/install/interfaces/include/interfaces/interfaces/msg/detail/motor_cmds__description.c
[10.957s] -- Installing: /home/jimmy/ros2_ws/install/interfaces/include/interfaces/interfaces/msg/detail/motor_cmds__functions.c
[10.957s] -- Installing: /home/jimmy/ros2_ws/install/interfaces/include/interfaces/interfaces/msg/detail/motor_cmds__functions.h
[10.957s] -- Installing: /home/jimmy/ros2_ws/install/interfaces/include/interfaces/interfaces/msg/detail/motor_cmds__struct.h
[10.958s] -- Installing: /home/jimmy/ros2_ws/install/interfaces/share/interfaces/environment/library_path.sh
[10.958s] -- Installing: /home/jimmy/ros2_ws/install/interfaces/share/interfaces/environment/library_path.dsv
[10.958s] -- Installing: /home/jimmy/ros2_ws/install/interfaces/lib/libinterfaces__rosidl_generator_c.so
[10.959s] -- Set non-toolchain portion of runtime path of "/home/jimmy/ros2_ws/install/interfaces/lib/libinterfaces__rosidl_generator_c.so" to ""
[10.959s] -- Up-to-date: /home/jimmy/ros2_ws/install/interfaces/include/interfaces/interfaces
[10.959s] -- Up-to-date: /home/jimmy/ros2_ws/install/interfaces/include/interfaces/interfaces/msg
[10.959s] -- Installing: /home/jimmy/ros2_ws/install/interfaces/include/interfaces/interfaces/msg/rosidl_typesupport_fastrtps_c__visibility_control.h
[10.959s] -- Up-to-date: /home/jimmy/ros2_ws/install/interfaces/include/interfaces/interfaces/msg/detail
[10.959s] -- Installing: /home/jimmy/ros2_ws/install/interfaces/include/interfaces/interfaces/msg/detail/motor_cmds__rosidl_typesupport_fastrtps_c.h
[10.960s] -- Installing: /home/jimmy/ros2_ws/install/interfaces/lib/libinterfaces__rosidl_typesupport_fastrtps_c.so
[10.960s] -- Set non-toolchain portion of runtime path of "/home/jimmy/ros2_ws/install/interfaces/lib/libinterfaces__rosidl_typesupport_fastrtps_c.so" to ""
[10.961s] -- Up-to-date: /home/jimmy/ros2_ws/install/interfaces/include/interfaces/interfaces
[10.961s] -- Up-to-date: /home/jimmy/ros2_ws/install/interfaces/include/interfaces/interfaces/msg
[10.961s] -- Installing: /home/jimmy/ros2_ws/install/interfaces/include/interfaces/interfaces/msg/rosidl_typesupport_introspection_c__visibility_control.h
[10.961s] -- Up-to-date: /home/jimmy/ros2_ws/install/interfaces/include/interfaces/interfaces/msg/detail
[10.961s] -- Installing: /home/jimmy/ros2_ws/install/interfaces/include/interfaces/interfaces/msg/detail/motor_cmds__type_support.c
[10.961s] -- Installing: /home/jimmy/ros2_ws/install/interfaces/include/interfaces/interfaces/msg/detail/motor_cmds__rosidl_typesupport_introspection_c.h
[10.961s] -- Installing: /home/jimmy/ros2_ws/install/interfaces/lib/libinterfaces__rosidl_typesupport_introspection_c.so
[10.962s] -- Set non-toolchain portion of runtime path of "/home/jimmy/ros2_ws/install/interfaces/lib/libinterfaces__rosidl_typesupport_introspection_c.so" to ""
[10.962s] -- Installing: /home/jimmy/ros2_ws/install/interfaces/lib/libinterfaces__rosidl_typesupport_c.so
[10.962s] -- Set non-toolchain portion of runtime path of "/home/jimmy/ros2_ws/install/interfaces/lib/libinterfaces__rosidl_typesupport_c.so" to ""
[10.962s] -- Up-to-date: /home/jimmy/ros2_ws/install/interfaces/include/interfaces/interfaces
[10.962s] -- Up-to-date: /home/jimmy/ros2_ws/install/interfaces/include/interfaces/interfaces/msg
[10.962s] -- Installing: /home/jimmy/ros2_ws/install/interfaces/include/interfaces/interfaces/msg/rosidl_generator_cpp__visibility_control.hpp
[10.963s] -- Installing: /home/jimmy/ros2_ws/install/interfaces/include/interfaces/interfaces/msg/motor_cmds.hpp
[10.963s] -- Up-to-date: /home/jimmy/ros2_ws/install/interfaces/include/interfaces/interfaces/msg/detail
[10.963s] -- Installing: /home/jimmy/ros2_ws/install/interfaces/include/interfaces/interfaces/msg/detail/motor_cmds__type_support.hpp
[10.963s] -- Installing: /home/jimmy/ros2_ws/install/interfaces/include/interfaces/interfaces/msg/detail/motor_cmds__builder.hpp
[10.963s] -- Installing: /home/jimmy/ros2_ws/install/interfaces/include/interfaces/interfaces/msg/detail/motor_cmds__struct.hpp
[10.963s] -- Installing: /home/jimmy/ros2_ws/install/interfaces/include/interfaces/interfaces/msg/detail/motor_cmds__traits.hpp
[10.963s] -- Up-to-date: /home/jimmy/ros2_ws/install/interfaces/include/interfaces/interfaces
[10.963s] -- Up-to-date: /home/jimmy/ros2_ws/install/interfaces/include/interfaces/interfaces/msg
[10.963s] -- Installing: /home/jimmy/ros2_ws/install/interfaces/include/interfaces/interfaces/msg/rosidl_typesupport_fastrtps_cpp__visibility_control.h
[10.964s] -- Up-to-date: /home/jimmy/ros2_ws/install/interfaces/include/interfaces/interfaces/msg/detail
[10.964s] -- Installing: /home/jimmy/ros2_ws/install/interfaces/include/interfaces/interfaces/msg/detail/motor_cmds__rosidl_typesupport_fastrtps_cpp.hpp
[10.964s] -- Installing: /home/jimmy/ros2_ws/install/interfaces/include/interfaces/interfaces/msg/detail/dds_fastrtps
[10.964s] -- Installing: /home/jimmy/ros2_ws/install/interfaces/lib/libinterfaces__rosidl_typesupport_fastrtps_cpp.so
[10.964s] -- Set non-toolchain portion of runtime path of "/home/jimmy/ros2_ws/install/interfaces/lib/libinterfaces__rosidl_typesupport_fastrtps_cpp.so" to ""
[10.965s] -- Up-to-date: /home/jimmy/ros2_ws/install/interfaces/include/interfaces/interfaces
[10.965s] -- Up-to-date: /home/jimmy/ros2_ws/install/interfaces/include/interfaces/interfaces/msg
[10.965s] -- Up-to-date: /home/jimmy/ros2_ws/install/interfaces/include/interfaces/interfaces/msg/detail
[10.965s] -- Installing: /home/jimmy/ros2_ws/install/interfaces/include/interfaces/interfaces/msg/detail/motor_cmds__rosidl_typesupport_introspection_cpp.hpp
[10.965s] -- Installing: /home/jimmy/ros2_ws/install/interfaces/include/interfaces/interfaces/msg/detail/motor_cmds__type_support.cpp
[10.965s] -- Installing: /home/jimmy/ros2_ws/install/interfaces/lib/libinterfaces__rosidl_typesupport_introspection_cpp.so
[10.965s] -- Set non-toolchain portion of runtime path of "/home/jimmy/ros2_ws/install/interfaces/lib/libinterfaces__rosidl_typesupport_introspection_cpp.so" to ""
[10.966s] -- Installing: /home/jimmy/ros2_ws/install/interfaces/lib/libinterfaces__rosidl_typesupport_cpp.so
[10.967s] -- Set non-toolchain portion of runtime path of "/home/jimmy/ros2_ws/install/interfaces/lib/libinterfaces__rosidl_typesupport_cpp.so" to ""
[10.968s] -- Installing: /home/jimmy/ros2_ws/install/interfaces/share/interfaces/environment/pythonpath.sh
[10.969s] -- Installing: /home/jimmy/ros2_ws/install/interfaces/share/interfaces/environment/pythonpath.dsv
[10.969s] -- Installing: /home/jimmy/ros2_ws/install/interfaces/lib/python3.12/site-packages/interfaces-0.0.0-py3.12.egg-info
[10.969s] -- Installing: /home/jimmy/ros2_ws/install/interfaces/lib/python3.12/site-packages/interfaces-0.0.0-py3.12.egg-info/dependency_links.txt
[10.969s] -- Installing: /home/jimmy/ros2_ws/install/interfaces/lib/python3.12/site-packages/interfaces-0.0.0-py3.12.egg-info/top_level.txt
[10.969s] -- Installing: /home/jimmy/ros2_ws/install/interfaces/lib/python3.12/site-packages/interfaces-0.0.0-py3.12.egg-info/SOURCES.txt
[10.970s] -- Installing: /home/jimmy/ros2_ws/install/interfaces/lib/python3.12/site-packages/interfaces-0.0.0-py3.12.egg-info/PKG-INFO
[10.970s] -- Installing: /home/jimmy/ros2_ws/install/interfaces/lib/python3.12/site-packages/interfaces
[10.970s] -- Installing: /home/jimmy/ros2_ws/install/interfaces/lib/python3.12/site-packages/interfaces/_interfaces_s.ep.rosidl_typesupport_introspection_c.c
[10.970s] -- Installing: /home/jimmy/ros2_ws/install/interfaces/lib/python3.12/site-packages/interfaces/_interfaces_s.ep.rosidl_typesupport_fastrtps_c.c
[10.971s] -- Installing: /home/jimmy/ros2_ws/install/interfaces/lib/python3.12/site-packages/interfaces/msg
[10.971s] -- Installing: /home/jimmy/ros2_ws/install/interfaces/lib/python3.12/site-packages/interfaces/msg/_motor_cmds.py
[10.972s] -- Installing: /home/jimmy/ros2_ws/install/interfaces/lib/python3.12/site-packages/interfaces/msg/_motor_cmds_s.c
[10.972s] -- Installing: /home/jimmy/ros2_ws/install/interfaces/lib/python3.12/site-packages/interfaces/msg/__init__.py
[10.972s] -- Installing: /home/jimmy/ros2_ws/install/interfaces/lib/python3.12/site-packages/interfaces/interfaces_s__rosidl_typesupport_fastrtps_c.so
[10.973s] -- Installing: /home/jimmy/ros2_ws/install/interfaces/lib/python3.12/site-packages/interfaces/__init__.py
[10.973s] -- Installing: /home/jimmy/ros2_ws/install/interfaces/lib/python3.12/site-packages/interfaces/_interfaces_s.ep.rosidl_typesupport_c.c
[10.973s] -- Installing: /home/jimmy/ros2_ws/install/interfaces/lib/python3.12/site-packages/interfaces/interfaces_s__rosidl_typesupport_c.so
[10.973s] -- Installing: /home/jimmy/ros2_ws/install/interfaces/lib/python3.12/site-packages/interfaces/interfaces_s__rosidl_typesupport_introspection_c.so
[11.034s] Listing '/home/jimmy/ros2_ws/install/interfaces/lib/python3.12/site-packages/interfaces'...
[11.034s] Compiling '/home/jimmy/ros2_ws/install/interfaces/lib/python3.12/site-packages/interfaces/__init__.py'...
[11.034s] Listing '/home/jimmy/ros2_ws/install/interfaces/lib/python3.12/site-packages/interfaces/msg'...
[11.034s] Compiling '/home/jimmy/ros2_ws/install/interfaces/lib/python3.12/site-packages/interfaces/msg/__init__.py'...
[11.034s] Compiling '/home/jimmy/ros2_ws/install/interfaces/lib/python3.12/site-packages/interfaces/msg/_motor_cmds.py'...
[11.049s] -- Installing: /home/jimmy/ros2_ws/install/interfaces/lib/python3.12/site-packages/interfaces/interfaces_s__rosidl_typesupport_fastrtps_c.so
[11.049s] -- Set non-toolchain portion of runtime path of "/home/jimmy/ros2_ws/install/interfaces/lib/python3.12/site-packages/interfaces/interfaces_s__rosidl_typesupport_fastrtps_c.so" to ""
[11.050s] -- Installing: /home/jimmy/ros2_ws/install/interfaces/lib/python3.12/site-packages/interfaces/interfaces_s__rosidl_typesupport_introspection_c.so
[11.050s] -- Set non-toolchain portion of runtime path of "/home/jimmy/ros2_ws/install/interfaces/lib/python3.12/site-packages/interfaces/interfaces_s__rosidl_typesupport_introspection_c.so" to ""
[11.051s] -- Installing: /home/jimmy/ros2_ws/install/interfaces/lib/python3.12/site-packages/interfaces/interfaces_s__rosidl_typesupport_c.so
[11.051s] -- Set non-toolchain portion of runtime path of "/home/jimmy/ros2_ws/install/interfaces/lib/python3.12/site-packages/interfaces/interfaces_s__rosidl_typesupport_c.so" to ""
[11.051s] -- Installing: /home/jimmy/ros2_ws/install/interfaces/lib/libinterfaces__rosidl_generator_py.so
[11.052s] -- Set non-toolchain portion of runtime path of "/home/jimmy/ros2_ws/install/interfaces/lib/libinterfaces__rosidl_generator_py.so" to ""
[11.052s] -- Installing: /home/jimmy/ros2_ws/install/interfaces/share/interfaces/msg/MotorCmds.idl
[11.052s] -- Installing: /home/jimmy/ros2_ws/install/interfaces/share/interfaces/msg/MotorCmds.msg
[11.052s] -- Installing: /home/jimmy/ros2_ws/install/interfaces/share/ament_index/resource_index/package_run_dependencies/interfaces
[11.053s] -- Installing: /home/jimmy/ros2_ws/install/interfaces/share/ament_index/resource_index/parent_prefix_path/interfaces
[11.053s] -- Installing: /home/jimmy/ros2_ws/install/interfaces/share/interfaces/environment/ament_prefix_path.sh
[11.053s] -- Installing: /home/jimmy/ros2_ws/install/interfaces/share/interfaces/environment/ament_prefix_path.dsv
[11.053s] -- Installing: /home/jimmy/ros2_ws/install/interfaces/share/interfaces/environment/path.sh
[11.053s] -- Installing: /home/jimmy/ros2_ws/install/interfaces/share/interfaces/environment/path.dsv
[11.054s] -- Installing: /home/jimmy/ros2_ws/install/interfaces/share/interfaces/local_setup.bash
[11.054s] -- Installing: /home/jimmy/ros2_ws/install/interfaces/share/interfaces/local_setup.sh
[11.054s] -- Installing: /home/jimmy/ros2_ws/install/interfaces/share/interfaces/local_setup.zsh
[11.054s] -- Installing: /home/jimmy/ros2_ws/install/interfaces/share/interfaces/local_setup.dsv
[11.054s] -- Installing: /home/jimmy/ros2_ws/install/interfaces/share/interfaces/package.dsv
[11.055s] -- Installing: /home/jimmy/ros2_ws/install/interfaces/share/ament_index/resource_index/packages/interfaces
[11.055s] -- Installing: /home/jimmy/ros2_ws/install/interfaces/share/interfaces/cmake/export_interfaces__rosidl_generator_cExport.cmake
[11.055s] -- Installing: /home/jimmy/ros2_ws/install/interfaces/share/interfaces/cmake/export_interfaces__rosidl_generator_cExport-noconfig.cmake
[11.055s] -- Installing: /home/jimmy/ros2_ws/install/interfaces/share/interfaces/cmake/export_interfaces__rosidl_typesupport_fastrtps_cExport.cmake
[11.055s] -- Installing: /home/jimmy/ros2_ws/install/interfaces/share/interfaces/cmake/export_interfaces__rosidl_typesupport_fastrtps_cExport-noconfig.cmake
[11.056s] -- Installing: /home/jimmy/ros2_ws/install/interfaces/share/interfaces/cmake/interfaces__rosidl_typesupport_introspection_cExport.cmake
[11.056s] -- Installing: /home/jimmy/ros2_ws/install/interfaces/share/interfaces/cmake/interfaces__rosidl_typesupport_introspection_cExport-noconfig.cmake
[11.056s] -- Installing: /home/jimmy/ros2_ws/install/interfaces/share/interfaces/cmake/interfaces__rosidl_typesupport_cExport.cmake
[11.056s] -- Installing: /home/jimmy/ros2_ws/install/interfaces/share/interfaces/cmake/interfaces__rosidl_typesupport_cExport-noconfig.cmake
[11.057s] -- Installing: /home/jimmy/ros2_ws/install/interfaces/share/interfaces/cmake/export_interfaces__rosidl_generator_cppExport.cmake
[11.057s] -- Installing: /home/jimmy/ros2_ws/install/interfaces/share/interfaces/cmake/export_interfaces__rosidl_typesupport_fastrtps_cppExport.cmake
[11.057s] -- Installing: /home/jimmy/ros2_ws/install/interfaces/share/interfaces/cmake/export_interfaces__rosidl_typesupport_fastrtps_cppExport-noconfig.cmake
[11.057s] -- Installing: /home/jimmy/ros2_ws/install/interfaces/share/interfaces/cmake/interfaces__rosidl_typesupport_introspection_cppExport.cmake
[11.057s] -- Installing: /home/jimmy/ros2_ws/install/interfaces/share/interfaces/cmake/interfaces__rosidl_typesupport_introspection_cppExport-noconfig.cmake
[11.058s] -- Installing: /home/jimmy/ros2_ws/install/interfaces/share/interfaces/cmake/interfaces__rosidl_typesupport_cppExport.cmake
[11.058s] -- Installing: /home/jimmy/ros2_ws/install/interfaces/share/interfaces/cmake/interfaces__rosidl_typesupport_cppExport-noconfig.cmake
[11.058s] -- Installing: /home/jimmy/ros2_ws/install/interfaces/share/interfaces/cmake/export_interfaces__rosidl_generator_pyExport.cmake
[11.058s] -- Installing: /home/jimmy/ros2_ws/install/interfaces/share/interfaces/cmake/export_interfaces__rosidl_generator_pyExport-noconfig.cmake
[11.058s] -- Installing: /home/jimmy/ros2_ws/install/interfaces/share/interfaces/cmake/rosidl_cmake-extras.cmake
[11.058s] -- Installing: /home/jimmy/ros2_ws/install/interfaces/share/interfaces/cmake/ament_cmake_export_include_directories-extras.cmake
[11.059s] -- Installing: /home/jimmy/ros2_ws/install/interfaces/share/interfaces/cmake/ament_cmake_export_libraries-extras.cmake
[11.059s] -- Installing: /home/jimmy/ros2_ws/install/interfaces/share/interfaces/cmake/ament_cmake_export_targets-extras.cmake
[11.059s] -- Installing: /home/jimmy/ros2_ws/install/interfaces/share/interfaces/cmake/rosidl_cmake_export_typesupport_targets-extras.cmake
[11.059s] -- Installing: /home/jimmy/ros2_ws/install/interfaces/share/interfaces/cmake/ament_cmake_export_dependencies-extras.cmake
[11.059s] -- Installing: /home/jimmy/ros2_ws/install/interfaces/share/interfaces/cmake/rosidl_cmake_export_typesupport_libraries-extras.cmake
[11.060s] -- Installing: /home/jimmy/ros2_ws/install/interfaces/share/interfaces/cmake/interfacesConfig.cmake
[11.060s] -- Installing: /home/jimmy/ros2_ws/install/interfaces/share/interfaces/cmake/interfacesConfig-version.cmake
[11.060s] -- Installing: /home/jimmy/ros2_ws/install/interfaces/share/interfaces/package.xml
[11.064s] Invoked command in '/home/jimmy/ros2_ws/build/interfaces' returned '0': CMAKE_PREFIX_PATH=${CMAKE_PREFIX_PATH}:/opt/ros/jazzy DEBUGINFOD_URLS=https://debuginfod.ubuntu.com /usr/bin/cmake --install /home/jimmy/ros2_ws/build/interfaces
