[0.039s] Invoking command in '/home/jimmy/ros2_ws/build/realsense2_camera_msgs': CMAKE_PREFIX_PATH=${CMAKE_PREFIX_PATH}:/opt/ros/jazzy CONDA_PROMPT_MODIFIER=(base) DEBUGINFOD_URLS=https://debuginfod.ubuntu.com /usr/bin/cmake /home/jimmy/ros2_ws/src/realsense-ros/realsense2_camera_msgs -DAMENT_CMAKE_SYMLINK_INSTALL=1 -DCMAKE_INSTALL_PREFIX=/home/jimmy/ros2_ws/install/realsense2_camera_msgs
[0.496s] -- The C compiler identification is GNU 13.3.0
[1.019s] -- The CXX compiler identification is GNU 13.3.0
[1.070s] -- Detecting C compiler ABI info
[1.331s] -- Detecting C compiler ABI info - done
[1.347s] -- Check for working C compiler: /usr/bin/cc - skipped
[1.349s] -- Detecting C compile features
[1.350s] -- Detecting C compile features - done
[1.369s] -- Detecting CXX compiler ABI info
[1.644s] -- Detecting CXX compiler ABI info - done
[1.661s] -- Check for working CXX compiler: /usr/bin/c++ - skipped
[1.662s] -- Detecting CXX compile features
[1.663s] -- Detecting CXX compile features - done
[1.672s] -- Found ament_cmake: 2.5.4 (/opt/ros/jazzy/share/ament_cmake/cmake)
[1.969s] -- Found Python3: /home/jimmy/miniconda3/bin/python3 (found version "3.13.9") found components: Interpreter 
[2.198s] -- Override CMake install command with custom implementation using symlinks instead of copying resources
[2.282s] -- Found rosidl_default_generators: 1.6.0 (/opt/ros/jazzy/share/rosidl_default_generators/cmake)
[2.299s] -- Using all available rosidl_typesupport_c: rosidl_typesupport_fastrtps_c;rosidl_typesupport_introspection_c
[2.448s] -- Using all available rosidl_typesupport_cpp: rosidl_typesupport_fastrtps_cpp;rosidl_typesupport_introspection_cpp
[2.611s] -- Found rosidl_adapter: 4.6.6 (/opt/ros/jazzy/share/rosidl_adapter/cmake)
[2.624s] -- Found builtin_interfaces: 2.0.3 (/opt/ros/jazzy/share/builtin_interfaces/cmake)
[2.664s] -- Found std_msgs: 5.3.6 (/opt/ros/jazzy/share/std_msgs/cmake)
[2.703s] -- Found sensor_msgs: 5.3.6 (/opt/ros/jazzy/share/sensor_msgs/cmake)
[3.134s] [31mCMake Error at /opt/ros/jazzy/share/rosidl_adapter/cmake/rosidl_adapt_interfaces.cmake:57 (message):
[3.134s]   execute_process(/home/jimmy/miniconda3/bin/python3 -m rosidl_adapter
[3.135s]   --package-name realsense2_camera_msgs --arguments-file
[3.135s]   /home/jimmy/ros2_ws/build/realsense2_camera_msgs/rosidl_adapter__arguments__realsense2_camera_msgs.json
[3.135s]   --output-dir
[3.135s]   /home/jimmy/ros2_ws/build/realsense2_camera_msgs/rosidl_adapter/realsense2_camera_msgs
[3.135s]   --output-file
[3.135s]   /home/jimmy/ros2_ws/build/realsense2_camera_msgs/rosidl_adapter/realsense2_camera_msgs.idls)
[3.135s]   returned error code 1:
[3.135s] 
[3.135s]   Traceback (most recent call last):
[3.135s] 
[3.136s]     File "<frozen runpy>", line 198, in _run_module_as_main
[3.136s]     File "<frozen runpy>", line 88, in _run_code
[3.136s]     File "/opt/ros/jazzy/lib/python3.12/site-packages/rosidl_adapter/__main__.py", line 19, in <module>
[3.136s]       sys.exit(main())
[3.136s]                ~~~~^^
[3.136s]     File "/opt/ros/jazzy/lib/python3.12/site-packages/rosidl_adapter/main.py", line 53, in main
[3.136s]       abs_idl_file = convert_to_idl(
[3.136s]           pathlib.Path(basepath), args.package_name,
[3.136s]           pathlib.Path(relative_path), output_dir)
[3.136s]     File "/opt/ros/jazzy/lib/python3.12/site-packages/rosidl_adapter/__init__.py", line 18, in convert_to_idl
[3.136s]       from rosidl_adapter.msg import convert_msg_to_idl
[3.137s]     File "/opt/ros/jazzy/lib/python3.12/site-packages/rosidl_adapter/msg/__init__.py", line 16, in <module>
[3.137s]       from rosidl_adapter.resource import expand_template
[3.137s]     File "/opt/ros/jazzy/lib/python3.12/site-packages/rosidl_adapter/resource/__init__.py", line 19, in <module>
[3.137s]       import em
[3.137s] 
[3.137s]   ModuleNotFoundError: No module named 'em'
[3.137s] 
[3.137s] Call Stack (most recent call first):
[3.137s]   /opt/ros/jazzy/share/rosidl_cmake/cmake/rosidl_generate_interfaces.cmake:132 (rosidl_adapt_interfaces)
[3.137s]   CMakeLists.txt:43 (rosidl_generate_interfaces)
[3.138s] 
[3.138s] [0m
[3.138s] -- Configuring incomplete, errors occurred!
