[0.028s] Invoking command in '/home/jimmy/ros2_ws/build/interfaces': CMAKE_PREFIX_PATH=${CMAKE_PREFIX_PATH}:/opt/ros/jazzy CONDA_PROMPT_MODIFIER=(base) DEBUGINFOD_URLS=https://debuginfod.ubuntu.com /usr/bin/cmake --build /home/jimmy/ros2_ws/build/interfaces -- -j4 -l4
[0.165s] [  2%] Built target interfaces__rosidl_generator_type_description
[0.169s] [  2%] Built target ament_cmake_python_symlink_interfaces
[0.266s] [ 17%] Built target interfaces__rosidl_generator_c
[0.274s] [ 20%] Built target interfaces__cpp
[0.409s] [ 29%] Built target interfaces__rosidl_typesupport_c
[0.437s] [ 38%] Built target interfaces__rosidl_typesupport_introspection_c
[0.440s] [ 47%] Built target interfaces__rosidl_typesupport_fastrtps_c
[0.562s] [ 55%] Built target interfaces__rosidl_typesupport_fastrtps_cpp
[0.568s] [ 64%] Built target interfaces__rosidl_typesupport_cpp
[0.574s] [ 73%] Built target interfaces__rosidl_typesupport_introspection_cpp
[0.693s] [ 73%] Built target interfaces
[0.775s] [ 76%] Built target interfaces__py
[0.876s] [ 82%] Built target interfaces__rosidl_generator_py
[0.993s] [ 94%] Built target interfaces_s__rosidl_typesupport_introspection_c
[0.996s] [ 94%] Built target interfaces_s__rosidl_typesupport_fastrtps_c
[1.007s] [100%] Built target interfaces_s__rosidl_typesupport_c
[1.091s] running egg_info
[1.116s] writing interfaces.egg-info/PKG-INFO
[1.117s] writing dependency_links to interfaces.egg-info/dependency_links.txt
[1.118s] writing top-level names to interfaces.egg-info/top_level.txt
[1.182s] reading manifest file 'interfaces.egg-info/SOURCES.txt'
[1.184s] writing manifest file 'interfaces.egg-info/SOURCES.txt'
[1.286s] [100%] Built target ament_cmake_python_build_interfaces_egg
[1.313s] Invoked command in '/home/jimmy/ros2_ws/build/interfaces' returned '0': CMAKE_PREFIX_PATH=${CMAKE_PREFIX_PATH}:/opt/ros/jazzy CONDA_PROMPT_MODIFIER=(base) DEBUGINFOD_URLS=https://debuginfod.ubuntu.com /usr/bin/cmake --build /home/jimmy/ros2_ws/build/interfaces -- -j4 -l4
[1.316s] Invoking command in '/home/jimmy/ros2_ws/build/interfaces': CMAKE_PREFIX_PATH=${CMAKE_PREFIX_PATH}:/opt/ros/jazzy CONDA_PROMPT_MODIFIER=(base) DEBUGINFOD_URLS=https://debuginfod.ubuntu.com /usr/bin/cmake --install /home/jimmy/ros2_ws/build/interfaces
[1.332s] -- Install configuration: ""
[1.336s] -- Execute custom install script
[1.336s] -- Up-to-date symlink: /home/jimmy/ros2_ws/install/interfaces/share/ament_index/resource_index/rosidl_interfaces/interfaces
[1.336s] -- Up-to-date symlink: /home/jimmy/ros2_ws/install/interfaces/share/interfaces/msg/MotorCmds.json
[1.337s] -- Up-to-date symlink: /home/jimmy/ros2_ws/install/interfaces/include/interfaces/interfaces/msg/detail/motor_cmds__functions.h
[1.337s] -- Up-to-date symlink: /home/jimmy/ros2_ws/install/interfaces/include/interfaces/interfaces/msg/detail/motor_cmds__struct.h
[1.337s] -- Up-to-date symlink: /home/jimmy/ros2_ws/install/interfaces/include/interfaces/interfaces/msg/detail/motor_cmds__type_support.h
[1.338s] -- Up-to-date symlink: /home/jimmy/ros2_ws/install/interfaces/include/interfaces/interfaces/msg/motor_cmds.h
[1.338s] -- Up-to-date symlink: /home/jimmy/ros2_ws/install/interfaces/include/interfaces/interfaces/msg/rosidl_generator_c__visibility_control.h
[1.338s] -- Up-to-date symlink: /home/jimmy/ros2_ws/install/interfaces/share/interfaces/environment/library_path.sh
[1.338s] -- Up-to-date symlink: /home/jimmy/ros2_ws/install/interfaces/share/interfaces/environment/library_path.dsv
[1.338s] -- Up-to-date symlink: /home/jimmy/ros2_ws/install/interfaces/include/interfaces/interfaces/msg/detail/motor_cmds__rosidl_typesupport_fastrtps_c.h
[1.338s] -- Up-to-date symlink: /home/jimmy/ros2_ws/install/interfaces/include/interfaces/interfaces/msg/rosidl_typesupport_fastrtps_c__visibility_control.h
[1.340s] -- Up-to-date symlink: /home/jimmy/ros2_ws/install/interfaces/include/interfaces/interfaces/msg/detail/motor_cmds__rosidl_typesupport_introspection_c.h
[1.340s] -- Up-to-date symlink: /home/jimmy/ros2_ws/install/interfaces/include/interfaces/interfaces/msg/rosidl_typesupport_introspection_c__visibility_control.h
[1.340s] -- Up-to-date symlink: /home/jimmy/ros2_ws/install/interfaces/include/interfaces/interfaces/msg/detail/motor_cmds__builder.hpp
[1.340s] -- Up-to-date symlink: /home/jimmy/ros2_ws/install/interfaces/include/interfaces/interfaces/msg/detail/motor_cmds__struct.hpp
[1.341s] -- Up-to-date symlink: /home/jimmy/ros2_ws/install/interfaces/include/interfaces/interfaces/msg/detail/motor_cmds__traits.hpp
[1.341s] -- Up-to-date symlink: /home/jimmy/ros2_ws/install/interfaces/include/interfaces/interfaces/msg/detail/motor_cmds__type_support.hpp
[1.341s] -- Up-to-date symlink: /home/jimmy/ros2_ws/install/interfaces/include/interfaces/interfaces/msg/motor_cmds.hpp
[1.341s] -- Up-to-date symlink: /home/jimmy/ros2_ws/install/interfaces/include/interfaces/interfaces/msg/rosidl_generator_cpp__visibility_control.hpp
[1.341s] -- Up-to-date symlink: /home/jimmy/ros2_ws/install/interfaces/include/interfaces/interfaces/msg/detail/motor_cmds__rosidl_typesupport_fastrtps_cpp.hpp
[1.341s] -- Up-to-date symlink: /home/jimmy/ros2_ws/install/interfaces/include/interfaces/interfaces/msg/rosidl_typesupport_fastrtps_cpp__visibility_control.h
[1.342s] -- Up-to-date symlink: /home/jimmy/ros2_ws/install/interfaces/include/interfaces/interfaces/msg/detail/motor_cmds__rosidl_typesupport_introspection_cpp.hpp
[1.342s] -- Up-to-date symlink: /home/jimmy/ros2_ws/install/interfaces/share/interfaces/environment/pythonpath.sh
[1.342s] -- Up-to-date symlink: /home/jimmy/ros2_ws/install/interfaces/share/interfaces/environment/pythonpath.dsv
[1.342s] -- Up-to-date symlink: /home/jimmy/ros2_ws/install/interfaces/lib/python3.13/site-packages/interfaces-0.0.0-py3.13.egg-info/PKG-INFO
[1.342s] -- Up-to-date symlink: /home/jimmy/ros2_ws/install/interfaces/lib/python3.13/site-packages/interfaces-0.0.0-py3.13.egg-info/SOURCES.txt
[1.342s] -- Up-to-date symlink: /home/jimmy/ros2_ws/install/interfaces/lib/python3.13/site-packages/interfaces-0.0.0-py3.13.egg-info/dependency_links.txt
[1.343s] -- Up-to-date symlink: /home/jimmy/ros2_ws/install/interfaces/lib/python3.13/site-packages/interfaces-0.0.0-py3.13.egg-info/top_level.txt
[1.343s] -- Up-to-date symlink: /home/jimmy/ros2_ws/install/interfaces/lib/python3.13/site-packages/interfaces/__init__.py
[1.343s] -- Up-to-date symlink: /home/jimmy/ros2_ws/install/interfaces/lib/python3.13/site-packages/interfaces/_interfaces_s.ep.rosidl_typesupport_c.c
[1.343s] -- Up-to-date symlink: /home/jimmy/ros2_ws/install/interfaces/lib/python3.13/site-packages/interfaces/_interfaces_s.ep.rosidl_typesupport_fastrtps_c.c
[1.343s] -- Up-to-date symlink: /home/jimmy/ros2_ws/install/interfaces/lib/python3.13/site-packages/interfaces/_interfaces_s.ep.rosidl_typesupport_introspection_c.c
[1.343s] -- Up-to-date symlink: /home/jimmy/ros2_ws/install/interfaces/lib/python3.13/site-packages/interfaces/interfaces_s__rosidl_typesupport_c.so
[1.343s] -- Up-to-date symlink: /home/jimmy/ros2_ws/install/interfaces/lib/python3.13/site-packages/interfaces/interfaces_s__rosidl_typesupport_fastrtps_c.so
[1.344s] -- Up-to-date symlink: /home/jimmy/ros2_ws/install/interfaces/lib/python3.13/site-packages/interfaces/interfaces_s__rosidl_typesupport_introspection_c.so
[1.344s] -- Up-to-date symlink: /home/jimmy/ros2_ws/install/interfaces/lib/python3.13/site-packages/interfaces/msg/__init__.py
[1.344s] -- Up-to-date symlink: /home/jimmy/ros2_ws/install/interfaces/lib/python3.13/site-packages/interfaces/msg/_motor_cmds.py
[1.344s] -- Up-to-date symlink: /home/jimmy/ros2_ws/install/interfaces/lib/python3.13/site-packages/interfaces/msg/_motor_cmds_s.c
[1.344s] -- Up-to-date symlink: /home/jimmy/ros2_ws/install/interfaces/lib/python3.13/site-packages/interfaces/interfaces_s__rosidl_typesupport_fastrtps_c.so
[1.344s] -- Up-to-date symlink: /home/jimmy/ros2_ws/install/interfaces/lib/python3.13/site-packages/interfaces/interfaces_s__rosidl_typesupport_introspection_c.so
[1.344s] -- Up-to-date symlink: /home/jimmy/ros2_ws/install/interfaces/lib/python3.13/site-packages/interfaces/interfaces_s__rosidl_typesupport_c.so
[1.345s] -- Up-to-date symlink: /home/jimmy/ros2_ws/install/interfaces/share/interfaces/msg/MotorCmds.idl
[1.345s] -- Up-to-date symlink: /home/jimmy/ros2_ws/install/interfaces/share/interfaces/msg/MotorCmds.msg
[1.345s] -- Up-to-date symlink: /home/jimmy/ros2_ws/install/interfaces/share/ament_index/resource_index/package_run_dependencies/interfaces
[1.345s] -- Up-to-date symlink: /home/jimmy/ros2_ws/install/interfaces/share/ament_index/resource_index/parent_prefix_path/interfaces
[1.346s] -- Up-to-date symlink: /home/jimmy/ros2_ws/install/interfaces/share/interfaces/environment/ament_prefix_path.sh
[1.346s] -- Up-to-date symlink: /home/jimmy/ros2_ws/install/interfaces/share/interfaces/environment/ament_prefix_path.dsv
[1.346s] -- Up-to-date symlink: /home/jimmy/ros2_ws/install/interfaces/share/interfaces/environment/path.sh
[1.346s] -- Up-to-date symlink: /home/jimmy/ros2_ws/install/interfaces/share/interfaces/environment/path.dsv
[1.346s] -- Up-to-date symlink: /home/jimmy/ros2_ws/install/interfaces/share/interfaces/local_setup.bash
[1.347s] -- Up-to-date symlink: /home/jimmy/ros2_ws/install/interfaces/share/interfaces/local_setup.sh
[1.347s] -- Up-to-date symlink: /home/jimmy/ros2_ws/install/interfaces/share/interfaces/local_setup.zsh
[1.347s] -- Up-to-date symlink: /home/jimmy/ros2_ws/install/interfaces/share/interfaces/local_setup.dsv
[1.347s] -- Symlinking: /home/jimmy/ros2_ws/install/interfaces/share/interfaces/package.dsv
[1.366s] -- Up-to-date symlink: /home/jimmy/ros2_ws/install/interfaces/share/ament_index/resource_index/packages/interfaces
[1.367s] -- Up-to-date symlink: /home/jimmy/ros2_ws/install/interfaces/share/interfaces/cmake/rosidl_cmake-extras.cmake
[1.367s] -- Up-to-date symlink: /home/jimmy/ros2_ws/install/interfaces/share/interfaces/cmake/ament_cmake_export_include_directories-extras.cmake
[1.367s] -- Up-to-date symlink: /home/jimmy/ros2_ws/install/interfaces/share/interfaces/cmake/ament_cmake_export_libraries-extras.cmake
[1.367s] -- Up-to-date symlink: /home/jimmy/ros2_ws/install/interfaces/share/interfaces/cmake/ament_cmake_export_targets-extras.cmake
[1.367s] -- Up-to-date symlink: /home/jimmy/ros2_ws/install/interfaces/share/interfaces/cmake/rosidl_cmake_export_typesupport_targets-extras.cmake
[1.368s] -- Up-to-date symlink: /home/jimmy/ros2_ws/install/interfaces/share/interfaces/cmake/ament_cmake_export_dependencies-extras.cmake
[1.368s] -- Up-to-date symlink: /home/jimmy/ros2_ws/install/interfaces/share/interfaces/cmake/rosidl_cmake_export_typesupport_libraries-extras.cmake
[1.368s] -- Up-to-date symlink: /home/jimmy/ros2_ws/install/interfaces/share/interfaces/cmake/interfacesConfig.cmake
[1.368s] -- Up-to-date symlink: /home/jimmy/ros2_ws/install/interfaces/share/interfaces/cmake/interfacesConfig-version.cmake
[1.368s] -- Up-to-date symlink: /home/jimmy/ros2_ws/install/interfaces/share/interfaces/package.xml
[1.369s] -- Up-to-date: /home/jimmy/ros2_ws/install/interfaces/lib/libinterfaces__rosidl_generator_c.so
[1.369s] -- Up-to-date: /home/jimmy/ros2_ws/install/interfaces/lib/libinterfaces__rosidl_typesupport_fastrtps_c.so
[1.370s] -- Up-to-date: /home/jimmy/ros2_ws/install/interfaces/lib/libinterfaces__rosidl_typesupport_introspection_c.so
[1.370s] -- Up-to-date: /home/jimmy/ros2_ws/install/interfaces/lib/libinterfaces__rosidl_typesupport_c.so
[1.371s] -- Up-to-date: /home/jimmy/ros2_ws/install/interfaces/lib/libinterfaces__rosidl_typesupport_fastrtps_cpp.so
[1.371s] -- Up-to-date: /home/jimmy/ros2_ws/install/interfaces/lib/libinterfaces__rosidl_typesupport_introspection_cpp.so
[1.371s] -- Up-to-date: /home/jimmy/ros2_ws/install/interfaces/lib/libinterfaces__rosidl_typesupport_cpp.so
[1.448s] Listing '/home/jimmy/ros2_ws/install/interfaces/lib/python3.13/site-packages/interfaces'...
[1.448s] Listing '/home/jimmy/ros2_ws/install/interfaces/lib/python3.13/site-packages/interfaces/msg'...
[1.466s] -- Up-to-date: /home/jimmy/ros2_ws/install/interfaces/lib/libinterfaces__rosidl_generator_py.so
[1.466s] -- Up-to-date: /home/jimmy/ros2_ws/install/interfaces/share/interfaces/cmake/export_interfaces__rosidl_generator_cExport.cmake
[1.467s] -- Up-to-date: /home/jimmy/ros2_ws/install/interfaces/share/interfaces/cmake/export_interfaces__rosidl_generator_cExport-noconfig.cmake
[1.468s] -- Up-to-date: /home/jimmy/ros2_ws/install/interfaces/share/interfaces/cmake/export_interfaces__rosidl_typesupport_fastrtps_cExport.cmake
[1.469s] -- Up-to-date: /home/jimmy/ros2_ws/install/interfaces/share/interfaces/cmake/export_interfaces__rosidl_typesupport_fastrtps_cExport-noconfig.cmake
[1.469s] -- Up-to-date: /home/jimmy/ros2_ws/install/interfaces/share/interfaces/cmake/interfaces__rosidl_typesupport_introspection_cExport.cmake
[1.471s] -- Up-to-date: /home/jimmy/ros2_ws/install/interfaces/share/interfaces/cmake/interfaces__rosidl_typesupport_introspection_cExport-noconfig.cmake
[1.471s] -- Up-to-date: /home/jimmy/ros2_ws/install/interfaces/share/interfaces/cmake/interfaces__rosidl_typesupport_cExport.cmake
[1.471s] -- Up-to-date: /home/jimmy/ros2_ws/install/interfaces/share/interfaces/cmake/interfaces__rosidl_typesupport_cExport-noconfig.cmake
[1.471s] -- Up-to-date: /home/jimmy/ros2_ws/install/interfaces/share/interfaces/cmake/export_interfaces__rosidl_generator_cppExport.cmake
[1.471s] -- Up-to-date: /home/jimmy/ros2_ws/install/interfaces/share/interfaces/cmake/export_interfaces__rosidl_typesupport_fastrtps_cppExport.cmake
[1.471s] -- Up-to-date: /home/jimmy/ros2_ws/install/interfaces/share/interfaces/cmake/export_interfaces__rosidl_typesupport_fastrtps_cppExport-noconfig.cmake
[1.471s] -- Up-to-date: /home/jimmy/ros2_ws/install/interfaces/share/interfaces/cmake/interfaces__rosidl_typesupport_introspection_cppExport.cmake
[1.472s] -- Up-to-date: /home/jimmy/ros2_ws/install/interfaces/share/interfaces/cmake/interfaces__rosidl_typesupport_introspection_cppExport-noconfig.cmake
[1.473s] -- Up-to-date: /home/jimmy/ros2_ws/install/interfaces/share/interfaces/cmake/interfaces__rosidl_typesupport_cppExport.cmake
[1.473s] -- Up-to-date: /home/jimmy/ros2_ws/install/interfaces/share/interfaces/cmake/interfaces__rosidl_typesupport_cppExport-noconfig.cmake
[1.473s] -- Up-to-date: /home/jimmy/ros2_ws/install/interfaces/share/interfaces/cmake/export_interfaces__rosidl_generator_pyExport.cmake
[1.473s] -- Up-to-date: /home/jimmy/ros2_ws/install/interfaces/share/interfaces/cmake/export_interfaces__rosidl_generator_pyExport-noconfig.cmake
[1.491s] Invoked command in '/home/jimmy/ros2_ws/build/interfaces' returned '0': CMAKE_PREFIX_PATH=${CMAKE_PREFIX_PATH}:/opt/ros/jazzy CONDA_PROMPT_MODIFIER=(base) DEBUGINFOD_URLS=https://debuginfod.ubuntu.com /usr/bin/cmake --install /home/jimmy/ros2_ws/build/interfaces
