[0.026s] Invoking command in '/home/jimmy/ros2_ws/build/realsense2_camera': CMAKE_PREFIX_PATH=/home/jimmy/ros2_ws/install/realsense2_camera_msgs:/home/jimmy/ros2_ws/install/servo:/home/jimmy/ros2_ws/install/realsense2_description:/home/jimmy/ros2_ws/install/realsense2_camera:/home/jimmy/ros2_ws/install/interfaces:/opt/ros/jazzy/opt/gz_math_vendor:/opt/ros/jazzy/opt/gz_utils_vendor:/opt/ros/jazzy/opt/gz_cmake_vendor:/opt/ros/jazzy CONDA_PROMPT_MODIFIER=(base) DEBUGINFOD_URLS=https://debuginfod.ubuntu.com LD_LIBRARY_PATH=/home/jimmy/ros2_ws/install/realsense2_camera_msgs/lib:/home/jimmy/ros2_ws/install/realsense2_camera/lib:/home/jimmy/ros2_ws/install/interfaces/lib:/opt/ros/jazzy/opt/rviz_ogre_vendor/lib:/opt/ros/jazzy/lib/aarch64-linux-gnu:/opt/ros/jazzy/opt/gz_math_vendor/lib:/opt/ros/jazzy/opt/gz_utils_vendor/lib:/opt/ros/jazzy/opt/gz_cmake_vendor/lib:/opt/ros/jazzy/lib PYTHONPATH=/home/jimmy/ros2_ws/install/realsense2_camera_msgs/lib/python3.12/site-packages:/home/jimmy/ros2_ws/install/realsense2_camera/lib/python3.12/site-packages:/home/jimmy/ros2_ws/install/interfaces/lib/python3.12/site-packages:/opt/ros/jazzy/lib/python3.12/site-packages /usr/bin/cmake --build /home/jimmy/ros2_ws/build/realsense2_camera -- -j4 -l4
[0.076s] -- Create Release Build.
[0.076s] -- Found ament_cmake: 2.5.4 (/opt/ros/jazzy/share/ament_cmake/cmake)
[0.482s] -- Override CMake install command with custom implementation using symlinks instead of copying resources
[0.496s] -- Found builtin_interfaces: 2.0.3 (/opt/ros/jazzy/share/builtin_interfaces/cmake)
[0.539s] -- Found rosidl_generator_c: 4.6.6 (/opt/ros/jazzy/share/rosidl_generator_c/cmake)
[0.554s] -- Found rosidl_generator_cpp: 4.6.6 (/opt/ros/jazzy/share/rosidl_generator_cpp/cmake)
[0.579s] -- Using all available rosidl_typesupport_c: rosidl_typesupport_fastrtps_c;rosidl_typesupport_introspection_c
[0.607s] -- Using all available rosidl_typesupport_cpp: rosidl_typesupport_fastrtps_cpp;rosidl_typesupport_introspection_cpp
[0.628s] -- Found cv_bridge: 4.1.0 (/opt/ros/jazzy/share/cv_bridge/cmake)
[0.782s] -- Found rmw_implementation_cmake: 7.3.2 (/opt/ros/jazzy/share/rmw_implementation_cmake/cmake)
[0.784s] -- Found rmw_fastrtps_cpp: 8.4.3 (/opt/ros/jazzy/share/rmw_fastrtps_cpp/cmake)
[0.882s] -- Using RMW implementation 'rmw_fastrtps_cpp' as default
[0.969s] -- Found image_transport: 5.1.7 (/opt/ros/jazzy/share/image_transport/cmake)
[0.986s] -- Found rclcpp_action: 28.1.12 (/opt/ros/jazzy/share/rclcpp_action/cmake)
[1.040s] -- Found rclcpp_components: 28.1.12 (/opt/ros/jazzy/share/rclcpp_components/cmake)
[1.071s] -- Found realsense2_camera_msgs: 4.56.4 (/home/jimmy/ros2_ws/install/realsense2_camera_msgs/share/realsense2_camera_msgs/cmake)
[1.117s] -- Found std_srvs: 5.3.6 (/opt/ros/jazzy/share/std_srvs/cmake)
[1.139s] -- Found nav_msgs: 5.3.6 (/opt/ros/jazzy/share/nav_msgs/cmake)
[1.170s] -- Found tf2_ros: 0.36.14 (/opt/ros/jazzy/share/tf2_ros/cmake)
[1.222s] -- Found diagnostic_updater: 4.2.6 (/opt/ros/jazzy/share/diagnostic_updater/cmake)
[1.257s] -- Build for ROS2 Jazzy
[1.436s] -- Found ament_cmake_gtest: 2.5.4 (/opt/ros/jazzy/share/ament_cmake_gtest/cmake)
[1.437s] -- Found gtest sources under '/opt/ros/jazzy/src/gtest_vendor': C++ tests using 'Google Test' will be built
[1.445s] -- Found ament_cmake_pytest: 2.5.4 (/opt/ros/jazzy/share/ament_cmake_pytest/cmake)
[6.811s] -- rs_device_info:
[6.812s] --  10/11 09:33:38,388 ERROR [281472999395360] (context.cpp:40) No valid configuration file found at : /home/jimmy/.realsense-config.json loading defaults
[6.812s] Device Name                   Serial Number       Firmware Version
[6.812s] Intel RealSense D435I         947522072317        5.12.7.100
[6.812s] 
[6.812s] -- D455 device found
[12.263s] -- Configuring done (12.2s)
[12.337s] -- Generating done (0.1s)
[12.372s] -- Build files have been written to: /home/jimmy/ros2_ws/build/realsense2_camera
[12.482s] [  7%] Built target realsense2_camera_node
[12.498s] [  7%] Built target ament_cmake_python_symlink_realsense2_camera
[12.506s] [ 14%] Built target realsense2_frame_latency_node
[12.567s] [ 21%] Built target gtest_main
[12.644s] [ 28%] Built target gtest
[12.650s] [ 92%] Built target realsense2_camera
[12.695s] [100%] Built target gtest_template
[12.869s] running egg_info
[12.895s] writing realsense2_camera.egg-info/PKG-INFO
[12.895s] writing dependency_links to realsense2_camera.egg-info/dependency_links.txt
[12.896s] writing top-level names to realsense2_camera.egg-info/top_level.txt
[12.975s] reading manifest file 'realsense2_camera.egg-info/SOURCES.txt'
[12.975s] writing manifest file 'realsense2_camera.egg-info/SOURCES.txt'
[13.042s] [100%] Built target ament_cmake_python_build_realsense2_camera_egg
[13.066s] Invoked command in '/home/jimmy/ros2_ws/build/realsense2_camera' returned '0': CMAKE_PREFIX_PATH=/home/jimmy/ros2_ws/install/realsense2_camera_msgs:/home/jimmy/ros2_ws/install/servo:/home/jimmy/ros2_ws/install/realsense2_description:/home/jimmy/ros2_ws/install/realsense2_camera:/home/jimmy/ros2_ws/install/interfaces:/opt/ros/jazzy/opt/gz_math_vendor:/opt/ros/jazzy/opt/gz_utils_vendor:/opt/ros/jazzy/opt/gz_cmake_vendor:/opt/ros/jazzy CONDA_PROMPT_MODIFIER=(base) DEBUGINFOD_URLS=https://debuginfod.ubuntu.com LD_LIBRARY_PATH=/home/jimmy/ros2_ws/install/realsense2_camera_msgs/lib:/home/jimmy/ros2_ws/install/realsense2_camera/lib:/home/jimmy/ros2_ws/install/interfaces/lib:/opt/ros/jazzy/opt/rviz_ogre_vendor/lib:/opt/ros/jazzy/lib/aarch64-linux-gnu:/opt/ros/jazzy/opt/gz_math_vendor/lib:/opt/ros/jazzy/opt/gz_utils_vendor/lib:/opt/ros/jazzy/opt/gz_cmake_vendor/lib:/opt/ros/jazzy/lib PYTHONPATH=/home/jimmy/ros2_ws/install/realsense2_camera_msgs/lib/python3.12/site-packages:/home/jimmy/ros2_ws/install/realsense2_camera/lib/python3.12/site-packages:/home/jimmy/ros2_ws/install/interfaces/lib/python3.12/site-packages:/opt/ros/jazzy/lib/python3.12/site-packages /usr/bin/cmake --build /home/jimmy/ros2_ws/build/realsense2_camera -- -j4 -l4
[13.086s] Invoking command in '/home/jimmy/ros2_ws/build/realsense2_camera': CMAKE_PREFIX_PATH=/home/jimmy/ros2_ws/install/realsense2_camera_msgs:/home/jimmy/ros2_ws/install/servo:/home/jimmy/ros2_ws/install/realsense2_description:/home/jimmy/ros2_ws/install/realsense2_camera:/home/jimmy/ros2_ws/install/interfaces:/opt/ros/jazzy/opt/gz_math_vendor:/opt/ros/jazzy/opt/gz_utils_vendor:/opt/ros/jazzy/opt/gz_cmake_vendor:/opt/ros/jazzy CONDA_PROMPT_MODIFIER=(base) DEBUGINFOD_URLS=https://debuginfod.ubuntu.com LD_LIBRARY_PATH=/home/jimmy/ros2_ws/install/realsense2_camera_msgs/lib:/home/jimmy/ros2_ws/install/realsense2_camera/lib:/home/jimmy/ros2_ws/install/interfaces/lib:/opt/ros/jazzy/opt/rviz_ogre_vendor/lib:/opt/ros/jazzy/lib/aarch64-linux-gnu:/opt/ros/jazzy/opt/gz_math_vendor/lib:/opt/ros/jazzy/opt/gz_utils_vendor/lib:/opt/ros/jazzy/opt/gz_cmake_vendor/lib:/opt/ros/jazzy/lib PYTHONPATH=/home/jimmy/ros2_ws/install/realsense2_camera_msgs/lib/python3.12/site-packages:/home/jimmy/ros2_ws/install/realsense2_camera/lib/python3.12/site-packages:/home/jimmy/ros2_ws/install/interfaces/lib/python3.12/site-packages:/opt/ros/jazzy/lib/python3.12/site-packages /usr/bin/cmake --install /home/jimmy/ros2_ws/build/realsense2_camera
[13.100s] -- Install configuration: "Release"
[13.102s] -- Execute custom install script
[13.103s] -- Up-to-date symlink: /home/jimmy/ros2_ws/install/realsense2_camera/share/realsense2_camera/config/global_settings.yaml
[13.103s] -- Up-to-date symlink: /home/jimmy/ros2_ws/install/realsense2_camera/lib/realsense2_camera/realsense2_camera_node
[13.103s] -- Up-to-date symlink: /home/jimmy/ros2_ws/install/realsense2_camera/lib/realsense2_camera/realsense2_frame_latency_node
[13.104s] -- Up-to-date symlink: /home/jimmy/ros2_ws/install/realsense2_camera/lib/librealsense2_camera.so
[13.105s] -- Up-to-date symlink: /home/jimmy/ros2_ws/install/realsense2_camera/include/align_depth_filter.h
[13.106s] -- Up-to-date symlink: /home/jimmy/ros2_ws/install/realsense2_camera/include/base_realsense_node.h
[13.106s] -- Up-to-date symlink: /home/jimmy/ros2_ws/install/realsense2_camera/include/constants.h
[13.106s] -- Up-to-date symlink: /home/jimmy/ros2_ws/install/realsense2_camera/include/dynamic_params.h
[13.106s] -- Up-to-date symlink: /home/jimmy/ros2_ws/install/realsense2_camera/include/gl_window.h
[13.106s] -- Up-to-date symlink: /home/jimmy/ros2_ws/install/realsense2_camera/include/image_publisher.h
[13.106s] -- Up-to-date symlink: /home/jimmy/ros2_ws/install/realsense2_camera/include/named_filter.h
[13.107s] -- Up-to-date symlink: /home/jimmy/ros2_ws/install/realsense2_camera/include/pointcloud_filter.h
[13.107s] -- Up-to-date symlink: /home/jimmy/ros2_ws/install/realsense2_camera/include/profile_manager.h
[13.107s] -- Up-to-date symlink: /home/jimmy/ros2_ws/install/realsense2_camera/include/realsense_node_factory.h
[13.107s] -- Up-to-date symlink: /home/jimmy/ros2_ws/install/realsense2_camera/include/ros_node_base.h
[13.107s] -- Up-to-date symlink: /home/jimmy/ros2_ws/install/realsense2_camera/include/ros_param_backend.h
[13.107s] -- Up-to-date symlink: /home/jimmy/ros2_ws/install/realsense2_camera/include/ros_sensor.h
[13.107s] -- Up-to-date symlink: /home/jimmy/ros2_ws/install/realsense2_camera/include/ros_utils.h
[13.107s] -- Up-to-date symlink: /home/jimmy/ros2_ws/install/realsense2_camera/include/sensor_params.h
[13.107s] -- Up-to-date symlink: /home/jimmy/ros2_ws/install/realsense2_camera/share/realsense2_camera/launch/default.rviz
[13.108s] -- Up-to-date symlink: /home/jimmy/ros2_ws/install/realsense2_camera/share/realsense2_camera/launch/rs_intra_process_demo_launch.py
[13.108s] -- Up-to-date symlink: /home/jimmy/ros2_ws/install/realsense2_camera/share/realsense2_camera/launch/rs_launch.py
[13.108s] -- Up-to-date symlink: /home/jimmy/ros2_ws/install/realsense2_camera/share/realsense2_camera/launch/rs_multi_camera_launch.py
[13.108s] -- Up-to-date symlink: /home/jimmy/ros2_ws/install/realsense2_camera/share/realsense2_camera/launch/rs_multi_camera_launch_sync.py
[13.109s] -- Up-to-date symlink: /home/jimmy/ros2_ws/install/realsense2_camera/share/realsense2_camera/examples/align_depth/README.md
[13.109s] -- Up-to-date symlink: /home/jimmy/ros2_ws/install/realsense2_camera/share/realsense2_camera/examples/align_depth/rs_align_depth_launch.py
[13.109s] -- Up-to-date symlink: /home/jimmy/ros2_ws/install/realsense2_camera/share/realsense2_camera/examples/d500_tables/calib_config_example.json
[13.109s] -- Up-to-date symlink: /home/jimmy/ros2_ws/install/realsense2_camera/share/realsense2_camera/examples/dual_camera/README.md
[13.109s] -- Up-to-date symlink: /home/jimmy/ros2_ws/install/realsense2_camera/share/realsense2_camera/examples/dual_camera/rs_dual_camera_launch.py
[13.110s] -- Up-to-date symlink: /home/jimmy/ros2_ws/install/realsense2_camera/share/realsense2_camera/examples/dual_camera/rviz/dual_camera_pointcloud.rviz
[13.110s] -- Up-to-date symlink: /home/jimmy/ros2_ws/install/realsense2_camera/share/realsense2_camera/examples/launch_from_rosbag/README.md
[13.110s] -- Up-to-date symlink: /home/jimmy/ros2_ws/install/realsense2_camera/share/realsense2_camera/examples/launch_from_rosbag/rs_launch_from_rosbag.py
[13.110s] -- Up-to-date symlink: /home/jimmy/ros2_ws/install/realsense2_camera/share/realsense2_camera/examples/launch_params_from_file/README.md
[13.110s] -- Up-to-date symlink: /home/jimmy/ros2_ws/install/realsense2_camera/share/realsense2_camera/examples/launch_params_from_file/config/config.yaml
[13.110s] -- Up-to-date symlink: /home/jimmy/ros2_ws/install/realsense2_camera/share/realsense2_camera/examples/launch_params_from_file/rs_launch_get_params_from_yaml.py
[13.111s] -- Up-to-date symlink: /home/jimmy/ros2_ws/install/realsense2_camera/share/realsense2_camera/examples/pointcloud/README.md
[13.111s] -- Up-to-date symlink: /home/jimmy/ros2_ws/install/realsense2_camera/share/realsense2_camera/examples/pointcloud/rs_d405_pointcloud_launch.py
[13.111s] -- Up-to-date symlink: /home/jimmy/ros2_ws/install/realsense2_camera/share/realsense2_camera/examples/pointcloud/rs_d455_pointcloud_launch.py
[13.111s] -- Up-to-date symlink: /home/jimmy/ros2_ws/install/realsense2_camera/share/realsense2_camera/examples/pointcloud/rs_pointcloud_infra_launch.py
[13.111s] -- Up-to-date symlink: /home/jimmy/ros2_ws/install/realsense2_camera/share/realsense2_camera/examples/pointcloud/rs_pointcloud_launch.py
[13.111s] -- Up-to-date symlink: /home/jimmy/ros2_ws/install/realsense2_camera/share/realsense2_camera/examples/pointcloud/rviz/pointcloud.rviz
[13.112s] -- Up-to-date symlink: /home/jimmy/ros2_ws/install/realsense2_camera/share/realsense2_camera/examples/pointcloud/rviz/urdf_pointcloud.rviz
[13.112s] -- Up-to-date symlink: /home/jimmy/ros2_ws/install/realsense2_camera/share/realsense2_camera/realsense2_camera/__init__.py
[13.112s] -- Up-to-date symlink: /home/jimmy/ros2_ws/install/realsense2_camera/share/realsense2_camera/environment/pythonpath.sh
[13.113s] -- Up-to-date symlink: /home/jimmy/ros2_ws/install/realsense2_camera/share/realsense2_camera/environment/pythonpath.dsv
[13.113s] -- Up-to-date symlink: /home/jimmy/ros2_ws/install/realsense2_camera/lib/python3.12/site-packages/realsense2_camera-4.56.4-py3.12.egg-info/PKG-INFO
[13.113s] -- Up-to-date symlink: /home/jimmy/ros2_ws/install/realsense2_camera/lib/python3.12/site-packages/realsense2_camera-4.56.4-py3.12.egg-info/SOURCES.txt
[13.113s] -- Up-to-date symlink: /home/jimmy/ros2_ws/install/realsense2_camera/lib/python3.12/site-packages/realsense2_camera-4.56.4-py3.12.egg-info/dependency_links.txt
[13.113s] -- Up-to-date symlink: /home/jimmy/ros2_ws/install/realsense2_camera/lib/python3.12/site-packages/realsense2_camera-4.56.4-py3.12.egg-info/top_level.txt
[13.114s] -- Up-to-date symlink: /home/jimmy/ros2_ws/install/realsense2_camera/lib/python3.12/site-packages/realsense2_camera/__init__.py
[13.114s] -- Symlinking: /home/jimmy/ros2_ws/install/realsense2_camera/lib/realsense2_camera/predict_node.py
[13.132s] -- Up-to-date symlink: /home/jimmy/ros2_ws/install/realsense2_camera/share/realsense2_camera/environment/library_path.sh
[13.133s] -- Up-to-date symlink: /home/jimmy/ros2_ws/install/realsense2_camera/share/realsense2_camera/environment/library_path.dsv
[13.133s] -- Up-to-date symlink: /home/jimmy/ros2_ws/install/realsense2_camera/share/ament_index/resource_index/package_run_dependencies/realsense2_camera
[13.133s] -- Up-to-date symlink: /home/jimmy/ros2_ws/install/realsense2_camera/share/ament_index/resource_index/parent_prefix_path/realsense2_camera
[13.133s] -- Up-to-date symlink: /home/jimmy/ros2_ws/install/realsense2_camera/share/realsense2_camera/environment/ament_prefix_path.sh
[13.133s] -- Up-to-date symlink: /home/jimmy/ros2_ws/install/realsense2_camera/share/realsense2_camera/environment/ament_prefix_path.dsv
[13.134s] -- Up-to-date symlink: /home/jimmy/ros2_ws/install/realsense2_camera/share/realsense2_camera/environment/path.sh
[13.134s] -- Up-to-date symlink: /home/jimmy/ros2_ws/install/realsense2_camera/share/realsense2_camera/environment/path.dsv
[13.134s] -- Up-to-date symlink: /home/jimmy/ros2_ws/install/realsense2_camera/share/realsense2_camera/local_setup.bash
[13.134s] -- Up-to-date symlink: /home/jimmy/ros2_ws/install/realsense2_camera/share/realsense2_camera/local_setup.sh
[13.134s] -- Up-to-date symlink: /home/jimmy/ros2_ws/install/realsense2_camera/share/realsense2_camera/local_setup.zsh
[13.135s] -- Up-to-date symlink: /home/jimmy/ros2_ws/install/realsense2_camera/share/realsense2_camera/local_setup.dsv
[13.135s] -- Symlinking: /home/jimmy/ros2_ws/install/realsense2_camera/share/realsense2_camera/package.dsv
[13.157s] -- Up-to-date symlink: /home/jimmy/ros2_ws/install/realsense2_camera/share/ament_index/resource_index/packages/realsense2_camera
[13.157s] -- Up-to-date symlink: /home/jimmy/ros2_ws/install/realsense2_camera/share/ament_index/resource_index/rclcpp_components/realsense2_camera
[13.158s] -- Up-to-date symlink: /home/jimmy/ros2_ws/install/realsense2_camera/share/realsense2_camera/cmake/ament_cmake_export_include_directories-extras.cmake
[13.158s] -- Up-to-date symlink: /home/jimmy/ros2_ws/install/realsense2_camera/share/realsense2_camera/cmake/ament_cmake_export_libraries-extras.cmake
[13.158s] -- Up-to-date symlink: /home/jimmy/ros2_ws/install/realsense2_camera/share/realsense2_camera/cmake/ament_cmake_export_dependencies-extras.cmake
[13.158s] -- Up-to-date symlink: /home/jimmy/ros2_ws/install/realsense2_camera/share/realsense2_camera/cmake/realsense2_cameraConfig.cmake
[13.158s] -- Up-to-date symlink: /home/jimmy/ros2_ws/install/realsense2_camera/share/realsense2_camera/cmake/realsense2_cameraConfig-version.cmake
[13.158s] -- Up-to-date symlink: /home/jimmy/ros2_ws/install/realsense2_camera/share/realsense2_camera/package.xml
[13.210s] Listing '/home/jimmy/ros2_ws/install/realsense2_camera/lib/python3.12/site-packages/realsense2_camera'...
[13.226s] Invoked command in '/home/jimmy/ros2_ws/build/realsense2_camera' returned '0': CMAKE_PREFIX_PATH=/home/jimmy/ros2_ws/install/realsense2_camera_msgs:/home/jimmy/ros2_ws/install/servo:/home/jimmy/ros2_ws/install/realsense2_description:/home/jimmy/ros2_ws/install/realsense2_camera:/home/jimmy/ros2_ws/install/interfaces:/opt/ros/jazzy/opt/gz_math_vendor:/opt/ros/jazzy/opt/gz_utils_vendor:/opt/ros/jazzy/opt/gz_cmake_vendor:/opt/ros/jazzy CONDA_PROMPT_MODIFIER=(base) DEBUGINFOD_URLS=https://debuginfod.ubuntu.com LD_LIBRARY_PATH=/home/jimmy/ros2_ws/install/realsense2_camera_msgs/lib:/home/jimmy/ros2_ws/install/realsense2_camera/lib:/home/jimmy/ros2_ws/install/interfaces/lib:/opt/ros/jazzy/opt/rviz_ogre_vendor/lib:/opt/ros/jazzy/lib/aarch64-linux-gnu:/opt/ros/jazzy/opt/gz_math_vendor/lib:/opt/ros/jazzy/opt/gz_utils_vendor/lib:/opt/ros/jazzy/opt/gz_cmake_vendor/lib:/opt/ros/jazzy/lib PYTHONPATH=/home/jimmy/ros2_ws/install/realsense2_camera_msgs/lib/python3.12/site-packages:/home/jimmy/ros2_ws/install/realsense2_camera/lib/python3.12/site-packages:/home/jimmy/ros2_ws/install/interfaces/lib/python3.12/site-packages:/opt/ros/jazzy/lib/python3.12/site-packages /usr/bin/cmake --install /home/jimmy/ros2_ws/build/realsense2_camera
