[0.043s] Invoking command in '/home/jimmy/ros2_ws/build/servo': CMAKE_PREFIX_PATH=${CMAKE_PREFIX_PATH}:/opt/ros/jazzy CONDA_PROMPT_MODIFIER=(base) DEBUGINFOD_URLS=https://debuginfod.ubuntu.com /usr/bin/cmake /home/jimmy/ros2_ws/src/servo -DAMENT_CMAKE_SYMLINK_INSTALL=1 -DCMAKE_INSTALL_PREFIX=/home/jimmy/ros2_ws/install/servo
[0.471s] -- The C compiler identification is GNU 13.3.0
[0.997s] -- The CXX compiler identification is GNU 13.3.0
[1.044s] -- Detecting C compiler ABI info
[1.305s] -- Detecting C compiler ABI info - done
[1.321s] -- Check for working C compiler: /usr/bin/cc - skipped
[1.323s] -- Detecting C compile features
[1.325s] -- Detecting C compile features - done
[1.342s] -- Detecting CXX compiler ABI info
[1.617s] -- Detecting CXX compiler ABI info - done
[1.633s] -- Check for working CXX compiler: /usr/bin/c++ - skipped
[1.633s] -- Detecting CXX compile features
[1.633s] -- Detecting CXX compile features - done
[1.646s] -- Found ament_cmake: 2.5.4 (/opt/ros/jazzy/share/ament_cmake/cmake)
[1.941s] -- Found Python3: /home/jimmy/miniconda3/bin/python3 (found version "3.13.9") found components: Interpreter 
[2.183s] -- Override CMake install command with custom implementation using symlinks instead of copying resources
[2.255s] -- Found ament_lint_auto: 0.17.3 (/opt/ros/jazzy/share/ament_lint_auto/cmake)
[2.308s] Traceback (most recent call last):
[2.313s]   File "/opt/ros/jazzy/share/ament_cmake_core/cmake/core/package_xml_2_cmake.py", line 22, in <module>
[2.313s]     from catkin_pkg.package import parse_package_string
[2.314s] ModuleNotFoundError: No module named 'catkin_pkg'
[2.332s] [31mCMake Error at /opt/ros/jazzy/share/ament_cmake_core/cmake/core/ament_package_xml.cmake:95 (message):
[2.332s]   execute_process(/home/jimmy/miniconda3/bin/python3
[2.332s]   /opt/ros/jazzy/share/ament_cmake_core/cmake/core/package_xml_2_cmake.py
[2.332s]   /home/jimmy/ros2_ws/src/servo/package.xml
[2.333s]   /home/jimmy/ros2_ws/build/servo/ament_cmake_core/package.cmake) returned
[2.333s]   error code 1
[2.333s] Call Stack (most recent call first):
[2.333s]   /opt/ros/jazzy/share/ament_cmake_core/cmake/core/ament_package_xml.cmake:49 (_ament_package_xml)
[2.333s]   /opt/ros/jazzy/share/ament_lint_auto/cmake/ament_lint_auto_find_test_dependencies.cmake:31 (ament_package_xml)
[2.333s]   CMakeLists.txt:23 (ament_lint_auto_find_test_dependencies)
[2.333s] 
[2.333s] [0m
[2.333s] -- Configuring incomplete, errors occurred!
[2.344s] Invoked command in '/home/jimmy/ros2_ws/build/servo' returned '1': CMAKE_PREFIX_PATH=${CMAKE_PREFIX_PATH}:/opt/ros/jazzy CONDA_PROMPT_MODIFIER=(base) DEBUGINFOD_URLS=https://debuginfod.ubuntu.com /usr/bin/cmake /home/jimmy/ros2_ws/src/servo -DAMENT_CMAKE_SYMLINK_INSTALL=1 -DCMAKE_INSTALL_PREFIX=/home/jimmy/ros2_ws/install/servo
