[0.028s] Invoking command in '/home/jimmy/ros2_ws/build/realsense2_camera': CMAKE_PREFIX_PATH=/home/jimmy/ros2_ws/install/realsense2_camera_msgs:/home/jimmy/ros2_ws/install/servo:/home/jimmy/ros2_ws/install/realsense2_description:/home/jimmy/ros2_ws/install/realsense2_camera:/home/jimmy/ros2_ws/install/interfaces:/opt/ros/jazzy/opt/gz_math_vendor:/opt/ros/jazzy/opt/gz_utils_vendor:/opt/ros/jazzy/opt/gz_cmake_vendor:/opt/ros/jazzy CONDA_PROMPT_MODIFIER=(base) DEBUGINFOD_URLS=https://debuginfod.ubuntu.com LD_LIBRARY_PATH=/home/jimmy/ros2_ws/install/realsense2_camera_msgs/lib:/home/jimmy/ros2_ws/install/realsense2_camera/lib:/home/jimmy/ros2_ws/install/interfaces/lib:/opt/ros/jazzy/opt/rviz_ogre_vendor/lib:/opt/ros/jazzy/lib/aarch64-linux-gnu:/opt/ros/jazzy/opt/gz_math_vendor/lib:/opt/ros/jazzy/opt/gz_utils_vendor/lib:/opt/ros/jazzy/opt/gz_cmake_vendor/lib:/opt/ros/jazzy/lib /usr/bin/cmake /home/jimmy/ros2_ws/src/realsense-ros/realsense2_camera -DBUILD_TOOLS=ON -DCMAKE_INSTALL_PREFIX=/home/jimmy/ros2_ws/install/realsense2_camera
[0.065s] -- Create Release Build.
[0.065s] -- Found ament_cmake: 2.5.4 (/opt/ros/jazzy/share/ament_cmake/cmake)
[0.513s] -- Found builtin_interfaces: 2.0.3 (/opt/ros/jazzy/share/builtin_interfaces/cmake)
[0.548s] -- Found rosidl_generator_c: 4.6.6 (/opt/ros/jazzy/share/rosidl_generator_c/cmake)
[0.563s] -- Found rosidl_generator_cpp: 4.6.6 (/opt/ros/jazzy/share/rosidl_generator_cpp/cmake)
[0.583s] -- Using all available rosidl_typesupport_c: rosidl_typesupport_fastrtps_c;rosidl_typesupport_introspection_c
[0.605s] -- Using all available rosidl_typesupport_cpp: rosidl_typesupport_fastrtps_cpp;rosidl_typesupport_introspection_cpp
[0.630s] -- Found cv_bridge: 4.1.0 (/opt/ros/jazzy/share/cv_bridge/cmake)
[0.838s] -- Found rmw_implementation_cmake: 7.3.2 (/opt/ros/jazzy/share/rmw_implementation_cmake/cmake)
[0.843s] -- Found rmw_fastrtps_cpp: 8.4.3 (/opt/ros/jazzy/share/rmw_fastrtps_cpp/cmake)
[0.997s] -- Using RMW implementation 'rmw_fastrtps_cpp' as default
[1.615s] -- Found image_transport: 5.1.7 (/opt/ros/jazzy/share/image_transport/cmake)
[1.873s] -- Found rclcpp_action: 28.1.12 (/opt/ros/jazzy/share/rclcpp_action/cmake)
[2.025s] -- Found rclcpp_components: 28.1.12 (/opt/ros/jazzy/share/rclcpp_components/cmake)
[2.130s] -- Found realsense2_camera_msgs: 4.56.4 (/home/jimmy/ros2_ws/install/realsense2_camera_msgs/share/realsense2_camera_msgs/cmake)
[2.204s] -- Found std_srvs: 5.3.6 (/opt/ros/jazzy/share/std_srvs/cmake)
[2.254s] -- Found nav_msgs: 5.3.6 (/opt/ros/jazzy/share/nav_msgs/cmake)
[2.311s] -- Found tf2_ros: 0.36.14 (/opt/ros/jazzy/share/tf2_ros/cmake)
[2.408s] -- Found diagnostic_updater: 4.2.6 (/opt/ros/jazzy/share/diagnostic_updater/cmake)
[2.475s] -- Build for ROS2 Jazzy
[2.479s] -- Found ament_cmake_gtest: 2.5.4 (/opt/ros/jazzy/share/ament_cmake_gtest/cmake)
[2.481s] -- Found gtest sources under '/opt/ros/jazzy/src/gtest_vendor': C++ tests using 'Google Test' will be built
[2.491s] -- Found ament_cmake_pytest: 2.5.4 (/opt/ros/jazzy/share/ament_cmake_pytest/cmake)
[8.694s] -- rs_device_info:
[8.694s] --  08/11 16:38:21,463 ERROR [281473652949024] (context.cpp:40) No valid configuration file found at : /home/jimmy/.realsense-config.json loading defaults
[8.694s] Device Name                   Serial Number       Firmware Version
[8.694s] Intel RealSense D435I         947522072317        5.12.7.100
[8.694s] 
[8.695s] -- D455 device found
[15.023s] -- Configuring done (15.0s)
[15.142s] -- Generating done (0.1s)
[15.176s] -- Build files have been written to: /home/jimmy/ros2_ws/build/realsense2_camera
[15.222s] Invoked command in '/home/jimmy/ros2_ws/build/realsense2_camera' returned '0': CMAKE_PREFIX_PATH=/home/jimmy/ros2_ws/install/realsense2_camera_msgs:/home/jimmy/ros2_ws/install/servo:/home/jimmy/ros2_ws/install/realsense2_description:/home/jimmy/ros2_ws/install/realsense2_camera:/home/jimmy/ros2_ws/install/interfaces:/opt/ros/jazzy/opt/gz_math_vendor:/opt/ros/jazzy/opt/gz_utils_vendor:/opt/ros/jazzy/opt/gz_cmake_vendor:/opt/ros/jazzy CONDA_PROMPT_MODIFIER=(base) DEBUGINFOD_URLS=https://debuginfod.ubuntu.com LD_LIBRARY_PATH=/home/jimmy/ros2_ws/install/realsense2_camera_msgs/lib:/home/jimmy/ros2_ws/install/realsense2_camera/lib:/home/jimmy/ros2_ws/install/interfaces/lib:/opt/ros/jazzy/opt/rviz_ogre_vendor/lib:/opt/ros/jazzy/lib/aarch64-linux-gnu:/opt/ros/jazzy/opt/gz_math_vendor/lib:/opt/ros/jazzy/opt/gz_utils_vendor/lib:/opt/ros/jazzy/opt/gz_cmake_vendor/lib:/opt/ros/jazzy/lib /usr/bin/cmake /home/jimmy/ros2_ws/src/realsense-ros/realsense2_camera -DBUILD_TOOLS=ON -DCMAKE_INSTALL_PREFIX=/home/jimmy/ros2_ws/install/realsense2_camera
[15.226s] Invoking command in '/home/jimmy/ros2_ws/build/realsense2_camera': CMAKE_PREFIX_PATH=/home/jimmy/ros2_ws/install/realsense2_camera_msgs:/home/jimmy/ros2_ws/install/servo:/home/jimmy/ros2_ws/install/realsense2_description:/home/jimmy/ros2_ws/install/realsense2_camera:/home/jimmy/ros2_ws/install/interfaces:/opt/ros/jazzy/opt/gz_math_vendor:/opt/ros/jazzy/opt/gz_utils_vendor:/opt/ros/jazzy/opt/gz_cmake_vendor:/opt/ros/jazzy CONDA_PROMPT_MODIFIER=(base) DEBUGINFOD_URLS=https://debuginfod.ubuntu.com LD_LIBRARY_PATH=/home/jimmy/ros2_ws/install/realsense2_camera_msgs/lib:/home/jimmy/ros2_ws/install/realsense2_camera/lib:/home/jimmy/ros2_ws/install/interfaces/lib:/opt/ros/jazzy/opt/rviz_ogre_vendor/lib:/opt/ros/jazzy/lib/aarch64-linux-gnu:/opt/ros/jazzy/opt/gz_math_vendor/lib:/opt/ros/jazzy/opt/gz_utils_vendor/lib:/opt/ros/jazzy/opt/gz_cmake_vendor/lib:/opt/ros/jazzy/lib /usr/bin/cmake --build /home/jimmy/ros2_ws/build/realsense2_camera -- -j4 -l4
[15.353s] [  3%] [32mBuilding CXX object CMakeFiles/realsense2_frame_latency_node.dir/rclcpp_components/node_main_realsense2_frame_latency_node.cpp.o[0m
[15.378s] [  7%] [32mBuilding CXX object gtest/CMakeFiles/gtest_main.dir/src/gtest_main.cc.o[0m
[15.682s] [ 10%] [32mBuilding CXX object CMakeFiles/realsense2_camera_node.dir/rclcpp_components/node_main_realsense2_camera_node.cpp.o[0m
[15.810s] [ 14%] [32mBuilding CXX object CMakeFiles/realsense2_camera.dir/src/realsense_node_factory.cpp.o[0m
[18.376s] [ 17%] [32m[1mLinking CXX static library libgtest_main.a[0m
[19.766s] [ 17%] Built target gtest_main
[19.920s] [ 21%] [32mBuilding CXX object gtest/CMakeFiles/gtest.dir/src/gtest-all.cc.o[0m
[30.806s] [ 25%] [32m[1mLinking CXX executable realsense2_camera_node[0m
[31.375s] [ 25%] Built target realsense2_camera_node
[31.398s] [ 28%] [32mBuilding CXX object CMakeFiles/realsense2_camera.dir/src/base_realsense_node.cpp.o[0m
[31.970s] [ 32%] [32m[1mLinking CXX executable realsense2_frame_latency_node[0m
[32.441s] [ 32%] Built target realsense2_frame_latency_node
[32.469s] [ 35%] [32mBuilding CXX object CMakeFiles/realsense2_camera.dir/src/parameters.cpp.o[0m
[57.088s] [ 39%] [32m[1mLinking CXX static library libgtest.a[0m
[57.289s] [ 39%] Built target gtest
[57.349s] [ 42%] [32mBuilding CXX object CMakeFiles/gtest_template.dir/test/gtest_template.cpp.o[0m
[60.648s] [ 46%] [32m[1mLinking CXX executable gtest_template[0m
[60.910s] [ 46%] Built target gtest_template
[60.952s] [ 50%] [32mBuilding CXX object CMakeFiles/realsense2_camera.dir/src/rs_node_setup.cpp.o[0m
[62.249s] [ 53%] [32mBuilding CXX object CMakeFiles/realsense2_camera.dir/src/ros_sensor.cpp.o[0m
[93.421s] [ 57%] [32mBuilding CXX object CMakeFiles/realsense2_camera.dir/src/sensor_params.cpp.o[0m
[94.448s] [ 60%] [32mBuilding CXX object CMakeFiles/realsense2_camera.dir/src/dynamic_params.cpp.o[0m
[95.515s] [ 64%] [32mBuilding CXX object CMakeFiles/realsense2_camera.dir/src/ros_utils.cpp.o[0m
[116.991s] [ 67%] [32mBuilding CXX object CMakeFiles/realsense2_camera.dir/src/align_depth_filter.cpp.o[0m
[119.014s] [ 71%] [32mBuilding CXX object CMakeFiles/realsense2_camera.dir/src/profile_manager.cpp.o[0m
[121.039s] [ 75%] [32mBuilding CXX object CMakeFiles/realsense2_camera.dir/src/pointcloud_filter.cpp.o[0m
[123.065s] [ 78%] [32mBuilding CXX object CMakeFiles/realsense2_camera.dir/src/named_filter.cpp.o[0m
[124.084s] [ 82%] [32mBuilding CXX object CMakeFiles/realsense2_camera.dir/src/image_publisher.cpp.o[0m
[135.295s] [ 85%] [32mBuilding CXX object CMakeFiles/realsense2_camera.dir/src/tfs.cpp.o[0m
[157.873s] [ 96%] [32mBuilding CXX object CMakeFiles/realsense2_camera.dir/src/ros_param_backend.cpp.o[0m
[157.873s] [ 96%] [32mBuilding CXX object CMakeFiles/realsense2_camera.dir/src/actions.cpp.o[0m
[157.873s] [ 96%] [32mBuilding CXX object CMakeFiles/realsense2_camera.dir/tools/frame_latency/frame_latency.cpp.o[0m
[221.528s] [100%] [32m[1mLinking CXX shared library librealsense2_camera.so[0m
[223.570s] [100%] Built target realsense2_camera
[223.596s] Invoked command in '/home/jimmy/ros2_ws/build/realsense2_camera' returned '0': CMAKE_PREFIX_PATH=/home/jimmy/ros2_ws/install/realsense2_camera_msgs:/home/jimmy/ros2_ws/install/servo:/home/jimmy/ros2_ws/install/realsense2_description:/home/jimmy/ros2_ws/install/realsense2_camera:/home/jimmy/ros2_ws/install/interfaces:/opt/ros/jazzy/opt/gz_math_vendor:/opt/ros/jazzy/opt/gz_utils_vendor:/opt/ros/jazzy/opt/gz_cmake_vendor:/opt/ros/jazzy CONDA_PROMPT_MODIFIER=(base) DEBUGINFOD_URLS=https://debuginfod.ubuntu.com LD_LIBRARY_PATH=/home/jimmy/ros2_ws/install/realsense2_camera_msgs/lib:/home/jimmy/ros2_ws/install/realsense2_camera/lib:/home/jimmy/ros2_ws/install/interfaces/lib:/opt/ros/jazzy/opt/rviz_ogre_vendor/lib:/opt/ros/jazzy/lib/aarch64-linux-gnu:/opt/ros/jazzy/opt/gz_math_vendor/lib:/opt/ros/jazzy/opt/gz_utils_vendor/lib:/opt/ros/jazzy/opt/gz_cmake_vendor/lib:/opt/ros/jazzy/lib /usr/bin/cmake --build /home/jimmy/ros2_ws/build/realsense2_camera -- -j4 -l4
[223.600s] Invoking command in '/home/jimmy/ros2_ws/build/realsense2_camera': CMAKE_PREFIX_PATH=/home/jimmy/ros2_ws/install/realsense2_camera_msgs:/home/jimmy/ros2_ws/install/servo:/home/jimmy/ros2_ws/install/realsense2_description:/home/jimmy/ros2_ws/install/realsense2_camera:/home/jimmy/ros2_ws/install/interfaces:/opt/ros/jazzy/opt/gz_math_vendor:/opt/ros/jazzy/opt/gz_utils_vendor:/opt/ros/jazzy/opt/gz_cmake_vendor:/opt/ros/jazzy CONDA_PROMPT_MODIFIER=(base) DEBUGINFOD_URLS=https://debuginfod.ubuntu.com LD_LIBRARY_PATH=/home/jimmy/ros2_ws/install/realsense2_camera_msgs/lib:/home/jimmy/ros2_ws/install/realsense2_camera/lib:/home/jimmy/ros2_ws/install/interfaces/lib:/opt/ros/jazzy/opt/rviz_ogre_vendor/lib:/opt/ros/jazzy/lib/aarch64-linux-gnu:/opt/ros/jazzy/opt/gz_math_vendor/lib:/opt/ros/jazzy/opt/gz_utils_vendor/lib:/opt/ros/jazzy/opt/gz_cmake_vendor/lib:/opt/ros/jazzy/lib /usr/bin/cmake --install /home/jimmy/ros2_ws/build/realsense2_camera
[223.616s] -- Install configuration: "Release"
[223.617s] -- Installing: /home/jimmy/ros2_ws/install/realsense2_camera/share/realsense2_camera/config/global_settings.yaml
[223.618s] -- Installing: /home/jimmy/ros2_ws/install/realsense2_camera/lib/realsense2_camera/realsense2_camera_node
[223.619s] -- Set non-toolchain portion of runtime path of "/home/jimmy/ros2_ws/install/realsense2_camera/lib/realsense2_camera/realsense2_camera_node" to ""
[223.619s] -- Installing: /home/jimmy/ros2_ws/install/realsense2_camera/lib/realsense2_camera/realsense2_frame_latency_node
[223.620s] -- Set non-toolchain portion of runtime path of "/home/jimmy/ros2_ws/install/realsense2_camera/lib/realsense2_camera/realsense2_frame_latency_node" to ""
[223.621s] -- Installing: /home/jimmy/ros2_ws/install/realsense2_camera/lib/librealsense2_camera.so
[223.633s] -- Set non-toolchain portion of runtime path of "/home/jimmy/ros2_ws/install/realsense2_camera/lib/librealsense2_camera.so" to ""
[223.634s] -- Up-to-date: /home/jimmy/ros2_ws/install/realsense2_camera/include
[223.634s] -- Up-to-date: /home/jimmy/ros2_ws/install/realsense2_camera/include/align_depth_filter.h
[223.634s] -- Up-to-date: /home/jimmy/ros2_ws/install/realsense2_camera/include/ros_sensor.h
[223.634s] -- Up-to-date: /home/jimmy/ros2_ws/install/realsense2_camera/include/dynamic_params.h
[223.634s] -- Up-to-date: /home/jimmy/ros2_ws/install/realsense2_camera/include/profile_manager.h
[223.634s] -- Up-to-date: /home/jimmy/ros2_ws/install/realsense2_camera/include/base_realsense_node.h
[223.634s] -- Up-to-date: /home/jimmy/ros2_ws/install/realsense2_camera/include/image_publisher.h
[223.634s] -- Up-to-date: /home/jimmy/ros2_ws/install/realsense2_camera/include/ros_param_backend.h
[223.635s] -- Up-to-date: /home/jimmy/ros2_ws/install/realsense2_camera/include/ros_node_base.h
[223.635s] -- Up-to-date: /home/jimmy/ros2_ws/install/realsense2_camera/include/pointcloud_filter.h
[223.635s] -- Up-to-date: /home/jimmy/ros2_ws/install/realsense2_camera/include/sensor_params.h
[223.635s] -- Up-to-date: /home/jimmy/ros2_ws/install/realsense2_camera/include/ros_utils.h
[223.635s] -- Up-to-date: /home/jimmy/ros2_ws/install/realsense2_camera/include/named_filter.h
[223.635s] -- Up-to-date: /home/jimmy/ros2_ws/install/realsense2_camera/include/realsense_node_factory.h
[223.635s] -- Up-to-date: /home/jimmy/ros2_ws/install/realsense2_camera/include/gl_window.h
[223.635s] -- Up-to-date: /home/jimmy/ros2_ws/install/realsense2_camera/include/constants.h
[223.635s] -- Up-to-date: /home/jimmy/ros2_ws/install/realsense2_camera/share/realsense2_camera/launch
[223.636s] -- Up-to-date: /home/jimmy/ros2_ws/install/realsense2_camera/share/realsense2_camera/launch/rs_multi_camera_launch.py
[223.636s] -- Up-to-date: /home/jimmy/ros2_ws/install/realsense2_camera/share/realsense2_camera/launch/default.rviz
[223.636s] -- Up-to-date: /home/jimmy/ros2_ws/install/realsense2_camera/share/realsense2_camera/launch/rs_intra_process_demo_launch.py
[223.636s] -- Up-to-date: /home/jimmy/ros2_ws/install/realsense2_camera/share/realsense2_camera/launch/rs_multi_camera_launch_sync.py
[223.636s] -- Up-to-date: /home/jimmy/ros2_ws/install/realsense2_camera/share/realsense2_camera/launch/rs_launch.py
[223.636s] -- Up-to-date: /home/jimmy/ros2_ws/install/realsense2_camera/share/realsense2_camera/examples
[223.636s] -- Up-to-date: /home/jimmy/ros2_ws/install/realsense2_camera/share/realsense2_camera/examples/align_depth
[223.637s] -- Up-to-date: /home/jimmy/ros2_ws/install/realsense2_camera/share/realsense2_camera/examples/align_depth/README.md
[223.637s] -- Up-to-date: /home/jimmy/ros2_ws/install/realsense2_camera/share/realsense2_camera/examples/align_depth/rs_align_depth_launch.py
[223.638s] -- Up-to-date: /home/jimmy/ros2_ws/install/realsense2_camera/share/realsense2_camera/examples/pointcloud
[223.639s] -- Up-to-date: /home/jimmy/ros2_ws/install/realsense2_camera/share/realsense2_camera/examples/pointcloud/rviz
[223.639s] -- Up-to-date: /home/jimmy/ros2_ws/install/realsense2_camera/share/realsense2_camera/examples/pointcloud/rviz/pointcloud.rviz
[223.639s] -- Up-to-date: /home/jimmy/ros2_ws/install/realsense2_camera/share/realsense2_camera/examples/pointcloud/rviz/urdf_pointcloud.rviz
[223.639s] -- Up-to-date: /home/jimmy/ros2_ws/install/realsense2_camera/share/realsense2_camera/examples/pointcloud/README.md
[223.639s] -- Up-to-date: /home/jimmy/ros2_ws/install/realsense2_camera/share/realsense2_camera/examples/pointcloud/rs_pointcloud_launch.py
[223.640s] -- Up-to-date: /home/jimmy/ros2_ws/install/realsense2_camera/share/realsense2_camera/examples/pointcloud/rs_d405_pointcloud_launch.py
[223.640s] -- Up-to-date: /home/jimmy/ros2_ws/install/realsense2_camera/share/realsense2_camera/examples/pointcloud/rs_pointcloud_infra_launch.py
[223.640s] -- Up-to-date: /home/jimmy/ros2_ws/install/realsense2_camera/share/realsense2_camera/examples/pointcloud/rs_d455_pointcloud_launch.py
[223.640s] -- Up-to-date: /home/jimmy/ros2_ws/install/realsense2_camera/share/realsense2_camera/examples/d500_tables
[223.640s] -- Up-to-date: /home/jimmy/ros2_ws/install/realsense2_camera/share/realsense2_camera/examples/d500_tables/calib_config_example.json
[223.640s] -- Up-to-date: /home/jimmy/ros2_ws/install/realsense2_camera/share/realsense2_camera/examples/launch_params_from_file
[223.640s] -- Up-to-date: /home/jimmy/ros2_ws/install/realsense2_camera/share/realsense2_camera/examples/launch_params_from_file/README.md
[223.640s] -- Up-to-date: /home/jimmy/ros2_ws/install/realsense2_camera/share/realsense2_camera/examples/launch_params_from_file/config
[223.641s] -- Up-to-date: /home/jimmy/ros2_ws/install/realsense2_camera/share/realsense2_camera/examples/launch_params_from_file/config/config.yaml
[223.641s] -- Up-to-date: /home/jimmy/ros2_ws/install/realsense2_camera/share/realsense2_camera/examples/launch_params_from_file/rs_launch_get_params_from_yaml.py
[223.641s] -- Up-to-date: /home/jimmy/ros2_ws/install/realsense2_camera/share/realsense2_camera/examples/launch_from_rosbag
[223.641s] -- Up-to-date: /home/jimmy/ros2_ws/install/realsense2_camera/share/realsense2_camera/examples/launch_from_rosbag/rs_launch_from_rosbag.py
[223.641s] -- Up-to-date: /home/jimmy/ros2_ws/install/realsense2_camera/share/realsense2_camera/examples/launch_from_rosbag/README.md
[223.642s] -- Up-to-date: /home/jimmy/ros2_ws/install/realsense2_camera/share/realsense2_camera/examples/dual_camera
[223.642s] -- Up-to-date: /home/jimmy/ros2_ws/install/realsense2_camera/share/realsense2_camera/examples/dual_camera/rviz
[223.642s] -- Up-to-date: /home/jimmy/ros2_ws/install/realsense2_camera/share/realsense2_camera/examples/dual_camera/rviz/dual_camera_pointcloud.rviz
[223.642s] -- Up-to-date: /home/jimmy/ros2_ws/install/realsense2_camera/share/realsense2_camera/examples/dual_camera/README.md
[223.642s] -- Up-to-date: /home/jimmy/ros2_ws/install/realsense2_camera/share/realsense2_camera/examples/dual_camera/rs_dual_camera_launch.py
[223.643s] -- Up-to-date: /home/jimmy/ros2_ws/install/realsense2_camera/share/realsense2_camera/environment/library_path.sh
[223.643s] -- Up-to-date: /home/jimmy/ros2_ws/install/realsense2_camera/share/realsense2_camera/environment/library_path.dsv
[223.643s] -- Up-to-date: /home/jimmy/ros2_ws/install/realsense2_camera/share/ament_index/resource_index/package_run_dependencies/realsense2_camera
[223.643s] -- Installing: /home/jimmy/ros2_ws/install/realsense2_camera/share/ament_index/resource_index/parent_prefix_path/realsense2_camera
[223.643s] -- Up-to-date: /home/jimmy/ros2_ws/install/realsense2_camera/share/realsense2_camera/environment/ament_prefix_path.sh
[223.644s] -- Up-to-date: /home/jimmy/ros2_ws/install/realsense2_camera/share/realsense2_camera/environment/ament_prefix_path.dsv
[223.644s] -- Up-to-date: /home/jimmy/ros2_ws/install/realsense2_camera/share/realsense2_camera/environment/path.sh
[223.644s] -- Up-to-date: /home/jimmy/ros2_ws/install/realsense2_camera/share/realsense2_camera/environment/path.dsv
[223.644s] -- Up-to-date: /home/jimmy/ros2_ws/install/realsense2_camera/share/realsense2_camera/local_setup.bash
[223.644s] -- Up-to-date: /home/jimmy/ros2_ws/install/realsense2_camera/share/realsense2_camera/local_setup.sh
[223.644s] -- Up-to-date: /home/jimmy/ros2_ws/install/realsense2_camera/share/realsense2_camera/local_setup.zsh
[223.644s] -- Up-to-date: /home/jimmy/ros2_ws/install/realsense2_camera/share/realsense2_camera/local_setup.dsv
[223.644s] -- Installing: /home/jimmy/ros2_ws/install/realsense2_camera/share/realsense2_camera/package.dsv
[223.644s] -- Up-to-date: /home/jimmy/ros2_ws/install/realsense2_camera/share/ament_index/resource_index/packages/realsense2_camera
[223.645s] -- Installing: /home/jimmy/ros2_ws/install/realsense2_camera/share/ament_index/resource_index/rclcpp_components/realsense2_camera
[223.645s] -- Up-to-date: /home/jimmy/ros2_ws/install/realsense2_camera/share/realsense2_camera/cmake/ament_cmake_export_include_directories-extras.cmake
[223.645s] -- Up-to-date: /home/jimmy/ros2_ws/install/realsense2_camera/share/realsense2_camera/cmake/ament_cmake_export_libraries-extras.cmake
[223.646s] -- Up-to-date: /home/jimmy/ros2_ws/install/realsense2_camera/share/realsense2_camera/cmake/ament_cmake_export_dependencies-extras.cmake
[223.646s] -- Up-to-date: /home/jimmy/ros2_ws/install/realsense2_camera/share/realsense2_camera/cmake/realsense2_cameraConfig.cmake
[223.646s] -- Up-to-date: /home/jimmy/ros2_ws/install/realsense2_camera/share/realsense2_camera/cmake/realsense2_cameraConfig-version.cmake
[223.646s] -- Up-to-date: /home/jimmy/ros2_ws/install/realsense2_camera/share/realsense2_camera/package.xml
[223.652s] Invoked command in '/home/jimmy/ros2_ws/build/realsense2_camera' returned '0': CMAKE_PREFIX_PATH=/home/jimmy/ros2_ws/install/realsense2_camera_msgs:/home/jimmy/ros2_ws/install/servo:/home/jimmy/ros2_ws/install/realsense2_description:/home/jimmy/ros2_ws/install/realsense2_camera:/home/jimmy/ros2_ws/install/interfaces:/opt/ros/jazzy/opt/gz_math_vendor:/opt/ros/jazzy/opt/gz_utils_vendor:/opt/ros/jazzy/opt/gz_cmake_vendor:/opt/ros/jazzy CONDA_PROMPT_MODIFIER=(base) DEBUGINFOD_URLS=https://debuginfod.ubuntu.com LD_LIBRARY_PATH=/home/jimmy/ros2_ws/install/realsense2_camera_msgs/lib:/home/jimmy/ros2_ws/install/realsense2_camera/lib:/home/jimmy/ros2_ws/install/interfaces/lib:/opt/ros/jazzy/opt/rviz_ogre_vendor/lib:/opt/ros/jazzy/lib/aarch64-linux-gnu:/opt/ros/jazzy/opt/gz_math_vendor/lib:/opt/ros/jazzy/opt/gz_utils_vendor/lib:/opt/ros/jazzy/opt/gz_cmake_vendor/lib:/opt/ros/jazzy/lib /usr/bin/cmake --install /home/jimmy/ros2_ws/build/realsense2_camera
