[0.037s] Invoking command in '/home/jimmy/ros2_ws/build/realsense2_camera_msgs': CMAKE_PREFIX_PATH=${CMAKE_PREFIX_PATH}:/opt/ros/jazzy CONDA_PROMPT_MODIFIER=(base) DEBUGINFOD_URLS=https://debuginfod.ubuntu.com /usr/bin/cmake --build /home/jimmy/ros2_ws/build/realsense2_camera_msgs -- -j4 -l4
[0.166s] [  1%] Built target realsense2_camera_msgs__rosidl_generator_type_description
[0.178s] [  1%] Built target ament_cmake_python_symlink_realsense2_camera_msgs
[0.265s] [  1%] Built target realsense2_camera_msgs__cpp
[0.302s] [ 26%] Built target realsense2_camera_msgs__rosidl_generator_c
[0.452s] [ 36%] Built target realsense2_camera_msgs__rosidl_typesupport_fastrtps_c
[0.470s] [ 48%] Built target realsense2_camera_msgs__rosidl_typesupport_introspection_c
[0.476s] [ 55%] Built target realsense2_camera_msgs__rosidl_typesupport_c
[0.613s] [ 69%] Built target realsense2_camera_msgs__rosidl_typesupport_introspection_cpp
[0.619s] [ 79%] Built target realsense2_camera_msgs__rosidl_typesupport_cpp
[0.620s] [ 84%] Built target realsense2_camera_msgs__rosidl_typesupport_fastrtps_cpp
[0.779s] [ 84%] Built target realsense2_camera_msgs
[0.887s] [ 85%] Built target realsense2_camera_msgs__py
[1.019s] [ 94%] Built target realsense2_camera_msgs__rosidl_generator_py
[1.022s] running egg_info
[1.064s] writing realsense2_camera_msgs.egg-info/PKG-INFO
[1.066s] writing dependency_links to realsense2_camera_msgs.egg-info/dependency_links.txt
[1.068s] writing top-level names to realsense2_camera_msgs.egg-info/top_level.txt
[1.080s] [ 96%] Built target realsense2_camera_msgs_s__rosidl_typesupport_c
[1.089s] [ 98%] Built target realsense2_camera_msgs_s__rosidl_typesupport_fastrtps_c
[1.099s] [100%] Built target realsense2_camera_msgs_s__rosidl_typesupport_introspection_c
[1.141s] reading manifest file 'realsense2_camera_msgs.egg-info/SOURCES.txt'
[1.142s] writing manifest file 'realsense2_camera_msgs.egg-info/SOURCES.txt'
[1.233s] [100%] Built target ament_cmake_python_build_realsense2_camera_msgs_egg
[1.261s] Invoked command in '/home/jimmy/ros2_ws/build/realsense2_camera_msgs' returned '0': CMAKE_PREFIX_PATH=${CMAKE_PREFIX_PATH}:/opt/ros/jazzy CONDA_PROMPT_MODIFIER=(base) DEBUGINFOD_URLS=https://debuginfod.ubuntu.com /usr/bin/cmake --build /home/jimmy/ros2_ws/build/realsense2_camera_msgs -- -j4 -l4
[1.263s] Invoking command in '/home/jimmy/ros2_ws/build/realsense2_camera_msgs': CMAKE_PREFIX_PATH=${CMAKE_PREFIX_PATH}:/opt/ros/jazzy CONDA_PROMPT_MODIFIER=(base) DEBUGINFOD_URLS=https://debuginfod.ubuntu.com /usr/bin/cmake --install /home/jimmy/ros2_ws/build/realsense2_camera_msgs
[1.282s] -- Install configuration: ""
[1.283s] -- Execute custom install script
[1.283s] -- Up-to-date symlink: /home/jimmy/ros2_ws/install/realsense2_camera_msgs/share/ament_index/resource_index/rosidl_interfaces/realsense2_camera_msgs
[1.283s] -- Up-to-date symlink: /home/jimmy/ros2_ws/install/realsense2_camera_msgs/share/realsense2_camera_msgs/msg/IMUInfo.json
[1.284s] -- Up-to-date symlink: /home/jimmy/ros2_ws/install/realsense2_camera_msgs/share/realsense2_camera_msgs/msg/Extrinsics.json
[1.284s] -- Up-to-date symlink: /home/jimmy/ros2_ws/install/realsense2_camera_msgs/share/realsense2_camera_msgs/msg/Metadata.json
[1.284s] -- Up-to-date symlink: /home/jimmy/ros2_ws/install/realsense2_camera_msgs/share/realsense2_camera_msgs/msg/RGBD.json
[1.285s] -- Up-to-date symlink: /home/jimmy/ros2_ws/install/realsense2_camera_msgs/share/realsense2_camera_msgs/srv/DeviceInfo.json
[1.285s] -- Up-to-date symlink: /home/jimmy/ros2_ws/install/realsense2_camera_msgs/share/realsense2_camera_msgs/srv/CalibConfigRead.json
[1.285s] -- Up-to-date symlink: /home/jimmy/ros2_ws/install/realsense2_camera_msgs/share/realsense2_camera_msgs/srv/CalibConfigWrite.json
[1.285s] -- Up-to-date symlink: /home/jimmy/ros2_ws/install/realsense2_camera_msgs/share/realsense2_camera_msgs/action/TriggeredCalibration.json
[1.287s] -- Up-to-date symlink: /home/jimmy/ros2_ws/install/realsense2_camera_msgs/include/realsense2_camera_msgs/realsense2_camera_msgs/action/detail/triggered_calibration__functions.h
[1.287s] -- Up-to-date symlink: /home/jimmy/ros2_ws/install/realsense2_camera_msgs/include/realsense2_camera_msgs/realsense2_camera_msgs/action/detail/triggered_calibration__struct.h
[1.287s] -- Up-to-date symlink: /home/jimmy/ros2_ws/install/realsense2_camera_msgs/include/realsense2_camera_msgs/realsense2_camera_msgs/action/detail/triggered_calibration__type_support.h
[1.287s] -- Up-to-date symlink: /home/jimmy/ros2_ws/install/realsense2_camera_msgs/include/realsense2_camera_msgs/realsense2_camera_msgs/action/triggered_calibration.h
[1.287s] -- Up-to-date symlink: /home/jimmy/ros2_ws/install/realsense2_camera_msgs/include/realsense2_camera_msgs/realsense2_camera_msgs/msg/detail/extrinsics__functions.h
[1.287s] -- Up-to-date symlink: /home/jimmy/ros2_ws/install/realsense2_camera_msgs/include/realsense2_camera_msgs/realsense2_camera_msgs/msg/detail/extrinsics__struct.h
[1.288s] -- Up-to-date symlink: /home/jimmy/ros2_ws/install/realsense2_camera_msgs/include/realsense2_camera_msgs/realsense2_camera_msgs/msg/detail/extrinsics__type_support.h
[1.288s] -- Up-to-date symlink: /home/jimmy/ros2_ws/install/realsense2_camera_msgs/include/realsense2_camera_msgs/realsense2_camera_msgs/msg/detail/imu_info__functions.h
[1.288s] -- Up-to-date symlink: /home/jimmy/ros2_ws/install/realsense2_camera_msgs/include/realsense2_camera_msgs/realsense2_camera_msgs/msg/detail/imu_info__struct.h
[1.288s] -- Up-to-date symlink: /home/jimmy/ros2_ws/install/realsense2_camera_msgs/include/realsense2_camera_msgs/realsense2_camera_msgs/msg/detail/imu_info__type_support.h
[1.288s] -- Up-to-date symlink: /home/jimmy/ros2_ws/install/realsense2_camera_msgs/include/realsense2_camera_msgs/realsense2_camera_msgs/msg/detail/metadata__functions.h
[1.288s] -- Up-to-date symlink: /home/jimmy/ros2_ws/install/realsense2_camera_msgs/include/realsense2_camera_msgs/realsense2_camera_msgs/msg/detail/metadata__struct.h
[1.289s] -- Up-to-date symlink: /home/jimmy/ros2_ws/install/realsense2_camera_msgs/include/realsense2_camera_msgs/realsense2_camera_msgs/msg/detail/metadata__type_support.h
[1.289s] -- Up-to-date symlink: /home/jimmy/ros2_ws/install/realsense2_camera_msgs/include/realsense2_camera_msgs/realsense2_camera_msgs/msg/detail/rgbd__functions.h
[1.289s] -- Up-to-date symlink: /home/jimmy/ros2_ws/install/realsense2_camera_msgs/include/realsense2_camera_msgs/realsense2_camera_msgs/msg/detail/rgbd__struct.h
[1.289s] -- Up-to-date symlink: /home/jimmy/ros2_ws/install/realsense2_camera_msgs/include/realsense2_camera_msgs/realsense2_camera_msgs/msg/detail/rgbd__type_support.h
[1.289s] -- Up-to-date symlink: /home/jimmy/ros2_ws/install/realsense2_camera_msgs/include/realsense2_camera_msgs/realsense2_camera_msgs/msg/extrinsics.h
[1.289s] -- Up-to-date symlink: /home/jimmy/ros2_ws/install/realsense2_camera_msgs/include/realsense2_camera_msgs/realsense2_camera_msgs/msg/imu_info.h
[1.289s] -- Up-to-date symlink: /home/jimmy/ros2_ws/install/realsense2_camera_msgs/include/realsense2_camera_msgs/realsense2_camera_msgs/msg/metadata.h
[1.290s] -- Up-to-date symlink: /home/jimmy/ros2_ws/install/realsense2_camera_msgs/include/realsense2_camera_msgs/realsense2_camera_msgs/msg/rgbd.h
[1.290s] -- Up-to-date symlink: /home/jimmy/ros2_ws/install/realsense2_camera_msgs/include/realsense2_camera_msgs/realsense2_camera_msgs/msg/rosidl_generator_c__visibility_control.h
[1.290s] -- Up-to-date symlink: /home/jimmy/ros2_ws/install/realsense2_camera_msgs/include/realsense2_camera_msgs/realsense2_camera_msgs/srv/calib_config_read.h
[1.290s] -- Up-to-date symlink: /home/jimmy/ros2_ws/install/realsense2_camera_msgs/include/realsense2_camera_msgs/realsense2_camera_msgs/srv/calib_config_write.h
[1.290s] -- Up-to-date symlink: /home/jimmy/ros2_ws/install/realsense2_camera_msgs/include/realsense2_camera_msgs/realsense2_camera_msgs/srv/detail/calib_config_read__functions.h
[1.290s] -- Up-to-date symlink: /home/jimmy/ros2_ws/install/realsense2_camera_msgs/include/realsense2_camera_msgs/realsense2_camera_msgs/srv/detail/calib_config_read__struct.h
[1.290s] -- Up-to-date symlink: /home/jimmy/ros2_ws/install/realsense2_camera_msgs/include/realsense2_camera_msgs/realsense2_camera_msgs/srv/detail/calib_config_read__type_support.h
[1.291s] -- Up-to-date symlink: /home/jimmy/ros2_ws/install/realsense2_camera_msgs/include/realsense2_camera_msgs/realsense2_camera_msgs/srv/detail/calib_config_write__functions.h
[1.291s] -- Up-to-date symlink: /home/jimmy/ros2_ws/install/realsense2_camera_msgs/include/realsense2_camera_msgs/realsense2_camera_msgs/srv/detail/calib_config_write__struct.h
[1.291s] -- Up-to-date symlink: /home/jimmy/ros2_ws/install/realsense2_camera_msgs/include/realsense2_camera_msgs/realsense2_camera_msgs/srv/detail/calib_config_write__type_support.h
[1.291s] -- Up-to-date symlink: /home/jimmy/ros2_ws/install/realsense2_camera_msgs/include/realsense2_camera_msgs/realsense2_camera_msgs/srv/detail/device_info__functions.h
[1.291s] -- Up-to-date symlink: /home/jimmy/ros2_ws/install/realsense2_camera_msgs/include/realsense2_camera_msgs/realsense2_camera_msgs/srv/detail/device_info__struct.h
[1.291s] -- Up-to-date symlink: /home/jimmy/ros2_ws/install/realsense2_camera_msgs/include/realsense2_camera_msgs/realsense2_camera_msgs/srv/detail/device_info__type_support.h
[1.292s] -- Up-to-date symlink: /home/jimmy/ros2_ws/install/realsense2_camera_msgs/include/realsense2_camera_msgs/realsense2_camera_msgs/srv/device_info.h
[1.292s] -- Up-to-date symlink: /home/jimmy/ros2_ws/install/realsense2_camera_msgs/share/realsense2_camera_msgs/environment/library_path.sh
[1.292s] -- Up-to-date symlink: /home/jimmy/ros2_ws/install/realsense2_camera_msgs/share/realsense2_camera_msgs/environment/library_path.dsv
[1.293s] -- Up-to-date symlink: /home/jimmy/ros2_ws/install/realsense2_camera_msgs/include/realsense2_camera_msgs/realsense2_camera_msgs/action/detail/triggered_calibration__rosidl_typesupport_fastrtps_c.h
[1.294s] -- Up-to-date symlink: /home/jimmy/ros2_ws/install/realsense2_camera_msgs/include/realsense2_camera_msgs/realsense2_camera_msgs/msg/detail/extrinsics__rosidl_typesupport_fastrtps_c.h
[1.294s] -- Up-to-date symlink: /home/jimmy/ros2_ws/install/realsense2_camera_msgs/include/realsense2_camera_msgs/realsense2_camera_msgs/msg/detail/imu_info__rosidl_typesupport_fastrtps_c.h
[1.294s] -- Up-to-date symlink: /home/jimmy/ros2_ws/install/realsense2_camera_msgs/include/realsense2_camera_msgs/realsense2_camera_msgs/msg/detail/metadata__rosidl_typesupport_fastrtps_c.h
[1.294s] -- Up-to-date symlink: /home/jimmy/ros2_ws/install/realsense2_camera_msgs/include/realsense2_camera_msgs/realsense2_camera_msgs/msg/detail/rgbd__rosidl_typesupport_fastrtps_c.h
[1.294s] -- Up-to-date symlink: /home/jimmy/ros2_ws/install/realsense2_camera_msgs/include/realsense2_camera_msgs/realsense2_camera_msgs/msg/rosidl_typesupport_fastrtps_c__visibility_control.h
[1.295s] -- Up-to-date symlink: /home/jimmy/ros2_ws/install/realsense2_camera_msgs/include/realsense2_camera_msgs/realsense2_camera_msgs/srv/detail/calib_config_read__rosidl_typesupport_fastrtps_c.h
[1.295s] -- Up-to-date symlink: /home/jimmy/ros2_ws/install/realsense2_camera_msgs/include/realsense2_camera_msgs/realsense2_camera_msgs/srv/detail/calib_config_write__rosidl_typesupport_fastrtps_c.h
[1.295s] -- Up-to-date symlink: /home/jimmy/ros2_ws/install/realsense2_camera_msgs/include/realsense2_camera_msgs/realsense2_camera_msgs/srv/detail/device_info__rosidl_typesupport_fastrtps_c.h
[1.296s] -- Up-to-date symlink: /home/jimmy/ros2_ws/install/realsense2_camera_msgs/include/realsense2_camera_msgs/realsense2_camera_msgs/action/detail/triggered_calibration__rosidl_typesupport_introspection_c.h
[1.296s] -- Up-to-date symlink: /home/jimmy/ros2_ws/install/realsense2_camera_msgs/include/realsense2_camera_msgs/realsense2_camera_msgs/msg/detail/extrinsics__rosidl_typesupport_introspection_c.h
[1.296s] -- Up-to-date symlink: /home/jimmy/ros2_ws/install/realsense2_camera_msgs/include/realsense2_camera_msgs/realsense2_camera_msgs/msg/detail/imu_info__rosidl_typesupport_introspection_c.h
[1.296s] -- Up-to-date symlink: /home/jimmy/ros2_ws/install/realsense2_camera_msgs/include/realsense2_camera_msgs/realsense2_camera_msgs/msg/detail/metadata__rosidl_typesupport_introspection_c.h
[1.296s] -- Up-to-date symlink: /home/jimmy/ros2_ws/install/realsense2_camera_msgs/include/realsense2_camera_msgs/realsense2_camera_msgs/msg/detail/rgbd__rosidl_typesupport_introspection_c.h
[1.297s] -- Up-to-date symlink: /home/jimmy/ros2_ws/install/realsense2_camera_msgs/include/realsense2_camera_msgs/realsense2_camera_msgs/msg/rosidl_typesupport_introspection_c__visibility_control.h
[1.297s] -- Up-to-date symlink: /home/jimmy/ros2_ws/install/realsense2_camera_msgs/include/realsense2_camera_msgs/realsense2_camera_msgs/srv/detail/calib_config_read__rosidl_typesupport_introspection_c.h
[1.297s] -- Up-to-date symlink: /home/jimmy/ros2_ws/install/realsense2_camera_msgs/include/realsense2_camera_msgs/realsense2_camera_msgs/srv/detail/calib_config_write__rosidl_typesupport_introspection_c.h
[1.297s] -- Up-to-date symlink: /home/jimmy/ros2_ws/install/realsense2_camera_msgs/include/realsense2_camera_msgs/realsense2_camera_msgs/srv/detail/device_info__rosidl_typesupport_introspection_c.h
[1.298s] -- Up-to-date symlink: /home/jimmy/ros2_ws/install/realsense2_camera_msgs/include/realsense2_camera_msgs/realsense2_camera_msgs/action/detail/triggered_calibration__builder.hpp
[1.298s] -- Up-to-date symlink: /home/jimmy/ros2_ws/install/realsense2_camera_msgs/include/realsense2_camera_msgs/realsense2_camera_msgs/action/detail/triggered_calibration__struct.hpp
[1.298s] -- Up-to-date symlink: /home/jimmy/ros2_ws/install/realsense2_camera_msgs/include/realsense2_camera_msgs/realsense2_camera_msgs/action/detail/triggered_calibration__traits.hpp
[1.299s] -- Up-to-date symlink: /home/jimmy/ros2_ws/install/realsense2_camera_msgs/include/realsense2_camera_msgs/realsense2_camera_msgs/action/detail/triggered_calibration__type_support.hpp
[1.299s] -- Up-to-date symlink: /home/jimmy/ros2_ws/install/realsense2_camera_msgs/include/realsense2_camera_msgs/realsense2_camera_msgs/action/triggered_calibration.hpp
[1.299s] -- Up-to-date symlink: /home/jimmy/ros2_ws/install/realsense2_camera_msgs/include/realsense2_camera_msgs/realsense2_camera_msgs/msg/detail/extrinsics__builder.hpp
[1.299s] -- Up-to-date symlink: /home/jimmy/ros2_ws/install/realsense2_camera_msgs/include/realsense2_camera_msgs/realsense2_camera_msgs/msg/detail/extrinsics__struct.hpp
[1.299s] -- Up-to-date symlink: /home/jimmy/ros2_ws/install/realsense2_camera_msgs/include/realsense2_camera_msgs/realsense2_camera_msgs/msg/detail/extrinsics__traits.hpp
[1.299s] -- Up-to-date symlink: /home/jimmy/ros2_ws/install/realsense2_camera_msgs/include/realsense2_camera_msgs/realsense2_camera_msgs/msg/detail/extrinsics__type_support.hpp
[1.300s] -- Up-to-date symlink: /home/jimmy/ros2_ws/install/realsense2_camera_msgs/include/realsense2_camera_msgs/realsense2_camera_msgs/msg/detail/imu_info__builder.hpp
[1.300s] -- Up-to-date symlink: /home/jimmy/ros2_ws/install/realsense2_camera_msgs/include/realsense2_camera_msgs/realsense2_camera_msgs/msg/detail/imu_info__struct.hpp
[1.300s] -- Up-to-date symlink: /home/jimmy/ros2_ws/install/realsense2_camera_msgs/include/realsense2_camera_msgs/realsense2_camera_msgs/msg/detail/imu_info__traits.hpp
[1.300s] -- Up-to-date symlink: /home/jimmy/ros2_ws/install/realsense2_camera_msgs/include/realsense2_camera_msgs/realsense2_camera_msgs/msg/detail/imu_info__type_support.hpp
[1.300s] -- Up-to-date symlink: /home/jimmy/ros2_ws/install/realsense2_camera_msgs/include/realsense2_camera_msgs/realsense2_camera_msgs/msg/detail/metadata__builder.hpp
[1.301s] -- Up-to-date symlink: /home/jimmy/ros2_ws/install/realsense2_camera_msgs/include/realsense2_camera_msgs/realsense2_camera_msgs/msg/detail/metadata__struct.hpp
[1.301s] -- Up-to-date symlink: /home/jimmy/ros2_ws/install/realsense2_camera_msgs/include/realsense2_camera_msgs/realsense2_camera_msgs/msg/detail/metadata__traits.hpp
[1.301s] -- Up-to-date symlink: /home/jimmy/ros2_ws/install/realsense2_camera_msgs/include/realsense2_camera_msgs/realsense2_camera_msgs/msg/detail/metadata__type_support.hpp
[1.301s] -- Up-to-date symlink: /home/jimmy/ros2_ws/install/realsense2_camera_msgs/include/realsense2_camera_msgs/realsense2_camera_msgs/msg/detail/rgbd__builder.hpp
[1.301s] -- Up-to-date symlink: /home/jimmy/ros2_ws/install/realsense2_camera_msgs/include/realsense2_camera_msgs/realsense2_camera_msgs/msg/detail/rgbd__struct.hpp
[1.301s] -- Up-to-date symlink: /home/jimmy/ros2_ws/install/realsense2_camera_msgs/include/realsense2_camera_msgs/realsense2_camera_msgs/msg/detail/rgbd__traits.hpp
[1.302s] -- Up-to-date symlink: /home/jimmy/ros2_ws/install/realsense2_camera_msgs/include/realsense2_camera_msgs/realsense2_camera_msgs/msg/detail/rgbd__type_support.hpp
[1.302s] -- Up-to-date symlink: /home/jimmy/ros2_ws/install/realsense2_camera_msgs/include/realsense2_camera_msgs/realsense2_camera_msgs/msg/extrinsics.hpp
[1.302s] -- Up-to-date symlink: /home/jimmy/ros2_ws/install/realsense2_camera_msgs/include/realsense2_camera_msgs/realsense2_camera_msgs/msg/imu_info.hpp
[1.302s] -- Up-to-date symlink: /home/jimmy/ros2_ws/install/realsense2_camera_msgs/include/realsense2_camera_msgs/realsense2_camera_msgs/msg/metadata.hpp
[1.302s] -- Up-to-date symlink: /home/jimmy/ros2_ws/install/realsense2_camera_msgs/include/realsense2_camera_msgs/realsense2_camera_msgs/msg/rgbd.hpp
[1.303s] -- Up-to-date symlink: /home/jimmy/ros2_ws/install/realsense2_camera_msgs/include/realsense2_camera_msgs/realsense2_camera_msgs/msg/rosidl_generator_cpp__visibility_control.hpp
[1.303s] -- Up-to-date symlink: /home/jimmy/ros2_ws/install/realsense2_camera_msgs/include/realsense2_camera_msgs/realsense2_camera_msgs/srv/calib_config_read.hpp
[1.303s] -- Up-to-date symlink: /home/jimmy/ros2_ws/install/realsense2_camera_msgs/include/realsense2_camera_msgs/realsense2_camera_msgs/srv/calib_config_write.hpp
[1.303s] -- Up-to-date symlink: /home/jimmy/ros2_ws/install/realsense2_camera_msgs/include/realsense2_camera_msgs/realsense2_camera_msgs/srv/detail/calib_config_read__builder.hpp
[1.303s] -- Up-to-date symlink: /home/jimmy/ros2_ws/install/realsense2_camera_msgs/include/realsense2_camera_msgs/realsense2_camera_msgs/srv/detail/calib_config_read__struct.hpp
[1.303s] -- Up-to-date symlink: /home/jimmy/ros2_ws/install/realsense2_camera_msgs/include/realsense2_camera_msgs/realsense2_camera_msgs/srv/detail/calib_config_read__traits.hpp
[1.303s] -- Up-to-date symlink: /home/jimmy/ros2_ws/install/realsense2_camera_msgs/include/realsense2_camera_msgs/realsense2_camera_msgs/srv/detail/calib_config_read__type_support.hpp
[1.304s] -- Up-to-date symlink: /home/jimmy/ros2_ws/install/realsense2_camera_msgs/include/realsense2_camera_msgs/realsense2_camera_msgs/srv/detail/calib_config_write__builder.hpp
[1.304s] -- Up-to-date symlink: /home/jimmy/ros2_ws/install/realsense2_camera_msgs/include/realsense2_camera_msgs/realsense2_camera_msgs/srv/detail/calib_config_write__struct.hpp
[1.304s] -- Up-to-date symlink: /home/jimmy/ros2_ws/install/realsense2_camera_msgs/include/realsense2_camera_msgs/realsense2_camera_msgs/srv/detail/calib_config_write__traits.hpp
[1.304s] -- Up-to-date symlink: /home/jimmy/ros2_ws/install/realsense2_camera_msgs/include/realsense2_camera_msgs/realsense2_camera_msgs/srv/detail/calib_config_write__type_support.hpp
[1.304s] -- Up-to-date symlink: /home/jimmy/ros2_ws/install/realsense2_camera_msgs/include/realsense2_camera_msgs/realsense2_camera_msgs/srv/detail/device_info__builder.hpp
[1.304s] -- Up-to-date symlink: /home/jimmy/ros2_ws/install/realsense2_camera_msgs/include/realsense2_camera_msgs/realsense2_camera_msgs/srv/detail/device_info__struct.hpp
[1.304s] -- Up-to-date symlink: /home/jimmy/ros2_ws/install/realsense2_camera_msgs/include/realsense2_camera_msgs/realsense2_camera_msgs/srv/detail/device_info__traits.hpp
[1.305s] -- Up-to-date symlink: /home/jimmy/ros2_ws/install/realsense2_camera_msgs/include/realsense2_camera_msgs/realsense2_camera_msgs/srv/detail/device_info__type_support.hpp
[1.305s] -- Up-to-date symlink: /home/jimmy/ros2_ws/install/realsense2_camera_msgs/include/realsense2_camera_msgs/realsense2_camera_msgs/srv/device_info.hpp
[1.306s] -- Up-to-date symlink: /home/jimmy/ros2_ws/install/realsense2_camera_msgs/include/realsense2_camera_msgs/realsense2_camera_msgs/action/detail/triggered_calibration__rosidl_typesupport_fastrtps_cpp.hpp
[1.306s] -- Up-to-date symlink: /home/jimmy/ros2_ws/install/realsense2_camera_msgs/include/realsense2_camera_msgs/realsense2_camera_msgs/msg/detail/extrinsics__rosidl_typesupport_fastrtps_cpp.hpp
[1.306s] -- Up-to-date symlink: /home/jimmy/ros2_ws/install/realsense2_camera_msgs/include/realsense2_camera_msgs/realsense2_camera_msgs/msg/detail/imu_info__rosidl_typesupport_fastrtps_cpp.hpp
[1.306s] -- Up-to-date symlink: /home/jimmy/ros2_ws/install/realsense2_camera_msgs/include/realsense2_camera_msgs/realsense2_camera_msgs/msg/detail/metadata__rosidl_typesupport_fastrtps_cpp.hpp
[1.307s] -- Up-to-date symlink: /home/jimmy/ros2_ws/install/realsense2_camera_msgs/include/realsense2_camera_msgs/realsense2_camera_msgs/msg/detail/rgbd__rosidl_typesupport_fastrtps_cpp.hpp
[1.307s] -- Up-to-date symlink: /home/jimmy/ros2_ws/install/realsense2_camera_msgs/include/realsense2_camera_msgs/realsense2_camera_msgs/msg/rosidl_typesupport_fastrtps_cpp__visibility_control.h
[1.307s] -- Up-to-date symlink: /home/jimmy/ros2_ws/install/realsense2_camera_msgs/include/realsense2_camera_msgs/realsense2_camera_msgs/srv/detail/calib_config_read__rosidl_typesupport_fastrtps_cpp.hpp
[1.307s] -- Up-to-date symlink: /home/jimmy/ros2_ws/install/realsense2_camera_msgs/include/realsense2_camera_msgs/realsense2_camera_msgs/srv/detail/calib_config_write__rosidl_typesupport_fastrtps_cpp.hpp
[1.307s] -- Up-to-date symlink: /home/jimmy/ros2_ws/install/realsense2_camera_msgs/include/realsense2_camera_msgs/realsense2_camera_msgs/srv/detail/device_info__rosidl_typesupport_fastrtps_cpp.hpp
[1.308s] -- Up-to-date symlink: /home/jimmy/ros2_ws/install/realsense2_camera_msgs/include/realsense2_camera_msgs/realsense2_camera_msgs/action/detail/triggered_calibration__rosidl_typesupport_introspection_cpp.hpp
[1.308s] -- Up-to-date symlink: /home/jimmy/ros2_ws/install/realsense2_camera_msgs/include/realsense2_camera_msgs/realsense2_camera_msgs/msg/detail/extrinsics__rosidl_typesupport_introspection_cpp.hpp
[1.309s] -- Up-to-date symlink: /home/jimmy/ros2_ws/install/realsense2_camera_msgs/include/realsense2_camera_msgs/realsense2_camera_msgs/msg/detail/imu_info__rosidl_typesupport_introspection_cpp.hpp
[1.310s] -- Up-to-date symlink: /home/jimmy/ros2_ws/install/realsense2_camera_msgs/include/realsense2_camera_msgs/realsense2_camera_msgs/msg/detail/metadata__rosidl_typesupport_introspection_cpp.hpp
[1.310s] -- Up-to-date symlink: /home/jimmy/ros2_ws/install/realsense2_camera_msgs/include/realsense2_camera_msgs/realsense2_camera_msgs/msg/detail/rgbd__rosidl_typesupport_introspection_cpp.hpp
[1.310s] -- Up-to-date symlink: /home/jimmy/ros2_ws/install/realsense2_camera_msgs/include/realsense2_camera_msgs/realsense2_camera_msgs/srv/detail/calib_config_read__rosidl_typesupport_introspection_cpp.hpp
[1.311s] -- Up-to-date symlink: /home/jimmy/ros2_ws/install/realsense2_camera_msgs/include/realsense2_camera_msgs/realsense2_camera_msgs/srv/detail/calib_config_write__rosidl_typesupport_introspection_cpp.hpp
[1.312s] -- Up-to-date symlink: /home/jimmy/ros2_ws/install/realsense2_camera_msgs/include/realsense2_camera_msgs/realsense2_camera_msgs/srv/detail/device_info__rosidl_typesupport_introspection_cpp.hpp
[1.312s] -- Up-to-date symlink: /home/jimmy/ros2_ws/install/realsense2_camera_msgs/share/realsense2_camera_msgs/environment/pythonpath.sh
[1.312s] -- Up-to-date symlink: /home/jimmy/ros2_ws/install/realsense2_camera_msgs/share/realsense2_camera_msgs/environment/pythonpath.dsv
[1.312s] -- Up-to-date symlink: /home/jimmy/ros2_ws/install/realsense2_camera_msgs/lib/python3.13/site-packages/realsense2_camera_msgs-4.56.4-py3.13.egg-info/PKG-INFO
[1.312s] -- Up-to-date symlink: /home/jimmy/ros2_ws/install/realsense2_camera_msgs/lib/python3.13/site-packages/realsense2_camera_msgs-4.56.4-py3.13.egg-info/SOURCES.txt
[1.312s] -- Up-to-date symlink: /home/jimmy/ros2_ws/install/realsense2_camera_msgs/lib/python3.13/site-packages/realsense2_camera_msgs-4.56.4-py3.13.egg-info/dependency_links.txt
[1.312s] -- Up-to-date symlink: /home/jimmy/ros2_ws/install/realsense2_camera_msgs/lib/python3.13/site-packages/realsense2_camera_msgs-4.56.4-py3.13.egg-info/top_level.txt
[1.314s] -- Up-to-date symlink: /home/jimmy/ros2_ws/install/realsense2_camera_msgs/lib/python3.13/site-packages/realsense2_camera_msgs/__init__.py
[1.314s] -- Up-to-date symlink: /home/jimmy/ros2_ws/install/realsense2_camera_msgs/lib/python3.13/site-packages/realsense2_camera_msgs/_realsense2_camera_msgs_s.ep.rosidl_typesupport_c.c
[1.315s] -- Up-to-date symlink: /home/jimmy/ros2_ws/install/realsense2_camera_msgs/lib/python3.13/site-packages/realsense2_camera_msgs/_realsense2_camera_msgs_s.ep.rosidl_typesupport_fastrtps_c.c
[1.316s] -- Up-to-date symlink: /home/jimmy/ros2_ws/install/realsense2_camera_msgs/lib/python3.13/site-packages/realsense2_camera_msgs/_realsense2_camera_msgs_s.ep.rosidl_typesupport_introspection_c.c
[1.316s] -- Up-to-date symlink: /home/jimmy/ros2_ws/install/realsense2_camera_msgs/lib/python3.13/site-packages/realsense2_camera_msgs/action/__init__.py
[1.317s] -- Up-to-date symlink: /home/jimmy/ros2_ws/install/realsense2_camera_msgs/lib/python3.13/site-packages/realsense2_camera_msgs/action/_triggered_calibration.py
[1.317s] -- Up-to-date symlink: /home/jimmy/ros2_ws/install/realsense2_camera_msgs/lib/python3.13/site-packages/realsense2_camera_msgs/action/_triggered_calibration_s.c
[1.317s] -- Up-to-date symlink: /home/jimmy/ros2_ws/install/realsense2_camera_msgs/lib/python3.13/site-packages/realsense2_camera_msgs/msg/__init__.py
[1.318s] -- Up-to-date symlink: /home/jimmy/ros2_ws/install/realsense2_camera_msgs/lib/python3.13/site-packages/realsense2_camera_msgs/msg/_extrinsics.py
[1.318s] -- Up-to-date symlink: /home/jimmy/ros2_ws/install/realsense2_camera_msgs/lib/python3.13/site-packages/realsense2_camera_msgs/msg/_extrinsics_s.c
[1.319s] -- Up-to-date symlink: /home/jimmy/ros2_ws/install/realsense2_camera_msgs/lib/python3.13/site-packages/realsense2_camera_msgs/msg/_imu_info.py
[1.319s] -- Up-to-date symlink: /home/jimmy/ros2_ws/install/realsense2_camera_msgs/lib/python3.13/site-packages/realsense2_camera_msgs/msg/_imu_info_s.c
[1.319s] -- Up-to-date symlink: /home/jimmy/ros2_ws/install/realsense2_camera_msgs/lib/python3.13/site-packages/realsense2_camera_msgs/msg/_metadata.py
[1.319s] -- Up-to-date symlink: /home/jimmy/ros2_ws/install/realsense2_camera_msgs/lib/python3.13/site-packages/realsense2_camera_msgs/msg/_metadata_s.c
[1.319s] -- Up-to-date symlink: /home/jimmy/ros2_ws/install/realsense2_camera_msgs/lib/python3.13/site-packages/realsense2_camera_msgs/msg/_rgbd.py
[1.319s] -- Up-to-date symlink: /home/jimmy/ros2_ws/install/realsense2_camera_msgs/lib/python3.13/site-packages/realsense2_camera_msgs/msg/_rgbd_s.c
[1.320s] -- Up-to-date symlink: /home/jimmy/ros2_ws/install/realsense2_camera_msgs/lib/python3.13/site-packages/realsense2_camera_msgs/realsense2_camera_msgs_s__rosidl_typesupport_c.so
[1.320s] -- Up-to-date symlink: /home/jimmy/ros2_ws/install/realsense2_camera_msgs/lib/python3.13/site-packages/realsense2_camera_msgs/realsense2_camera_msgs_s__rosidl_typesupport_fastrtps_c.so
[1.322s] -- Up-to-date symlink: /home/jimmy/ros2_ws/install/realsense2_camera_msgs/lib/python3.13/site-packages/realsense2_camera_msgs/realsense2_camera_msgs_s__rosidl_typesupport_introspection_c.so
[1.322s] -- Up-to-date symlink: /home/jimmy/ros2_ws/install/realsense2_camera_msgs/lib/python3.13/site-packages/realsense2_camera_msgs/srv/__init__.py
[1.322s] -- Up-to-date symlink: /home/jimmy/ros2_ws/install/realsense2_camera_msgs/lib/python3.13/site-packages/realsense2_camera_msgs/srv/_calib_config_read.py
[1.322s] -- Up-to-date symlink: /home/jimmy/ros2_ws/install/realsense2_camera_msgs/lib/python3.13/site-packages/realsense2_camera_msgs/srv/_calib_config_read_s.c
[1.323s] -- Up-to-date symlink: /home/jimmy/ros2_ws/install/realsense2_camera_msgs/lib/python3.13/site-packages/realsense2_camera_msgs/srv/_calib_config_write.py
[1.323s] -- Up-to-date symlink: /home/jimmy/ros2_ws/install/realsense2_camera_msgs/lib/python3.13/site-packages/realsense2_camera_msgs/srv/_calib_config_write_s.c
[1.323s] -- Up-to-date symlink: /home/jimmy/ros2_ws/install/realsense2_camera_msgs/lib/python3.13/site-packages/realsense2_camera_msgs/srv/_device_info.py
[1.323s] -- Up-to-date symlink: /home/jimmy/ros2_ws/install/realsense2_camera_msgs/lib/python3.13/site-packages/realsense2_camera_msgs/srv/_device_info_s.c
[1.324s] -- Up-to-date symlink: /home/jimmy/ros2_ws/install/realsense2_camera_msgs/lib/python3.13/site-packages/realsense2_camera_msgs/realsense2_camera_msgs_s__rosidl_typesupport_fastrtps_c.so
[1.324s] -- Up-to-date symlink: /home/jimmy/ros2_ws/install/realsense2_camera_msgs/lib/python3.13/site-packages/realsense2_camera_msgs/realsense2_camera_msgs_s__rosidl_typesupport_introspection_c.so
[1.324s] -- Up-to-date symlink: /home/jimmy/ros2_ws/install/realsense2_camera_msgs/lib/python3.13/site-packages/realsense2_camera_msgs/realsense2_camera_msgs_s__rosidl_typesupport_c.so
[1.324s] -- Up-to-date symlink: /home/jimmy/ros2_ws/install/realsense2_camera_msgs/share/realsense2_camera_msgs/msg/IMUInfo.idl
[1.324s] -- Up-to-date symlink: /home/jimmy/ros2_ws/install/realsense2_camera_msgs/share/realsense2_camera_msgs/msg/Extrinsics.idl
[1.324s] -- Up-to-date symlink: /home/jimmy/ros2_ws/install/realsense2_camera_msgs/share/realsense2_camera_msgs/msg/Metadata.idl
[1.324s] -- Up-to-date symlink: /home/jimmy/ros2_ws/install/realsense2_camera_msgs/share/realsense2_camera_msgs/msg/RGBD.idl
[1.325s] -- Up-to-date symlink: /home/jimmy/ros2_ws/install/realsense2_camera_msgs/share/realsense2_camera_msgs/srv/DeviceInfo.idl
[1.325s] -- Up-to-date symlink: /home/jimmy/ros2_ws/install/realsense2_camera_msgs/share/realsense2_camera_msgs/srv/CalibConfigRead.idl
[1.325s] -- Up-to-date symlink: /home/jimmy/ros2_ws/install/realsense2_camera_msgs/share/realsense2_camera_msgs/srv/CalibConfigWrite.idl
[1.325s] -- Up-to-date symlink: /home/jimmy/ros2_ws/install/realsense2_camera_msgs/share/realsense2_camera_msgs/action/TriggeredCalibration.idl
[1.325s] -- Up-to-date symlink: /home/jimmy/ros2_ws/install/realsense2_camera_msgs/share/realsense2_camera_msgs/msg/IMUInfo.msg
[1.325s] -- Up-to-date symlink: /home/jimmy/ros2_ws/install/realsense2_camera_msgs/share/realsense2_camera_msgs/msg/Extrinsics.msg
[1.325s] -- Up-to-date symlink: /home/jimmy/ros2_ws/install/realsense2_camera_msgs/share/realsense2_camera_msgs/msg/Metadata.msg
[1.326s] -- Up-to-date symlink: /home/jimmy/ros2_ws/install/realsense2_camera_msgs/share/realsense2_camera_msgs/msg/RGBD.msg
[1.326s] -- Up-to-date symlink: /home/jimmy/ros2_ws/install/realsense2_camera_msgs/share/realsense2_camera_msgs/srv/DeviceInfo.srv
[1.326s] -- Up-to-date symlink: /home/jimmy/ros2_ws/install/realsense2_camera_msgs/share/realsense2_camera_msgs/srv/CalibConfigRead.srv
[1.326s] -- Up-to-date symlink: /home/jimmy/ros2_ws/install/realsense2_camera_msgs/share/realsense2_camera_msgs/srv/CalibConfigWrite.srv
[1.327s] -- Up-to-date symlink: /home/jimmy/ros2_ws/install/realsense2_camera_msgs/share/realsense2_camera_msgs/action/TriggeredCalibration.action
[1.327s] -- Up-to-date symlink: /home/jimmy/ros2_ws/install/realsense2_camera_msgs/share/ament_index/resource_index/package_run_dependencies/realsense2_camera_msgs
[1.327s] -- Up-to-date symlink: /home/jimmy/ros2_ws/install/realsense2_camera_msgs/share/ament_index/resource_index/parent_prefix_path/realsense2_camera_msgs
[1.328s] -- Up-to-date symlink: /home/jimmy/ros2_ws/install/realsense2_camera_msgs/share/realsense2_camera_msgs/environment/ament_prefix_path.sh
[1.328s] -- Up-to-date symlink: /home/jimmy/ros2_ws/install/realsense2_camera_msgs/share/realsense2_camera_msgs/environment/ament_prefix_path.dsv
[1.330s] -- Up-to-date symlink: /home/jimmy/ros2_ws/install/realsense2_camera_msgs/share/realsense2_camera_msgs/environment/path.sh
[1.330s] -- Up-to-date symlink: /home/jimmy/ros2_ws/install/realsense2_camera_msgs/share/realsense2_camera_msgs/environment/path.dsv
[1.331s] -- Up-to-date symlink: /home/jimmy/ros2_ws/install/realsense2_camera_msgs/share/realsense2_camera_msgs/local_setup.bash
[1.331s] -- Up-to-date symlink: /home/jimmy/ros2_ws/install/realsense2_camera_msgs/share/realsense2_camera_msgs/local_setup.sh
[1.331s] -- Up-to-date symlink: /home/jimmy/ros2_ws/install/realsense2_camera_msgs/share/realsense2_camera_msgs/local_setup.zsh
[1.331s] -- Up-to-date symlink: /home/jimmy/ros2_ws/install/realsense2_camera_msgs/share/realsense2_camera_msgs/local_setup.dsv
[1.332s] -- Symlinking: /home/jimmy/ros2_ws/install/realsense2_camera_msgs/share/realsense2_camera_msgs/package.dsv
[1.353s] -- Up-to-date symlink: /home/jimmy/ros2_ws/install/realsense2_camera_msgs/share/ament_index/resource_index/packages/realsense2_camera_msgs
[1.353s] -- Up-to-date symlink: /home/jimmy/ros2_ws/install/realsense2_camera_msgs/share/realsense2_camera_msgs/cmake/rosidl_cmake-extras.cmake
[1.353s] -- Up-to-date symlink: /home/jimmy/ros2_ws/install/realsense2_camera_msgs/share/realsense2_camera_msgs/cmake/ament_cmake_export_dependencies-extras.cmake
[1.353s] -- Up-to-date symlink: /home/jimmy/ros2_ws/install/realsense2_camera_msgs/share/realsense2_camera_msgs/cmake/ament_cmake_export_include_directories-extras.cmake
[1.353s] -- Up-to-date symlink: /home/jimmy/ros2_ws/install/realsense2_camera_msgs/share/realsense2_camera_msgs/cmake/ament_cmake_export_libraries-extras.cmake
[1.353s] -- Up-to-date symlink: /home/jimmy/ros2_ws/install/realsense2_camera_msgs/share/realsense2_camera_msgs/cmake/ament_cmake_export_targets-extras.cmake
[1.354s] -- Up-to-date symlink: /home/jimmy/ros2_ws/install/realsense2_camera_msgs/share/realsense2_camera_msgs/cmake/rosidl_cmake_export_typesupport_targets-extras.cmake
[1.354s] -- Up-to-date symlink: /home/jimmy/ros2_ws/install/realsense2_camera_msgs/share/realsense2_camera_msgs/cmake/rosidl_cmake_export_typesupport_libraries-extras.cmake
[1.354s] -- Up-to-date symlink: /home/jimmy/ros2_ws/install/realsense2_camera_msgs/share/realsense2_camera_msgs/cmake/realsense2_camera_msgsConfig.cmake
[1.354s] -- Up-to-date symlink: /home/jimmy/ros2_ws/install/realsense2_camera_msgs/share/realsense2_camera_msgs/cmake/realsense2_camera_msgsConfig-version.cmake
[1.354s] -- Up-to-date symlink: /home/jimmy/ros2_ws/install/realsense2_camera_msgs/share/realsense2_camera_msgs/package.xml
[1.354s] -- Up-to-date: /home/jimmy/ros2_ws/install/realsense2_camera_msgs/lib/librealsense2_camera_msgs__rosidl_generator_c.so
[1.354s] -- Up-to-date: /home/jimmy/ros2_ws/install/realsense2_camera_msgs/lib/librealsense2_camera_msgs__rosidl_typesupport_fastrtps_c.so
[1.354s] -- Up-to-date: /home/jimmy/ros2_ws/install/realsense2_camera_msgs/lib/librealsense2_camera_msgs__rosidl_typesupport_introspection_c.so
[1.355s] -- Up-to-date: /home/jimmy/ros2_ws/install/realsense2_camera_msgs/lib/librealsense2_camera_msgs__rosidl_typesupport_c.so
[1.355s] -- Up-to-date: /home/jimmy/ros2_ws/install/realsense2_camera_msgs/lib/librealsense2_camera_msgs__rosidl_typesupport_fastrtps_cpp.so
[1.356s] -- Up-to-date: /home/jimmy/ros2_ws/install/realsense2_camera_msgs/lib/librealsense2_camera_msgs__rosidl_typesupport_introspection_cpp.so
[1.356s] -- Up-to-date: /home/jimmy/ros2_ws/install/realsense2_camera_msgs/lib/librealsense2_camera_msgs__rosidl_typesupport_cpp.so
[1.408s] Listing '/home/jimmy/ros2_ws/install/realsense2_camera_msgs/lib/python3.13/site-packages/realsense2_camera_msgs'...
[1.412s] Listing '/home/jimmy/ros2_ws/install/realsense2_camera_msgs/lib/python3.13/site-packages/realsense2_camera_msgs/action'...
[1.413s] Listing '/home/jimmy/ros2_ws/install/realsense2_camera_msgs/lib/python3.13/site-packages/realsense2_camera_msgs/msg'...
[1.416s] Listing '/home/jimmy/ros2_ws/install/realsense2_camera_msgs/lib/python3.13/site-packages/realsense2_camera_msgs/srv'...
[1.432s] -- Up-to-date: /home/jimmy/ros2_ws/install/realsense2_camera_msgs/lib/librealsense2_camera_msgs__rosidl_generator_py.so
[1.432s] -- Up-to-date: /home/jimmy/ros2_ws/install/realsense2_camera_msgs/share/realsense2_camera_msgs/cmake/export_realsense2_camera_msgs__rosidl_generator_cExport.cmake
[1.432s] -- Up-to-date: /home/jimmy/ros2_ws/install/realsense2_camera_msgs/share/realsense2_camera_msgs/cmake/export_realsense2_camera_msgs__rosidl_generator_cExport-noconfig.cmake
[1.432s] -- Up-to-date: /home/jimmy/ros2_ws/install/realsense2_camera_msgs/share/realsense2_camera_msgs/cmake/export_realsense2_camera_msgs__rosidl_typesupport_fastrtps_cExport.cmake
[1.432s] -- Up-to-date: /home/jimmy/ros2_ws/install/realsense2_camera_msgs/share/realsense2_camera_msgs/cmake/export_realsense2_camera_msgs__rosidl_typesupport_fastrtps_cExport-noconfig.cmake
[1.432s] -- Up-to-date: /home/jimmy/ros2_ws/install/realsense2_camera_msgs/share/realsense2_camera_msgs/cmake/realsense2_camera_msgs__rosidl_typesupport_introspection_cExport.cmake
[1.432s] -- Up-to-date: /home/jimmy/ros2_ws/install/realsense2_camera_msgs/share/realsense2_camera_msgs/cmake/realsense2_camera_msgs__rosidl_typesupport_introspection_cExport-noconfig.cmake
[1.433s] -- Up-to-date: /home/jimmy/ros2_ws/install/realsense2_camera_msgs/share/realsense2_camera_msgs/cmake/realsense2_camera_msgs__rosidl_typesupport_cExport.cmake
[1.433s] -- Up-to-date: /home/jimmy/ros2_ws/install/realsense2_camera_msgs/share/realsense2_camera_msgs/cmake/realsense2_camera_msgs__rosidl_typesupport_cExport-noconfig.cmake
[1.433s] -- Up-to-date: /home/jimmy/ros2_ws/install/realsense2_camera_msgs/share/realsense2_camera_msgs/cmake/export_realsense2_camera_msgs__rosidl_generator_cppExport.cmake
[1.433s] -- Up-to-date: /home/jimmy/ros2_ws/install/realsense2_camera_msgs/share/realsense2_camera_msgs/cmake/export_realsense2_camera_msgs__rosidl_typesupport_fastrtps_cppExport.cmake
[1.433s] -- Up-to-date: /home/jimmy/ros2_ws/install/realsense2_camera_msgs/share/realsense2_camera_msgs/cmake/export_realsense2_camera_msgs__rosidl_typesupport_fastrtps_cppExport-noconfig.cmake
[1.433s] -- Up-to-date: /home/jimmy/ros2_ws/install/realsense2_camera_msgs/share/realsense2_camera_msgs/cmake/realsense2_camera_msgs__rosidl_typesupport_introspection_cppExport.cmake
[1.433s] -- Up-to-date: /home/jimmy/ros2_ws/install/realsense2_camera_msgs/share/realsense2_camera_msgs/cmake/realsense2_camera_msgs__rosidl_typesupport_introspection_cppExport-noconfig.cmake
[1.433s] -- Up-to-date: /home/jimmy/ros2_ws/install/realsense2_camera_msgs/share/realsense2_camera_msgs/cmake/realsense2_camera_msgs__rosidl_typesupport_cppExport.cmake
[1.433s] -- Up-to-date: /home/jimmy/ros2_ws/install/realsense2_camera_msgs/share/realsense2_camera_msgs/cmake/realsense2_camera_msgs__rosidl_typesupport_cppExport-noconfig.cmake
[1.434s] -- Up-to-date: /home/jimmy/ros2_ws/install/realsense2_camera_msgs/share/realsense2_camera_msgs/cmake/export_realsense2_camera_msgs__rosidl_generator_pyExport.cmake
[1.434s] -- Up-to-date: /home/jimmy/ros2_ws/install/realsense2_camera_msgs/share/realsense2_camera_msgs/cmake/export_realsense2_camera_msgs__rosidl_generator_pyExport-noconfig.cmake
[1.438s] Invoked command in '/home/jimmy/ros2_ws/build/realsense2_camera_msgs' returned '0': CMAKE_PREFIX_PATH=${CMAKE_PREFIX_PATH}:/opt/ros/jazzy CONDA_PROMPT_MODIFIER=(base) DEBUGINFOD_URLS=https://debuginfod.ubuntu.com /usr/bin/cmake --install /home/jimmy/ros2_ws/build/realsense2_camera_msgs
