[0.031s] Invoking command in '/home/jimmy/ros2_ws/build/servo': CMAKE_PREFIX_PATH=${CMAKE_PREFIX_PATH}:/opt/ros/jazzy CONDA_PROMPT_MODIFIER=(base) DEBUGINFOD_URLS=https://debuginfod.ubuntu.com /usr/bin/cmake --build /home/jimmy/ros2_ws/build/servo -- -j4 -l4
[0.124s] Invoked command in '/home/jimmy/ros2_ws/build/servo' returned '0': CMAKE_PREFIX_PATH=${CMAKE_PREFIX_PATH}:/opt/ros/jazzy CONDA_PROMPT_MODIFIER=(base) DEBUGINFOD_URLS=https://debuginfod.ubuntu.com /usr/bin/cmake --build /home/jimmy/ros2_ws/build/servo -- -j4 -l4
[0.163s] Invoking command in '/home/jimmy/ros2_ws/build/servo': CMAKE_PREFIX_PATH=${CMAKE_PREFIX_PATH}:/opt/ros/jazzy CONDA_PROMPT_MODIFIER=(base) DEBUGINFOD_URLS=https://debuginfod.ubuntu.com /usr/bin/cmake --install /home/jimmy/ros2_ws/build/servo
[0.188s] -- Install configuration: ""
[0.188s] -- Execute custom install script
[0.188s] -- Up-to-date symlink: /home/jimmy/ros2_ws/install/servo/share/ament_index/resource_index/package_run_dependencies/servo
[0.188s] -- Up-to-date symlink: /home/jimmy/ros2_ws/install/servo/share/ament_index/resource_index/parent_prefix_path/servo
[0.190s] -- Up-to-date symlink: /home/jimmy/ros2_ws/install/servo/share/servo/environment/ament_prefix_path.sh
[0.190s] -- Up-to-date symlink: /home/jimmy/ros2_ws/install/servo/share/servo/environment/ament_prefix_path.dsv
[0.191s] -- Up-to-date symlink: /home/jimmy/ros2_ws/install/servo/share/servo/environment/path.sh
[0.191s] -- Up-to-date symlink: /home/jimmy/ros2_ws/install/servo/share/servo/environment/path.dsv
[0.191s] -- Up-to-date symlink: /home/jimmy/ros2_ws/install/servo/share/servo/local_setup.bash
[0.191s] -- Up-to-date symlink: /home/jimmy/ros2_ws/install/servo/share/servo/local_setup.sh
[0.191s] -- Up-to-date symlink: /home/jimmy/ros2_ws/install/servo/share/servo/local_setup.zsh
[0.191s] -- Up-to-date symlink: /home/jimmy/ros2_ws/install/servo/share/servo/local_setup.dsv
[0.194s] -- Symlinking: /home/jimmy/ros2_ws/install/servo/share/servo/package.dsv
[0.247s] -- Up-to-date symlink: /home/jimmy/ros2_ws/install/servo/share/ament_index/resource_index/packages/servo
[0.247s] -- Up-to-date symlink: /home/jimmy/ros2_ws/install/servo/share/servo/cmake/servoConfig.cmake
[0.247s] -- Up-to-date symlink: /home/jimmy/ros2_ws/install/servo/share/servo/cmake/servoConfig-version.cmake
[0.247s] -- Up-to-date symlink: /home/jimmy/ros2_ws/install/servo/share/servo/package.xml
[0.254s] Invoked command in '/home/jimmy/ros2_ws/build/servo' returned '0': CMAKE_PREFIX_PATH=${CMAKE_PREFIX_PATH}:/opt/ros/jazzy CONDA_PROMPT_MODIFIER=(base) DEBUGINFOD_URLS=https://debuginfod.ubuntu.com /usr/bin/cmake --install /home/jimmy/ros2_ws/build/servo
