[0.038s] Invoking command in '/home/jimmy/ros2_ws/build/servo': CMAKE_PREFIX_PATH=${CMAKE_PREFIX_PATH}:/opt/ros/jazzy CONDA_PROMPT_MODIFIER=(base) DEBUGINFOD_URLS=https://debuginfod.ubuntu.com /usr/bin/cmake /home/jimmy/ros2_ws/src/servo -DCMAKE_INSTALL_PREFIX=/home/jimmy/ros2_ws/install/servo
[0.064s] -- Found ament_cmake: 2.5.4 (/opt/ros/jazzy/share/ament_cmake/cmake)
[0.581s] -- Override CMake install command with custom implementation using symlinks instead of copying resources
[0.609s] -- Found ament_lint_auto: 0.17.3 (/opt/ros/jazzy/share/ament_lint_auto/cmake)
[0.913s] -- Added test 'lint_cmake' to check CMake code style
[0.916s] -- Added test 'xmllint' to check XML markup files
[0.921s] -- Configuring done (0.9s)
[0.938s] -- Generating done (0.0s)
[0.948s] -- Build files have been written to: /home/jimmy/ros2_ws/build/servo
[0.957s] Invoked command in '/home/jimmy/ros2_ws/build/servo' returned '0': CMAKE_PREFIX_PATH=${CMAKE_PREFIX_PATH}:/opt/ros/jazzy CONDA_PROMPT_MODIFIER=(base) DEBUGINFOD_URLS=https://debuginfod.ubuntu.com /usr/bin/cmake /home/jimmy/ros2_ws/src/servo -DCMAKE_INSTALL_PREFIX=/home/jimmy/ros2_ws/install/servo
[0.958s] Invoking command in '/home/jimmy/ros2_ws/build/servo': CMAKE_PREFIX_PATH=${CMAKE_PREFIX_PATH}:/opt/ros/jazzy CONDA_PROMPT_MODIFIER=(base) DEBUGINFOD_URLS=https://debuginfod.ubuntu.com /usr/bin/cmake --build /home/jimmy/ros2_ws/build/servo -- -j4 -l4
[1.066s] Invoked command in '/home/jimmy/ros2_ws/build/servo' returned '0': CMAKE_PREFIX_PATH=${CMAKE_PREFIX_PATH}:/opt/ros/jazzy CONDA_PROMPT_MODIFIER=(base) DEBUGINFOD_URLS=https://debuginfod.ubuntu.com /usr/bin/cmake --build /home/jimmy/ros2_ws/build/servo -- -j4 -l4
[1.095s] Invoking command in '/home/jimmy/ros2_ws/build/servo': CMAKE_PREFIX_PATH=${CMAKE_PREFIX_PATH}:/opt/ros/jazzy CONDA_PROMPT_MODIFIER=(base) DEBUGINFOD_URLS=https://debuginfod.ubuntu.com /usr/bin/cmake --install /home/jimmy/ros2_ws/build/servo
[1.111s] -- Install configuration: ""
[1.118s] -- Execute custom install script
[1.118s] -- Up-to-date symlink: /home/jimmy/ros2_ws/install/servo/share/ament_index/resource_index/package_run_dependencies/servo
[1.118s] -- Up-to-date symlink: /home/jimmy/ros2_ws/install/servo/share/ament_index/resource_index/parent_prefix_path/servo
[1.118s] -- Up-to-date symlink: /home/jimmy/ros2_ws/install/servo/share/servo/environment/ament_prefix_path.sh
[1.118s] -- Up-to-date symlink: /home/jimmy/ros2_ws/install/servo/share/servo/environment/ament_prefix_path.dsv
[1.118s] -- Up-to-date symlink: /home/jimmy/ros2_ws/install/servo/share/servo/environment/path.sh
[1.119s] -- Up-to-date symlink: /home/jimmy/ros2_ws/install/servo/share/servo/environment/path.dsv
[1.119s] -- Up-to-date symlink: /home/jimmy/ros2_ws/install/servo/share/servo/local_setup.bash
[1.119s] -- Up-to-date symlink: /home/jimmy/ros2_ws/install/servo/share/servo/local_setup.sh
[1.119s] -- Up-to-date symlink: /home/jimmy/ros2_ws/install/servo/share/servo/local_setup.zsh
[1.119s] -- Up-to-date symlink: /home/jimmy/ros2_ws/install/servo/share/servo/local_setup.dsv
[1.119s] -- Symlinking: /home/jimmy/ros2_ws/install/servo/share/servo/package.dsv
[1.136s] -- Up-to-date symlink: /home/jimmy/ros2_ws/install/servo/share/ament_index/resource_index/packages/servo
[1.136s] -- Up-to-date symlink: /home/jimmy/ros2_ws/install/servo/share/servo/cmake/servoConfig.cmake
[1.136s] -- Up-to-date symlink: /home/jimmy/ros2_ws/install/servo/share/servo/cmake/servoConfig-version.cmake
[1.138s] -- Up-to-date symlink: /home/jimmy/ros2_ws/install/servo/share/servo/package.xml
[1.143s] Invoked command in '/home/jimmy/ros2_ws/build/servo' returned '0': CMAKE_PREFIX_PATH=${CMAKE_PREFIX_PATH}:/opt/ros/jazzy CONDA_PROMPT_MODIFIER=(base) DEBUGINFOD_URLS=https://debuginfod.ubuntu.com /usr/bin/cmake --install /home/jimmy/ros2_ws/build/servo
