[0.026s] Invoking command in '/home/jimmy/ros2_ws/build/interfaces': CMAKE_PREFIX_PATH=${CMAKE_PREFIX_PATH}:/opt/ros/jazzy CONDA_PROMPT_MODIFIER=(base) DEBUGINFOD_URLS=https://debuginfod.ubuntu.com /usr/bin/cmake /home/jimmy/ros2_ws/src/interfaces -DAMENT_CMAKE_SYMLINK_INSTALL=1 -DCMAKE_INSTALL_PREFIX=/home/jimmy/ros2_ws/install/interfaces
[0.052s] -- Found ament_cmake: 2.5.4 (/opt/ros/jazzy/share/ament_cmake/cmake)
[0.613s] -- Override CMake install command with custom implementation using symlinks instead of copying resources
[0.626s] -- Found rosidl_default_generators: 1.6.0 (/opt/ros/jazzy/share/rosidl_default_generators/cmake)
[0.631s] -- Using all available rosidl_typesupport_c: rosidl_typesupport_fastrtps_c;rosidl_typesupport_introspection_c
[0.699s] -- Using all available rosidl_typesupport_cpp: rosidl_typesupport_fastrtps_cpp;rosidl_typesupport_introspection_cpp
[0.744s] -- Found rosidl_adapter: 4.6.6 (/opt/ros/jazzy/share/rosidl_adapter/cmake)
[1.853s] -- Found ament_cmake_ros: 0.12.0 (/opt/ros/jazzy/share/ament_cmake_ros/cmake)
[2.562s] -- Using all available rosidl_typesupport_c: rosidl_typesupport_fastrtps_c;rosidl_typesupport_introspection_c
[3.483s] -- Using all available rosidl_typesupport_cpp: rosidl_typesupport_fastrtps_cpp;rosidl_typesupport_introspection_cpp
[3.489s] -- Found python_cmake_module: 0.11.1 (/opt/ros/jazzy/share/python_cmake_module/cmake)
[3.713s] -- Found PythonExtra: /home/jimmy/miniconda3/bin/python3  
[4.723s] -- Found Python3: /home/jimmy/miniconda3/bin/python3 (found version "3.13.9") found components: Interpreter Development NumPy Development.Module Development.Embed 
[4.787s] -- Found ament_lint_auto: 0.17.3 (/opt/ros/jazzy/share/ament_lint_auto/cmake)
[4.834s] -- Added test 'lint_cmake' to check CMake code style
[4.836s] -- Added test 'xmllint' to check XML markup files
[4.843s] -- Configuring done (4.8s)
[4.906s] -- Generating done (0.0s)
[4.931s] -- Build files have been written to: /home/jimmy/ros2_ws/build/interfaces
[4.958s] Invoked command in '/home/jimmy/ros2_ws/build/interfaces' returned '0': CMAKE_PREFIX_PATH=${CMAKE_PREFIX_PATH}:/opt/ros/jazzy CONDA_PROMPT_MODIFIER=(base) DEBUGINFOD_URLS=https://debuginfod.ubuntu.com /usr/bin/cmake /home/jimmy/ros2_ws/src/interfaces -DAMENT_CMAKE_SYMLINK_INSTALL=1 -DCMAKE_INSTALL_PREFIX=/home/jimmy/ros2_ws/install/interfaces
[4.962s] Invoking command in '/home/jimmy/ros2_ws/build/interfaces': CMAKE_PREFIX_PATH=${CMAKE_PREFIX_PATH}:/opt/ros/jazzy CONDA_PROMPT_MODIFIER=(base) DEBUGINFOD_URLS=https://debuginfod.ubuntu.com /usr/bin/cmake --build /home/jimmy/ros2_ws/build/interfaces -- -j4 -l4
[5.070s] [  2%] [34m[1mGenerating type hashes for ROS interfaces[0m
[5.092s] [  2%] Built target ament_cmake_python_symlink_interfaces
[5.242s] Traceback (most recent call last):
[5.246s]   File [35m"/opt/ros/jazzy/lib/rosidl_generator_type_description/rosidl_generator_type_description"[0m, line [35m21[0m, in [35m<module>[0m
[5.246s]     from rosidl_generator_type_description import generate_type_hash
[5.247s]   File [35m"/opt/ros/jazzy/lib/python3.12/site-packages/rosidl_generator_type_description/__init__.py"[0m, line [35m24[0m, in [35m<module>[0m
[5.247s]     from rosidl_parser.parser import parse_idl_file
[5.249s]   File [35m"/opt/ros/jazzy/lib/python3.12/site-packages/rosidl_parser/parser.py"[0m, line [35m20[0m, in [35m<module>[0m
[5.250s]     from lark import Lark
[5.250s] [1;35mModuleNotFoundError[0m: [35mNo module named 'lark'[0m
[5.291s] gmake[2]: *** [CMakeFiles/interfaces__rosidl_generator_type_description.dir/build.make:75: rosidl_generator_type_description/interfaces/msg/MotorCmds.json] Error 1
[5.291s] gmake[1]: *** [CMakeFiles/Makefile2:215: CMakeFiles/interfaces__rosidl_generator_type_description.dir/all] Error 2
[5.291s] gmake[1]: *** Waiting for unfinished jobs....
[5.550s] running egg_info
[5.573s] creating interfaces.egg-info
[5.574s] writing interfaces.egg-info/PKG-INFO
[5.574s] writing dependency_links to interfaces.egg-info/dependency_links.txt
[5.574s] writing top-level names to interfaces.egg-info/top_level.txt
[5.575s] writing manifest file 'interfaces.egg-info/SOURCES.txt'
[5.635s] reading manifest file 'interfaces.egg-info/SOURCES.txt'
[5.637s] writing manifest file 'interfaces.egg-info/SOURCES.txt'
[5.763s] [  2%] Built target ament_cmake_python_build_interfaces_egg
[5.769s] gmake: *** [Makefile:146: all] Error 2
[5.774s] Invoked command in '/home/jimmy/ros2_ws/build/interfaces' returned '2': CMAKE_PREFIX_PATH=${CMAKE_PREFIX_PATH}:/opt/ros/jazzy CONDA_PROMPT_MODIFIER=(base) DEBUGINFOD_URLS=https://debuginfod.ubuntu.com /usr/bin/cmake --build /home/jimmy/ros2_ws/build/interfaces -- -j4 -l4
