[0.026s] Invoking command in '/home/jimmy/ros2_ws/build/interfaces': CMAKE_PREFIX_PATH=${CMAKE_PREFIX_PATH}:/opt/ros/jazzy DEBUGINFOD_URLS=https://debuginfod.ubuntu.com /usr/bin/cmake --build /home/jimmy/ros2_ws/build/interfaces -- -j4 -l4
[0.146s] [  2%] Built target interfaces__rosidl_generator_type_description
[0.175s] [  2%] Built target ament_cmake_python_copy_interfaces
[0.213s] [  5%] Built target interfaces__cpp
[0.225s] [ 20%] Built target interfaces__rosidl_generator_c
[0.299s] [ 29%] Built target interfaces__rosidl_typesupport_cpp
[0.309s] [ 38%] Built target interfaces__rosidl_typesupport_fastrtps_c
[0.309s] [ 47%] Built target interfaces__rosidl_typesupport_introspection_cpp
[0.372s] [ 55%] Built target interfaces__rosidl_typesupport_introspection_c
[0.403s] [ 70%] Built target interfaces__rosidl_typesupport_fastrtps_cpp
[0.403s] [ 73%] Built target interfaces__rosidl_typesupport_c
[0.444s] [ 73%] Built target interfaces
[0.489s] [ 76%] Built target interfaces__py
[0.538s] [ 82%] Built target interfaces__rosidl_generator_py
[0.618s] [ 88%] Built target interfaces_s__rosidl_typesupport_introspection_c
[0.628s] [ 94%] Built target interfaces_s__rosidl_typesupport_fastrtps_c
[0.645s] [100%] Built target interfaces_s__rosidl_typesupport_c
[0.695s] running egg_info
[0.725s] writing interfaces.egg-info/PKG-INFO
[0.725s] writing dependency_links to interfaces.egg-info/dependency_links.txt
[0.726s] writing top-level names to interfaces.egg-info/top_level.txt
[0.815s] reading manifest file 'interfaces.egg-info/SOURCES.txt'
[0.817s] writing manifest file 'interfaces.egg-info/SOURCES.txt'
[0.907s] [100%] Built target ament_cmake_python_build_interfaces_egg
[0.930s] Invoked command in '/home/jimmy/ros2_ws/build/interfaces' returned '0': CMAKE_PREFIX_PATH=${CMAKE_PREFIX_PATH}:/opt/ros/jazzy DEBUGINFOD_URLS=https://debuginfod.ubuntu.com /usr/bin/cmake --build /home/jimmy/ros2_ws/build/interfaces -- -j4 -l4
[0.933s] Invoking command in '/home/jimmy/ros2_ws/build/interfaces': CMAKE_PREFIX_PATH=${CMAKE_PREFIX_PATH}:/opt/ros/jazzy DEBUGINFOD_URLS=https://debuginfod.ubuntu.com /usr/bin/cmake --install /home/jimmy/ros2_ws/build/interfaces
[0.951s] -- Install configuration: ""
[0.951s] -- Up-to-date: /home/jimmy/ros2_ws/install/interfaces/share/ament_index/resource_index/rosidl_interfaces/interfaces
[0.951s] -- Up-to-date: /home/jimmy/ros2_ws/install/interfaces/share/interfaces/msg/MotorCmds.json
[0.951s] -- Up-to-date: /home/jimmy/ros2_ws/install/interfaces/include/interfaces/interfaces
[0.951s] -- Up-to-date: /home/jimmy/ros2_ws/install/interfaces/include/interfaces/interfaces/msg
[0.951s] -- Up-to-date: /home/jimmy/ros2_ws/install/interfaces/include/interfaces/interfaces/msg/motor_cmds.h
[0.951s] -- Up-to-date: /home/jimmy/ros2_ws/install/interfaces/include/interfaces/interfaces/msg/rosidl_generator_c__visibility_control.h
[0.951s] -- Up-to-date: /home/jimmy/ros2_ws/install/interfaces/include/interfaces/interfaces/msg/detail
[0.952s] -- Up-to-date: /home/jimmy/ros2_ws/install/interfaces/include/interfaces/interfaces/msg/detail/motor_cmds__type_support.h
[0.952s] -- Up-to-date: /home/jimmy/ros2_ws/install/interfaces/include/interfaces/interfaces/msg/detail/motor_cmds__type_support.c
[0.952s] -- Up-to-date: /home/jimmy/ros2_ws/install/interfaces/include/interfaces/interfaces/msg/detail/motor_cmds__description.c
[0.952s] -- Up-to-date: /home/jimmy/ros2_ws/install/interfaces/include/interfaces/interfaces/msg/detail/motor_cmds__functions.c
[0.952s] -- Up-to-date: /home/jimmy/ros2_ws/install/interfaces/include/interfaces/interfaces/msg/detail/motor_cmds__functions.h
[0.952s] -- Up-to-date: /home/jimmy/ros2_ws/install/interfaces/include/interfaces/interfaces/msg/detail/motor_cmds__struct.h
[0.952s] -- Up-to-date: /home/jimmy/ros2_ws/install/interfaces/share/interfaces/environment/library_path.sh
[0.952s] -- Up-to-date: /home/jimmy/ros2_ws/install/interfaces/share/interfaces/environment/library_path.dsv
[0.952s] -- Up-to-date: /home/jimmy/ros2_ws/install/interfaces/lib/libinterfaces__rosidl_generator_c.so
[0.952s] -- Up-to-date: /home/jimmy/ros2_ws/install/interfaces/include/interfaces/interfaces
[0.953s] -- Up-to-date: /home/jimmy/ros2_ws/install/interfaces/include/interfaces/interfaces/msg
[0.953s] -- Up-to-date: /home/jimmy/ros2_ws/install/interfaces/include/interfaces/interfaces/msg/rosidl_typesupport_fastrtps_c__visibility_control.h
[0.953s] -- Up-to-date: /home/jimmy/ros2_ws/install/interfaces/include/interfaces/interfaces/msg/detail
[0.953s] -- Up-to-date: /home/jimmy/ros2_ws/install/interfaces/include/interfaces/interfaces/msg/detail/motor_cmds__rosidl_typesupport_fastrtps_c.h
[0.953s] -- Up-to-date: /home/jimmy/ros2_ws/install/interfaces/lib/libinterfaces__rosidl_typesupport_fastrtps_c.so
[0.953s] -- Up-to-date: /home/jimmy/ros2_ws/install/interfaces/include/interfaces/interfaces
[0.953s] -- Up-to-date: /home/jimmy/ros2_ws/install/interfaces/include/interfaces/interfaces/msg
[0.953s] -- Up-to-date: /home/jimmy/ros2_ws/install/interfaces/include/interfaces/interfaces/msg/rosidl_typesupport_introspection_c__visibility_control.h
[0.953s] -- Up-to-date: /home/jimmy/ros2_ws/install/interfaces/include/interfaces/interfaces/msg/detail
[0.954s] -- Up-to-date: /home/jimmy/ros2_ws/install/interfaces/include/interfaces/interfaces/msg/detail/motor_cmds__type_support.c
[0.954s] -- Up-to-date: /home/jimmy/ros2_ws/install/interfaces/include/interfaces/interfaces/msg/detail/motor_cmds__rosidl_typesupport_introspection_c.h
[0.954s] -- Up-to-date: /home/jimmy/ros2_ws/install/interfaces/lib/libinterfaces__rosidl_typesupport_introspection_c.so
[0.954s] -- Up-to-date: /home/jimmy/ros2_ws/install/interfaces/lib/libinterfaces__rosidl_typesupport_c.so
[0.954s] -- Up-to-date: /home/jimmy/ros2_ws/install/interfaces/include/interfaces/interfaces
[0.954s] -- Up-to-date: /home/jimmy/ros2_ws/install/interfaces/include/interfaces/interfaces/msg
[0.954s] -- Up-to-date: /home/jimmy/ros2_ws/install/interfaces/include/interfaces/interfaces/msg/rosidl_generator_cpp__visibility_control.hpp
[0.954s] -- Up-to-date: /home/jimmy/ros2_ws/install/interfaces/include/interfaces/interfaces/msg/motor_cmds.hpp
[0.954s] -- Up-to-date: /home/jimmy/ros2_ws/install/interfaces/include/interfaces/interfaces/msg/detail
[0.955s] -- Up-to-date: /home/jimmy/ros2_ws/install/interfaces/include/interfaces/interfaces/msg/detail/motor_cmds__type_support.hpp
[0.955s] -- Up-to-date: /home/jimmy/ros2_ws/install/interfaces/include/interfaces/interfaces/msg/detail/motor_cmds__builder.hpp
[0.955s] -- Up-to-date: /home/jimmy/ros2_ws/install/interfaces/include/interfaces/interfaces/msg/detail/motor_cmds__struct.hpp
[0.955s] -- Up-to-date: /home/jimmy/ros2_ws/install/interfaces/include/interfaces/interfaces/msg/detail/motor_cmds__traits.hpp
[0.955s] -- Up-to-date: /home/jimmy/ros2_ws/install/interfaces/include/interfaces/interfaces
[0.955s] -- Up-to-date: /home/jimmy/ros2_ws/install/interfaces/include/interfaces/interfaces/msg
[0.955s] -- Up-to-date: /home/jimmy/ros2_ws/install/interfaces/include/interfaces/interfaces/msg/rosidl_typesupport_fastrtps_cpp__visibility_control.h
[0.955s] -- Up-to-date: /home/jimmy/ros2_ws/install/interfaces/include/interfaces/interfaces/msg/detail
[0.955s] -- Up-to-date: /home/jimmy/ros2_ws/install/interfaces/include/interfaces/interfaces/msg/detail/motor_cmds__rosidl_typesupport_fastrtps_cpp.hpp
[0.955s] -- Up-to-date: /home/jimmy/ros2_ws/install/interfaces/include/interfaces/interfaces/msg/detail/dds_fastrtps
[0.955s] -- Up-to-date: /home/jimmy/ros2_ws/install/interfaces/lib/libinterfaces__rosidl_typesupport_fastrtps_cpp.so
[0.956s] -- Up-to-date: /home/jimmy/ros2_ws/install/interfaces/include/interfaces/interfaces
[0.956s] -- Up-to-date: /home/jimmy/ros2_ws/install/interfaces/include/interfaces/interfaces/msg
[0.956s] -- Up-to-date: /home/jimmy/ros2_ws/install/interfaces/include/interfaces/interfaces/msg/detail
[0.956s] -- Up-to-date: /home/jimmy/ros2_ws/install/interfaces/include/interfaces/interfaces/msg/detail/motor_cmds__rosidl_typesupport_introspection_cpp.hpp
[0.956s] -- Up-to-date: /home/jimmy/ros2_ws/install/interfaces/include/interfaces/interfaces/msg/detail/motor_cmds__type_support.cpp
[0.956s] -- Up-to-date: /home/jimmy/ros2_ws/install/interfaces/lib/libinterfaces__rosidl_typesupport_introspection_cpp.so
[0.956s] -- Up-to-date: /home/jimmy/ros2_ws/install/interfaces/lib/libinterfaces__rosidl_typesupport_cpp.so
[0.956s] -- Up-to-date: /home/jimmy/ros2_ws/install/interfaces/share/interfaces/environment/pythonpath.sh
[0.956s] -- Up-to-date: /home/jimmy/ros2_ws/install/interfaces/share/interfaces/environment/pythonpath.dsv
[0.956s] -- Up-to-date: /home/jimmy/ros2_ws/install/interfaces/lib/python3.12/site-packages/interfaces-0.0.0-py3.12.egg-info
[0.957s] -- Installing: /home/jimmy/ros2_ws/install/interfaces/lib/python3.12/site-packages/interfaces-0.0.0-py3.12.egg-info/dependency_links.txt
[0.957s] -- Installing: /home/jimmy/ros2_ws/install/interfaces/lib/python3.12/site-packages/interfaces-0.0.0-py3.12.egg-info/top_level.txt
[0.957s] -- Installing: /home/jimmy/ros2_ws/install/interfaces/lib/python3.12/site-packages/interfaces-0.0.0-py3.12.egg-info/SOURCES.txt
[0.957s] -- Installing: /home/jimmy/ros2_ws/install/interfaces/lib/python3.12/site-packages/interfaces-0.0.0-py3.12.egg-info/PKG-INFO
[0.957s] -- Up-to-date: /home/jimmy/ros2_ws/install/interfaces/lib/python3.12/site-packages/interfaces
[0.957s] -- Up-to-date: /home/jimmy/ros2_ws/install/interfaces/lib/python3.12/site-packages/interfaces/_interfaces_s.ep.rosidl_typesupport_introspection_c.c
[0.957s] -- Up-to-date: /home/jimmy/ros2_ws/install/interfaces/lib/python3.12/site-packages/interfaces/_interfaces_s.ep.rosidl_typesupport_fastrtps_c.c
[0.957s] -- Up-to-date: /home/jimmy/ros2_ws/install/interfaces/lib/python3.12/site-packages/interfaces/msg
[0.957s] -- Up-to-date: /home/jimmy/ros2_ws/install/interfaces/lib/python3.12/site-packages/interfaces/msg/_motor_cmds.py
[0.958s] -- Up-to-date: /home/jimmy/ros2_ws/install/interfaces/lib/python3.12/site-packages/interfaces/msg/_motor_cmds_s.c
[0.958s] -- Up-to-date: /home/jimmy/ros2_ws/install/interfaces/lib/python3.12/site-packages/interfaces/msg/__init__.py
[0.958s] -- Up-to-date: /home/jimmy/ros2_ws/install/interfaces/lib/python3.12/site-packages/interfaces/interfaces_s__rosidl_typesupport_fastrtps_c.so
[0.958s] -- Up-to-date: /home/jimmy/ros2_ws/install/interfaces/lib/python3.12/site-packages/interfaces/__init__.py
[0.958s] -- Up-to-date: /home/jimmy/ros2_ws/install/interfaces/lib/python3.12/site-packages/interfaces/_interfaces_s.ep.rosidl_typesupport_c.c
[0.958s] -- Up-to-date: /home/jimmy/ros2_ws/install/interfaces/lib/python3.12/site-packages/interfaces/interfaces_s__rosidl_typesupport_c.so
[0.958s] -- Up-to-date: /home/jimmy/ros2_ws/install/interfaces/lib/python3.12/site-packages/interfaces/interfaces_s__rosidl_typesupport_introspection_c.so
[1.022s] Listing '/home/jimmy/ros2_ws/install/interfaces/lib/python3.12/site-packages/interfaces'...
[1.023s] Listing '/home/jimmy/ros2_ws/install/interfaces/lib/python3.12/site-packages/interfaces/msg'...
[1.038s] -- Up-to-date: /home/jimmy/ros2_ws/install/interfaces/lib/python3.12/site-packages/interfaces/interfaces_s__rosidl_typesupport_fastrtps_c.so
[1.038s] -- Up-to-date: /home/jimmy/ros2_ws/install/interfaces/lib/python3.12/site-packages/interfaces/interfaces_s__rosidl_typesupport_introspection_c.so
[1.038s] -- Up-to-date: /home/jimmy/ros2_ws/install/interfaces/lib/python3.12/site-packages/interfaces/interfaces_s__rosidl_typesupport_c.so
[1.039s] -- Up-to-date: /home/jimmy/ros2_ws/install/interfaces/lib/libinterfaces__rosidl_generator_py.so
[1.039s] -- Up-to-date: /home/jimmy/ros2_ws/install/interfaces/share/interfaces/msg/MotorCmds.idl
[1.039s] -- Up-to-date: /home/jimmy/ros2_ws/install/interfaces/share/interfaces/msg/MotorCmds.msg
[1.039s] -- Up-to-date: /home/jimmy/ros2_ws/install/interfaces/share/ament_index/resource_index/package_run_dependencies/interfaces
[1.039s] -- Up-to-date: /home/jimmy/ros2_ws/install/interfaces/share/ament_index/resource_index/parent_prefix_path/interfaces
[1.040s] -- Up-to-date: /home/jimmy/ros2_ws/install/interfaces/share/interfaces/environment/ament_prefix_path.sh
[1.040s] -- Up-to-date: /home/jimmy/ros2_ws/install/interfaces/share/interfaces/environment/ament_prefix_path.dsv
[1.040s] -- Up-to-date: /home/jimmy/ros2_ws/install/interfaces/share/interfaces/environment/path.sh
[1.040s] -- Up-to-date: /home/jimmy/ros2_ws/install/interfaces/share/interfaces/environment/path.dsv
[1.040s] -- Up-to-date: /home/jimmy/ros2_ws/install/interfaces/share/interfaces/local_setup.bash
[1.040s] -- Up-to-date: /home/jimmy/ros2_ws/install/interfaces/share/interfaces/local_setup.sh
[1.040s] -- Up-to-date: /home/jimmy/ros2_ws/install/interfaces/share/interfaces/local_setup.zsh
[1.040s] -- Up-to-date: /home/jimmy/ros2_ws/install/interfaces/share/interfaces/local_setup.dsv
[1.040s] -- Installing: /home/jimmy/ros2_ws/install/interfaces/share/interfaces/package.dsv
[1.041s] -- Up-to-date: /home/jimmy/ros2_ws/install/interfaces/share/ament_index/resource_index/packages/interfaces
[1.042s] -- Up-to-date: /home/jimmy/ros2_ws/install/interfaces/share/interfaces/cmake/export_interfaces__rosidl_generator_cExport.cmake
[1.042s] -- Up-to-date: /home/jimmy/ros2_ws/install/interfaces/share/interfaces/cmake/export_interfaces__rosidl_generator_cExport-noconfig.cmake
[1.042s] -- Up-to-date: /home/jimmy/ros2_ws/install/interfaces/share/interfaces/cmake/export_interfaces__rosidl_typesupport_fastrtps_cExport.cmake
[1.043s] -- Up-to-date: /home/jimmy/ros2_ws/install/interfaces/share/interfaces/cmake/export_interfaces__rosidl_typesupport_fastrtps_cExport-noconfig.cmake
[1.043s] -- Up-to-date: /home/jimmy/ros2_ws/install/interfaces/share/interfaces/cmake/interfaces__rosidl_typesupport_introspection_cExport.cmake
[1.043s] -- Up-to-date: /home/jimmy/ros2_ws/install/interfaces/share/interfaces/cmake/interfaces__rosidl_typesupport_introspection_cExport-noconfig.cmake
[1.045s] -- Up-to-date: /home/jimmy/ros2_ws/install/interfaces/share/interfaces/cmake/interfaces__rosidl_typesupport_cExport.cmake
[1.045s] -- Up-to-date: /home/jimmy/ros2_ws/install/interfaces/share/interfaces/cmake/interfaces__rosidl_typesupport_cExport-noconfig.cmake
[1.046s] -- Up-to-date: /home/jimmy/ros2_ws/install/interfaces/share/interfaces/cmake/export_interfaces__rosidl_generator_cppExport.cmake
[1.047s] -- Up-to-date: /home/jimmy/ros2_ws/install/interfaces/share/interfaces/cmake/export_interfaces__rosidl_typesupport_fastrtps_cppExport.cmake
[1.047s] -- Up-to-date: /home/jimmy/ros2_ws/install/interfaces/share/interfaces/cmake/export_interfaces__rosidl_typesupport_fastrtps_cppExport-noconfig.cmake
[1.048s] -- Up-to-date: /home/jimmy/ros2_ws/install/interfaces/share/interfaces/cmake/interfaces__rosidl_typesupport_introspection_cppExport.cmake
[1.048s] -- Up-to-date: /home/jimmy/ros2_ws/install/interfaces/share/interfaces/cmake/interfaces__rosidl_typesupport_introspection_cppExport-noconfig.cmake
[1.049s] -- Up-to-date: /home/jimmy/ros2_ws/install/interfaces/share/interfaces/cmake/interfaces__rosidl_typesupport_cppExport.cmake
[1.049s] -- Up-to-date: /home/jimmy/ros2_ws/install/interfaces/share/interfaces/cmake/interfaces__rosidl_typesupport_cppExport-noconfig.cmake
[1.049s] -- Up-to-date: /home/jimmy/ros2_ws/install/interfaces/share/interfaces/cmake/export_interfaces__rosidl_generator_pyExport.cmake
[1.050s] -- Up-to-date: /home/jimmy/ros2_ws/install/interfaces/share/interfaces/cmake/export_interfaces__rosidl_generator_pyExport-noconfig.cmake
[1.050s] -- Up-to-date: /home/jimmy/ros2_ws/install/interfaces/share/interfaces/cmake/rosidl_cmake-extras.cmake
[1.050s] -- Up-to-date: /home/jimmy/ros2_ws/install/interfaces/share/interfaces/cmake/ament_cmake_export_include_directories-extras.cmake
[1.050s] -- Up-to-date: /home/jimmy/ros2_ws/install/interfaces/share/interfaces/cmake/ament_cmake_export_libraries-extras.cmake
[1.050s] -- Up-to-date: /home/jimmy/ros2_ws/install/interfaces/share/interfaces/cmake/ament_cmake_export_targets-extras.cmake
[1.050s] -- Up-to-date: /home/jimmy/ros2_ws/install/interfaces/share/interfaces/cmake/rosidl_cmake_export_typesupport_targets-extras.cmake
[1.050s] -- Up-to-date: /home/jimmy/ros2_ws/install/interfaces/share/interfaces/cmake/ament_cmake_export_dependencies-extras.cmake
[1.051s] -- Up-to-date: /home/jimmy/ros2_ws/install/interfaces/share/interfaces/cmake/rosidl_cmake_export_typesupport_libraries-extras.cmake
[1.051s] -- Up-to-date: /home/jimmy/ros2_ws/install/interfaces/share/interfaces/cmake/interfacesConfig.cmake
[1.051s] -- Up-to-date: /home/jimmy/ros2_ws/install/interfaces/share/interfaces/cmake/interfacesConfig-version.cmake
[1.051s] -- Up-to-date: /home/jimmy/ros2_ws/install/interfaces/share/interfaces/package.xml
[1.055s] Invoked command in '/home/jimmy/ros2_ws/build/interfaces' returned '0': CMAKE_PREFIX_PATH=${CMAKE_PREFIX_PATH}:/opt/ros/jazzy DEBUGINFOD_URLS=https://debuginfod.ubuntu.com /usr/bin/cmake --install /home/jimmy/ros2_ws/build/interfaces
