[0.039s] Invoking command in '/home/jimmy/ros2_ws/build/realsense2_camera_msgs': CMAKE_PREFIX_PATH=${CMAKE_PREFIX_PATH}:/opt/ros/jazzy CONDA_PROMPT_MODIFIER=(base) DEBUGINFOD_URLS=https://debuginfod.ubuntu.com /usr/bin/cmake /home/jimmy/ros2_ws/src/realsense-ros/realsense2_camera_msgs -DCMAKE_INSTALL_PREFIX=/home/jimmy/ros2_ws/install/realsense2_camera_msgs
[0.088s] -- Found ament_cmake: 2.5.4 (/opt/ros/jazzy/share/ament_cmake/cmake)
[0.142s] -- Found Python3: /home/jimmy/miniconda3/bin/python3 (found version "3.13.9") found components: Interpreter 
[0.361s] -- Override CMake install command with custom implementation using symlinks instead of copying resources
[0.414s] -- Found rosidl_default_generators: 1.6.0 (/opt/ros/jazzy/share/rosidl_default_generators/cmake)
[0.424s] -- Using all available rosidl_typesupport_c: rosidl_typesupport_fastrtps_c;rosidl_typesupport_introspection_c
[0.570s] -- Using all available rosidl_typesupport_cpp: rosidl_typesupport_fastrtps_cpp;rosidl_typesupport_introspection_cpp
[0.674s] -- Found rosidl_adapter: 4.6.6 (/opt/ros/jazzy/share/rosidl_adapter/cmake)
[0.679s] -- Found builtin_interfaces: 2.0.3 (/opt/ros/jazzy/share/builtin_interfaces/cmake)
[0.723s] -- Found std_msgs: 5.3.6 (/opt/ros/jazzy/share/std_msgs/cmake)
[0.764s] -- Found sensor_msgs: 5.3.6 (/opt/ros/jazzy/share/sensor_msgs/cmake)
[1.725s] -- Found ament_cmake_cppcheck: 0.17.3 (/opt/ros/jazzy/share/ament_cmake_cppcheck/cmake)
[1.727s] -- Found ament_cmake_cpplint: 0.17.3 (/opt/ros/jazzy/share/ament_cmake_cpplint/cmake)
[1.731s] -- Found ament_cmake_uncrustify: 0.17.3 (/opt/ros/jazzy/share/ament_cmake_uncrustify/cmake)
[1.732s] -- Found ament_cmake_ros: 0.12.0 (/opt/ros/jazzy/share/ament_cmake_ros/cmake)
[2.123s] -- Using all available rosidl_typesupport_c: rosidl_typesupport_fastrtps_c;rosidl_typesupport_introspection_c
[2.704s] -- Using all available rosidl_typesupport_cpp: rosidl_typesupport_fastrtps_cpp;rosidl_typesupport_introspection_cpp
[2.707s] -- Found python_cmake_module: 0.11.1 (/opt/ros/jazzy/share/python_cmake_module/cmake)
[3.267s] -- Found Python3: /home/jimmy/miniconda3/bin/python3 (found version "3.13.9") found components: Interpreter Development NumPy Development.Module Development.Embed 
[3.358s] -- Found ament_cmake_flake8: 0.17.3 (/opt/ros/jazzy/share/ament_cmake_flake8/cmake)
[3.359s] -- Found ament_cmake_pep257: 0.17.3 (/opt/ros/jazzy/share/ament_cmake_pep257/cmake)
[3.386s] -- Configuring done (3.3s)
[3.579s] -- Generating done (0.2s)
[3.629s] -- Build files have been written to: /home/jimmy/ros2_ws/build/realsense2_camera_msgs
[3.650s] Invoked command in '/home/jimmy/ros2_ws/build/realsense2_camera_msgs' returned '0': CMAKE_PREFIX_PATH=${CMAKE_PREFIX_PATH}:/opt/ros/jazzy CONDA_PROMPT_MODIFIER=(base) DEBUGINFOD_URLS=https://debuginfod.ubuntu.com /usr/bin/cmake /home/jimmy/ros2_ws/src/realsense-ros/realsense2_camera_msgs -DCMAKE_INSTALL_PREFIX=/home/jimmy/ros2_ws/install/realsense2_camera_msgs
[3.652s] Invoking command in '/home/jimmy/ros2_ws/build/realsense2_camera_msgs': CMAKE_PREFIX_PATH=${CMAKE_PREFIX_PATH}:/opt/ros/jazzy CONDA_PROMPT_MODIFIER=(base) DEBUGINFOD_URLS=https://debuginfod.ubuntu.com /usr/bin/cmake --build /home/jimmy/ros2_ws/build/realsense2_camera_msgs -- -j4 -l4
[3.756s] [  1%] Built target realsense2_camera_msgs__rosidl_generator_type_description
[3.774s] [  1%] Built target ament_cmake_python_symlink_realsense2_camera_msgs
[3.805s] [  1%] Built target realsense2_camera_msgs__cpp
[3.839s] [ 26%] Built target realsense2_camera_msgs__rosidl_generator_c
[3.910s] [ 44%] Built target realsense2_camera_msgs__rosidl_typesupport_introspection_c
[3.910s] [ 45%] Built target realsense2_camera_msgs__rosidl_typesupport_c
[3.921s] [ 55%] Built target realsense2_camera_msgs__rosidl_typesupport_fastrtps_c
[4.001s] [ 65%] Built target realsense2_camera_msgs__rosidl_typesupport_introspection_cpp
[4.012s] [ 74%] Built target realsense2_camera_msgs__rosidl_typesupport_cpp
[4.020s] [ 84%] Built target realsense2_camera_msgs__rosidl_typesupport_fastrtps_cpp
[4.070s] [ 84%] Built target realsense2_camera_msgs
[4.118s] [ 85%] Built target realsense2_camera_msgs__py
[4.182s] [ 94%] Built target realsense2_camera_msgs__rosidl_generator_py
[4.202s] running egg_info
[4.235s] writing realsense2_camera_msgs.egg-info/PKG-INFO
[4.235s] writing dependency_links to realsense2_camera_msgs.egg-info/dependency_links.txt
[4.236s] writing top-level names to realsense2_camera_msgs.egg-info/top_level.txt
[4.247s] [ 96%] Built target realsense2_camera_msgs_s__rosidl_typesupport_c
[4.261s] [ 98%] Built target realsense2_camera_msgs_s__rosidl_typesupport_fastrtps_c
[4.266s] [100%] Built target realsense2_camera_msgs_s__rosidl_typesupport_introspection_c
[4.296s] reading manifest file 'realsense2_camera_msgs.egg-info/SOURCES.txt'
[4.298s] writing manifest file 'realsense2_camera_msgs.egg-info/SOURCES.txt'
[4.385s] [100%] Built target ament_cmake_python_build_realsense2_camera_msgs_egg
[4.409s] Invoked command in '/home/jimmy/ros2_ws/build/realsense2_camera_msgs' returned '0': CMAKE_PREFIX_PATH=${CMAKE_PREFIX_PATH}:/opt/ros/jazzy CONDA_PROMPT_MODIFIER=(base) DEBUGINFOD_URLS=https://debuginfod.ubuntu.com /usr/bin/cmake --build /home/jimmy/ros2_ws/build/realsense2_camera_msgs -- -j4 -l4
[4.411s] Invoking command in '/home/jimmy/ros2_ws/build/realsense2_camera_msgs': CMAKE_PREFIX_PATH=${CMAKE_PREFIX_PATH}:/opt/ros/jazzy CONDA_PROMPT_MODIFIER=(base) DEBUGINFOD_URLS=https://debuginfod.ubuntu.com /usr/bin/cmake --install /home/jimmy/ros2_ws/build/realsense2_camera_msgs
[4.427s] -- Install configuration: ""
[4.427s] -- Execute custom install script
[4.430s] -- Up-to-date symlink: /home/jimmy/ros2_ws/install/realsense2_camera_msgs/share/ament_index/resource_index/rosidl_interfaces/realsense2_camera_msgs
[4.431s] -- Up-to-date symlink: /home/jimmy/ros2_ws/install/realsense2_camera_msgs/share/realsense2_camera_msgs/msg/IMUInfo.json
[4.431s] -- Up-to-date symlink: /home/jimmy/ros2_ws/install/realsense2_camera_msgs/share/realsense2_camera_msgs/msg/Extrinsics.json
[4.431s] -- Up-to-date symlink: /home/jimmy/ros2_ws/install/realsense2_camera_msgs/share/realsense2_camera_msgs/msg/Metadata.json
[4.431s] -- Up-to-date symlink: /home/jimmy/ros2_ws/install/realsense2_camera_msgs/share/realsense2_camera_msgs/msg/RGBD.json
[4.431s] -- Up-to-date symlink: /home/jimmy/ros2_ws/install/realsense2_camera_msgs/share/realsense2_camera_msgs/srv/DeviceInfo.json
[4.432s] -- Up-to-date symlink: /home/jimmy/ros2_ws/install/realsense2_camera_msgs/share/realsense2_camera_msgs/srv/CalibConfigRead.json
[4.433s] -- Up-to-date symlink: /home/jimmy/ros2_ws/install/realsense2_camera_msgs/share/realsense2_camera_msgs/srv/CalibConfigWrite.json
[4.433s] -- Up-to-date symlink: /home/jimmy/ros2_ws/install/realsense2_camera_msgs/share/realsense2_camera_msgs/action/TriggeredCalibration.json
[4.435s] -- Up-to-date symlink: /home/jimmy/ros2_ws/install/realsense2_camera_msgs/include/realsense2_camera_msgs/realsense2_camera_msgs/action/detail/triggered_calibration__functions.h
[4.435s] -- Up-to-date symlink: /home/jimmy/ros2_ws/install/realsense2_camera_msgs/include/realsense2_camera_msgs/realsense2_camera_msgs/action/detail/triggered_calibration__struct.h
[4.435s] -- Up-to-date symlink: /home/jimmy/ros2_ws/install/realsense2_camera_msgs/include/realsense2_camera_msgs/realsense2_camera_msgs/action/detail/triggered_calibration__type_support.h
[4.435s] -- Up-to-date symlink: /home/jimmy/ros2_ws/install/realsense2_camera_msgs/include/realsense2_camera_msgs/realsense2_camera_msgs/action/triggered_calibration.h
[4.435s] -- Up-to-date symlink: /home/jimmy/ros2_ws/install/realsense2_camera_msgs/include/realsense2_camera_msgs/realsense2_camera_msgs/msg/detail/extrinsics__functions.h
[4.435s] -- Up-to-date symlink: /home/jimmy/ros2_ws/install/realsense2_camera_msgs/include/realsense2_camera_msgs/realsense2_camera_msgs/msg/detail/extrinsics__struct.h
[4.435s] -- Up-to-date symlink: /home/jimmy/ros2_ws/install/realsense2_camera_msgs/include/realsense2_camera_msgs/realsense2_camera_msgs/msg/detail/extrinsics__type_support.h
[4.436s] -- Up-to-date symlink: /home/jimmy/ros2_ws/install/realsense2_camera_msgs/include/realsense2_camera_msgs/realsense2_camera_msgs/msg/detail/imu_info__functions.h
[4.436s] -- Up-to-date symlink: /home/jimmy/ros2_ws/install/realsense2_camera_msgs/include/realsense2_camera_msgs/realsense2_camera_msgs/msg/detail/imu_info__struct.h
[4.436s] -- Up-to-date symlink: /home/jimmy/ros2_ws/install/realsense2_camera_msgs/include/realsense2_camera_msgs/realsense2_camera_msgs/msg/detail/imu_info__type_support.h
[4.436s] -- Up-to-date symlink: /home/jimmy/ros2_ws/install/realsense2_camera_msgs/include/realsense2_camera_msgs/realsense2_camera_msgs/msg/detail/metadata__functions.h
[4.436s] -- Up-to-date symlink: /home/jimmy/ros2_ws/install/realsense2_camera_msgs/include/realsense2_camera_msgs/realsense2_camera_msgs/msg/detail/metadata__struct.h
[4.436s] -- Up-to-date symlink: /home/jimmy/ros2_ws/install/realsense2_camera_msgs/include/realsense2_camera_msgs/realsense2_camera_msgs/msg/detail/metadata__type_support.h
[4.437s] -- Up-to-date symlink: /home/jimmy/ros2_ws/install/realsense2_camera_msgs/include/realsense2_camera_msgs/realsense2_camera_msgs/msg/detail/rgbd__functions.h
[4.437s] -- Up-to-date symlink: /home/jimmy/ros2_ws/install/realsense2_camera_msgs/include/realsense2_camera_msgs/realsense2_camera_msgs/msg/detail/rgbd__struct.h
[4.437s] -- Up-to-date symlink: /home/jimmy/ros2_ws/install/realsense2_camera_msgs/include/realsense2_camera_msgs/realsense2_camera_msgs/msg/detail/rgbd__type_support.h
[4.437s] -- Up-to-date symlink: /home/jimmy/ros2_ws/install/realsense2_camera_msgs/include/realsense2_camera_msgs/realsense2_camera_msgs/msg/extrinsics.h
[4.437s] -- Up-to-date symlink: /home/jimmy/ros2_ws/install/realsense2_camera_msgs/include/realsense2_camera_msgs/realsense2_camera_msgs/msg/imu_info.h
[4.437s] -- Up-to-date symlink: /home/jimmy/ros2_ws/install/realsense2_camera_msgs/include/realsense2_camera_msgs/realsense2_camera_msgs/msg/metadata.h
[4.437s] -- Up-to-date symlink: /home/jimmy/ros2_ws/install/realsense2_camera_msgs/include/realsense2_camera_msgs/realsense2_camera_msgs/msg/rgbd.h
[4.438s] -- Up-to-date symlink: /home/jimmy/ros2_ws/install/realsense2_camera_msgs/include/realsense2_camera_msgs/realsense2_camera_msgs/msg/rosidl_generator_c__visibility_control.h
[4.438s] -- Up-to-date symlink: /home/jimmy/ros2_ws/install/realsense2_camera_msgs/include/realsense2_camera_msgs/realsense2_camera_msgs/srv/calib_config_read.h
[4.438s] -- Up-to-date symlink: /home/jimmy/ros2_ws/install/realsense2_camera_msgs/include/realsense2_camera_msgs/realsense2_camera_msgs/srv/calib_config_write.h
[4.438s] -- Up-to-date symlink: /home/jimmy/ros2_ws/install/realsense2_camera_msgs/include/realsense2_camera_msgs/realsense2_camera_msgs/srv/detail/calib_config_read__functions.h
[4.438s] -- Up-to-date symlink: /home/jimmy/ros2_ws/install/realsense2_camera_msgs/include/realsense2_camera_msgs/realsense2_camera_msgs/srv/detail/calib_config_read__struct.h
[4.438s] -- Up-to-date symlink: /home/jimmy/ros2_ws/install/realsense2_camera_msgs/include/realsense2_camera_msgs/realsense2_camera_msgs/srv/detail/calib_config_read__type_support.h
[4.439s] -- Up-to-date symlink: /home/jimmy/ros2_ws/install/realsense2_camera_msgs/include/realsense2_camera_msgs/realsense2_camera_msgs/srv/detail/calib_config_write__functions.h
[4.439s] -- Up-to-date symlink: /home/jimmy/ros2_ws/install/realsense2_camera_msgs/include/realsense2_camera_msgs/realsense2_camera_msgs/srv/detail/calib_config_write__struct.h
[4.439s] -- Up-to-date symlink: /home/jimmy/ros2_ws/install/realsense2_camera_msgs/include/realsense2_camera_msgs/realsense2_camera_msgs/srv/detail/calib_config_write__type_support.h
[4.439s] -- Up-to-date symlink: /home/jimmy/ros2_ws/install/realsense2_camera_msgs/include/realsense2_camera_msgs/realsense2_camera_msgs/srv/detail/device_info__functions.h
[4.439s] -- Up-to-date symlink: /home/jimmy/ros2_ws/install/realsense2_camera_msgs/include/realsense2_camera_msgs/realsense2_camera_msgs/srv/detail/device_info__struct.h
[4.439s] -- Up-to-date symlink: /home/jimmy/ros2_ws/install/realsense2_camera_msgs/include/realsense2_camera_msgs/realsense2_camera_msgs/srv/detail/device_info__type_support.h
[4.439s] -- Up-to-date symlink: /home/jimmy/ros2_ws/install/realsense2_camera_msgs/include/realsense2_camera_msgs/realsense2_camera_msgs/srv/device_info.h
[4.440s] -- Up-to-date symlink: /home/jimmy/ros2_ws/install/realsense2_camera_msgs/share/realsense2_camera_msgs/environment/library_path.sh
[4.440s] -- Up-to-date symlink: /home/jimmy/ros2_ws/install/realsense2_camera_msgs/share/realsense2_camera_msgs/environment/library_path.dsv
[4.441s] -- Up-to-date symlink: /home/jimmy/ros2_ws/install/realsense2_camera_msgs/include/realsense2_camera_msgs/realsense2_camera_msgs/action/detail/triggered_calibration__rosidl_typesupport_fastrtps_c.h
[4.441s] -- Up-to-date symlink: /home/jimmy/ros2_ws/install/realsense2_camera_msgs/include/realsense2_camera_msgs/realsense2_camera_msgs/msg/detail/extrinsics__rosidl_typesupport_fastrtps_c.h
[4.441s] -- Up-to-date symlink: /home/jimmy/ros2_ws/install/realsense2_camera_msgs/include/realsense2_camera_msgs/realsense2_camera_msgs/msg/detail/imu_info__rosidl_typesupport_fastrtps_c.h
[4.441s] -- Up-to-date symlink: /home/jimmy/ros2_ws/install/realsense2_camera_msgs/include/realsense2_camera_msgs/realsense2_camera_msgs/msg/detail/metadata__rosidl_typesupport_fastrtps_c.h
[4.442s] -- Up-to-date symlink: /home/jimmy/ros2_ws/install/realsense2_camera_msgs/include/realsense2_camera_msgs/realsense2_camera_msgs/msg/detail/rgbd__rosidl_typesupport_fastrtps_c.h
[4.442s] -- Up-to-date symlink: /home/jimmy/ros2_ws/install/realsense2_camera_msgs/include/realsense2_camera_msgs/realsense2_camera_msgs/msg/rosidl_typesupport_fastrtps_c__visibility_control.h
[4.442s] -- Up-to-date symlink: /home/jimmy/ros2_ws/install/realsense2_camera_msgs/include/realsense2_camera_msgs/realsense2_camera_msgs/srv/detail/calib_config_read__rosidl_typesupport_fastrtps_c.h
[4.442s] -- Up-to-date symlink: /home/jimmy/ros2_ws/install/realsense2_camera_msgs/include/realsense2_camera_msgs/realsense2_camera_msgs/srv/detail/calib_config_write__rosidl_typesupport_fastrtps_c.h
[4.442s] -- Up-to-date symlink: /home/jimmy/ros2_ws/install/realsense2_camera_msgs/include/realsense2_camera_msgs/realsense2_camera_msgs/srv/detail/device_info__rosidl_typesupport_fastrtps_c.h
[4.443s] -- Up-to-date symlink: /home/jimmy/ros2_ws/install/realsense2_camera_msgs/include/realsense2_camera_msgs/realsense2_camera_msgs/action/detail/triggered_calibration__rosidl_typesupport_introspection_c.h
[4.443s] -- Up-to-date symlink: /home/jimmy/ros2_ws/install/realsense2_camera_msgs/include/realsense2_camera_msgs/realsense2_camera_msgs/msg/detail/extrinsics__rosidl_typesupport_introspection_c.h
[4.443s] -- Up-to-date symlink: /home/jimmy/ros2_ws/install/realsense2_camera_msgs/include/realsense2_camera_msgs/realsense2_camera_msgs/msg/detail/imu_info__rosidl_typesupport_introspection_c.h
[4.443s] -- Up-to-date symlink: /home/jimmy/ros2_ws/install/realsense2_camera_msgs/include/realsense2_camera_msgs/realsense2_camera_msgs/msg/detail/metadata__rosidl_typesupport_introspection_c.h
[4.443s] -- Up-to-date symlink: /home/jimmy/ros2_ws/install/realsense2_camera_msgs/include/realsense2_camera_msgs/realsense2_camera_msgs/msg/detail/rgbd__rosidl_typesupport_introspection_c.h
[4.444s] -- Up-to-date symlink: /home/jimmy/ros2_ws/install/realsense2_camera_msgs/include/realsense2_camera_msgs/realsense2_camera_msgs/msg/rosidl_typesupport_introspection_c__visibility_control.h
[4.444s] -- Up-to-date symlink: /home/jimmy/ros2_ws/install/realsense2_camera_msgs/include/realsense2_camera_msgs/realsense2_camera_msgs/srv/detail/calib_config_read__rosidl_typesupport_introspection_c.h
[4.444s] -- Up-to-date symlink: /home/jimmy/ros2_ws/install/realsense2_camera_msgs/include/realsense2_camera_msgs/realsense2_camera_msgs/srv/detail/calib_config_write__rosidl_typesupport_introspection_c.h
[4.444s] -- Up-to-date symlink: /home/jimmy/ros2_ws/install/realsense2_camera_msgs/include/realsense2_camera_msgs/realsense2_camera_msgs/srv/detail/device_info__rosidl_typesupport_introspection_c.h
[4.445s] -- Up-to-date symlink: /home/jimmy/ros2_ws/install/realsense2_camera_msgs/include/realsense2_camera_msgs/realsense2_camera_msgs/action/detail/triggered_calibration__builder.hpp
[4.445s] -- Up-to-date symlink: /home/jimmy/ros2_ws/install/realsense2_camera_msgs/include/realsense2_camera_msgs/realsense2_camera_msgs/action/detail/triggered_calibration__struct.hpp
[4.445s] -- Up-to-date symlink: /home/jimmy/ros2_ws/install/realsense2_camera_msgs/include/realsense2_camera_msgs/realsense2_camera_msgs/action/detail/triggered_calibration__traits.hpp
[4.445s] -- Up-to-date symlink: /home/jimmy/ros2_ws/install/realsense2_camera_msgs/include/realsense2_camera_msgs/realsense2_camera_msgs/action/detail/triggered_calibration__type_support.hpp
[4.446s] -- Up-to-date symlink: /home/jimmy/ros2_ws/install/realsense2_camera_msgs/include/realsense2_camera_msgs/realsense2_camera_msgs/action/triggered_calibration.hpp
[4.446s] -- Up-to-date symlink: /home/jimmy/ros2_ws/install/realsense2_camera_msgs/include/realsense2_camera_msgs/realsense2_camera_msgs/msg/detail/extrinsics__builder.hpp
[4.446s] -- Up-to-date symlink: /home/jimmy/ros2_ws/install/realsense2_camera_msgs/include/realsense2_camera_msgs/realsense2_camera_msgs/msg/detail/extrinsics__struct.hpp
[4.446s] -- Up-to-date symlink: /home/jimmy/ros2_ws/install/realsense2_camera_msgs/include/realsense2_camera_msgs/realsense2_camera_msgs/msg/detail/extrinsics__traits.hpp
[4.446s] -- Up-to-date symlink: /home/jimmy/ros2_ws/install/realsense2_camera_msgs/include/realsense2_camera_msgs/realsense2_camera_msgs/msg/detail/extrinsics__type_support.hpp
[4.446s] -- Up-to-date symlink: /home/jimmy/ros2_ws/install/realsense2_camera_msgs/include/realsense2_camera_msgs/realsense2_camera_msgs/msg/detail/imu_info__builder.hpp
[4.446s] -- Up-to-date symlink: /home/jimmy/ros2_ws/install/realsense2_camera_msgs/include/realsense2_camera_msgs/realsense2_camera_msgs/msg/detail/imu_info__struct.hpp
[4.447s] -- Up-to-date symlink: /home/jimmy/ros2_ws/install/realsense2_camera_msgs/include/realsense2_camera_msgs/realsense2_camera_msgs/msg/detail/imu_info__traits.hpp
[4.447s] -- Up-to-date symlink: /home/jimmy/ros2_ws/install/realsense2_camera_msgs/include/realsense2_camera_msgs/realsense2_camera_msgs/msg/detail/imu_info__type_support.hpp
[4.447s] -- Up-to-date symlink: /home/jimmy/ros2_ws/install/realsense2_camera_msgs/include/realsense2_camera_msgs/realsense2_camera_msgs/msg/detail/metadata__builder.hpp
[4.447s] -- Up-to-date symlink: /home/jimmy/ros2_ws/install/realsense2_camera_msgs/include/realsense2_camera_msgs/realsense2_camera_msgs/msg/detail/metadata__struct.hpp
[4.447s] -- Up-to-date symlink: /home/jimmy/ros2_ws/install/realsense2_camera_msgs/include/realsense2_camera_msgs/realsense2_camera_msgs/msg/detail/metadata__traits.hpp
[4.447s] -- Up-to-date symlink: /home/jimmy/ros2_ws/install/realsense2_camera_msgs/include/realsense2_camera_msgs/realsense2_camera_msgs/msg/detail/metadata__type_support.hpp
[4.448s] -- Up-to-date symlink: /home/jimmy/ros2_ws/install/realsense2_camera_msgs/include/realsense2_camera_msgs/realsense2_camera_msgs/msg/detail/rgbd__builder.hpp
[4.448s] -- Up-to-date symlink: /home/jimmy/ros2_ws/install/realsense2_camera_msgs/include/realsense2_camera_msgs/realsense2_camera_msgs/msg/detail/rgbd__struct.hpp
[4.448s] -- Up-to-date symlink: /home/jimmy/ros2_ws/install/realsense2_camera_msgs/include/realsense2_camera_msgs/realsense2_camera_msgs/msg/detail/rgbd__traits.hpp
[4.448s] -- Up-to-date symlink: /home/jimmy/ros2_ws/install/realsense2_camera_msgs/include/realsense2_camera_msgs/realsense2_camera_msgs/msg/detail/rgbd__type_support.hpp
[4.448s] -- Up-to-date symlink: /home/jimmy/ros2_ws/install/realsense2_camera_msgs/include/realsense2_camera_msgs/realsense2_camera_msgs/msg/extrinsics.hpp
[4.448s] -- Up-to-date symlink: /home/jimmy/ros2_ws/install/realsense2_camera_msgs/include/realsense2_camera_msgs/realsense2_camera_msgs/msg/imu_info.hpp
[4.448s] -- Up-to-date symlink: /home/jimmy/ros2_ws/install/realsense2_camera_msgs/include/realsense2_camera_msgs/realsense2_camera_msgs/msg/metadata.hpp
[4.449s] -- Up-to-date symlink: /home/jimmy/ros2_ws/install/realsense2_camera_msgs/include/realsense2_camera_msgs/realsense2_camera_msgs/msg/rgbd.hpp
[4.449s] -- Up-to-date symlink: /home/jimmy/ros2_ws/install/realsense2_camera_msgs/include/realsense2_camera_msgs/realsense2_camera_msgs/msg/rosidl_generator_cpp__visibility_control.hpp
[4.449s] -- Up-to-date symlink: /home/jimmy/ros2_ws/install/realsense2_camera_msgs/include/realsense2_camera_msgs/realsense2_camera_msgs/srv/calib_config_read.hpp
[4.449s] -- Up-to-date symlink: /home/jimmy/ros2_ws/install/realsense2_camera_msgs/include/realsense2_camera_msgs/realsense2_camera_msgs/srv/calib_config_write.hpp
[4.449s] -- Up-to-date symlink: /home/jimmy/ros2_ws/install/realsense2_camera_msgs/include/realsense2_camera_msgs/realsense2_camera_msgs/srv/detail/calib_config_read__builder.hpp
[4.449s] -- Up-to-date symlink: /home/jimmy/ros2_ws/install/realsense2_camera_msgs/include/realsense2_camera_msgs/realsense2_camera_msgs/srv/detail/calib_config_read__struct.hpp
[4.450s] -- Up-to-date symlink: /home/jimmy/ros2_ws/install/realsense2_camera_msgs/include/realsense2_camera_msgs/realsense2_camera_msgs/srv/detail/calib_config_read__traits.hpp
[4.450s] -- Up-to-date symlink: /home/jimmy/ros2_ws/install/realsense2_camera_msgs/include/realsense2_camera_msgs/realsense2_camera_msgs/srv/detail/calib_config_read__type_support.hpp
[4.450s] -- Up-to-date symlink: /home/jimmy/ros2_ws/install/realsense2_camera_msgs/include/realsense2_camera_msgs/realsense2_camera_msgs/srv/detail/calib_config_write__builder.hpp
[4.450s] -- Up-to-date symlink: /home/jimmy/ros2_ws/install/realsense2_camera_msgs/include/realsense2_camera_msgs/realsense2_camera_msgs/srv/detail/calib_config_write__struct.hpp
[4.450s] -- Up-to-date symlink: /home/jimmy/ros2_ws/install/realsense2_camera_msgs/include/realsense2_camera_msgs/realsense2_camera_msgs/srv/detail/calib_config_write__traits.hpp
[4.450s] -- Up-to-date symlink: /home/jimmy/ros2_ws/install/realsense2_camera_msgs/include/realsense2_camera_msgs/realsense2_camera_msgs/srv/detail/calib_config_write__type_support.hpp
[4.450s] -- Up-to-date symlink: /home/jimmy/ros2_ws/install/realsense2_camera_msgs/include/realsense2_camera_msgs/realsense2_camera_msgs/srv/detail/device_info__builder.hpp
[4.451s] -- Up-to-date symlink: /home/jimmy/ros2_ws/install/realsense2_camera_msgs/include/realsense2_camera_msgs/realsense2_camera_msgs/srv/detail/device_info__struct.hpp
[4.451s] -- Up-to-date symlink: /home/jimmy/ros2_ws/install/realsense2_camera_msgs/include/realsense2_camera_msgs/realsense2_camera_msgs/srv/detail/device_info__traits.hpp
[4.451s] -- Up-to-date symlink: /home/jimmy/ros2_ws/install/realsense2_camera_msgs/include/realsense2_camera_msgs/realsense2_camera_msgs/srv/detail/device_info__type_support.hpp
[4.451s] -- Up-to-date symlink: /home/jimmy/ros2_ws/install/realsense2_camera_msgs/include/realsense2_camera_msgs/realsense2_camera_msgs/srv/device_info.hpp
[4.452s] -- Up-to-date symlink: /home/jimmy/ros2_ws/install/realsense2_camera_msgs/include/realsense2_camera_msgs/realsense2_camera_msgs/action/detail/triggered_calibration__rosidl_typesupport_fastrtps_cpp.hpp
[4.452s] -- Up-to-date symlink: /home/jimmy/ros2_ws/install/realsense2_camera_msgs/include/realsense2_camera_msgs/realsense2_camera_msgs/msg/detail/extrinsics__rosidl_typesupport_fastrtps_cpp.hpp
[4.452s] -- Up-to-date symlink: /home/jimmy/ros2_ws/install/realsense2_camera_msgs/include/realsense2_camera_msgs/realsense2_camera_msgs/msg/detail/imu_info__rosidl_typesupport_fastrtps_cpp.hpp
[4.453s] -- Up-to-date symlink: /home/jimmy/ros2_ws/install/realsense2_camera_msgs/include/realsense2_camera_msgs/realsense2_camera_msgs/msg/detail/metadata__rosidl_typesupport_fastrtps_cpp.hpp
[4.453s] -- Up-to-date symlink: /home/jimmy/ros2_ws/install/realsense2_camera_msgs/include/realsense2_camera_msgs/realsense2_camera_msgs/msg/detail/rgbd__rosidl_typesupport_fastrtps_cpp.hpp
[4.453s] -- Up-to-date symlink: /home/jimmy/ros2_ws/install/realsense2_camera_msgs/include/realsense2_camera_msgs/realsense2_camera_msgs/msg/rosidl_typesupport_fastrtps_cpp__visibility_control.h
[4.453s] -- Up-to-date symlink: /home/jimmy/ros2_ws/install/realsense2_camera_msgs/include/realsense2_camera_msgs/realsense2_camera_msgs/srv/detail/calib_config_read__rosidl_typesupport_fastrtps_cpp.hpp
[4.453s] -- Up-to-date symlink: /home/jimmy/ros2_ws/install/realsense2_camera_msgs/include/realsense2_camera_msgs/realsense2_camera_msgs/srv/detail/calib_config_write__rosidl_typesupport_fastrtps_cpp.hpp
[4.453s] -- Up-to-date symlink: /home/jimmy/ros2_ws/install/realsense2_camera_msgs/include/realsense2_camera_msgs/realsense2_camera_msgs/srv/detail/device_info__rosidl_typesupport_fastrtps_cpp.hpp
[4.454s] -- Up-to-date symlink: /home/jimmy/ros2_ws/install/realsense2_camera_msgs/include/realsense2_camera_msgs/realsense2_camera_msgs/action/detail/triggered_calibration__rosidl_typesupport_introspection_cpp.hpp
[4.454s] -- Up-to-date symlink: /home/jimmy/ros2_ws/install/realsense2_camera_msgs/include/realsense2_camera_msgs/realsense2_camera_msgs/msg/detail/extrinsics__rosidl_typesupport_introspection_cpp.hpp
[4.454s] -- Up-to-date symlink: /home/jimmy/ros2_ws/install/realsense2_camera_msgs/include/realsense2_camera_msgs/realsense2_camera_msgs/msg/detail/imu_info__rosidl_typesupport_introspection_cpp.hpp
[4.454s] -- Up-to-date symlink: /home/jimmy/ros2_ws/install/realsense2_camera_msgs/include/realsense2_camera_msgs/realsense2_camera_msgs/msg/detail/metadata__rosidl_typesupport_introspection_cpp.hpp
[4.455s] -- Up-to-date symlink: /home/jimmy/ros2_ws/install/realsense2_camera_msgs/include/realsense2_camera_msgs/realsense2_camera_msgs/msg/detail/rgbd__rosidl_typesupport_introspection_cpp.hpp
[4.455s] -- Up-to-date symlink: /home/jimmy/ros2_ws/install/realsense2_camera_msgs/include/realsense2_camera_msgs/realsense2_camera_msgs/srv/detail/calib_config_read__rosidl_typesupport_introspection_cpp.hpp
[4.455s] -- Up-to-date symlink: /home/jimmy/ros2_ws/install/realsense2_camera_msgs/include/realsense2_camera_msgs/realsense2_camera_msgs/srv/detail/calib_config_write__rosidl_typesupport_introspection_cpp.hpp
[4.455s] -- Up-to-date symlink: /home/jimmy/ros2_ws/install/realsense2_camera_msgs/include/realsense2_camera_msgs/realsense2_camera_msgs/srv/detail/device_info__rosidl_typesupport_introspection_cpp.hpp
[4.455s] -- Up-to-date symlink: /home/jimmy/ros2_ws/install/realsense2_camera_msgs/share/realsense2_camera_msgs/environment/pythonpath.sh
[4.456s] -- Up-to-date symlink: /home/jimmy/ros2_ws/install/realsense2_camera_msgs/share/realsense2_camera_msgs/environment/pythonpath.dsv
[4.456s] -- Up-to-date symlink: /home/jimmy/ros2_ws/install/realsense2_camera_msgs/lib/python3.13/site-packages/realsense2_camera_msgs-4.56.4-py3.13.egg-info/PKG-INFO
[4.456s] -- Up-to-date symlink: /home/jimmy/ros2_ws/install/realsense2_camera_msgs/lib/python3.13/site-packages/realsense2_camera_msgs-4.56.4-py3.13.egg-info/SOURCES.txt
[4.456s] -- Up-to-date symlink: /home/jimmy/ros2_ws/install/realsense2_camera_msgs/lib/python3.13/site-packages/realsense2_camera_msgs-4.56.4-py3.13.egg-info/dependency_links.txt
[4.456s] -- Up-to-date symlink: /home/jimmy/ros2_ws/install/realsense2_camera_msgs/lib/python3.13/site-packages/realsense2_camera_msgs-4.56.4-py3.13.egg-info/top_level.txt
[4.457s] -- Up-to-date symlink: /home/jimmy/ros2_ws/install/realsense2_camera_msgs/lib/python3.13/site-packages/realsense2_camera_msgs/__init__.py
[4.458s] -- Up-to-date symlink: /home/jimmy/ros2_ws/install/realsense2_camera_msgs/lib/python3.13/site-packages/realsense2_camera_msgs/_realsense2_camera_msgs_s.ep.rosidl_typesupport_c.c
[4.458s] -- Up-to-date symlink: /home/jimmy/ros2_ws/install/realsense2_camera_msgs/lib/python3.13/site-packages/realsense2_camera_msgs/_realsense2_camera_msgs_s.ep.rosidl_typesupport_fastrtps_c.c
[4.458s] -- Up-to-date symlink: /home/jimmy/ros2_ws/install/realsense2_camera_msgs/lib/python3.13/site-packages/realsense2_camera_msgs/_realsense2_camera_msgs_s.ep.rosidl_typesupport_introspection_c.c
[4.458s] -- Up-to-date symlink: /home/jimmy/ros2_ws/install/realsense2_camera_msgs/lib/python3.13/site-packages/realsense2_camera_msgs/action/__init__.py
[4.458s] -- Up-to-date symlink: /home/jimmy/ros2_ws/install/realsense2_camera_msgs/lib/python3.13/site-packages/realsense2_camera_msgs/action/_triggered_calibration.py
[4.458s] -- Up-to-date symlink: /home/jimmy/ros2_ws/install/realsense2_camera_msgs/lib/python3.13/site-packages/realsense2_camera_msgs/action/_triggered_calibration_s.c
[4.458s] -- Up-to-date symlink: /home/jimmy/ros2_ws/install/realsense2_camera_msgs/lib/python3.13/site-packages/realsense2_camera_msgs/msg/__init__.py
[4.459s] -- Up-to-date symlink: /home/jimmy/ros2_ws/install/realsense2_camera_msgs/lib/python3.13/site-packages/realsense2_camera_msgs/msg/_extrinsics.py
[4.459s] -- Up-to-date symlink: /home/jimmy/ros2_ws/install/realsense2_camera_msgs/lib/python3.13/site-packages/realsense2_camera_msgs/msg/_extrinsics_s.c
[4.459s] -- Up-to-date symlink: /home/jimmy/ros2_ws/install/realsense2_camera_msgs/lib/python3.13/site-packages/realsense2_camera_msgs/msg/_imu_info.py
[4.459s] -- Up-to-date symlink: /home/jimmy/ros2_ws/install/realsense2_camera_msgs/lib/python3.13/site-packages/realsense2_camera_msgs/msg/_imu_info_s.c
[4.459s] -- Up-to-date symlink: /home/jimmy/ros2_ws/install/realsense2_camera_msgs/lib/python3.13/site-packages/realsense2_camera_msgs/msg/_metadata.py
[4.459s] -- Up-to-date symlink: /home/jimmy/ros2_ws/install/realsense2_camera_msgs/lib/python3.13/site-packages/realsense2_camera_msgs/msg/_metadata_s.c
[4.460s] -- Up-to-date symlink: /home/jimmy/ros2_ws/install/realsense2_camera_msgs/lib/python3.13/site-packages/realsense2_camera_msgs/msg/_rgbd.py
[4.460s] -- Up-to-date symlink: /home/jimmy/ros2_ws/install/realsense2_camera_msgs/lib/python3.13/site-packages/realsense2_camera_msgs/msg/_rgbd_s.c
[4.460s] -- Up-to-date symlink: /home/jimmy/ros2_ws/install/realsense2_camera_msgs/lib/python3.13/site-packages/realsense2_camera_msgs/realsense2_camera_msgs_s__rosidl_typesupport_c.so
[4.460s] -- Up-to-date symlink: /home/jimmy/ros2_ws/install/realsense2_camera_msgs/lib/python3.13/site-packages/realsense2_camera_msgs/realsense2_camera_msgs_s__rosidl_typesupport_fastrtps_c.so
[4.460s] -- Up-to-date symlink: /home/jimmy/ros2_ws/install/realsense2_camera_msgs/lib/python3.13/site-packages/realsense2_camera_msgs/realsense2_camera_msgs_s__rosidl_typesupport_introspection_c.so
[4.460s] -- Up-to-date symlink: /home/jimmy/ros2_ws/install/realsense2_camera_msgs/lib/python3.13/site-packages/realsense2_camera_msgs/srv/__init__.py
[4.460s] -- Up-to-date symlink: /home/jimmy/ros2_ws/install/realsense2_camera_msgs/lib/python3.13/site-packages/realsense2_camera_msgs/srv/_calib_config_read.py
[4.461s] -- Up-to-date symlink: /home/jimmy/ros2_ws/install/realsense2_camera_msgs/lib/python3.13/site-packages/realsense2_camera_msgs/srv/_calib_config_read_s.c
[4.461s] -- Up-to-date symlink: /home/jimmy/ros2_ws/install/realsense2_camera_msgs/lib/python3.13/site-packages/realsense2_camera_msgs/srv/_calib_config_write.py
[4.461s] -- Up-to-date symlink: /home/jimmy/ros2_ws/install/realsense2_camera_msgs/lib/python3.13/site-packages/realsense2_camera_msgs/srv/_calib_config_write_s.c
[4.461s] -- Up-to-date symlink: /home/jimmy/ros2_ws/install/realsense2_camera_msgs/lib/python3.13/site-packages/realsense2_camera_msgs/srv/_device_info.py
[4.461s] -- Up-to-date symlink: /home/jimmy/ros2_ws/install/realsense2_camera_msgs/lib/python3.13/site-packages/realsense2_camera_msgs/srv/_device_info_s.c
[4.462s] -- Up-to-date symlink: /home/jimmy/ros2_ws/install/realsense2_camera_msgs/lib/python3.13/site-packages/realsense2_camera_msgs/realsense2_camera_msgs_s__rosidl_typesupport_fastrtps_c.so
[4.462s] -- Up-to-date symlink: /home/jimmy/ros2_ws/install/realsense2_camera_msgs/lib/python3.13/site-packages/realsense2_camera_msgs/realsense2_camera_msgs_s__rosidl_typesupport_introspection_c.so
[4.462s] -- Up-to-date symlink: /home/jimmy/ros2_ws/install/realsense2_camera_msgs/lib/python3.13/site-packages/realsense2_camera_msgs/realsense2_camera_msgs_s__rosidl_typesupport_c.so
[4.462s] -- Up-to-date symlink: /home/jimmy/ros2_ws/install/realsense2_camera_msgs/share/realsense2_camera_msgs/msg/IMUInfo.idl
[4.463s] -- Up-to-date symlink: /home/jimmy/ros2_ws/install/realsense2_camera_msgs/share/realsense2_camera_msgs/msg/Extrinsics.idl
[4.463s] -- Up-to-date symlink: /home/jimmy/ros2_ws/install/realsense2_camera_msgs/share/realsense2_camera_msgs/msg/Metadata.idl
[4.463s] -- Up-to-date symlink: /home/jimmy/ros2_ws/install/realsense2_camera_msgs/share/realsense2_camera_msgs/msg/RGBD.idl
[4.463s] -- Up-to-date symlink: /home/jimmy/ros2_ws/install/realsense2_camera_msgs/share/realsense2_camera_msgs/srv/DeviceInfo.idl
[4.463s] -- Up-to-date symlink: /home/jimmy/ros2_ws/install/realsense2_camera_msgs/share/realsense2_camera_msgs/srv/CalibConfigRead.idl
[4.464s] -- Up-to-date symlink: /home/jimmy/ros2_ws/install/realsense2_camera_msgs/share/realsense2_camera_msgs/srv/CalibConfigWrite.idl
[4.464s] -- Up-to-date symlink: /home/jimmy/ros2_ws/install/realsense2_camera_msgs/share/realsense2_camera_msgs/action/TriggeredCalibration.idl
[4.464s] -- Up-to-date symlink: /home/jimmy/ros2_ws/install/realsense2_camera_msgs/share/realsense2_camera_msgs/msg/IMUInfo.msg
[4.464s] -- Up-to-date symlink: /home/jimmy/ros2_ws/install/realsense2_camera_msgs/share/realsense2_camera_msgs/msg/Extrinsics.msg
[4.464s] -- Up-to-date symlink: /home/jimmy/ros2_ws/install/realsense2_camera_msgs/share/realsense2_camera_msgs/msg/Metadata.msg
[4.465s] -- Up-to-date symlink: /home/jimmy/ros2_ws/install/realsense2_camera_msgs/share/realsense2_camera_msgs/msg/RGBD.msg
[4.465s] -- Up-to-date symlink: /home/jimmy/ros2_ws/install/realsense2_camera_msgs/share/realsense2_camera_msgs/srv/DeviceInfo.srv
[4.465s] -- Up-to-date symlink: /home/jimmy/ros2_ws/install/realsense2_camera_msgs/share/realsense2_camera_msgs/srv/CalibConfigRead.srv
[4.465s] -- Up-to-date symlink: /home/jimmy/ros2_ws/install/realsense2_camera_msgs/share/realsense2_camera_msgs/srv/CalibConfigWrite.srv
[4.465s] -- Up-to-date symlink: /home/jimmy/ros2_ws/install/realsense2_camera_msgs/share/realsense2_camera_msgs/action/TriggeredCalibration.action
[4.466s] -- Up-to-date symlink: /home/jimmy/ros2_ws/install/realsense2_camera_msgs/share/ament_index/resource_index/package_run_dependencies/realsense2_camera_msgs
[4.466s] -- Up-to-date symlink: /home/jimmy/ros2_ws/install/realsense2_camera_msgs/share/ament_index/resource_index/parent_prefix_path/realsense2_camera_msgs
[4.466s] -- Up-to-date symlink: /home/jimmy/ros2_ws/install/realsense2_camera_msgs/share/realsense2_camera_msgs/environment/ament_prefix_path.sh
[4.466s] -- Up-to-date symlink: /home/jimmy/ros2_ws/install/realsense2_camera_msgs/share/realsense2_camera_msgs/environment/ament_prefix_path.dsv
[4.466s] -- Up-to-date symlink: /home/jimmy/ros2_ws/install/realsense2_camera_msgs/share/realsense2_camera_msgs/environment/path.sh
[4.467s] -- Up-to-date symlink: /home/jimmy/ros2_ws/install/realsense2_camera_msgs/share/realsense2_camera_msgs/environment/path.dsv
[4.467s] -- Up-to-date symlink: /home/jimmy/ros2_ws/install/realsense2_camera_msgs/share/realsense2_camera_msgs/local_setup.bash
[4.467s] -- Up-to-date symlink: /home/jimmy/ros2_ws/install/realsense2_camera_msgs/share/realsense2_camera_msgs/local_setup.sh
[4.467s] -- Up-to-date symlink: /home/jimmy/ros2_ws/install/realsense2_camera_msgs/share/realsense2_camera_msgs/local_setup.zsh
[4.468s] -- Up-to-date symlink: /home/jimmy/ros2_ws/install/realsense2_camera_msgs/share/realsense2_camera_msgs/local_setup.dsv
[4.468s] -- Symlinking: /home/jimmy/ros2_ws/install/realsense2_camera_msgs/share/realsense2_camera_msgs/package.dsv
[4.485s] -- Up-to-date symlink: /home/jimmy/ros2_ws/install/realsense2_camera_msgs/share/ament_index/resource_index/packages/realsense2_camera_msgs
[4.486s] -- Up-to-date symlink: /home/jimmy/ros2_ws/install/realsense2_camera_msgs/share/realsense2_camera_msgs/cmake/rosidl_cmake-extras.cmake
[4.486s] -- Up-to-date symlink: /home/jimmy/ros2_ws/install/realsense2_camera_msgs/share/realsense2_camera_msgs/cmake/ament_cmake_export_dependencies-extras.cmake
[4.486s] -- Up-to-date symlink: /home/jimmy/ros2_ws/install/realsense2_camera_msgs/share/realsense2_camera_msgs/cmake/ament_cmake_export_include_directories-extras.cmake
[4.486s] -- Up-to-date symlink: /home/jimmy/ros2_ws/install/realsense2_camera_msgs/share/realsense2_camera_msgs/cmake/ament_cmake_export_libraries-extras.cmake
[4.486s] -- Up-to-date symlink: /home/jimmy/ros2_ws/install/realsense2_camera_msgs/share/realsense2_camera_msgs/cmake/ament_cmake_export_targets-extras.cmake
[4.486s] -- Up-to-date symlink: /home/jimmy/ros2_ws/install/realsense2_camera_msgs/share/realsense2_camera_msgs/cmake/rosidl_cmake_export_typesupport_targets-extras.cmake
[4.486s] -- Up-to-date symlink: /home/jimmy/ros2_ws/install/realsense2_camera_msgs/share/realsense2_camera_msgs/cmake/rosidl_cmake_export_typesupport_libraries-extras.cmake
[4.487s] -- Up-to-date symlink: /home/jimmy/ros2_ws/install/realsense2_camera_msgs/share/realsense2_camera_msgs/cmake/realsense2_camera_msgsConfig.cmake
[4.487s] -- Up-to-date symlink: /home/jimmy/ros2_ws/install/realsense2_camera_msgs/share/realsense2_camera_msgs/cmake/realsense2_camera_msgsConfig-version.cmake
[4.487s] -- Up-to-date symlink: /home/jimmy/ros2_ws/install/realsense2_camera_msgs/share/realsense2_camera_msgs/package.xml
[4.487s] -- Up-to-date: /home/jimmy/ros2_ws/install/realsense2_camera_msgs/lib/librealsense2_camera_msgs__rosidl_generator_c.so
[4.488s] -- Up-to-date: /home/jimmy/ros2_ws/install/realsense2_camera_msgs/lib/librealsense2_camera_msgs__rosidl_typesupport_fastrtps_c.so
[4.488s] -- Up-to-date: /home/jimmy/ros2_ws/install/realsense2_camera_msgs/lib/librealsense2_camera_msgs__rosidl_typesupport_introspection_c.so
[4.489s] -- Up-to-date: /home/jimmy/ros2_ws/install/realsense2_camera_msgs/lib/librealsense2_camera_msgs__rosidl_typesupport_c.so
[4.489s] -- Up-to-date: /home/jimmy/ros2_ws/install/realsense2_camera_msgs/lib/librealsense2_camera_msgs__rosidl_typesupport_fastrtps_cpp.so
[4.490s] -- Up-to-date: /home/jimmy/ros2_ws/install/realsense2_camera_msgs/lib/librealsense2_camera_msgs__rosidl_typesupport_introspection_cpp.so
[4.490s] -- Up-to-date: /home/jimmy/ros2_ws/install/realsense2_camera_msgs/lib/librealsense2_camera_msgs__rosidl_typesupport_cpp.so
[4.543s] Listing '/home/jimmy/ros2_ws/install/realsense2_camera_msgs/lib/python3.13/site-packages/realsense2_camera_msgs'...
[4.543s] Compiling '/home/jimmy/ros2_ws/install/realsense2_camera_msgs/lib/python3.13/site-packages/realsense2_camera_msgs/__init__.py'...
[4.544s] Listing '/home/jimmy/ros2_ws/install/realsense2_camera_msgs/lib/python3.13/site-packages/realsense2_camera_msgs/action'...
[4.544s] Listing '/home/jimmy/ros2_ws/install/realsense2_camera_msgs/lib/python3.13/site-packages/realsense2_camera_msgs/msg'...
[4.544s] Listing '/home/jimmy/ros2_ws/install/realsense2_camera_msgs/lib/python3.13/site-packages/realsense2_camera_msgs/srv'...
[4.555s] -- Up-to-date: /home/jimmy/ros2_ws/install/realsense2_camera_msgs/lib/librealsense2_camera_msgs__rosidl_generator_py.so
[4.555s] -- Up-to-date: /home/jimmy/ros2_ws/install/realsense2_camera_msgs/share/realsense2_camera_msgs/cmake/export_realsense2_camera_msgs__rosidl_generator_cExport.cmake
[4.555s] -- Up-to-date: /home/jimmy/ros2_ws/install/realsense2_camera_msgs/share/realsense2_camera_msgs/cmake/export_realsense2_camera_msgs__rosidl_generator_cExport-noconfig.cmake
[4.555s] -- Up-to-date: /home/jimmy/ros2_ws/install/realsense2_camera_msgs/share/realsense2_camera_msgs/cmake/export_realsense2_camera_msgs__rosidl_typesupport_fastrtps_cExport.cmake
[4.556s] -- Up-to-date: /home/jimmy/ros2_ws/install/realsense2_camera_msgs/share/realsense2_camera_msgs/cmake/export_realsense2_camera_msgs__rosidl_typesupport_fastrtps_cExport-noconfig.cmake
[4.556s] -- Up-to-date: /home/jimmy/ros2_ws/install/realsense2_camera_msgs/share/realsense2_camera_msgs/cmake/realsense2_camera_msgs__rosidl_typesupport_introspection_cExport.cmake
[4.556s] -- Up-to-date: /home/jimmy/ros2_ws/install/realsense2_camera_msgs/share/realsense2_camera_msgs/cmake/realsense2_camera_msgs__rosidl_typesupport_introspection_cExport-noconfig.cmake
[4.556s] -- Up-to-date: /home/jimmy/ros2_ws/install/realsense2_camera_msgs/share/realsense2_camera_msgs/cmake/realsense2_camera_msgs__rosidl_typesupport_cExport.cmake
[4.556s] -- Up-to-date: /home/jimmy/ros2_ws/install/realsense2_camera_msgs/share/realsense2_camera_msgs/cmake/realsense2_camera_msgs__rosidl_typesupport_cExport-noconfig.cmake
[4.556s] -- Up-to-date: /home/jimmy/ros2_ws/install/realsense2_camera_msgs/share/realsense2_camera_msgs/cmake/export_realsense2_camera_msgs__rosidl_generator_cppExport.cmake
[4.556s] -- Up-to-date: /home/jimmy/ros2_ws/install/realsense2_camera_msgs/share/realsense2_camera_msgs/cmake/export_realsense2_camera_msgs__rosidl_typesupport_fastrtps_cppExport.cmake
[4.556s] -- Up-to-date: /home/jimmy/ros2_ws/install/realsense2_camera_msgs/share/realsense2_camera_msgs/cmake/export_realsense2_camera_msgs__rosidl_typesupport_fastrtps_cppExport-noconfig.cmake
[4.557s] -- Up-to-date: /home/jimmy/ros2_ws/install/realsense2_camera_msgs/share/realsense2_camera_msgs/cmake/realsense2_camera_msgs__rosidl_typesupport_introspection_cppExport.cmake
[4.557s] -- Up-to-date: /home/jimmy/ros2_ws/install/realsense2_camera_msgs/share/realsense2_camera_msgs/cmake/realsense2_camera_msgs__rosidl_typesupport_introspection_cppExport-noconfig.cmake
[4.557s] -- Up-to-date: /home/jimmy/ros2_ws/install/realsense2_camera_msgs/share/realsense2_camera_msgs/cmake/realsense2_camera_msgs__rosidl_typesupport_cppExport.cmake
[4.557s] -- Up-to-date: /home/jimmy/ros2_ws/install/realsense2_camera_msgs/share/realsense2_camera_msgs/cmake/realsense2_camera_msgs__rosidl_typesupport_cppExport-noconfig.cmake
[4.557s] -- Up-to-date: /home/jimmy/ros2_ws/install/realsense2_camera_msgs/share/realsense2_camera_msgs/cmake/export_realsense2_camera_msgs__rosidl_generator_pyExport.cmake
[4.557s] -- Up-to-date: /home/jimmy/ros2_ws/install/realsense2_camera_msgs/share/realsense2_camera_msgs/cmake/export_realsense2_camera_msgs__rosidl_generator_pyExport-noconfig.cmake
[4.561s] Invoked command in '/home/jimmy/ros2_ws/build/realsense2_camera_msgs' returned '0': CMAKE_PREFIX_PATH=${CMAKE_PREFIX_PATH}:/opt/ros/jazzy CONDA_PROMPT_MODIFIER=(base) DEBUGINFOD_URLS=https://debuginfod.ubuntu.com /usr/bin/cmake --install /home/jimmy/ros2_ws/build/realsense2_camera_msgs
