[0.028s] Invoking command in '/home/jimmy/ros2_ws/build/realsense2_camera': CMAKE_PREFIX_PATH=/home/jimmy/ros2_ws/install/realsense2_camera_msgs:/home/jimmy/ros2_ws/install/servo:/home/jimmy/ros2_ws/install/realsense2_description:/home/jimmy/ros2_ws/install/realsense2_camera:/home/jimmy/ros2_ws/install/interfaces:/opt/ros/jazzy/opt/gz_math_vendor:/opt/ros/jazzy/opt/gz_utils_vendor:/opt/ros/jazzy/opt/gz_cmake_vendor:/opt/ros/jazzy CONDA_PROMPT_MODIFIER=(base) DEBUGINFOD_URLS=https://debuginfod.ubuntu.com LD_LIBRARY_PATH=/home/jimmy/ros2_ws/install/realsense2_camera_msgs/lib:/home/jimmy/ros2_ws/install/realsense2_camera/lib:/home/jimmy/ros2_ws/install/interfaces/lib:/opt/ros/jazzy/opt/rviz_ogre_vendor/lib:/opt/ros/jazzy/lib/aarch64-linux-gnu:/opt/ros/jazzy/opt/gz_math_vendor/lib:/opt/ros/jazzy/opt/gz_utils_vendor/lib:/opt/ros/jazzy/opt/gz_cmake_vendor/lib:/opt/ros/jazzy/lib PYTHONPATH=/home/jimmy/ros2_ws/install/realsense2_camera_msgs/lib/python3.12/site-packages:/home/jimmy/ros2_ws/install/realsense2_camera/lib/python3.13/site-packages:/home/jimmy/ros2_ws/install/realsense2_camera_msgs/lib/python3.13/site-packages:/home/jimmy/ros2_ws/install/interfaces/lib/python3.13/site-packages:/home/jimmy/ros2_ws/install/realsense2_camera/lib/python3.12/site-packages:/home/jimmy/ros2_ws/install/interfaces/lib/python3.12/site-packages:/opt/ros/jazzy/lib/python3.12/site-packages /usr/bin/cmake --build /home/jimmy/ros2_ws/build/realsense2_camera -- -j4 -l4
[0.101s] -- Create Release Build.
[0.102s] -- Found ament_cmake: 2.5.4 (/opt/ros/jazzy/share/ament_cmake/cmake)
[0.464s] -- Override CMake install command with custom implementation using symlinks instead of copying resources
[0.478s] -- Found builtin_interfaces: 2.0.3 (/opt/ros/jazzy/share/builtin_interfaces/cmake)
[0.511s] -- Found rosidl_generator_c: 4.6.6 (/opt/ros/jazzy/share/rosidl_generator_c/cmake)
[0.524s] -- Found rosidl_generator_cpp: 4.6.6 (/opt/ros/jazzy/share/rosidl_generator_cpp/cmake)
[0.541s] -- Using all available rosidl_typesupport_c: rosidl_typesupport_fastrtps_c;rosidl_typesupport_introspection_c
[0.560s] -- Using all available rosidl_typesupport_cpp: rosidl_typesupport_fastrtps_cpp;rosidl_typesupport_introspection_cpp
[0.580s] -- Found cv_bridge: 4.1.0 (/opt/ros/jazzy/share/cv_bridge/cmake)
[0.729s] -- Found rmw_implementation_cmake: 7.3.2 (/opt/ros/jazzy/share/rmw_implementation_cmake/cmake)
[0.731s] -- Found rmw_fastrtps_cpp: 8.4.3 (/opt/ros/jazzy/share/rmw_fastrtps_cpp/cmake)
[0.831s] -- Using RMW implementation 'rmw_fastrtps_cpp' as default
[0.918s] -- Found image_transport: 5.1.7 (/opt/ros/jazzy/share/image_transport/cmake)
[0.934s] -- Found rclcpp_action: 28.1.12 (/opt/ros/jazzy/share/rclcpp_action/cmake)
[0.989s] -- Found rclcpp_components: 28.1.12 (/opt/ros/jazzy/share/rclcpp_components/cmake)
[1.021s] -- Found realsense2_camera_msgs: 4.56.4 (/home/jimmy/ros2_ws/install/realsense2_camera_msgs/share/realsense2_camera_msgs/cmake)
[1.066s] -- Found std_srvs: 5.3.6 (/opt/ros/jazzy/share/std_srvs/cmake)
[1.089s] -- Found nav_msgs: 5.3.6 (/opt/ros/jazzy/share/nav_msgs/cmake)
[1.122s] -- Found tf2_ros: 0.36.14 (/opt/ros/jazzy/share/tf2_ros/cmake)
[1.173s] -- Found diagnostic_updater: 4.2.6 (/opt/ros/jazzy/share/diagnostic_updater/cmake)
[1.208s] -- Build for ROS2 Jazzy
[1.397s] -- Found ament_cmake_gtest: 2.5.4 (/opt/ros/jazzy/share/ament_cmake_gtest/cmake)
[1.398s] -- Found gtest sources under '/opt/ros/jazzy/src/gtest_vendor': C++ tests using 'Google Test' will be built
[1.405s] -- Found ament_cmake_pytest: 2.5.4 (/opt/ros/jazzy/share/ament_cmake_pytest/cmake)
[3.774s] -- rs_device_info:
[3.774s] --  10/11 10:24:27,159 ERROR [281473143013408] (context.cpp:40) No valid configuration file found at : /home/jimmy/.realsense-config.json loading defaults
[3.775s] Device Name                   Serial Number       Firmware Version
[3.775s] Intel RealSense D435I         947522072317        5.12.7.100
[3.775s] 
[3.775s] -- D455 device found
[6.161s] -- Configuring done (6.1s)
[6.234s] -- Generating done (0.1s)
[6.264s] -- Build files have been written to: /home/jimmy/ros2_ws/build/realsense2_camera
[6.363s] [  0%] Built target ament_cmake_python_symlink_realsense2_camera
[6.365s] [  8%] Built target realsense2_camera_node
[6.373s] [  8%] Built target ament_cmake_python_symlink_realsense2_camera_setup
[6.433s] [ 16%] Built target gtest
[6.435s] [ 24%] Built target gtest_main
[6.488s] [ 32%] Built target gtest_template
[6.530s] [100%] Built target realsense2_camera
[6.740s] running egg_info
[6.759s] writing realsense2_camera.egg-info/PKG-INFO
[6.760s] writing dependency_links to realsense2_camera.egg-info/dependency_links.txt
[6.761s] writing top-level names to realsense2_camera.egg-info/top_level.txt
[6.824s] reading manifest file 'realsense2_camera.egg-info/SOURCES.txt'
[6.825s] writing manifest file 'realsense2_camera.egg-info/SOURCES.txt'
[6.905s] [100%] Built target ament_cmake_python_build_realsense2_camera_egg
[6.927s] Invoked command in '/home/jimmy/ros2_ws/build/realsense2_camera' returned '0': CMAKE_PREFIX_PATH=/home/jimmy/ros2_ws/install/realsense2_camera_msgs:/home/jimmy/ros2_ws/install/servo:/home/jimmy/ros2_ws/install/realsense2_description:/home/jimmy/ros2_ws/install/realsense2_camera:/home/jimmy/ros2_ws/install/interfaces:/opt/ros/jazzy/opt/gz_math_vendor:/opt/ros/jazzy/opt/gz_utils_vendor:/opt/ros/jazzy/opt/gz_cmake_vendor:/opt/ros/jazzy CONDA_PROMPT_MODIFIER=(base) DEBUGINFOD_URLS=https://debuginfod.ubuntu.com LD_LIBRARY_PATH=/home/jimmy/ros2_ws/install/realsense2_camera_msgs/lib:/home/jimmy/ros2_ws/install/realsense2_camera/lib:/home/jimmy/ros2_ws/install/interfaces/lib:/opt/ros/jazzy/opt/rviz_ogre_vendor/lib:/opt/ros/jazzy/lib/aarch64-linux-gnu:/opt/ros/jazzy/opt/gz_math_vendor/lib:/opt/ros/jazzy/opt/gz_utils_vendor/lib:/opt/ros/jazzy/opt/gz_cmake_vendor/lib:/opt/ros/jazzy/lib PYTHONPATH=/home/jimmy/ros2_ws/install/realsense2_camera_msgs/lib/python3.12/site-packages:/home/jimmy/ros2_ws/install/realsense2_camera/lib/python3.13/site-packages:/home/jimmy/ros2_ws/install/realsense2_camera_msgs/lib/python3.13/site-packages:/home/jimmy/ros2_ws/install/interfaces/lib/python3.13/site-packages:/home/jimmy/ros2_ws/install/realsense2_camera/lib/python3.12/site-packages:/home/jimmy/ros2_ws/install/interfaces/lib/python3.12/site-packages:/opt/ros/jazzy/lib/python3.12/site-packages /usr/bin/cmake --build /home/jimmy/ros2_ws/build/realsense2_camera -- -j4 -l4
[6.929s] Invoking command in '/home/jimmy/ros2_ws/build/realsense2_camera': CMAKE_PREFIX_PATH=/home/jimmy/ros2_ws/install/realsense2_camera_msgs:/home/jimmy/ros2_ws/install/servo:/home/jimmy/ros2_ws/install/realsense2_description:/home/jimmy/ros2_ws/install/realsense2_camera:/home/jimmy/ros2_ws/install/interfaces:/opt/ros/jazzy/opt/gz_math_vendor:/opt/ros/jazzy/opt/gz_utils_vendor:/opt/ros/jazzy/opt/gz_cmake_vendor:/opt/ros/jazzy CONDA_PROMPT_MODIFIER=(base) DEBUGINFOD_URLS=https://debuginfod.ubuntu.com LD_LIBRARY_PATH=/home/jimmy/ros2_ws/install/realsense2_camera_msgs/lib:/home/jimmy/ros2_ws/install/realsense2_camera/lib:/home/jimmy/ros2_ws/install/interfaces/lib:/opt/ros/jazzy/opt/rviz_ogre_vendor/lib:/opt/ros/jazzy/lib/aarch64-linux-gnu:/opt/ros/jazzy/opt/gz_math_vendor/lib:/opt/ros/jazzy/opt/gz_utils_vendor/lib:/opt/ros/jazzy/opt/gz_cmake_vendor/lib:/opt/ros/jazzy/lib PYTHONPATH=/home/jimmy/ros2_ws/install/realsense2_camera_msgs/lib/python3.12/site-packages:/home/jimmy/ros2_ws/install/realsense2_camera/lib/python3.13/site-packages:/home/jimmy/ros2_ws/install/realsense2_camera_msgs/lib/python3.13/site-packages:/home/jimmy/ros2_ws/install/interfaces/lib/python3.13/site-packages:/home/jimmy/ros2_ws/install/realsense2_camera/lib/python3.12/site-packages:/home/jimmy/ros2_ws/install/interfaces/lib/python3.12/site-packages:/opt/ros/jazzy/lib/python3.12/site-packages /usr/bin/cmake --install /home/jimmy/ros2_ws/build/realsense2_camera
[6.944s] -- Install configuration: "Release"
[6.945s] -- Execute custom install script
[6.945s] -- Up-to-date symlink: /home/jimmy/ros2_ws/install/realsense2_camera/share/realsense2_camera/config/global_settings.yaml
[6.946s] -- Up-to-date symlink: /home/jimmy/ros2_ws/install/realsense2_camera/lib/realsense2_camera/realsense2_camera_node
[6.946s] -- Up-to-date symlink: /home/jimmy/ros2_ws/install/realsense2_camera/lib/librealsense2_camera.so
[6.947s] -- Up-to-date symlink: /home/jimmy/ros2_ws/install/realsense2_camera/include/align_depth_filter.h
[6.947s] -- Up-to-date symlink: /home/jimmy/ros2_ws/install/realsense2_camera/include/base_realsense_node.h
[6.947s] -- Up-to-date symlink: /home/jimmy/ros2_ws/install/realsense2_camera/include/constants.h
[6.947s] -- Up-to-date symlink: /home/jimmy/ros2_ws/install/realsense2_camera/include/dynamic_params.h
[6.948s] -- Up-to-date symlink: /home/jimmy/ros2_ws/install/realsense2_camera/include/gl_window.h
[6.948s] -- Up-to-date symlink: /home/jimmy/ros2_ws/install/realsense2_camera/include/image_publisher.h
[6.948s] -- Up-to-date symlink: /home/jimmy/ros2_ws/install/realsense2_camera/include/named_filter.h
[6.948s] -- Up-to-date symlink: /home/jimmy/ros2_ws/install/realsense2_camera/include/pointcloud_filter.h
[6.948s] -- Up-to-date symlink: /home/jimmy/ros2_ws/install/realsense2_camera/include/profile_manager.h
[6.948s] -- Up-to-date symlink: /home/jimmy/ros2_ws/install/realsense2_camera/include/realsense_node_factory.h
[6.948s] -- Up-to-date symlink: /home/jimmy/ros2_ws/install/realsense2_camera/include/ros_node_base.h
[6.949s] -- Up-to-date symlink: /home/jimmy/ros2_ws/install/realsense2_camera/include/ros_param_backend.h
[6.949s] -- Up-to-date symlink: /home/jimmy/ros2_ws/install/realsense2_camera/include/ros_sensor.h
[6.949s] -- Up-to-date symlink: /home/jimmy/ros2_ws/install/realsense2_camera/include/ros_utils.h
[6.949s] -- Up-to-date symlink: /home/jimmy/ros2_ws/install/realsense2_camera/include/sensor_params.h
[6.949s] -- Up-to-date symlink: /home/jimmy/ros2_ws/install/realsense2_camera/share/realsense2_camera/launch/default.rviz
[6.950s] -- Up-to-date symlink: /home/jimmy/ros2_ws/install/realsense2_camera/share/realsense2_camera/launch/rs_intra_process_demo_launch.py
[6.950s] -- Up-to-date symlink: /home/jimmy/ros2_ws/install/realsense2_camera/share/realsense2_camera/launch/rs_launch.py
[6.950s] -- Up-to-date symlink: /home/jimmy/ros2_ws/install/realsense2_camera/share/realsense2_camera/launch/rs_multi_camera_launch.py
[6.950s] -- Up-to-date symlink: /home/jimmy/ros2_ws/install/realsense2_camera/share/realsense2_camera/launch/rs_multi_camera_launch_sync.py
[6.951s] -- Up-to-date symlink: /home/jimmy/ros2_ws/install/realsense2_camera/share/realsense2_camera/examples/align_depth/README.md
[6.951s] -- Up-to-date symlink: /home/jimmy/ros2_ws/install/realsense2_camera/share/realsense2_camera/examples/align_depth/rs_align_depth_launch.py
[6.951s] -- Up-to-date symlink: /home/jimmy/ros2_ws/install/realsense2_camera/share/realsense2_camera/examples/d500_tables/calib_config_example.json
[6.951s] -- Up-to-date symlink: /home/jimmy/ros2_ws/install/realsense2_camera/share/realsense2_camera/examples/dual_camera/README.md
[6.951s] -- Up-to-date symlink: /home/jimmy/ros2_ws/install/realsense2_camera/share/realsense2_camera/examples/dual_camera/rs_dual_camera_launch.py
[6.951s] -- Up-to-date symlink: /home/jimmy/ros2_ws/install/realsense2_camera/share/realsense2_camera/examples/dual_camera/rviz/dual_camera_pointcloud.rviz
[6.952s] -- Up-to-date symlink: /home/jimmy/ros2_ws/install/realsense2_camera/share/realsense2_camera/examples/launch_from_rosbag/README.md
[6.952s] -- Up-to-date symlink: /home/jimmy/ros2_ws/install/realsense2_camera/share/realsense2_camera/examples/launch_from_rosbag/rs_launch_from_rosbag.py
[6.952s] -- Up-to-date symlink: /home/jimmy/ros2_ws/install/realsense2_camera/share/realsense2_camera/examples/launch_params_from_file/README.md
[6.952s] -- Up-to-date symlink: /home/jimmy/ros2_ws/install/realsense2_camera/share/realsense2_camera/examples/launch_params_from_file/config/config.yaml
[6.952s] -- Up-to-date symlink: /home/jimmy/ros2_ws/install/realsense2_camera/share/realsense2_camera/examples/launch_params_from_file/rs_launch_get_params_from_yaml.py
[6.952s] -- Up-to-date symlink: /home/jimmy/ros2_ws/install/realsense2_camera/share/realsense2_camera/examples/pointcloud/README.md
[6.952s] -- Up-to-date symlink: /home/jimmy/ros2_ws/install/realsense2_camera/share/realsense2_camera/examples/pointcloud/rs_d405_pointcloud_launch.py
[6.953s] -- Up-to-date symlink: /home/jimmy/ros2_ws/install/realsense2_camera/share/realsense2_camera/examples/pointcloud/rs_d455_pointcloud_launch.py
[6.953s] -- Up-to-date symlink: /home/jimmy/ros2_ws/install/realsense2_camera/share/realsense2_camera/examples/pointcloud/rs_pointcloud_infra_launch.py
[6.953s] -- Up-to-date symlink: /home/jimmy/ros2_ws/install/realsense2_camera/share/realsense2_camera/examples/pointcloud/rs_pointcloud_launch.py
[6.953s] -- Up-to-date symlink: /home/jimmy/ros2_ws/install/realsense2_camera/share/realsense2_camera/examples/pointcloud/rviz/pointcloud.rviz
[6.953s] -- Up-to-date symlink: /home/jimmy/ros2_ws/install/realsense2_camera/share/realsense2_camera/examples/pointcloud/rviz/urdf_pointcloud.rviz
[6.953s] -- Up-to-date symlink: /home/jimmy/ros2_ws/install/realsense2_camera/share/realsense2_camera/environment/pythonpath.sh
[6.954s] -- Up-to-date symlink: /home/jimmy/ros2_ws/install/realsense2_camera/share/realsense2_camera/environment/pythonpath.dsv
[6.954s] -- Up-to-date symlink: /home/jimmy/ros2_ws/install/realsense2_camera/lib/python3.13/site-packages/realsense2_camera-4.56.4-py3.13.egg-info/PKG-INFO
[6.954s] -- Up-to-date symlink: /home/jimmy/ros2_ws/install/realsense2_camera/lib/python3.13/site-packages/realsense2_camera-4.56.4-py3.13.egg-info/SOURCES.txt
[6.954s] -- Up-to-date symlink: /home/jimmy/ros2_ws/install/realsense2_camera/lib/python3.13/site-packages/realsense2_camera-4.56.4-py3.13.egg-info/dependency_links.txt
[6.955s] -- Up-to-date symlink: /home/jimmy/ros2_ws/install/realsense2_camera/lib/python3.13/site-packages/realsense2_camera-4.56.4-py3.13.egg-info/top_level.txt
[6.955s] -- Up-to-date symlink: /home/jimmy/ros2_ws/install/realsense2_camera/lib/python3.13/site-packages/realsense2_camera/__init__.py
[6.955s] -- Up-to-date symlink: /home/jimmy/ros2_ws/install/realsense2_camera/lib/realsense2_camera/predict_node.py
[6.955s] -- Up-to-date symlink: /home/jimmy/ros2_ws/install/realsense2_camera/share/realsense2_camera/environment/library_path.sh
[6.956s] -- Up-to-date symlink: /home/jimmy/ros2_ws/install/realsense2_camera/share/realsense2_camera/environment/library_path.dsv
[6.956s] -- Up-to-date symlink: /home/jimmy/ros2_ws/install/realsense2_camera/share/ament_index/resource_index/package_run_dependencies/realsense2_camera
[6.956s] -- Up-to-date symlink: /home/jimmy/ros2_ws/install/realsense2_camera/share/ament_index/resource_index/parent_prefix_path/realsense2_camera
[6.956s] -- Up-to-date symlink: /home/jimmy/ros2_ws/install/realsense2_camera/share/realsense2_camera/environment/ament_prefix_path.sh
[6.957s] -- Up-to-date symlink: /home/jimmy/ros2_ws/install/realsense2_camera/share/realsense2_camera/environment/ament_prefix_path.dsv
[6.957s] -- Up-to-date symlink: /home/jimmy/ros2_ws/install/realsense2_camera/share/realsense2_camera/environment/path.sh
[6.957s] -- Up-to-date symlink: /home/jimmy/ros2_ws/install/realsense2_camera/share/realsense2_camera/environment/path.dsv
[6.957s] -- Up-to-date symlink: /home/jimmy/ros2_ws/install/realsense2_camera/share/realsense2_camera/local_setup.bash
[6.957s] -- Up-to-date symlink: /home/jimmy/ros2_ws/install/realsense2_camera/share/realsense2_camera/local_setup.sh
[6.958s] -- Up-to-date symlink: /home/jimmy/ros2_ws/install/realsense2_camera/share/realsense2_camera/local_setup.zsh
[6.958s] -- Up-to-date symlink: /home/jimmy/ros2_ws/install/realsense2_camera/share/realsense2_camera/local_setup.dsv
[6.958s] -- Symlinking: /home/jimmy/ros2_ws/install/realsense2_camera/share/realsense2_camera/package.dsv
[6.975s] -- Up-to-date symlink: /home/jimmy/ros2_ws/install/realsense2_camera/share/ament_index/resource_index/packages/realsense2_camera
[6.975s] -- Up-to-date symlink: /home/jimmy/ros2_ws/install/realsense2_camera/share/ament_index/resource_index/rclcpp_components/realsense2_camera
[6.976s] -- Up-to-date symlink: /home/jimmy/ros2_ws/install/realsense2_camera/share/realsense2_camera/cmake/ament_cmake_export_include_directories-extras.cmake
[6.976s] -- Up-to-date symlink: /home/jimmy/ros2_ws/install/realsense2_camera/share/realsense2_camera/cmake/ament_cmake_export_libraries-extras.cmake
[6.976s] -- Up-to-date symlink: /home/jimmy/ros2_ws/install/realsense2_camera/share/realsense2_camera/cmake/ament_cmake_export_dependencies-extras.cmake
[6.976s] -- Up-to-date symlink: /home/jimmy/ros2_ws/install/realsense2_camera/share/realsense2_camera/cmake/realsense2_cameraConfig.cmake
[6.976s] -- Up-to-date symlink: /home/jimmy/ros2_ws/install/realsense2_camera/share/realsense2_camera/cmake/realsense2_cameraConfig-version.cmake
[6.977s] -- Up-to-date symlink: /home/jimmy/ros2_ws/install/realsense2_camera/share/realsense2_camera/package.xml
[7.029s] Listing '/home/jimmy/ros2_ws/install/realsense2_camera/lib/python3.13/site-packages/realsense2_camera'...
[7.042s] Invoked command in '/home/jimmy/ros2_ws/build/realsense2_camera' returned '0': CMAKE_PREFIX_PATH=/home/jimmy/ros2_ws/install/realsense2_camera_msgs:/home/jimmy/ros2_ws/install/servo:/home/jimmy/ros2_ws/install/realsense2_description:/home/jimmy/ros2_ws/install/realsense2_camera:/home/jimmy/ros2_ws/install/interfaces:/opt/ros/jazzy/opt/gz_math_vendor:/opt/ros/jazzy/opt/gz_utils_vendor:/opt/ros/jazzy/opt/gz_cmake_vendor:/opt/ros/jazzy CONDA_PROMPT_MODIFIER=(base) DEBUGINFOD_URLS=https://debuginfod.ubuntu.com LD_LIBRARY_PATH=/home/jimmy/ros2_ws/install/realsense2_camera_msgs/lib:/home/jimmy/ros2_ws/install/realsense2_camera/lib:/home/jimmy/ros2_ws/install/interfaces/lib:/opt/ros/jazzy/opt/rviz_ogre_vendor/lib:/opt/ros/jazzy/lib/aarch64-linux-gnu:/opt/ros/jazzy/opt/gz_math_vendor/lib:/opt/ros/jazzy/opt/gz_utils_vendor/lib:/opt/ros/jazzy/opt/gz_cmake_vendor/lib:/opt/ros/jazzy/lib PYTHONPATH=/home/jimmy/ros2_ws/install/realsense2_camera_msgs/lib/python3.12/site-packages:/home/jimmy/ros2_ws/install/realsense2_camera/lib/python3.13/site-packages:/home/jimmy/ros2_ws/install/realsense2_camera_msgs/lib/python3.13/site-packages:/home/jimmy/ros2_ws/install/interfaces/lib/python3.13/site-packages:/home/jimmy/ros2_ws/install/realsense2_camera/lib/python3.12/site-packages:/home/jimmy/ros2_ws/install/interfaces/lib/python3.12/site-packages:/opt/ros/jazzy/lib/python3.12/site-packages /usr/bin/cmake --install /home/jimmy/ros2_ws/build/realsense2_camera
