[0.025s] Invoking command in '/home/jimmy/ros2_ws/build/realsense2_description': CMAKE_PREFIX_PATH=/home/jimmy/ros2_ws/install/realsense2_camera_msgs:/home/jimmy/ros2_ws/install/servo:/home/jimmy/ros2_ws/install/realsense2_description:/home/jimmy/ros2_ws/install/realsense2_camera:/home/jimmy/ros2_ws/install/interfaces:/opt/ros/jazzy/opt/gz_math_vendor:/opt/ros/jazzy/opt/gz_utils_vendor:/opt/ros/jazzy/opt/gz_cmake_vendor:/opt/ros/jazzy CONDA_PROMPT_MODIFIER=(base) DEBUGINFOD_URLS=https://debuginfod.ubuntu.com LD_LIBRARY_PATH=/home/jimmy/ros2_ws/install/realsense2_camera_msgs/lib:/home/jimmy/ros2_ws/install/realsense2_camera/lib:/home/jimmy/ros2_ws/install/interfaces/lib:/opt/ros/jazzy/opt/rviz_ogre_vendor/lib:/opt/ros/jazzy/lib/aarch64-linux-gnu:/opt/ros/jazzy/opt/gz_math_vendor/lib:/opt/ros/jazzy/opt/gz_utils_vendor/lib:/opt/ros/jazzy/opt/gz_cmake_vendor/lib:/opt/ros/jazzy/lib PYTHONPATH=/home/jimmy/ros2_ws/install/realsense2_camera_msgs/lib/python3.12/site-packages:/home/jimmy/ros2_ws/install/realsense2_camera/lib/python3.13/site-packages:/home/jimmy/ros2_ws/install/realsense2_camera_msgs/lib/python3.13/site-packages:/home/jimmy/ros2_ws/install/interfaces/lib/python3.13/site-packages:/home/jimmy/ros2_ws/install/realsense2_camera/lib/python3.12/site-packages:/home/jimmy/ros2_ws/install/interfaces/lib/python3.12/site-packages:/opt/ros/jazzy/lib/python3.12/site-packages /usr/bin/cmake /home/jimmy/ros2_ws/src/realsense-ros/realsense2_description -DCMAKE_INSTALL_PREFIX=/home/jimmy/ros2_ws/install/realsense2_description
[0.053s] -- Found ament_cmake: 2.5.4 (/opt/ros/jazzy/share/ament_cmake/cmake)
[0.472s] -- Override CMake install command with custom implementation using symlinks instead of copying resources
[0.649s] -- Configuring done (0.6s)
[0.653s] -- Generating done (0.0s)
[0.656s] -- Build files have been written to: /home/jimmy/ros2_ws/build/realsense2_description
[0.661s] Invoked command in '/home/jimmy/ros2_ws/build/realsense2_description' returned '0': CMAKE_PREFIX_PATH=/home/jimmy/ros2_ws/install/realsense2_camera_msgs:/home/jimmy/ros2_ws/install/servo:/home/jimmy/ros2_ws/install/realsense2_description:/home/jimmy/ros2_ws/install/realsense2_camera:/home/jimmy/ros2_ws/install/interfaces:/opt/ros/jazzy/opt/gz_math_vendor:/opt/ros/jazzy/opt/gz_utils_vendor:/opt/ros/jazzy/opt/gz_cmake_vendor:/opt/ros/jazzy CONDA_PROMPT_MODIFIER=(base) DEBUGINFOD_URLS=https://debuginfod.ubuntu.com LD_LIBRARY_PATH=/home/jimmy/ros2_ws/install/realsense2_camera_msgs/lib:/home/jimmy/ros2_ws/install/realsense2_camera/lib:/home/jimmy/ros2_ws/install/interfaces/lib:/opt/ros/jazzy/opt/rviz_ogre_vendor/lib:/opt/ros/jazzy/lib/aarch64-linux-gnu:/opt/ros/jazzy/opt/gz_math_vendor/lib:/opt/ros/jazzy/opt/gz_utils_vendor/lib:/opt/ros/jazzy/opt/gz_cmake_vendor/lib:/opt/ros/jazzy/lib PYTHONPATH=/home/jimmy/ros2_ws/install/realsense2_camera_msgs/lib/python3.12/site-packages:/home/jimmy/ros2_ws/install/realsense2_camera/lib/python3.13/site-packages:/home/jimmy/ros2_ws/install/realsense2_camera_msgs/lib/python3.13/site-packages:/home/jimmy/ros2_ws/install/interfaces/lib/python3.13/site-packages:/home/jimmy/ros2_ws/install/realsense2_camera/lib/python3.12/site-packages:/home/jimmy/ros2_ws/install/interfaces/lib/python3.12/site-packages:/opt/ros/jazzy/lib/python3.12/site-packages /usr/bin/cmake /home/jimmy/ros2_ws/src/realsense-ros/realsense2_description -DCMAKE_INSTALL_PREFIX=/home/jimmy/ros2_ws/install/realsense2_description
[0.663s] Invoking command in '/home/jimmy/ros2_ws/build/realsense2_description': CMAKE_PREFIX_PATH=/home/jimmy/ros2_ws/install/realsense2_camera_msgs:/home/jimmy/ros2_ws/install/servo:/home/jimmy/ros2_ws/install/realsense2_description:/home/jimmy/ros2_ws/install/realsense2_camera:/home/jimmy/ros2_ws/install/interfaces:/opt/ros/jazzy/opt/gz_math_vendor:/opt/ros/jazzy/opt/gz_utils_vendor:/opt/ros/jazzy/opt/gz_cmake_vendor:/opt/ros/jazzy CONDA_PROMPT_MODIFIER=(base) DEBUGINFOD_URLS=https://debuginfod.ubuntu.com LD_LIBRARY_PATH=/home/jimmy/ros2_ws/install/realsense2_camera_msgs/lib:/home/jimmy/ros2_ws/install/realsense2_camera/lib:/home/jimmy/ros2_ws/install/interfaces/lib:/opt/ros/jazzy/opt/rviz_ogre_vendor/lib:/opt/ros/jazzy/lib/aarch64-linux-gnu:/opt/ros/jazzy/opt/gz_math_vendor/lib:/opt/ros/jazzy/opt/gz_utils_vendor/lib:/opt/ros/jazzy/opt/gz_cmake_vendor/lib:/opt/ros/jazzy/lib PYTHONPATH=/home/jimmy/ros2_ws/install/realsense2_camera_msgs/lib/python3.12/site-packages:/home/jimmy/ros2_ws/install/realsense2_camera/lib/python3.13/site-packages:/home/jimmy/ros2_ws/install/realsense2_camera_msgs/lib/python3.13/site-packages:/home/jimmy/ros2_ws/install/interfaces/lib/python3.13/site-packages:/home/jimmy/ros2_ws/install/realsense2_camera/lib/python3.12/site-packages:/home/jimmy/ros2_ws/install/interfaces/lib/python3.12/site-packages:/opt/ros/jazzy/lib/python3.12/site-packages /usr/bin/cmake --build /home/jimmy/ros2_ws/build/realsense2_description -- -j4 -l4
[0.743s] Invoked command in '/home/jimmy/ros2_ws/build/realsense2_description' returned '0': CMAKE_PREFIX_PATH=/home/jimmy/ros2_ws/install/realsense2_camera_msgs:/home/jimmy/ros2_ws/install/servo:/home/jimmy/ros2_ws/install/realsense2_description:/home/jimmy/ros2_ws/install/realsense2_camera:/home/jimmy/ros2_ws/install/interfaces:/opt/ros/jazzy/opt/gz_math_vendor:/opt/ros/jazzy/opt/gz_utils_vendor:/opt/ros/jazzy/opt/gz_cmake_vendor:/opt/ros/jazzy CONDA_PROMPT_MODIFIER=(base) DEBUGINFOD_URLS=https://debuginfod.ubuntu.com LD_LIBRARY_PATH=/home/jimmy/ros2_ws/install/realsense2_camera_msgs/lib:/home/jimmy/ros2_ws/install/realsense2_camera/lib:/home/jimmy/ros2_ws/install/interfaces/lib:/opt/ros/jazzy/opt/rviz_ogre_vendor/lib:/opt/ros/jazzy/lib/aarch64-linux-gnu:/opt/ros/jazzy/opt/gz_math_vendor/lib:/opt/ros/jazzy/opt/gz_utils_vendor/lib:/opt/ros/jazzy/opt/gz_cmake_vendor/lib:/opt/ros/jazzy/lib PYTHONPATH=/home/jimmy/ros2_ws/install/realsense2_camera_msgs/lib/python3.12/site-packages:/home/jimmy/ros2_ws/install/realsense2_camera/lib/python3.13/site-packages:/home/jimmy/ros2_ws/install/realsense2_camera_msgs/lib/python3.13/site-packages:/home/jimmy/ros2_ws/install/interfaces/lib/python3.13/site-packages:/home/jimmy/ros2_ws/install/realsense2_camera/lib/python3.12/site-packages:/home/jimmy/ros2_ws/install/interfaces/lib/python3.12/site-packages:/opt/ros/jazzy/lib/python3.12/site-packages /usr/bin/cmake --build /home/jimmy/ros2_ws/build/realsense2_description -- -j4 -l4
[0.745s] Invoking command in '/home/jimmy/ros2_ws/build/realsense2_description': CMAKE_PREFIX_PATH=/home/jimmy/ros2_ws/install/realsense2_camera_msgs:/home/jimmy/ros2_ws/install/servo:/home/jimmy/ros2_ws/install/realsense2_description:/home/jimmy/ros2_ws/install/realsense2_camera:/home/jimmy/ros2_ws/install/interfaces:/opt/ros/jazzy/opt/gz_math_vendor:/opt/ros/jazzy/opt/gz_utils_vendor:/opt/ros/jazzy/opt/gz_cmake_vendor:/opt/ros/jazzy CONDA_PROMPT_MODIFIER=(base) DEBUGINFOD_URLS=https://debuginfod.ubuntu.com LD_LIBRARY_PATH=/home/jimmy/ros2_ws/install/realsense2_camera_msgs/lib:/home/jimmy/ros2_ws/install/realsense2_camera/lib:/home/jimmy/ros2_ws/install/interfaces/lib:/opt/ros/jazzy/opt/rviz_ogre_vendor/lib:/opt/ros/jazzy/lib/aarch64-linux-gnu:/opt/ros/jazzy/opt/gz_math_vendor/lib:/opt/ros/jazzy/opt/gz_utils_vendor/lib:/opt/ros/jazzy/opt/gz_cmake_vendor/lib:/opt/ros/jazzy/lib PYTHONPATH=/home/jimmy/ros2_ws/install/realsense2_camera_msgs/lib/python3.12/site-packages:/home/jimmy/ros2_ws/install/realsense2_camera/lib/python3.13/site-packages:/home/jimmy/ros2_ws/install/realsense2_camera_msgs/lib/python3.13/site-packages:/home/jimmy/ros2_ws/install/interfaces/lib/python3.13/site-packages:/home/jimmy/ros2_ws/install/realsense2_camera/lib/python3.12/site-packages:/home/jimmy/ros2_ws/install/interfaces/lib/python3.12/site-packages:/opt/ros/jazzy/lib/python3.12/site-packages /usr/bin/cmake --install /home/jimmy/ros2_ws/build/realsense2_description
[0.760s] -- Install configuration: ""
[0.761s] -- Execute custom install script
[0.761s] -- Up-to-date symlink: /home/jimmy/ros2_ws/install/realsense2_description/share/realsense2_description/launch/launch_utils.py
[0.762s] -- Up-to-date symlink: /home/jimmy/ros2_ws/install/realsense2_description/share/realsense2_description/launch/view_model.launch.py
[0.762s] -- Up-to-date symlink: /home/jimmy/ros2_ws/install/realsense2_description/share/realsense2_description/meshes/d405.stl
[0.762s] -- Up-to-date symlink: /home/jimmy/ros2_ws/install/realsense2_description/share/realsense2_description/meshes/d415.stl
[0.762s] -- Up-to-date symlink: /home/jimmy/ros2_ws/install/realsense2_description/share/realsense2_description/meshes/d435.dae
[0.762s] -- Up-to-date symlink: /home/jimmy/ros2_ws/install/realsense2_description/share/realsense2_description/meshes/d455.stl
[0.763s] -- Up-to-date symlink: /home/jimmy/ros2_ws/install/realsense2_description/share/realsense2_description/meshes/l515.dae
[0.763s] -- Up-to-date symlink: /home/jimmy/ros2_ws/install/realsense2_description/share/realsense2_description/meshes/plug.stl
[0.763s] -- Up-to-date symlink: /home/jimmy/ros2_ws/install/realsense2_description/share/realsense2_description/meshes/plug_collision.stl
[0.763s] -- Up-to-date symlink: /home/jimmy/ros2_ws/install/realsense2_description/share/realsense2_description/rviz/urdf.rviz
[0.764s] -- Up-to-date symlink: /home/jimmy/ros2_ws/install/realsense2_description/share/realsense2_description/urdf/_d405.urdf.xacro
[0.764s] -- Up-to-date symlink: /home/jimmy/ros2_ws/install/realsense2_description/share/realsense2_description/urdf/_d415.urdf.xacro
[0.764s] -- Up-to-date symlink: /home/jimmy/ros2_ws/install/realsense2_description/share/realsense2_description/urdf/_d435.urdf.xacro
[0.764s] -- Up-to-date symlink: /home/jimmy/ros2_ws/install/realsense2_description/share/realsense2_description/urdf/_d435i.urdf.xacro
[0.765s] -- Up-to-date symlink: /home/jimmy/ros2_ws/install/realsense2_description/share/realsense2_description/urdf/_d435i_imu_modules.urdf.xacro
[0.765s] -- Up-to-date symlink: /home/jimmy/ros2_ws/install/realsense2_description/share/realsense2_description/urdf/_d455.urdf.xacro
[0.765s] -- Up-to-date symlink: /home/jimmy/ros2_ws/install/realsense2_description/share/realsense2_description/urdf/_materials.urdf.xacro
[0.765s] -- Up-to-date symlink: /home/jimmy/ros2_ws/install/realsense2_description/share/realsense2_description/urdf/_r410.urdf.xacro
[0.765s] -- Up-to-date symlink: /home/jimmy/ros2_ws/install/realsense2_description/share/realsense2_description/urdf/_r430.urdf.xacro
[0.765s] -- Up-to-date symlink: /home/jimmy/ros2_ws/install/realsense2_description/share/realsense2_description/urdf/_usb_plug.urdf.xacro
[0.765s] -- Up-to-date symlink: /home/jimmy/ros2_ws/install/realsense2_description/share/realsense2_description/urdf/test_d405_camera.urdf.xacro
[0.766s] -- Up-to-date symlink: /home/jimmy/ros2_ws/install/realsense2_description/share/realsense2_description/urdf/test_d415_camera.urdf.xacro
[0.766s] -- Up-to-date symlink: /home/jimmy/ros2_ws/install/realsense2_description/share/realsense2_description/urdf/test_d435_camera.urdf.xacro
[0.766s] -- Up-to-date symlink: /home/jimmy/ros2_ws/install/realsense2_description/share/realsense2_description/urdf/test_d435_multiple_cameras.urdf.xacro
[0.766s] -- Up-to-date symlink: /home/jimmy/ros2_ws/install/realsense2_description/share/realsense2_description/urdf/test_d435i_camera.urdf.xacro
[0.766s] -- Up-to-date symlink: /home/jimmy/ros2_ws/install/realsense2_description/share/realsense2_description/urdf/test_d455_camera.urdf.xacro
[0.766s] -- Up-to-date symlink: /home/jimmy/ros2_ws/install/realsense2_description/share/realsense2_description/urdf/test_r410_camera.urdf.xacro
[0.766s] -- Up-to-date symlink: /home/jimmy/ros2_ws/install/realsense2_description/share/realsense2_description/urdf/test_r430_camera.urdf.xacro
[0.767s] -- Up-to-date symlink: /home/jimmy/ros2_ws/install/realsense2_description/share/ament_index/resource_index/package_run_dependencies/realsense2_description
[0.767s] -- Up-to-date symlink: /home/jimmy/ros2_ws/install/realsense2_description/share/ament_index/resource_index/parent_prefix_path/realsense2_description
[0.767s] -- Up-to-date symlink: /home/jimmy/ros2_ws/install/realsense2_description/share/realsense2_description/environment/ament_prefix_path.sh
[0.767s] -- Up-to-date symlink: /home/jimmy/ros2_ws/install/realsense2_description/share/realsense2_description/environment/ament_prefix_path.dsv
[0.768s] -- Up-to-date symlink: /home/jimmy/ros2_ws/install/realsense2_description/share/realsense2_description/environment/path.sh
[0.768s] -- Up-to-date symlink: /home/jimmy/ros2_ws/install/realsense2_description/share/realsense2_description/environment/path.dsv
[0.768s] -- Up-to-date symlink: /home/jimmy/ros2_ws/install/realsense2_description/share/realsense2_description/local_setup.bash
[0.768s] -- Up-to-date symlink: /home/jimmy/ros2_ws/install/realsense2_description/share/realsense2_description/local_setup.sh
[0.768s] -- Up-to-date symlink: /home/jimmy/ros2_ws/install/realsense2_description/share/realsense2_description/local_setup.zsh
[0.769s] -- Up-to-date symlink: /home/jimmy/ros2_ws/install/realsense2_description/share/realsense2_description/local_setup.dsv
[0.769s] -- Symlinking: /home/jimmy/ros2_ws/install/realsense2_description/share/realsense2_description/package.dsv
[0.787s] -- Up-to-date symlink: /home/jimmy/ros2_ws/install/realsense2_description/share/ament_index/resource_index/packages/realsense2_description
[0.787s] -- Up-to-date symlink: /home/jimmy/ros2_ws/install/realsense2_description/share/realsense2_description/cmake/realsense2_descriptionConfig.cmake
[0.787s] -- Up-to-date symlink: /home/jimmy/ros2_ws/install/realsense2_description/share/realsense2_description/cmake/realsense2_descriptionConfig-version.cmake
[0.787s] -- Up-to-date symlink: /home/jimmy/ros2_ws/install/realsense2_description/share/realsense2_description/package.xml
[0.791s] Invoked command in '/home/jimmy/ros2_ws/build/realsense2_description' returned '0': CMAKE_PREFIX_PATH=/home/jimmy/ros2_ws/install/realsense2_camera_msgs:/home/jimmy/ros2_ws/install/servo:/home/jimmy/ros2_ws/install/realsense2_description:/home/jimmy/ros2_ws/install/realsense2_camera:/home/jimmy/ros2_ws/install/interfaces:/opt/ros/jazzy/opt/gz_math_vendor:/opt/ros/jazzy/opt/gz_utils_vendor:/opt/ros/jazzy/opt/gz_cmake_vendor:/opt/ros/jazzy CONDA_PROMPT_MODIFIER=(base) DEBUGINFOD_URLS=https://debuginfod.ubuntu.com LD_LIBRARY_PATH=/home/jimmy/ros2_ws/install/realsense2_camera_msgs/lib:/home/jimmy/ros2_ws/install/realsense2_camera/lib:/home/jimmy/ros2_ws/install/interfaces/lib:/opt/ros/jazzy/opt/rviz_ogre_vendor/lib:/opt/ros/jazzy/lib/aarch64-linux-gnu:/opt/ros/jazzy/opt/gz_math_vendor/lib:/opt/ros/jazzy/opt/gz_utils_vendor/lib:/opt/ros/jazzy/opt/gz_cmake_vendor/lib:/opt/ros/jazzy/lib PYTHONPATH=/home/jimmy/ros2_ws/install/realsense2_camera_msgs/lib/python3.12/site-packages:/home/jimmy/ros2_ws/install/realsense2_camera/lib/python3.13/site-packages:/home/jimmy/ros2_ws/install/realsense2_camera_msgs/lib/python3.13/site-packages:/home/jimmy/ros2_ws/install/interfaces/lib/python3.13/site-packages:/home/jimmy/ros2_ws/install/realsense2_camera/lib/python3.12/site-packages:/home/jimmy/ros2_ws/install/interfaces/lib/python3.12/site-packages:/opt/ros/jazzy/lib/python3.12/site-packages /usr/bin/cmake --install /home/jimmy/ros2_ws/build/realsense2_description
