[0.027s] Invoking command in '/home/jimmy/ros2_ws/build/interfaces': CMAKE_PREFIX_PATH=${CMAKE_PREFIX_PATH}:/opt/ros/jazzy CONDA_PROMPT_MODIFIER=(base) DEBUGINFOD_URLS=https://debuginfod.ubuntu.com /usr/bin/cmake --build /home/jimmy/ros2_ws/build/interfaces -- -j4 -l4
[0.155s] [  2%] [34m[1mGenerating type hashes for ROS interfaces[0m
[0.170s] [  2%] Built target ament_cmake_python_symlink_interfaces
[0.924s] [  2%] Built target interfaces__rosidl_generator_type_description
[0.966s] [  5%] [34m[1mGenerating C code for ROS interfaces[0m
[0.966s] running egg_info
[0.993s] writing interfaces.egg-info/PKG-INFO
[0.995s] writing dependency_links to interfaces.egg-info/dependency_links.txt
[0.999s] writing top-level names to interfaces.egg-info/top_level.txt
[1.027s] [  8%] [34m[1mGenerating C++ code for ROS interfaces[0m
[1.123s] reading manifest file 'interfaces.egg-info/SOURCES.txt'
[1.131s] writing manifest file 'interfaces.egg-info/SOURCES.txt'
[1.313s] [  8%] Built target ament_cmake_python_build_interfaces_egg
[1.924s] [ 11%] [32mBuilding C object CMakeFiles/interfaces__rosidl_generator_c.dir/rosidl_generator_c/interfaces/msg/detail/motor_cmds__functions.c.o[0m
[1.924s] [ 11%] Built target interfaces__cpp
[1.937s] [ 14%] [32mBuilding C object CMakeFiles/interfaces__rosidl_generator_c.dir/rosidl_generator_c/interfaces/msg/detail/motor_cmds__description.c.o[0m
[1.952s] [ 17%] [32mBuilding C object CMakeFiles/interfaces__rosidl_generator_c.dir/rosidl_generator_c/interfaces/msg/detail/motor_cmds__type_support.c.o[0m
[2.108s] [ 20%] [32m[1mLinking C shared library libinterfaces__rosidl_generator_c.so[0m
[2.193s] [ 20%] Built target interfaces__rosidl_generator_c
[2.219s] [ 23%] [34m[1mGenerating C type support dispatch for ROS interfaces[0m
[2.219s] [ 26%] [34m[1mGenerating C++ type support dispatch for ROS interfaces[0m
[2.231s] [ 29%] [34m[1mGenerating C introspection for ROS interfaces[0m
[2.243s] [ 32%] [34m[1mGenerating C type support for eProsima Fast-RTPS[0m
[3.027s] [ 35%] [32mBuilding CXX object CMakeFiles/interfaces__rosidl_typesupport_c.dir/rosidl_typesupport_c/interfaces/msg/motor_cmds__type_support.cpp.o[0m
[3.114s] [ 38%] [32mBuilding CXX object CMakeFiles/interfaces__rosidl_typesupport_fastrtps_c.dir/rosidl_typesupport_fastrtps_c/interfaces/msg/detail/motor_cmds__type_support_c.cpp.o[0m
[3.181s] [ 41%] [32mBuilding C object CMakeFiles/interfaces__rosidl_typesupport_introspection_c.dir/rosidl_typesupport_introspection_c/interfaces/msg/detail/motor_cmds__type_support.c.o[0m
[3.265s] [ 44%] [32m[1mLinking CXX shared library libinterfaces__rosidl_typesupport_c.so[0m
[3.322s] [ 47%] [32m[1mLinking C shared library libinterfaces__rosidl_typesupport_introspection_c.so[0m
[3.334s] [ 50%] [32mBuilding CXX object CMakeFiles/interfaces__rosidl_typesupport_cpp.dir/rosidl_typesupport_cpp/interfaces/msg/motor_cmds__type_support.cpp.o[0m
[3.403s] [ 50%] Built target interfaces__rosidl_typesupport_c
[3.436s] [ 52%] [34m[1mGenerating C++ type support for eProsima Fast-RTPS[0m
[3.456s] [ 52%] Built target interfaces__rosidl_typesupport_introspection_c
[3.484s] [ 55%] [34m[1mGenerating C++ introspection for ROS interfaces[0m
[4.233s] [ 58%] [32mBuilding CXX object CMakeFiles/interfaces__rosidl_typesupport_fastrtps_cpp.dir/rosidl_typesupport_fastrtps_cpp/interfaces/msg/detail/dds_fastrtps/motor_cmds__type_support.cpp.o[0m
[4.677s] [ 61%] [32mBuilding CXX object CMakeFiles/interfaces__rosidl_typesupport_introspection_cpp.dir/rosidl_typesupport_introspection_cpp/interfaces/msg/detail/motor_cmds__type_support.cpp.o[0m
[5.110s] [ 64%] [32m[1mLinking CXX shared library libinterfaces__rosidl_typesupport_cpp.so[0m
[5.324s] [ 64%] Built target interfaces__rosidl_typesupport_cpp
[5.655s] [ 67%] [32m[1mLinking CXX shared library libinterfaces__rosidl_typesupport_fastrtps_c.so[0m
[5.762s] [ 70%] [32m[1mLinking CXX shared library libinterfaces__rosidl_typesupport_introspection_cpp.so[0m
[5.908s] [ 70%] Built target interfaces__rosidl_typesupport_fastrtps_c
[5.958s] [ 70%] Built target interfaces__rosidl_typesupport_introspection_cpp
[6.156s] [ 73%] [32m[1mLinking CXX shared library libinterfaces__rosidl_typesupport_fastrtps_cpp.so[0m
[6.319s] [ 73%] Built target interfaces__rosidl_typesupport_fastrtps_cpp
[6.383s] [ 73%] Built target interfaces
[6.438s] [ 76%] [34m[1mGenerating Python code for ROS interfaces[0m
[7.313s] [ 76%] Built target interfaces__py
[7.351s] [ 79%] [32mBuilding C object CMakeFiles/interfaces__rosidl_generator_py.dir/rosidl_generator_py/interfaces/msg/_motor_cmds_s.c.o[0m
[8.014s] [ 82%] [32m[1mLinking C shared library libinterfaces__rosidl_generator_py.so[0m
[8.239s] [ 82%] Built target interfaces__rosidl_generator_py
[8.347s] [ 85%] [32mBuilding C object CMakeFiles/interfaces_s__rosidl_typesupport_c.dir/rosidl_generator_py/interfaces/_interfaces_s.ep.rosidl_typesupport_c.c.o[0m
[8.347s] [ 88%] [32mBuilding C object CMakeFiles/interfaces_s__rosidl_typesupport_fastrtps_c.dir/rosidl_generator_py/interfaces/_interfaces_s.ep.rosidl_typesupport_fastrtps_c.c.o[0m
[8.351s] [ 91%] [32mBuilding C object CMakeFiles/interfaces_s__rosidl_typesupport_introspection_c.dir/rosidl_generator_py/interfaces/_interfaces_s.ep.rosidl_typesupport_introspection_c.c.o[0m
[8.758s] [ 94%] [32m[1mLinking C shared module rosidl_generator_py/interfaces/interfaces_s__rosidl_typesupport_introspection_c.so[0m
[8.814s] [ 97%] [32m[1mLinking C shared module rosidl_generator_py/interfaces/interfaces_s__rosidl_typesupport_c.so[0m
[8.877s] [100%] [32m[1mLinking C shared module rosidl_generator_py/interfaces/interfaces_s__rosidl_typesupport_fastrtps_c.so[0m
[8.914s] [100%] Built target interfaces_s__rosidl_typesupport_introspection_c
[8.979s] [100%] Built target interfaces_s__rosidl_typesupport_c
[9.018s] [100%] Built target interfaces_s__rosidl_typesupport_fastrtps_c
[9.087s] Invoked command in '/home/jimmy/ros2_ws/build/interfaces' returned '0': CMAKE_PREFIX_PATH=${CMAKE_PREFIX_PATH}:/opt/ros/jazzy CONDA_PROMPT_MODIFIER=(base) DEBUGINFOD_URLS=https://debuginfod.ubuntu.com /usr/bin/cmake --build /home/jimmy/ros2_ws/build/interfaces -- -j4 -l4
[9.088s] Invoking command in '/home/jimmy/ros2_ws/build/interfaces': CMAKE_PREFIX_PATH=${CMAKE_PREFIX_PATH}:/opt/ros/jazzy CONDA_PROMPT_MODIFIER=(base) DEBUGINFOD_URLS=https://debuginfod.ubuntu.com /usr/bin/cmake --install /home/jimmy/ros2_ws/build/interfaces
[9.136s] -- Install configuration: ""
[9.137s] -- Execute custom install script
[9.138s] -- Symlinking: /home/jimmy/ros2_ws/install/interfaces/share/ament_index/resource_index/rosidl_interfaces/interfaces
[9.203s] -- Symlinking: /home/jimmy/ros2_ws/install/interfaces/share/interfaces/msg/MotorCmds.json
[9.220s] -- Symlinking: /home/jimmy/ros2_ws/install/interfaces/include/interfaces/interfaces/msg/detail/motor_cmds__functions.h
[9.266s] -- Symlinking: /home/jimmy/ros2_ws/install/interfaces/include/interfaces/interfaces/msg/detail/motor_cmds__struct.h
[9.309s] -- Symlinking: /home/jimmy/ros2_ws/install/interfaces/include/interfaces/interfaces/msg/detail/motor_cmds__type_support.h
[9.362s] -- Symlinking: /home/jimmy/ros2_ws/install/interfaces/include/interfaces/interfaces/msg/motor_cmds.h
[9.392s] -- Symlinking: /home/jimmy/ros2_ws/install/interfaces/include/interfaces/interfaces/msg/rosidl_generator_c__visibility_control.h
[9.416s] -- Symlinking: /home/jimmy/ros2_ws/install/interfaces/share/interfaces/environment/library_path.sh
[9.447s] -- Symlinking: /home/jimmy/ros2_ws/install/interfaces/share/interfaces/environment/library_path.dsv
[9.474s] -- Symlinking: /home/jimmy/ros2_ws/install/interfaces/include/interfaces/interfaces/msg/detail/motor_cmds__rosidl_typesupport_fastrtps_c.h
[9.497s] -- Symlinking: /home/jimmy/ros2_ws/install/interfaces/include/interfaces/interfaces/msg/rosidl_typesupport_fastrtps_c__visibility_control.h
[9.542s] -- Symlinking: /home/jimmy/ros2_ws/install/interfaces/include/interfaces/interfaces/msg/detail/motor_cmds__rosidl_typesupport_introspection_c.h
[9.595s] -- Symlinking: /home/jimmy/ros2_ws/install/interfaces/include/interfaces/interfaces/msg/rosidl_typesupport_introspection_c__visibility_control.h
[9.653s] -- Symlinking: /home/jimmy/ros2_ws/install/interfaces/include/interfaces/interfaces/msg/detail/motor_cmds__builder.hpp
[9.701s] -- Symlinking: /home/jimmy/ros2_ws/install/interfaces/include/interfaces/interfaces/msg/detail/motor_cmds__struct.hpp
[9.733s] -- Symlinking: /home/jimmy/ros2_ws/install/interfaces/include/interfaces/interfaces/msg/detail/motor_cmds__traits.hpp
[9.765s] -- Symlinking: /home/jimmy/ros2_ws/install/interfaces/include/interfaces/interfaces/msg/detail/motor_cmds__type_support.hpp
[9.803s] -- Symlinking: /home/jimmy/ros2_ws/install/interfaces/include/interfaces/interfaces/msg/motor_cmds.hpp
[9.830s] -- Symlinking: /home/jimmy/ros2_ws/install/interfaces/include/interfaces/interfaces/msg/rosidl_generator_cpp__visibility_control.hpp
[9.862s] -- Symlinking: /home/jimmy/ros2_ws/install/interfaces/include/interfaces/interfaces/msg/detail/motor_cmds__rosidl_typesupport_fastrtps_cpp.hpp
[9.890s] -- Symlinking: /home/jimmy/ros2_ws/install/interfaces/include/interfaces/interfaces/msg/rosidl_typesupport_fastrtps_cpp__visibility_control.h
[9.948s] -- Symlinking: /home/jimmy/ros2_ws/install/interfaces/include/interfaces/interfaces/msg/detail/motor_cmds__rosidl_typesupport_introspection_cpp.hpp
[9.977s] -- Symlinking: /home/jimmy/ros2_ws/install/interfaces/share/interfaces/environment/pythonpath.sh
[9.998s] -- Symlinking: /home/jimmy/ros2_ws/install/interfaces/share/interfaces/environment/pythonpath.dsv
[10.024s] -- Symlinking: /home/jimmy/ros2_ws/install/interfaces/lib/python3.13/site-packages/interfaces-0.0.0-py3.13.egg-info/PKG-INFO
[10.070s] -- Symlinking: /home/jimmy/ros2_ws/install/interfaces/lib/python3.13/site-packages/interfaces-0.0.0-py3.13.egg-info/SOURCES.txt
[10.115s] -- Symlinking: /home/jimmy/ros2_ws/install/interfaces/lib/python3.13/site-packages/interfaces-0.0.0-py3.13.egg-info/dependency_links.txt
[10.166s] -- Symlinking: /home/jimmy/ros2_ws/install/interfaces/lib/python3.13/site-packages/interfaces-0.0.0-py3.13.egg-info/top_level.txt
[10.201s] -- Symlinking: /home/jimmy/ros2_ws/install/interfaces/lib/python3.13/site-packages/interfaces/__init__.py
[10.254s] -- Symlinking: /home/jimmy/ros2_ws/install/interfaces/lib/python3.13/site-packages/interfaces/_interfaces_s.ep.rosidl_typesupport_c.c
[10.302s] -- Symlinking: /home/jimmy/ros2_ws/install/interfaces/lib/python3.13/site-packages/interfaces/_interfaces_s.ep.rosidl_typesupport_fastrtps_c.c
[10.341s] -- Symlinking: /home/jimmy/ros2_ws/install/interfaces/lib/python3.13/site-packages/interfaces/_interfaces_s.ep.rosidl_typesupport_introspection_c.c
[10.364s] -- Symlinking: /home/jimmy/ros2_ws/install/interfaces/lib/python3.13/site-packages/interfaces/interfaces_s__rosidl_typesupport_c.so
[10.390s] -- Symlinking: /home/jimmy/ros2_ws/install/interfaces/lib/python3.13/site-packages/interfaces/interfaces_s__rosidl_typesupport_fastrtps_c.so
[10.433s] -- Symlinking: /home/jimmy/ros2_ws/install/interfaces/lib/python3.13/site-packages/interfaces/interfaces_s__rosidl_typesupport_introspection_c.so
[10.469s] -- Symlinking: /home/jimmy/ros2_ws/install/interfaces/lib/python3.13/site-packages/interfaces/msg/__init__.py
[10.506s] -- Symlinking: /home/jimmy/ros2_ws/install/interfaces/lib/python3.13/site-packages/interfaces/msg/_motor_cmds.py
[10.532s] -- Symlinking: /home/jimmy/ros2_ws/install/interfaces/lib/python3.13/site-packages/interfaces/msg/_motor_cmds_s.c
[10.577s] -- Up-to-date symlink: /home/jimmy/ros2_ws/install/interfaces/lib/python3.13/site-packages/interfaces/interfaces_s__rosidl_typesupport_fastrtps_c.so
[10.578s] -- Up-to-date symlink: /home/jimmy/ros2_ws/install/interfaces/lib/python3.13/site-packages/interfaces/interfaces_s__rosidl_typesupport_introspection_c.so
[10.581s] -- Up-to-date symlink: /home/jimmy/ros2_ws/install/interfaces/lib/python3.13/site-packages/interfaces/interfaces_s__rosidl_typesupport_c.so
[10.584s] -- Symlinking: /home/jimmy/ros2_ws/install/interfaces/share/interfaces/msg/MotorCmds.idl
[10.633s] -- Symlinking: /home/jimmy/ros2_ws/install/interfaces/share/interfaces/msg/MotorCmds.msg
[10.696s] -- Symlinking: /home/jimmy/ros2_ws/install/interfaces/share/ament_index/resource_index/package_run_dependencies/interfaces
[10.733s] -- Symlinking: /home/jimmy/ros2_ws/install/interfaces/share/ament_index/resource_index/parent_prefix_path/interfaces
[10.761s] -- Symlinking: /home/jimmy/ros2_ws/install/interfaces/share/interfaces/environment/ament_prefix_path.sh
[10.787s] -- Symlinking: /home/jimmy/ros2_ws/install/interfaces/share/interfaces/environment/ament_prefix_path.dsv
[10.838s] -- Symlinking: /home/jimmy/ros2_ws/install/interfaces/share/interfaces/environment/path.sh
[10.865s] -- Symlinking: /home/jimmy/ros2_ws/install/interfaces/share/interfaces/environment/path.dsv
[10.919s] -- Symlinking: /home/jimmy/ros2_ws/install/interfaces/share/interfaces/local_setup.bash
[10.970s] -- Symlinking: /home/jimmy/ros2_ws/install/interfaces/share/interfaces/local_setup.sh
[11.038s] -- Symlinking: /home/jimmy/ros2_ws/install/interfaces/share/interfaces/local_setup.zsh
[11.074s] -- Symlinking: /home/jimmy/ros2_ws/install/interfaces/share/interfaces/local_setup.dsv
[11.104s] -- Symlinking: /home/jimmy/ros2_ws/install/interfaces/share/interfaces/package.dsv
[11.155s] -- Symlinking: /home/jimmy/ros2_ws/install/interfaces/share/ament_index/resource_index/packages/interfaces
[11.192s] -- Symlinking: /home/jimmy/ros2_ws/install/interfaces/share/interfaces/cmake/rosidl_cmake-extras.cmake
[11.235s] -- Symlinking: /home/jimmy/ros2_ws/install/interfaces/share/interfaces/cmake/ament_cmake_export_include_directories-extras.cmake
[11.287s] -- Symlinking: /home/jimmy/ros2_ws/install/interfaces/share/interfaces/cmake/ament_cmake_export_libraries-extras.cmake
[11.314s] -- Symlinking: /home/jimmy/ros2_ws/install/interfaces/share/interfaces/cmake/ament_cmake_export_targets-extras.cmake
[11.339s] -- Symlinking: /home/jimmy/ros2_ws/install/interfaces/share/interfaces/cmake/rosidl_cmake_export_typesupport_targets-extras.cmake
[11.388s] -- Symlinking: /home/jimmy/ros2_ws/install/interfaces/share/interfaces/cmake/ament_cmake_export_dependencies-extras.cmake
[11.417s] -- Symlinking: /home/jimmy/ros2_ws/install/interfaces/share/interfaces/cmake/rosidl_cmake_export_typesupport_libraries-extras.cmake
[11.437s] -- Symlinking: /home/jimmy/ros2_ws/install/interfaces/share/interfaces/cmake/interfacesConfig.cmake
[11.493s] -- Symlinking: /home/jimmy/ros2_ws/install/interfaces/share/interfaces/cmake/interfacesConfig-version.cmake
[11.537s] -- Symlinking: /home/jimmy/ros2_ws/install/interfaces/share/interfaces/package.xml
[11.590s] -- Installing: /home/jimmy/ros2_ws/install/interfaces/lib/libinterfaces__rosidl_generator_c.so
[11.591s] -- Set non-toolchain portion of runtime path of "/home/jimmy/ros2_ws/install/interfaces/lib/libinterfaces__rosidl_generator_c.so" to ""
[11.596s] -- Installing: /home/jimmy/ros2_ws/install/interfaces/lib/libinterfaces__rosidl_typesupport_fastrtps_c.so
[11.596s] -- Set non-toolchain portion of runtime path of "/home/jimmy/ros2_ws/install/interfaces/lib/libinterfaces__rosidl_typesupport_fastrtps_c.so" to ""
[11.597s] -- Installing: /home/jimmy/ros2_ws/install/interfaces/lib/libinterfaces__rosidl_typesupport_introspection_c.so
[11.598s] -- Set non-toolchain portion of runtime path of "/home/jimmy/ros2_ws/install/interfaces/lib/libinterfaces__rosidl_typesupport_introspection_c.so" to ""
[11.603s] -- Installing: /home/jimmy/ros2_ws/install/interfaces/lib/libinterfaces__rosidl_typesupport_c.so
[11.604s] -- Set non-toolchain portion of runtime path of "/home/jimmy/ros2_ws/install/interfaces/lib/libinterfaces__rosidl_typesupport_c.so" to ""
[11.610s] -- Installing: /home/jimmy/ros2_ws/install/interfaces/lib/libinterfaces__rosidl_typesupport_fastrtps_cpp.so
[11.610s] -- Set non-toolchain portion of runtime path of "/home/jimmy/ros2_ws/install/interfaces/lib/libinterfaces__rosidl_typesupport_fastrtps_cpp.so" to ""
[11.618s] -- Installing: /home/jimmy/ros2_ws/install/interfaces/lib/libinterfaces__rosidl_typesupport_introspection_cpp.so
[11.619s] -- Set non-toolchain portion of runtime path of "/home/jimmy/ros2_ws/install/interfaces/lib/libinterfaces__rosidl_typesupport_introspection_cpp.so" to ""
[11.623s] -- Installing: /home/jimmy/ros2_ws/install/interfaces/lib/libinterfaces__rosidl_typesupport_cpp.so
[11.625s] -- Set non-toolchain portion of runtime path of "/home/jimmy/ros2_ws/install/interfaces/lib/libinterfaces__rosidl_typesupport_cpp.so" to ""
[11.785s] Listing '/home/jimmy/ros2_ws/install/interfaces/lib/python3.13/site-packages/interfaces'...
[11.786s] Compiling '/home/jimmy/ros2_ws/install/interfaces/lib/python3.13/site-packages/interfaces/__init__.py'...
[11.786s] Listing '/home/jimmy/ros2_ws/install/interfaces/lib/python3.13/site-packages/interfaces/msg'...
[11.786s] Compiling '/home/jimmy/ros2_ws/install/interfaces/lib/python3.13/site-packages/interfaces/msg/__init__.py'...
[11.786s] Compiling '/home/jimmy/ros2_ws/install/interfaces/lib/python3.13/site-packages/interfaces/msg/_motor_cmds.py'...
[11.812s] -- Installing: /home/jimmy/ros2_ws/install/interfaces/lib/libinterfaces__rosidl_generator_py.so
[11.813s] -- Set non-toolchain portion of runtime path of "/home/jimmy/ros2_ws/install/interfaces/lib/libinterfaces__rosidl_generator_py.so" to ""
[11.816s] -- Installing: /home/jimmy/ros2_ws/install/interfaces/share/interfaces/cmake/export_interfaces__rosidl_generator_cExport.cmake
[11.816s] -- Installing: /home/jimmy/ros2_ws/install/interfaces/share/interfaces/cmake/export_interfaces__rosidl_generator_cExport-noconfig.cmake
[11.816s] -- Installing: /home/jimmy/ros2_ws/install/interfaces/share/interfaces/cmake/export_interfaces__rosidl_typesupport_fastrtps_cExport.cmake
[11.817s] -- Installing: /home/jimmy/ros2_ws/install/interfaces/share/interfaces/cmake/export_interfaces__rosidl_typesupport_fastrtps_cExport-noconfig.cmake
[11.822s] -- Installing: /home/jimmy/ros2_ws/install/interfaces/share/interfaces/cmake/interfaces__rosidl_typesupport_introspection_cExport.cmake
[11.822s] -- Installing: /home/jimmy/ros2_ws/install/interfaces/share/interfaces/cmake/interfaces__rosidl_typesupport_introspection_cExport-noconfig.cmake
[11.822s] -- Installing: /home/jimmy/ros2_ws/install/interfaces/share/interfaces/cmake/interfaces__rosidl_typesupport_cExport.cmake
[11.822s] -- Installing: /home/jimmy/ros2_ws/install/interfaces/share/interfaces/cmake/interfaces__rosidl_typesupport_cExport-noconfig.cmake
[11.825s] -- Installing: /home/jimmy/ros2_ws/install/interfaces/share/interfaces/cmake/export_interfaces__rosidl_generator_cppExport.cmake
[11.826s] -- Installing: /home/jimmy/ros2_ws/install/interfaces/share/interfaces/cmake/export_interfaces__rosidl_typesupport_fastrtps_cppExport.cmake
[11.830s] -- Installing: /home/jimmy/ros2_ws/install/interfaces/share/interfaces/cmake/export_interfaces__rosidl_typesupport_fastrtps_cppExport-noconfig.cmake
[11.830s] -- Installing: /home/jimmy/ros2_ws/install/interfaces/share/interfaces/cmake/interfaces__rosidl_typesupport_introspection_cppExport.cmake
[11.831s] -- Installing: /home/jimmy/ros2_ws/install/interfaces/share/interfaces/cmake/interfaces__rosidl_typesupport_introspection_cppExport-noconfig.cmake
[11.833s] -- Installing: /home/jimmy/ros2_ws/install/interfaces/share/interfaces/cmake/interfaces__rosidl_typesupport_cppExport.cmake
[11.833s] -- Installing: /home/jimmy/ros2_ws/install/interfaces/share/interfaces/cmake/interfaces__rosidl_typesupport_cppExport-noconfig.cmake
[11.836s] -- Installing: /home/jimmy/ros2_ws/install/interfaces/share/interfaces/cmake/export_interfaces__rosidl_generator_pyExport.cmake
[11.843s] -- Installing: /home/jimmy/ros2_ws/install/interfaces/share/interfaces/cmake/export_interfaces__rosidl_generator_pyExport-noconfig.cmake
[11.853s] Invoked command in '/home/jimmy/ros2_ws/build/interfaces' returned '0': CMAKE_PREFIX_PATH=${CMAKE_PREFIX_PATH}:/opt/ros/jazzy CONDA_PROMPT_MODIFIER=(base) DEBUGINFOD_URLS=https://debuginfod.ubuntu.com /usr/bin/cmake --install /home/jimmy/ros2_ws/build/interfaces
