[0.046s] Invoking command in '/home/jimmy/ros2_ws/build/realsense2_camera': CMAKE_PREFIX_PATH=/home/jimmy/ros2_ws/install/realsense2_camera_msgs:/home/jimmy/ros2_ws/install/servo:/home/jimmy/ros2_ws/install/realsense2_description:/home/jimmy/ros2_ws/install/realsense2_camera:/home/jimmy/ros2_ws/install/interfaces:/opt/ros/jazzy/opt/gz_math_vendor:/opt/ros/jazzy/opt/gz_utils_vendor:/opt/ros/jazzy/opt/gz_cmake_vendor:/opt/ros/jazzy CONDA_PROMPT_MODIFIER=(base) DEBUGINFOD_URLS=https://debuginfod.ubuntu.com LD_LIBRARY_PATH=/home/jimmy/ros2_ws/install/realsense2_camera_msgs/lib:/home/jimmy/ros2_ws/install/realsense2_camera/lib:/home/jimmy/ros2_ws/install/interfaces/lib:/opt/ros/jazzy/opt/rviz_ogre_vendor/lib:/opt/ros/jazzy/lib/aarch64-linux-gnu:/opt/ros/jazzy/opt/gz_math_vendor/lib:/opt/ros/jazzy/opt/gz_utils_vendor/lib:/opt/ros/jazzy/opt/gz_cmake_vendor/lib:/opt/ros/jazzy/lib PYTHONPATH=/home/jimmy/ros2_ws/install/realsense2_camera_msgs/lib/python3.13/site-packages:/home/jimmy/ros2_ws/install/realsense2_camera_msgs/lib/python3.12/site-packages:/home/jimmy/ros2_ws/install/realsense2_camera/lib/python3.12/site-packages:/home/jimmy/ros2_ws/install/interfaces/lib/python3.12/site-packages:/opt/ros/jazzy/lib/python3.12/site-packages /usr/bin/cmake /home/jimmy/ros2_ws/src/realsense-ros/realsense2_camera -DAMENT_CMAKE_SYMLINK_INSTALL=1 -DCMAKE_INSTALL_PREFIX=/home/jimmy/ros2_ws/install/realsense2_camera
[0.185s] -- The C compiler identification is GNU 13.3.0
[0.321s] -- The CXX compiler identification is GNU 13.3.0
[0.355s] -- Detecting C compiler ABI info
[0.557s] -- Detecting C compiler ABI info - done
[0.573s] -- Check for working C compiler: /usr/bin/cc - skipped
[0.573s] -- Detecting C compile features
[0.574s] -- Detecting C compile features - done
[0.589s] -- Detecting CXX compiler ABI info
[0.811s] -- Detecting CXX compiler ABI info - done
[0.827s] -- Check for working CXX compiler: /usr/bin/c++ - skipped
[0.828s] -- Detecting CXX compile features
[0.828s] -- Detecting CXX compile features - done
[0.830s] -- Create Release Build.
[0.833s] -- Found ament_cmake: 2.5.4 (/opt/ros/jazzy/share/ament_cmake/cmake)
[1.164s] -- Found Python3: /home/jimmy/miniconda3/bin/python3 (found version "3.13.9") found components: Interpreter 
[1.334s] -- Override CMake install command with custom implementation using symlinks instead of copying resources
[1.385s] -- Found builtin_interfaces: 2.0.3 (/opt/ros/jazzy/share/builtin_interfaces/cmake)
[1.440s] -- Found rosidl_generator_c: 4.6.6 (/opt/ros/jazzy/share/rosidl_generator_c/cmake)
[1.466s] -- Found rosidl_generator_cpp: 4.6.6 (/opt/ros/jazzy/share/rosidl_generator_cpp/cmake)
[1.493s] -- Using all available rosidl_typesupport_c: rosidl_typesupport_fastrtps_c;rosidl_typesupport_introspection_c
[1.527s] -- Using all available rosidl_typesupport_cpp: rosidl_typesupport_fastrtps_cpp;rosidl_typesupport_introspection_cpp
[1.564s] -- Found cv_bridge: 4.1.0 (/opt/ros/jazzy/share/cv_bridge/cmake)
[1.807s] -- Found rmw_implementation_cmake: 7.3.2 (/opt/ros/jazzy/share/rmw_implementation_cmake/cmake)
[1.818s] -- Found rmw_fastrtps_cpp: 8.4.3 (/opt/ros/jazzy/share/rmw_fastrtps_cpp/cmake)
[2.005s] -- Found OpenSSL: /usr/lib/aarch64-linux-gnu/libcrypto.so (found version "3.0.13")  
[2.039s] -- Found FastRTPS: /opt/ros/jazzy/include (Required is at least version "2.13") 
[2.082s] -- Using RMW implementation 'rmw_fastrtps_cpp' as default
[2.236s] -- Found image_transport: 5.1.7 (/opt/ros/jazzy/share/image_transport/cmake)
[2.311s] -- Found rclcpp_action: 28.1.12 (/opt/ros/jazzy/share/rclcpp_action/cmake)
[2.390s] -- Found rclcpp_components: 28.1.12 (/opt/ros/jazzy/share/rclcpp_components/cmake)
[2.449s] -- Found realsense2_camera_msgs: 4.56.4 (/home/jimmy/ros2_ws/install/realsense2_camera_msgs/share/realsense2_camera_msgs/cmake)
[2.498s] -- Found std_srvs: 5.3.6 (/opt/ros/jazzy/share/std_srvs/cmake)
[2.537s] -- Found nav_msgs: 5.3.6 (/opt/ros/jazzy/share/nav_msgs/cmake)
[2.591s] -- Found tf2_ros: 0.36.14 (/opt/ros/jazzy/share/tf2_ros/cmake)
[2.671s] -- Found diagnostic_updater: 4.2.6 (/opt/ros/jazzy/share/diagnostic_updater/cmake)
[2.723s] -- Found OpenCV: /usr (found version "4.6.0") found components: core 
[2.728s] -- Build for ROS2 Jazzy
[2.951s] -- Found ament_cmake_gtest: 2.5.4 (/opt/ros/jazzy/share/ament_cmake_gtest/cmake)
[2.958s] -- Found gtest sources under '/opt/ros/jazzy/src/gtest_vendor': C++ tests using 'Google Test' will be built
[2.966s] -- Performing Test CMAKE_HAVE_LIBC_PTHREAD
[3.137s] -- Performing Test CMAKE_HAVE_LIBC_PTHREAD - Success
[3.138s] -- Found Threads: TRUE  
[3.143s] -- Found ament_cmake_pytest: 2.5.4 (/opt/ros/jazzy/share/ament_cmake_pytest/cmake)
[3.185s] [33mCMake Warning at /opt/ros/jazzy/share/ament_cmake_pytest/cmake/ament_add_pytest_test.cmake:82 (message):
[3.185s]   The Python module 'pytest' was not found, pytests cannot be run.  On Linux,
[3.185s]   install the 'python3-pytest' package.  On other platforms, install 'pytest'
[3.185s]   using pip.
[3.185s] Call Stack (most recent call first):
[3.185s]   CMakeLists.txt:408 (ament_add_pytest_test)
[3.185s] 
[3.185s] [0m
[3.212s] [33mCMake Warning at /opt/ros/jazzy/share/ament_cmake_pytest/cmake/ament_add_pytest_test.cmake:82 (message):
[3.212s]   The Python module 'pytest' was not found, pytests cannot be run.  On Linux,
[3.212s]   install the 'python3-pytest' package.  On other platforms, install 'pytest'
[3.212s]   using pip.
[3.212s] Call Stack (most recent call first):
[3.212s]   CMakeLists.txt:408 (ament_add_pytest_test)
[3.212s] 
[3.212s] [0m
[3.238s] [33mCMake Warning at /opt/ros/jazzy/share/ament_cmake_pytest/cmake/ament_add_pytest_test.cmake:82 (message):
[3.238s]   The Python module 'pytest' was not found, pytests cannot be run.  On Linux,
[3.238s]   install the 'python3-pytest' package.  On other platforms, install 'pytest'
[3.238s]   using pip.
[3.238s] Call Stack (most recent call first):
[3.239s]   CMakeLists.txt:408 (ament_add_pytest_test)
[3.239s] 
[3.239s] [0m
[3.268s] [33mCMake Warning at /opt/ros/jazzy/share/ament_cmake_pytest/cmake/ament_add_pytest_test.cmake:82 (message):
[3.268s]   The Python module 'pytest' was not found, pytests cannot be run.  On Linux,
[3.268s]   install the 'python3-pytest' package.  On other platforms, install 'pytest'
[3.268s]   using pip.
[3.269s] Call Stack (most recent call first):
[3.269s]   CMakeLists.txt:408 (ament_add_pytest_test)
[3.269s] 
[3.269s] [0m
[3.295s] [33mCMake Warning at /opt/ros/jazzy/share/ament_cmake_pytest/cmake/ament_add_pytest_test.cmake:82 (message):
[3.295s]   The Python module 'pytest' was not found, pytests cannot be run.  On Linux,
[3.295s]   install the 'python3-pytest' package.  On other platforms, install 'pytest'
[3.295s]   using pip.
[3.296s] Call Stack (most recent call first):
[3.296s]   CMakeLists.txt:408 (ament_add_pytest_test)
[3.296s] 
[3.296s] [0m
[3.322s] [33mCMake Warning at /opt/ros/jazzy/share/ament_cmake_pytest/cmake/ament_add_pytest_test.cmake:82 (message):
[3.322s]   The Python module 'pytest' was not found, pytests cannot be run.  On Linux,
[3.322s]   install the 'python3-pytest' package.  On other platforms, install 'pytest'
[3.323s]   using pip.
[3.323s] Call Stack (most recent call first):
[3.323s]   CMakeLists.txt:408 (ament_add_pytest_test)
[3.323s] 
[3.323s] [0m
[3.353s] [33mCMake Warning at /opt/ros/jazzy/share/ament_cmake_pytest/cmake/ament_add_pytest_test.cmake:82 (message):
[3.353s]   The Python module 'pytest' was not found, pytests cannot be run.  On Linux,
[3.353s]   install the 'python3-pytest' package.  On other platforms, install 'pytest'
[3.353s]   using pip.
[3.353s] Call Stack (most recent call first):
[3.353s]   CMakeLists.txt:408 (ament_add_pytest_test)
[3.353s] 
[3.353s] [0m
[3.382s] [33mCMake Warning at /opt/ros/jazzy/share/ament_cmake_pytest/cmake/ament_add_pytest_test.cmake:82 (message):
[3.382s]   The Python module 'pytest' was not found, pytests cannot be run.  On Linux,
[3.382s]   install the 'python3-pytest' package.  On other platforms, install 'pytest'
[3.382s]   using pip.
[3.382s] Call Stack (most recent call first):
[3.382s]   CMakeLists.txt:408 (ament_add_pytest_test)
[3.382s] 
[3.383s] [0m
[3.408s] [33mCMake Warning at /opt/ros/jazzy/share/ament_cmake_pytest/cmake/ament_add_pytest_test.cmake:82 (message):
[3.409s]   The Python module 'pytest' was not found, pytests cannot be run.  On Linux,
[3.409s]   install the 'python3-pytest' package.  On other platforms, install 'pytest'
[3.409s]   using pip.
[3.409s] Call Stack (most recent call first):
[3.409s]   CMakeLists.txt:408 (ament_add_pytest_test)
[3.409s] 
[3.409s] [0m
[3.632s] -- rs_device_info:
[3.632s] --  10/11 09:57:38,275 ERROR [281473094152224] (context.cpp:40) No valid configuration file found at : /home/jimmy/.realsense-config.json loading defaults
[3.633s] Device Name                   Serial Number       Firmware Version
[3.633s] Intel RealSense D435I         947522072317        5.12.7.100
[3.633s] 
[3.633s] -- D455 device found
[3.665s] [33mCMake Warning at /opt/ros/jazzy/share/ament_cmake_pytest/cmake/ament_add_pytest_test.cmake:82 (message):
[3.666s]   The Python module 'pytest' was not found, pytests cannot be run.  On Linux,
[3.666s]   install the 'python3-pytest' package.  On other platforms, install 'pytest'
[3.666s]   using pip.
[3.666s] Call Stack (most recent call first):
[3.666s]   CMakeLists.txt:437 (ament_add_pytest_test)
[3.666s] 
[3.666s] [0m
[3.692s] [33mCMake Warning at /opt/ros/jazzy/share/ament_cmake_pytest/cmake/ament_add_pytest_test.cmake:82 (message):
[3.692s]   The Python module 'pytest' was not found, pytests cannot be run.  On Linux,
[3.692s]   install the 'python3-pytest' package.  On other platforms, install 'pytest'
[3.692s]   using pip.
[3.692s] Call Stack (most recent call first):
[3.692s]   CMakeLists.txt:437 (ament_add_pytest_test)
[3.692s] 
[3.692s] [0m
[3.718s] [33mCMake Warning at /opt/ros/jazzy/share/ament_cmake_pytest/cmake/ament_add_pytest_test.cmake:82 (message):
[3.718s]   The Python module 'pytest' was not found, pytests cannot be run.  On Linux,
[3.718s]   install the 'python3-pytest' package.  On other platforms, install 'pytest'
[3.718s]   using pip.
[3.718s] Call Stack (most recent call first):
[3.718s]   CMakeLists.txt:437 (ament_add_pytest_test)
[3.718s] 
[3.718s] [0m
[3.744s] [33mCMake Warning at /opt/ros/jazzy/share/ament_cmake_pytest/cmake/ament_add_pytest_test.cmake:82 (message):
[3.744s]   The Python module 'pytest' was not found, pytests cannot be run.  On Linux,
[3.744s]   install the 'python3-pytest' package.  On other platforms, install 'pytest'
[3.744s]   using pip.
[3.744s] Call Stack (most recent call first):
[3.744s]   CMakeLists.txt:437 (ament_add_pytest_test)
[3.744s] 
[3.744s] [0m
[3.772s] [33mCMake Warning at /opt/ros/jazzy/share/ament_cmake_pytest/cmake/ament_add_pytest_test.cmake:82 (message):
[3.773s]   The Python module 'pytest' was not found, pytests cannot be run.  On Linux,
[3.773s]   install the 'python3-pytest' package.  On other platforms, install 'pytest'
[3.773s]   using pip.
[3.773s] Call Stack (most recent call first):
[3.773s]   CMakeLists.txt:437 (ament_add_pytest_test)
[3.773s] 
[3.773s] [0m
[3.798s] [33mCMake Warning at /opt/ros/jazzy/share/ament_cmake_pytest/cmake/ament_add_pytest_test.cmake:82 (message):
[3.798s]   The Python module 'pytest' was not found, pytests cannot be run.  On Linux,
[3.798s]   install the 'python3-pytest' package.  On other platforms, install 'pytest'
[3.799s]   using pip.
[3.799s] Call Stack (most recent call first):
[3.799s]   CMakeLists.txt:437 (ament_add_pytest_test)
[3.799s] 
[3.799s] [0m
[3.824s] [33mCMake Warning at /opt/ros/jazzy/share/ament_cmake_pytest/cmake/ament_add_pytest_test.cmake:82 (message):
[3.824s]   The Python module 'pytest' was not found, pytests cannot be run.  On Linux,
[3.824s]   install the 'python3-pytest' package.  On other platforms, install 'pytest'
[3.824s]   using pip.
[3.824s] Call Stack (most recent call first):
[3.825s]   CMakeLists.txt:437 (ament_add_pytest_test)
[3.825s] 
[3.825s] [0m
[3.854s] [33mCMake Warning at /opt/ros/jazzy/share/ament_cmake_pytest/cmake/ament_add_pytest_test.cmake:82 (message):
[3.854s]   The Python module 'pytest' was not found, pytests cannot be run.  On Linux,
[3.854s]   install the 'python3-pytest' package.  On other platforms, install 'pytest'
[3.854s]   using pip.
[3.855s] Call Stack (most recent call first):
[3.855s]   CMakeLists.txt:437 (ament_add_pytest_test)
[3.855s] 
[3.855s] [0m
[3.881s] [33mCMake Warning at /opt/ros/jazzy/share/ament_cmake_pytest/cmake/ament_add_pytest_test.cmake:82 (message):
[3.881s]   The Python module 'pytest' was not found, pytests cannot be run.  On Linux,
[3.881s]   install the 'python3-pytest' package.  On other platforms, install 'pytest'
[3.881s]   using pip.
[3.881s] Call Stack (most recent call first):
[3.881s]   CMakeLists.txt:437 (ament_add_pytest_test)
[3.881s] 
[3.881s] [0m
[4.069s] -- Configuring done (4.0s)
[4.129s] -- Generating done (0.0s)
[4.143s] -- Build files have been written to: /home/jimmy/ros2_ws/build/realsense2_camera
[4.188s] Invoked command in '/home/jimmy/ros2_ws/build/realsense2_camera' returned '0': CMAKE_PREFIX_PATH=/home/jimmy/ros2_ws/install/realsense2_camera_msgs:/home/jimmy/ros2_ws/install/servo:/home/jimmy/ros2_ws/install/realsense2_description:/home/jimmy/ros2_ws/install/realsense2_camera:/home/jimmy/ros2_ws/install/interfaces:/opt/ros/jazzy/opt/gz_math_vendor:/opt/ros/jazzy/opt/gz_utils_vendor:/opt/ros/jazzy/opt/gz_cmake_vendor:/opt/ros/jazzy CONDA_PROMPT_MODIFIER=(base) DEBUGINFOD_URLS=https://debuginfod.ubuntu.com LD_LIBRARY_PATH=/home/jimmy/ros2_ws/install/realsense2_camera_msgs/lib:/home/jimmy/ros2_ws/install/realsense2_camera/lib:/home/jimmy/ros2_ws/install/interfaces/lib:/opt/ros/jazzy/opt/rviz_ogre_vendor/lib:/opt/ros/jazzy/lib/aarch64-linux-gnu:/opt/ros/jazzy/opt/gz_math_vendor/lib:/opt/ros/jazzy/opt/gz_utils_vendor/lib:/opt/ros/jazzy/opt/gz_cmake_vendor/lib:/opt/ros/jazzy/lib PYTHONPATH=/home/jimmy/ros2_ws/install/realsense2_camera_msgs/lib/python3.13/site-packages:/home/jimmy/ros2_ws/install/realsense2_camera_msgs/lib/python3.12/site-packages:/home/jimmy/ros2_ws/install/realsense2_camera/lib/python3.12/site-packages:/home/jimmy/ros2_ws/install/interfaces/lib/python3.12/site-packages:/opt/ros/jazzy/lib/python3.12/site-packages /usr/bin/cmake /home/jimmy/ros2_ws/src/realsense-ros/realsense2_camera -DAMENT_CMAKE_SYMLINK_INSTALL=1 -DCMAKE_INSTALL_PREFIX=/home/jimmy/ros2_ws/install/realsense2_camera
[4.191s] Invoking command in '/home/jimmy/ros2_ws/build/realsense2_camera': CMAKE_PREFIX_PATH=/home/jimmy/ros2_ws/install/realsense2_camera_msgs:/home/jimmy/ros2_ws/install/servo:/home/jimmy/ros2_ws/install/realsense2_description:/home/jimmy/ros2_ws/install/realsense2_camera:/home/jimmy/ros2_ws/install/interfaces:/opt/ros/jazzy/opt/gz_math_vendor:/opt/ros/jazzy/opt/gz_utils_vendor:/opt/ros/jazzy/opt/gz_cmake_vendor:/opt/ros/jazzy CONDA_PROMPT_MODIFIER=(base) DEBUGINFOD_URLS=https://debuginfod.ubuntu.com LD_LIBRARY_PATH=/home/jimmy/ros2_ws/install/realsense2_camera_msgs/lib:/home/jimmy/ros2_ws/install/realsense2_camera/lib:/home/jimmy/ros2_ws/install/interfaces/lib:/opt/ros/jazzy/opt/rviz_ogre_vendor/lib:/opt/ros/jazzy/lib/aarch64-linux-gnu:/opt/ros/jazzy/opt/gz_math_vendor/lib:/opt/ros/jazzy/opt/gz_utils_vendor/lib:/opt/ros/jazzy/opt/gz_cmake_vendor/lib:/opt/ros/jazzy/lib PYTHONPATH=/home/jimmy/ros2_ws/install/realsense2_camera_msgs/lib/python3.13/site-packages:/home/jimmy/ros2_ws/install/realsense2_camera_msgs/lib/python3.12/site-packages:/home/jimmy/ros2_ws/install/realsense2_camera/lib/python3.12/site-packages:/home/jimmy/ros2_ws/install/interfaces/lib/python3.12/site-packages:/opt/ros/jazzy/lib/python3.12/site-packages /usr/bin/cmake --build /home/jimmy/ros2_ws/build/realsense2_camera -- -j4 -l4
[4.298s] [  4%] [32mBuilding CXX object CMakeFiles/realsense2_camera_node.dir/rclcpp_components/node_main_realsense2_camera_node.cpp.o[0m
[4.302s] [  8%] [32mBuilding CXX object CMakeFiles/realsense2_camera.dir/src/realsense_node_factory.cpp.o[0m
[4.318s] [  8%] Built target ament_cmake_python_symlink_realsense2_camera_setup
[4.332s] [  8%] Built target ament_cmake_python_symlink_realsense2_camera
[4.374s] [ 12%] [32mBuilding CXX object gtest/CMakeFiles/gtest_main.dir/src/gtest_main.cc.o[0m
[4.385s] [ 16%] [32mBuilding CXX object gtest/CMakeFiles/gtest.dir/src/gtest-all.cc.o[0m
[6.194s] [ 20%] [32m[1mLinking CXX static library libgtest_main.a[0m
[7.432s] [ 20%] Built target gtest_main
[8.060s] running egg_info
[8.111s] creating realsense2_camera.egg-info
[8.112s] writing realsense2_camera.egg-info/PKG-INFO
[8.120s] writing dependency_links to realsense2_camera.egg-info/dependency_links.txt
[8.120s] writing top-level names to realsense2_camera.egg-info/top_level.txt
[8.120s] writing manifest file 'realsense2_camera.egg-info/SOURCES.txt'
[8.274s] reading manifest file 'realsense2_camera.egg-info/SOURCES.txt'
[8.279s] writing manifest file 'realsense2_camera.egg-info/SOURCES.txt'
[8.443s] [ 20%] Built target ament_cmake_python_build_realsense2_camera_egg
[8.468s] [ 24%] [32mBuilding CXX object CMakeFiles/realsense2_camera.dir/src/base_realsense_node.cpp.o[0m
[14.379s] [ 28%] [32m[1mLinking CXX executable realsense2_camera_node[0m
[15.171s] [ 28%] Built target realsense2_camera_node
[15.193s] [ 32%] [32mBuilding CXX object CMakeFiles/realsense2_camera.dir/src/parameters.cpp.o[0m
[28.162s] [ 36%] [32m[1mLinking CXX static library libgtest.a[0m
[28.384s] [ 36%] Built target gtest
[28.407s] [ 40%] [32mBuilding CXX object CMakeFiles/realsense2_camera.dir/src/rs_node_setup.cpp.o[0m
[36.385s] [ 44%] [32mBuilding CXX object CMakeFiles/gtest_template.dir/test/gtest_template.cpp.o[0m
[39.365s] [ 48%] [32m[1mLinking CXX executable gtest_template[0m
[39.789s] [ 48%] Built target gtest_template
[39.823s] [ 52%] [32mBuilding CXX object CMakeFiles/realsense2_camera.dir/src/ros_sensor.cpp.o[0m
[40.893s] [ 56%] [32mBuilding CXX object CMakeFiles/realsense2_camera.dir/src/ros_utils.cpp.o[0m
[55.204s] [ 60%] [32mBuilding CXX object CMakeFiles/realsense2_camera.dir/src/sensor_params.cpp.o[0m
[55.226s] [ 64%] [32mBuilding CXX object CMakeFiles/realsense2_camera.dir/src/dynamic_params.cpp.o[0m
[55.251s] [ 68%] [32mBuilding CXX object CMakeFiles/realsense2_camera.dir/src/named_filter.cpp.o[0m
[79.848s] [ 72%] [32mBuilding CXX object CMakeFiles/realsense2_camera.dir/src/profile_manager.cpp.o[0m
[80.090s] [ 76%] [32mBuilding CXX object CMakeFiles/realsense2_camera.dir/src/align_depth_filter.cpp.o[0m
[82.115s] [ 80%] [32mBuilding CXX object CMakeFiles/realsense2_camera.dir/src/image_publisher.cpp.o[0m
[84.149s] [ 84%] [32mBuilding CXX object CMakeFiles/realsense2_camera.dir/src/pointcloud_filter.cpp.o[0m
[88.424s] [ 88%] [32mBuilding CXX object CMakeFiles/realsense2_camera.dir/src/tfs.cpp.o[0m
[112.725s] [ 96%] [32mBuilding CXX object CMakeFiles/realsense2_camera.dir/src/actions.cpp.o[0m
[112.725s] [ 96%] [32mBuilding CXX object CMakeFiles/realsense2_camera.dir/src/ros_param_backend.cpp.o[0m
[127.116s] [100%] [32m[1mLinking CXX shared library librealsense2_camera.so[0m
[128.644s] [100%] Built target realsense2_camera
[128.669s] Invoked command in '/home/jimmy/ros2_ws/build/realsense2_camera' returned '0': CMAKE_PREFIX_PATH=/home/jimmy/ros2_ws/install/realsense2_camera_msgs:/home/jimmy/ros2_ws/install/servo:/home/jimmy/ros2_ws/install/realsense2_description:/home/jimmy/ros2_ws/install/realsense2_camera:/home/jimmy/ros2_ws/install/interfaces:/opt/ros/jazzy/opt/gz_math_vendor:/opt/ros/jazzy/opt/gz_utils_vendor:/opt/ros/jazzy/opt/gz_cmake_vendor:/opt/ros/jazzy CONDA_PROMPT_MODIFIER=(base) DEBUGINFOD_URLS=https://debuginfod.ubuntu.com LD_LIBRARY_PATH=/home/jimmy/ros2_ws/install/realsense2_camera_msgs/lib:/home/jimmy/ros2_ws/install/realsense2_camera/lib:/home/jimmy/ros2_ws/install/interfaces/lib:/opt/ros/jazzy/opt/rviz_ogre_vendor/lib:/opt/ros/jazzy/lib/aarch64-linux-gnu:/opt/ros/jazzy/opt/gz_math_vendor/lib:/opt/ros/jazzy/opt/gz_utils_vendor/lib:/opt/ros/jazzy/opt/gz_cmake_vendor/lib:/opt/ros/jazzy/lib PYTHONPATH=/home/jimmy/ros2_ws/install/realsense2_camera_msgs/lib/python3.13/site-packages:/home/jimmy/ros2_ws/install/realsense2_camera_msgs/lib/python3.12/site-packages:/home/jimmy/ros2_ws/install/realsense2_camera/lib/python3.12/site-packages:/home/jimmy/ros2_ws/install/interfaces/lib/python3.12/site-packages:/opt/ros/jazzy/lib/python3.12/site-packages /usr/bin/cmake --build /home/jimmy/ros2_ws/build/realsense2_camera -- -j4 -l4
[128.680s] Invoking command in '/home/jimmy/ros2_ws/build/realsense2_camera': CMAKE_PREFIX_PATH=/home/jimmy/ros2_ws/install/realsense2_camera_msgs:/home/jimmy/ros2_ws/install/servo:/home/jimmy/ros2_ws/install/realsense2_description:/home/jimmy/ros2_ws/install/realsense2_camera:/home/jimmy/ros2_ws/install/interfaces:/opt/ros/jazzy/opt/gz_math_vendor:/opt/ros/jazzy/opt/gz_utils_vendor:/opt/ros/jazzy/opt/gz_cmake_vendor:/opt/ros/jazzy CONDA_PROMPT_MODIFIER=(base) DEBUGINFOD_URLS=https://debuginfod.ubuntu.com LD_LIBRARY_PATH=/home/jimmy/ros2_ws/install/realsense2_camera_msgs/lib:/home/jimmy/ros2_ws/install/realsense2_camera/lib:/home/jimmy/ros2_ws/install/interfaces/lib:/opt/ros/jazzy/opt/rviz_ogre_vendor/lib:/opt/ros/jazzy/lib/aarch64-linux-gnu:/opt/ros/jazzy/opt/gz_math_vendor/lib:/opt/ros/jazzy/opt/gz_utils_vendor/lib:/opt/ros/jazzy/opt/gz_cmake_vendor/lib:/opt/ros/jazzy/lib PYTHONPATH=/home/jimmy/ros2_ws/install/realsense2_camera_msgs/lib/python3.13/site-packages:/home/jimmy/ros2_ws/install/realsense2_camera_msgs/lib/python3.12/site-packages:/home/jimmy/ros2_ws/install/realsense2_camera/lib/python3.12/site-packages:/home/jimmy/ros2_ws/install/interfaces/lib/python3.12/site-packages:/opt/ros/jazzy/lib/python3.12/site-packages /usr/bin/cmake --install /home/jimmy/ros2_ws/build/realsense2_camera
[128.697s] -- Install configuration: "Release"
[128.698s] -- Execute custom install script
[128.698s] -- Up-to-date symlink: /home/jimmy/ros2_ws/install/realsense2_camera/share/realsense2_camera/config/global_settings.yaml
[128.699s] -- Up-to-date symlink: /home/jimmy/ros2_ws/install/realsense2_camera/lib/realsense2_camera/realsense2_camera_node
[128.700s] -- Up-to-date symlink: /home/jimmy/ros2_ws/install/realsense2_camera/lib/librealsense2_camera.so
[128.700s] -- Up-to-date symlink: /home/jimmy/ros2_ws/install/realsense2_camera/include/align_depth_filter.h
[128.701s] -- Up-to-date symlink: /home/jimmy/ros2_ws/install/realsense2_camera/include/base_realsense_node.h
[128.701s] -- Up-to-date symlink: /home/jimmy/ros2_ws/install/realsense2_camera/include/constants.h
[128.701s] -- Up-to-date symlink: /home/jimmy/ros2_ws/install/realsense2_camera/include/dynamic_params.h
[128.702s] -- Up-to-date symlink: /home/jimmy/ros2_ws/install/realsense2_camera/include/gl_window.h
[128.702s] -- Up-to-date symlink: /home/jimmy/ros2_ws/install/realsense2_camera/include/image_publisher.h
[128.703s] -- Up-to-date symlink: /home/jimmy/ros2_ws/install/realsense2_camera/include/named_filter.h
[128.703s] -- Up-to-date symlink: /home/jimmy/ros2_ws/install/realsense2_camera/include/pointcloud_filter.h
[128.703s] -- Up-to-date symlink: /home/jimmy/ros2_ws/install/realsense2_camera/include/profile_manager.h
[128.704s] -- Up-to-date symlink: /home/jimmy/ros2_ws/install/realsense2_camera/include/realsense_node_factory.h
[128.704s] -- Up-to-date symlink: /home/jimmy/ros2_ws/install/realsense2_camera/include/ros_node_base.h
[128.704s] -- Up-to-date symlink: /home/jimmy/ros2_ws/install/realsense2_camera/include/ros_param_backend.h
[128.705s] -- Up-to-date symlink: /home/jimmy/ros2_ws/install/realsense2_camera/include/ros_sensor.h
[128.705s] -- Up-to-date symlink: /home/jimmy/ros2_ws/install/realsense2_camera/include/ros_utils.h
[128.705s] -- Up-to-date symlink: /home/jimmy/ros2_ws/install/realsense2_camera/include/sensor_params.h
[128.707s] -- Up-to-date symlink: /home/jimmy/ros2_ws/install/realsense2_camera/share/realsense2_camera/launch/default.rviz
[128.707s] -- Up-to-date symlink: /home/jimmy/ros2_ws/install/realsense2_camera/share/realsense2_camera/launch/rs_intra_process_demo_launch.py
[128.707s] -- Up-to-date symlink: /home/jimmy/ros2_ws/install/realsense2_camera/share/realsense2_camera/launch/rs_launch.py
[128.708s] -- Up-to-date symlink: /home/jimmy/ros2_ws/install/realsense2_camera/share/realsense2_camera/launch/rs_multi_camera_launch.py
[128.708s] -- Up-to-date symlink: /home/jimmy/ros2_ws/install/realsense2_camera/share/realsense2_camera/launch/rs_multi_camera_launch_sync.py
[128.711s] -- Up-to-date symlink: /home/jimmy/ros2_ws/install/realsense2_camera/share/realsense2_camera/examples/align_depth/README.md
[128.712s] -- Up-to-date symlink: /home/jimmy/ros2_ws/install/realsense2_camera/share/realsense2_camera/examples/align_depth/rs_align_depth_launch.py
[128.712s] -- Up-to-date symlink: /home/jimmy/ros2_ws/install/realsense2_camera/share/realsense2_camera/examples/d500_tables/calib_config_example.json
[128.712s] -- Up-to-date symlink: /home/jimmy/ros2_ws/install/realsense2_camera/share/realsense2_camera/examples/dual_camera/README.md
[128.713s] -- Up-to-date symlink: /home/jimmy/ros2_ws/install/realsense2_camera/share/realsense2_camera/examples/dual_camera/rs_dual_camera_launch.py
[128.713s] -- Up-to-date symlink: /home/jimmy/ros2_ws/install/realsense2_camera/share/realsense2_camera/examples/dual_camera/rviz/dual_camera_pointcloud.rviz
[128.713s] -- Up-to-date symlink: /home/jimmy/ros2_ws/install/realsense2_camera/share/realsense2_camera/examples/launch_from_rosbag/README.md
[128.714s] -- Up-to-date symlink: /home/jimmy/ros2_ws/install/realsense2_camera/share/realsense2_camera/examples/launch_from_rosbag/rs_launch_from_rosbag.py
[128.714s] -- Up-to-date symlink: /home/jimmy/ros2_ws/install/realsense2_camera/share/realsense2_camera/examples/launch_params_from_file/README.md
[128.715s] -- Up-to-date symlink: /home/jimmy/ros2_ws/install/realsense2_camera/share/realsense2_camera/examples/launch_params_from_file/config/config.yaml
[128.715s] -- Up-to-date symlink: /home/jimmy/ros2_ws/install/realsense2_camera/share/realsense2_camera/examples/launch_params_from_file/rs_launch_get_params_from_yaml.py
[128.715s] -- Up-to-date symlink: /home/jimmy/ros2_ws/install/realsense2_camera/share/realsense2_camera/examples/pointcloud/README.md
[128.716s] -- Up-to-date symlink: /home/jimmy/ros2_ws/install/realsense2_camera/share/realsense2_camera/examples/pointcloud/rs_d405_pointcloud_launch.py
[128.716s] -- Up-to-date symlink: /home/jimmy/ros2_ws/install/realsense2_camera/share/realsense2_camera/examples/pointcloud/rs_d455_pointcloud_launch.py
[128.717s] -- Up-to-date symlink: /home/jimmy/ros2_ws/install/realsense2_camera/share/realsense2_camera/examples/pointcloud/rs_pointcloud_infra_launch.py
[128.717s] -- Up-to-date symlink: /home/jimmy/ros2_ws/install/realsense2_camera/share/realsense2_camera/examples/pointcloud/rs_pointcloud_launch.py
[128.717s] -- Up-to-date symlink: /home/jimmy/ros2_ws/install/realsense2_camera/share/realsense2_camera/examples/pointcloud/rviz/pointcloud.rviz
[128.718s] -- Up-to-date symlink: /home/jimmy/ros2_ws/install/realsense2_camera/share/realsense2_camera/examples/pointcloud/rviz/urdf_pointcloud.rviz
[128.719s] -- Up-to-date symlink: /home/jimmy/ros2_ws/install/realsense2_camera/share/realsense2_camera/realsense2_camera/__init__.py
[128.719s] -- Up-to-date symlink: /home/jimmy/ros2_ws/install/realsense2_camera/share/realsense2_camera/environment/pythonpath.sh
[128.720s] -- Up-to-date symlink: /home/jimmy/ros2_ws/install/realsense2_camera/share/realsense2_camera/environment/pythonpath.dsv
[128.723s] -- Symlinking: /home/jimmy/ros2_ws/install/realsense2_camera/lib/python3.13/site-packages/realsense2_camera-4.56.4-py3.13.egg-info/PKG-INFO
[128.744s] -- Symlinking: /home/jimmy/ros2_ws/install/realsense2_camera/lib/python3.13/site-packages/realsense2_camera-4.56.4-py3.13.egg-info/SOURCES.txt
[128.761s] -- Symlinking: /home/jimmy/ros2_ws/install/realsense2_camera/lib/python3.13/site-packages/realsense2_camera-4.56.4-py3.13.egg-info/dependency_links.txt
[128.779s] -- Symlinking: /home/jimmy/ros2_ws/install/realsense2_camera/lib/python3.13/site-packages/realsense2_camera-4.56.4-py3.13.egg-info/top_level.txt
[128.797s] -- Symlinking: /home/jimmy/ros2_ws/install/realsense2_camera/lib/python3.13/site-packages/realsense2_camera/__init__.py
[128.821s] -- Up-to-date symlink: /home/jimmy/ros2_ws/install/realsense2_camera/lib/realsense2_camera/predict_node.py
[128.824s] -- Up-to-date symlink: /home/jimmy/ros2_ws/install/realsense2_camera/share/realsense2_camera/environment/library_path.sh
[128.824s] -- Up-to-date symlink: /home/jimmy/ros2_ws/install/realsense2_camera/share/realsense2_camera/environment/library_path.dsv
[128.824s] -- Up-to-date symlink: /home/jimmy/ros2_ws/install/realsense2_camera/share/ament_index/resource_index/package_run_dependencies/realsense2_camera
[128.826s] -- Up-to-date symlink: /home/jimmy/ros2_ws/install/realsense2_camera/share/ament_index/resource_index/parent_prefix_path/realsense2_camera
[128.826s] -- Up-to-date symlink: /home/jimmy/ros2_ws/install/realsense2_camera/share/realsense2_camera/environment/ament_prefix_path.sh
[128.826s] -- Up-to-date symlink: /home/jimmy/ros2_ws/install/realsense2_camera/share/realsense2_camera/environment/ament_prefix_path.dsv
[128.827s] -- Up-to-date symlink: /home/jimmy/ros2_ws/install/realsense2_camera/share/realsense2_camera/environment/path.sh
[128.828s] -- Up-to-date symlink: /home/jimmy/ros2_ws/install/realsense2_camera/share/realsense2_camera/environment/path.dsv
[128.829s] -- Up-to-date symlink: /home/jimmy/ros2_ws/install/realsense2_camera/share/realsense2_camera/local_setup.bash
[128.829s] -- Up-to-date symlink: /home/jimmy/ros2_ws/install/realsense2_camera/share/realsense2_camera/local_setup.sh
[128.832s] -- Up-to-date symlink: /home/jimmy/ros2_ws/install/realsense2_camera/share/realsense2_camera/local_setup.zsh
[128.834s] -- Up-to-date symlink: /home/jimmy/ros2_ws/install/realsense2_camera/share/realsense2_camera/local_setup.dsv
[128.836s] -- Symlinking: /home/jimmy/ros2_ws/install/realsense2_camera/share/realsense2_camera/package.dsv
[128.855s] -- Up-to-date symlink: /home/jimmy/ros2_ws/install/realsense2_camera/share/ament_index/resource_index/packages/realsense2_camera
[128.856s] -- Up-to-date symlink: /home/jimmy/ros2_ws/install/realsense2_camera/share/ament_index/resource_index/rclcpp_components/realsense2_camera
[128.856s] -- Up-to-date symlink: /home/jimmy/ros2_ws/install/realsense2_camera/share/realsense2_camera/cmake/ament_cmake_export_include_directories-extras.cmake
[128.857s] -- Up-to-date symlink: /home/jimmy/ros2_ws/install/realsense2_camera/share/realsense2_camera/cmake/ament_cmake_export_libraries-extras.cmake
[128.857s] -- Up-to-date symlink: /home/jimmy/ros2_ws/install/realsense2_camera/share/realsense2_camera/cmake/ament_cmake_export_dependencies-extras.cmake
[128.858s] -- Up-to-date symlink: /home/jimmy/ros2_ws/install/realsense2_camera/share/realsense2_camera/cmake/realsense2_cameraConfig.cmake
[128.858s] -- Up-to-date symlink: /home/jimmy/ros2_ws/install/realsense2_camera/share/realsense2_camera/cmake/realsense2_cameraConfig-version.cmake
[128.859s] -- Up-to-date symlink: /home/jimmy/ros2_ws/install/realsense2_camera/share/realsense2_camera/package.xml
[129.010s] Listing '/home/jimmy/ros2_ws/install/realsense2_camera/lib/python3.13/site-packages/realsense2_camera'...
[129.010s] Compiling '/home/jimmy/ros2_ws/install/realsense2_camera/lib/python3.13/site-packages/realsense2_camera/__init__.py'...
[129.027s] Invoked command in '/home/jimmy/ros2_ws/build/realsense2_camera' returned '0': CMAKE_PREFIX_PATH=/home/jimmy/ros2_ws/install/realsense2_camera_msgs:/home/jimmy/ros2_ws/install/servo:/home/jimmy/ros2_ws/install/realsense2_description:/home/jimmy/ros2_ws/install/realsense2_camera:/home/jimmy/ros2_ws/install/interfaces:/opt/ros/jazzy/opt/gz_math_vendor:/opt/ros/jazzy/opt/gz_utils_vendor:/opt/ros/jazzy/opt/gz_cmake_vendor:/opt/ros/jazzy CONDA_PROMPT_MODIFIER=(base) DEBUGINFOD_URLS=https://debuginfod.ubuntu.com LD_LIBRARY_PATH=/home/jimmy/ros2_ws/install/realsense2_camera_msgs/lib:/home/jimmy/ros2_ws/install/realsense2_camera/lib:/home/jimmy/ros2_ws/install/interfaces/lib:/opt/ros/jazzy/opt/rviz_ogre_vendor/lib:/opt/ros/jazzy/lib/aarch64-linux-gnu:/opt/ros/jazzy/opt/gz_math_vendor/lib:/opt/ros/jazzy/opt/gz_utils_vendor/lib:/opt/ros/jazzy/opt/gz_cmake_vendor/lib:/opt/ros/jazzy/lib PYTHONPATH=/home/jimmy/ros2_ws/install/realsense2_camera_msgs/lib/python3.13/site-packages:/home/jimmy/ros2_ws/install/realsense2_camera_msgs/lib/python3.12/site-packages:/home/jimmy/ros2_ws/install/realsense2_camera/lib/python3.12/site-packages:/home/jimmy/ros2_ws/install/interfaces/lib/python3.12/site-packages:/opt/ros/jazzy/lib/python3.12/site-packages /usr/bin/cmake --install /home/jimmy/ros2_ws/build/realsense2_camera
