[0.030s] Invoking command in '/home/jimmy/ros2_ws/build/interfaces': CMAKE_PREFIX_PATH=${CMAKE_PREFIX_PATH}:/opt/ros/jazzy CONDA_PROMPT_MODIFIER=(base) DEBUGINFOD_URLS=https://debuginfod.ubuntu.com /usr/bin/cmake --build /home/jimmy/ros2_ws/build/interfaces -- -j4 -l4
[0.163s] [  2%] Built target interfaces__rosidl_generator_type_description
[0.191s] [  2%] Built target ament_cmake_python_symlink_interfaces
[0.249s] [  5%] Built target interfaces__cpp
[0.303s] [ 20%] Built target interfaces__rosidl_generator_c
[0.438s] [ 29%] Built target interfaces__rosidl_typesupport_fastrtps_c
[0.477s] [ 47%] Built target interfaces__rosidl_typesupport_introspection_c
[0.477s] [ 47%] Built target interfaces__rosidl_typesupport_cpp
[0.661s] [ 55%] Built target interfaces__rosidl_typesupport_c
[0.677s] [ 64%] Built target interfaces__rosidl_typesupport_introspection_cpp
[0.688s] [ 73%] Built target interfaces__rosidl_typesupport_fastrtps_cpp
[0.815s] [ 73%] Built target interfaces
[0.919s] [ 76%] Built target interfaces__py
[0.989s] [ 82%] Built target interfaces__rosidl_generator_py
[1.169s] [ 88%] Built target interfaces_s__rosidl_typesupport_introspection_c
[1.169s] [ 94%] Built target interfaces_s__rosidl_typesupport_fastrtps_c
[1.180s] [100%] Built target interfaces_s__rosidl_typesupport_c
[1.437s] running egg_info
[1.463s] writing interfaces.egg-info/PKG-INFO
[1.464s] writing dependency_links to interfaces.egg-info/dependency_links.txt
[1.465s] writing top-level names to interfaces.egg-info/top_level.txt
[1.550s] reading manifest file 'interfaces.egg-info/SOURCES.txt'
[1.552s] writing manifest file 'interfaces.egg-info/SOURCES.txt'
[1.790s] [100%] Built target ament_cmake_python_build_interfaces_egg
[1.836s] Invoked command in '/home/jimmy/ros2_ws/build/interfaces' returned '0': CMAKE_PREFIX_PATH=${CMAKE_PREFIX_PATH}:/opt/ros/jazzy CONDA_PROMPT_MODIFIER=(base) DEBUGINFOD_URLS=https://debuginfod.ubuntu.com /usr/bin/cmake --build /home/jimmy/ros2_ws/build/interfaces -- -j4 -l4
[1.842s] Invoking command in '/home/jimmy/ros2_ws/build/interfaces': CMAKE_PREFIX_PATH=${CMAKE_PREFIX_PATH}:/opt/ros/jazzy CONDA_PROMPT_MODIFIER=(base) DEBUGINFOD_URLS=https://debuginfod.ubuntu.com /usr/bin/cmake --install /home/jimmy/ros2_ws/build/interfaces
[1.863s] -- Install configuration: ""
[1.864s] -- Execute custom install script
[1.865s] -- Up-to-date symlink: /home/jimmy/ros2_ws/install/interfaces/share/ament_index/resource_index/rosidl_interfaces/interfaces
[1.866s] -- Up-to-date symlink: /home/jimmy/ros2_ws/install/interfaces/share/interfaces/msg/MotorCmds.json
[1.867s] -- Up-to-date symlink: /home/jimmy/ros2_ws/install/interfaces/include/interfaces/interfaces/msg/detail/motor_cmds__functions.h
[1.868s] -- Up-to-date symlink: /home/jimmy/ros2_ws/install/interfaces/include/interfaces/interfaces/msg/detail/motor_cmds__struct.h
[1.868s] -- Up-to-date symlink: /home/jimmy/ros2_ws/install/interfaces/include/interfaces/interfaces/msg/detail/motor_cmds__type_support.h
[1.869s] -- Up-to-date symlink: /home/jimmy/ros2_ws/install/interfaces/include/interfaces/interfaces/msg/motor_cmds.h
[1.870s] -- Up-to-date symlink: /home/jimmy/ros2_ws/install/interfaces/include/interfaces/interfaces/msg/rosidl_generator_c__visibility_control.h
[1.872s] -- Up-to-date symlink: /home/jimmy/ros2_ws/install/interfaces/share/interfaces/environment/library_path.sh
[1.872s] -- Up-to-date symlink: /home/jimmy/ros2_ws/install/interfaces/share/interfaces/environment/library_path.dsv
[1.873s] -- Up-to-date symlink: /home/jimmy/ros2_ws/install/interfaces/include/interfaces/interfaces/msg/detail/motor_cmds__rosidl_typesupport_fastrtps_c.h
[1.874s] -- Up-to-date symlink: /home/jimmy/ros2_ws/install/interfaces/include/interfaces/interfaces/msg/rosidl_typesupport_fastrtps_c__visibility_control.h
[1.877s] -- Up-to-date symlink: /home/jimmy/ros2_ws/install/interfaces/include/interfaces/interfaces/msg/detail/motor_cmds__rosidl_typesupport_introspection_c.h
[1.878s] -- Up-to-date symlink: /home/jimmy/ros2_ws/install/interfaces/include/interfaces/interfaces/msg/rosidl_typesupport_introspection_c__visibility_control.h
[1.879s] -- Up-to-date symlink: /home/jimmy/ros2_ws/install/interfaces/include/interfaces/interfaces/msg/detail/motor_cmds__builder.hpp
[1.880s] -- Up-to-date symlink: /home/jimmy/ros2_ws/install/interfaces/include/interfaces/interfaces/msg/detail/motor_cmds__struct.hpp
[1.881s] -- Up-to-date symlink: /home/jimmy/ros2_ws/install/interfaces/include/interfaces/interfaces/msg/detail/motor_cmds__traits.hpp
[1.882s] -- Up-to-date symlink: /home/jimmy/ros2_ws/install/interfaces/include/interfaces/interfaces/msg/detail/motor_cmds__type_support.hpp
[1.882s] -- Up-to-date symlink: /home/jimmy/ros2_ws/install/interfaces/include/interfaces/interfaces/msg/motor_cmds.hpp
[1.882s] -- Up-to-date symlink: /home/jimmy/ros2_ws/install/interfaces/include/interfaces/interfaces/msg/rosidl_generator_cpp__visibility_control.hpp
[1.885s] -- Up-to-date symlink: /home/jimmy/ros2_ws/install/interfaces/include/interfaces/interfaces/msg/detail/motor_cmds__rosidl_typesupport_fastrtps_cpp.hpp
[1.886s] -- Up-to-date symlink: /home/jimmy/ros2_ws/install/interfaces/include/interfaces/interfaces/msg/rosidl_typesupport_fastrtps_cpp__visibility_control.h
[1.888s] -- Up-to-date symlink: /home/jimmy/ros2_ws/install/interfaces/include/interfaces/interfaces/msg/detail/motor_cmds__rosidl_typesupport_introspection_cpp.hpp
[1.889s] -- Up-to-date symlink: /home/jimmy/ros2_ws/install/interfaces/share/interfaces/environment/pythonpath.sh
[1.889s] -- Up-to-date symlink: /home/jimmy/ros2_ws/install/interfaces/share/interfaces/environment/pythonpath.dsv
[1.890s] -- Up-to-date symlink: /home/jimmy/ros2_ws/install/interfaces/lib/python3.13/site-packages/interfaces-0.0.0-py3.13.egg-info/PKG-INFO
[1.890s] -- Up-to-date symlink: /home/jimmy/ros2_ws/install/interfaces/lib/python3.13/site-packages/interfaces-0.0.0-py3.13.egg-info/SOURCES.txt
[1.891s] -- Up-to-date symlink: /home/jimmy/ros2_ws/install/interfaces/lib/python3.13/site-packages/interfaces-0.0.0-py3.13.egg-info/dependency_links.txt
[1.891s] -- Up-to-date symlink: /home/jimmy/ros2_ws/install/interfaces/lib/python3.13/site-packages/interfaces-0.0.0-py3.13.egg-info/top_level.txt
[1.892s] -- Up-to-date symlink: /home/jimmy/ros2_ws/install/interfaces/lib/python3.13/site-packages/interfaces/__init__.py
[1.892s] -- Up-to-date symlink: /home/jimmy/ros2_ws/install/interfaces/lib/python3.13/site-packages/interfaces/_interfaces_s.ep.rosidl_typesupport_c.c
[1.893s] -- Up-to-date symlink: /home/jimmy/ros2_ws/install/interfaces/lib/python3.13/site-packages/interfaces/_interfaces_s.ep.rosidl_typesupport_fastrtps_c.c
[1.893s] -- Up-to-date symlink: /home/jimmy/ros2_ws/install/interfaces/lib/python3.13/site-packages/interfaces/_interfaces_s.ep.rosidl_typesupport_introspection_c.c
[1.893s] -- Up-to-date symlink: /home/jimmy/ros2_ws/install/interfaces/lib/python3.13/site-packages/interfaces/interfaces_s__rosidl_typesupport_c.so
[1.894s] -- Up-to-date symlink: /home/jimmy/ros2_ws/install/interfaces/lib/python3.13/site-packages/interfaces/interfaces_s__rosidl_typesupport_fastrtps_c.so
[1.894s] -- Up-to-date symlink: /home/jimmy/ros2_ws/install/interfaces/lib/python3.13/site-packages/interfaces/interfaces_s__rosidl_typesupport_introspection_c.so
[1.896s] -- Up-to-date symlink: /home/jimmy/ros2_ws/install/interfaces/lib/python3.13/site-packages/interfaces/msg/__init__.py
[1.896s] -- Up-to-date symlink: /home/jimmy/ros2_ws/install/interfaces/lib/python3.13/site-packages/interfaces/msg/_motor_cmds.py
[1.897s] -- Up-to-date symlink: /home/jimmy/ros2_ws/install/interfaces/lib/python3.13/site-packages/interfaces/msg/_motor_cmds_s.c
[1.899s] -- Up-to-date symlink: /home/jimmy/ros2_ws/install/interfaces/lib/python3.13/site-packages/interfaces/interfaces_s__rosidl_typesupport_fastrtps_c.so
[1.902s] -- Up-to-date symlink: /home/jimmy/ros2_ws/install/interfaces/lib/python3.13/site-packages/interfaces/interfaces_s__rosidl_typesupport_introspection_c.so
[1.912s] -- Up-to-date symlink: /home/jimmy/ros2_ws/install/interfaces/lib/python3.13/site-packages/interfaces/interfaces_s__rosidl_typesupport_c.so
[1.912s] -- Up-to-date symlink: /home/jimmy/ros2_ws/install/interfaces/share/interfaces/msg/MotorCmds.idl
[1.913s] -- Up-to-date symlink: /home/jimmy/ros2_ws/install/interfaces/share/interfaces/msg/MotorCmds.msg
[1.914s] -- Up-to-date symlink: /home/jimmy/ros2_ws/install/interfaces/share/ament_index/resource_index/package_run_dependencies/interfaces
[1.916s] -- Up-to-date symlink: /home/jimmy/ros2_ws/install/interfaces/share/ament_index/resource_index/parent_prefix_path/interfaces
[1.916s] -- Up-to-date symlink: /home/jimmy/ros2_ws/install/interfaces/share/interfaces/environment/ament_prefix_path.sh
[1.917s] -- Up-to-date symlink: /home/jimmy/ros2_ws/install/interfaces/share/interfaces/environment/ament_prefix_path.dsv
[1.917s] -- Up-to-date symlink: /home/jimmy/ros2_ws/install/interfaces/share/interfaces/environment/path.sh
[1.917s] -- Up-to-date symlink: /home/jimmy/ros2_ws/install/interfaces/share/interfaces/environment/path.dsv
[1.917s] -- Up-to-date symlink: /home/jimmy/ros2_ws/install/interfaces/share/interfaces/local_setup.bash
[1.917s] -- Up-to-date symlink: /home/jimmy/ros2_ws/install/interfaces/share/interfaces/local_setup.sh
[1.917s] -- Up-to-date symlink: /home/jimmy/ros2_ws/install/interfaces/share/interfaces/local_setup.zsh
[1.917s] -- Up-to-date symlink: /home/jimmy/ros2_ws/install/interfaces/share/interfaces/local_setup.dsv
[1.917s] -- Symlinking: /home/jimmy/ros2_ws/install/interfaces/share/interfaces/package.dsv
[1.946s] -- Up-to-date symlink: /home/jimmy/ros2_ws/install/interfaces/share/ament_index/resource_index/packages/interfaces
[1.946s] -- Up-to-date symlink: /home/jimmy/ros2_ws/install/interfaces/share/interfaces/cmake/rosidl_cmake-extras.cmake
[1.947s] -- Up-to-date symlink: /home/jimmy/ros2_ws/install/interfaces/share/interfaces/cmake/ament_cmake_export_include_directories-extras.cmake
[1.947s] -- Up-to-date symlink: /home/jimmy/ros2_ws/install/interfaces/share/interfaces/cmake/ament_cmake_export_libraries-extras.cmake
[1.948s] -- Up-to-date symlink: /home/jimmy/ros2_ws/install/interfaces/share/interfaces/cmake/ament_cmake_export_targets-extras.cmake
[1.948s] -- Up-to-date symlink: /home/jimmy/ros2_ws/install/interfaces/share/interfaces/cmake/rosidl_cmake_export_typesupport_targets-extras.cmake
[1.949s] -- Up-to-date symlink: /home/jimmy/ros2_ws/install/interfaces/share/interfaces/cmake/ament_cmake_export_dependencies-extras.cmake
[1.949s] -- Up-to-date symlink: /home/jimmy/ros2_ws/install/interfaces/share/interfaces/cmake/rosidl_cmake_export_typesupport_libraries-extras.cmake
[1.949s] -- Up-to-date symlink: /home/jimmy/ros2_ws/install/interfaces/share/interfaces/cmake/interfacesConfig.cmake
[1.950s] -- Up-to-date symlink: /home/jimmy/ros2_ws/install/interfaces/share/interfaces/cmake/interfacesConfig-version.cmake
[1.950s] -- Up-to-date symlink: /home/jimmy/ros2_ws/install/interfaces/share/interfaces/package.xml
[1.953s] -- Up-to-date: /home/jimmy/ros2_ws/install/interfaces/lib/libinterfaces__rosidl_generator_c.so
[1.955s] -- Up-to-date: /home/jimmy/ros2_ws/install/interfaces/lib/libinterfaces__rosidl_typesupport_fastrtps_c.so
[1.956s] -- Up-to-date: /home/jimmy/ros2_ws/install/interfaces/lib/libinterfaces__rosidl_typesupport_introspection_c.so
[1.958s] -- Up-to-date: /home/jimmy/ros2_ws/install/interfaces/lib/libinterfaces__rosidl_typesupport_c.so
[1.960s] -- Up-to-date: /home/jimmy/ros2_ws/install/interfaces/lib/libinterfaces__rosidl_typesupport_fastrtps_cpp.so
[1.961s] -- Up-to-date: /home/jimmy/ros2_ws/install/interfaces/lib/libinterfaces__rosidl_typesupport_introspection_cpp.so
[1.962s] -- Up-to-date: /home/jimmy/ros2_ws/install/interfaces/lib/libinterfaces__rosidl_typesupport_cpp.so
[2.033s] Listing '/home/jimmy/ros2_ws/install/interfaces/lib/python3.13/site-packages/interfaces'...
[2.034s] Listing '/home/jimmy/ros2_ws/install/interfaces/lib/python3.13/site-packages/interfaces/msg'...
[2.053s] -- Up-to-date: /home/jimmy/ros2_ws/install/interfaces/lib/libinterfaces__rosidl_generator_py.so
[2.054s] -- Up-to-date: /home/jimmy/ros2_ws/install/interfaces/share/interfaces/cmake/export_interfaces__rosidl_generator_cExport.cmake
[2.054s] -- Up-to-date: /home/jimmy/ros2_ws/install/interfaces/share/interfaces/cmake/export_interfaces__rosidl_generator_cExport-noconfig.cmake
[2.055s] -- Up-to-date: /home/jimmy/ros2_ws/install/interfaces/share/interfaces/cmake/export_interfaces__rosidl_typesupport_fastrtps_cExport.cmake
[2.056s] -- Up-to-date: /home/jimmy/ros2_ws/install/interfaces/share/interfaces/cmake/export_interfaces__rosidl_typesupport_fastrtps_cExport-noconfig.cmake
[2.057s] -- Up-to-date: /home/jimmy/ros2_ws/install/interfaces/share/interfaces/cmake/interfaces__rosidl_typesupport_introspection_cExport.cmake
[2.057s] -- Up-to-date: /home/jimmy/ros2_ws/install/interfaces/share/interfaces/cmake/interfaces__rosidl_typesupport_introspection_cExport-noconfig.cmake
[2.058s] -- Up-to-date: /home/jimmy/ros2_ws/install/interfaces/share/interfaces/cmake/interfaces__rosidl_typesupport_cExport.cmake
[2.058s] -- Up-to-date: /home/jimmy/ros2_ws/install/interfaces/share/interfaces/cmake/interfaces__rosidl_typesupport_cExport-noconfig.cmake
[2.059s] -- Up-to-date: /home/jimmy/ros2_ws/install/interfaces/share/interfaces/cmake/export_interfaces__rosidl_generator_cppExport.cmake
[2.060s] -- Up-to-date: /home/jimmy/ros2_ws/install/interfaces/share/interfaces/cmake/export_interfaces__rosidl_typesupport_fastrtps_cppExport.cmake
[2.060s] -- Up-to-date: /home/jimmy/ros2_ws/install/interfaces/share/interfaces/cmake/export_interfaces__rosidl_typesupport_fastrtps_cppExport-noconfig.cmake
[2.061s] -- Up-to-date: /home/jimmy/ros2_ws/install/interfaces/share/interfaces/cmake/interfaces__rosidl_typesupport_introspection_cppExport.cmake
[2.061s] -- Up-to-date: /home/jimmy/ros2_ws/install/interfaces/share/interfaces/cmake/interfaces__rosidl_typesupport_introspection_cppExport-noconfig.cmake
[2.062s] -- Up-to-date: /home/jimmy/ros2_ws/install/interfaces/share/interfaces/cmake/interfaces__rosidl_typesupport_cppExport.cmake
[2.062s] -- Up-to-date: /home/jimmy/ros2_ws/install/interfaces/share/interfaces/cmake/interfaces__rosidl_typesupport_cppExport-noconfig.cmake
[2.063s] -- Up-to-date: /home/jimmy/ros2_ws/install/interfaces/share/interfaces/cmake/export_interfaces__rosidl_generator_pyExport.cmake
[2.063s] -- Up-to-date: /home/jimmy/ros2_ws/install/interfaces/share/interfaces/cmake/export_interfaces__rosidl_generator_pyExport-noconfig.cmake
[2.068s] Invoked command in '/home/jimmy/ros2_ws/build/interfaces' returned '0': CMAKE_PREFIX_PATH=${CMAKE_PREFIX_PATH}:/opt/ros/jazzy CONDA_PROMPT_MODIFIER=(base) DEBUGINFOD_URLS=https://debuginfod.ubuntu.com /usr/bin/cmake --install /home/jimmy/ros2_ws/build/interfaces
