-- Found ament_cmake: 2.5.4 (/opt/ros/jazzy/share/ament_cmake/cmake)
-- Found Python3: /usr/bin/python3 (found version "3.12.3") found components: Interpreter 
-- Found rosidl_default_generators: 1.6.0 (/opt/ros/jazzy/share/rosidl_default_generators/cmake)
-- Using all available rosidl_typesupport_c: rosidl_typesupport_fastrtps_c;rosidl_typesupport_introspection_c
-- Using all available rosidl_typesupport_cpp: rosidl_typesupport_fastrtps_cpp;rosidl_typesupport_introspection_cpp
-- Found rosidl_adapter: 4.6.6 (/opt/ros/jazzy/share/rosidl_adapter/cmake)
-- Found ament_cmake_ros: 0.12.0 (/opt/ros/jazzy/share/ament_cmake_ros/cmake)
-- Using all available rosidl_typesupport_c: rosidl_typesupport_fastrtps_c;rosidl_typesupport_introspection_c
-- Using all available rosidl_typesupport_cpp: rosidl_typesupport_fastrtps_cpp;rosidl_typesupport_introspection_cpp
-- Found python_cmake_module: 0.11.1 (/opt/ros/jazzy/share/python_cmake_module/cmake)
-- Found Python3: /usr/bin/python3 (found version "3.12.3") found components: Interpreter Development NumPy Development.Module Development.Embed 
-- Found ament_lint_auto: 0.17.3 (/opt/ros/jazzy/share/ament_lint_auto/cmake)
-- Added test 'lint_cmake' to check CMake code style
-- Added test 'xmllint' to check XML markup files
-- Configuring done (2.3s)
-- Generating done (0.1s)
-- Build files have been written to: /home/jimmy/ros2_ws/build/interfaces
[  2%] Built target interfaces__rosidl_generator_type_description
[  2%] Built target ament_cmake_python_copy_interfaces
[  5%] Built target interfaces__cpp
[ 20%] Built target interfaces__rosidl_generator_c
[ 29%] Built target interfaces__rosidl_typesupport_c
[ 38%] Built target interfaces__rosidl_typesupport_introspection_c
[ 47%] Built target interfaces__rosidl_typesupport_cpp
[ 55%] Built target interfaces__rosidl_typesupport_fastrtps_cpp
[ 64%] Built target interfaces__rosidl_typesupport_fastrtps_c
[ 73%] Built target interfaces__rosidl_typesupport_introspection_cpp
[ 73%] Built target interfaces
[ 76%] Built target interfaces__py
[ 82%] Built target interfaces__rosidl_generator_py
[ 88%] Built target interfaces_s__rosidl_typesupport_fastrtps_c
[ 94%] Built target interfaces_s__rosidl_typesupport_c
[100%] Built target interfaces_s__rosidl_typesupport_introspection_c
running egg_info
writing interfaces.egg-info/PKG-INFO
writing dependency_links to interfaces.egg-info/dependency_links.txt
writing top-level names to interfaces.egg-info/top_level.txt
reading manifest file 'interfaces.egg-info/SOURCES.txt'
writing manifest file 'interfaces.egg-info/SOURCES.txt'
[100%] Built target ament_cmake_python_build_interfaces_egg
-- Install configuration: ""
-- Up-to-date: /home/jimmy/ros2_ws/install/interfaces/share/ament_index/resource_index/rosidl_interfaces/interfaces
-- Up-to-date: /home/jimmy/ros2_ws/install/interfaces/share/interfaces/msg/MotorCmds.json
-- Up-to-date: /home/jimmy/ros2_ws/install/interfaces/include/interfaces/interfaces
-- Up-to-date: /home/jimmy/ros2_ws/install/interfaces/include/interfaces/interfaces/msg
-- Up-to-date: /home/jimmy/ros2_ws/install/interfaces/include/interfaces/interfaces/msg/motor_cmds.h
-- Up-to-date: /home/jimmy/ros2_ws/install/interfaces/include/interfaces/interfaces/msg/rosidl_generator_c__visibility_control.h
-- Up-to-date: /home/jimmy/ros2_ws/install/interfaces/include/interfaces/interfaces/msg/detail
-- Up-to-date: /home/jimmy/ros2_ws/install/interfaces/include/interfaces/interfaces/msg/detail/motor_cmds__type_support.h
-- Up-to-date: /home/jimmy/ros2_ws/install/interfaces/include/interfaces/interfaces/msg/detail/motor_cmds__type_support.c
-- Up-to-date: /home/jimmy/ros2_ws/install/interfaces/include/interfaces/interfaces/msg/detail/motor_cmds__description.c
-- Up-to-date: /home/jimmy/ros2_ws/install/interfaces/include/interfaces/interfaces/msg/detail/motor_cmds__functions.c
-- Up-to-date: /home/jimmy/ros2_ws/install/interfaces/include/interfaces/interfaces/msg/detail/motor_cmds__functions.h
-- Up-to-date: /home/jimmy/ros2_ws/install/interfaces/include/interfaces/interfaces/msg/detail/motor_cmds__struct.h
-- Up-to-date: /home/jimmy/ros2_ws/install/interfaces/share/interfaces/environment/library_path.sh
-- Up-to-date: /home/jimmy/ros2_ws/install/interfaces/share/interfaces/environment/library_path.dsv
-- Up-to-date: /home/jimmy/ros2_ws/install/interfaces/lib/libinterfaces__rosidl_generator_c.so
-- Up-to-date: /home/jimmy/ros2_ws/install/interfaces/include/interfaces/interfaces
-- Up-to-date: /home/jimmy/ros2_ws/install/interfaces/include/interfaces/interfaces/msg
-- Up-to-date: /home/jimmy/ros2_ws/install/interfaces/include/interfaces/interfaces/msg/rosidl_typesupport_fastrtps_c__visibility_control.h
-- Up-to-date: /home/jimmy/ros2_ws/install/interfaces/include/interfaces/interfaces/msg/detail
-- Up-to-date: /home/jimmy/ros2_ws/install/interfaces/include/interfaces/interfaces/msg/detail/motor_cmds__rosidl_typesupport_fastrtps_c.h
-- Up-to-date: /home/jimmy/ros2_ws/install/interfaces/lib/libinterfaces__rosidl_typesupport_fastrtps_c.so
-- Up-to-date: /home/jimmy/ros2_ws/install/interfaces/include/interfaces/interfaces
-- Up-to-date: /home/jimmy/ros2_ws/install/interfaces/include/interfaces/interfaces/msg
-- Up-to-date: /home/jimmy/ros2_ws/install/interfaces/include/interfaces/interfaces/msg/rosidl_typesupport_introspection_c__visibility_control.h
-- Up-to-date: /home/jimmy/ros2_ws/install/interfaces/include/interfaces/interfaces/msg/detail
-- Up-to-date: /home/jimmy/ros2_ws/install/interfaces/include/interfaces/interfaces/msg/detail/motor_cmds__type_support.c
-- Up-to-date: /home/jimmy/ros2_ws/install/interfaces/include/interfaces/interfaces/msg/detail/motor_cmds__rosidl_typesupport_introspection_c.h
-- Up-to-date: /home/jimmy/ros2_ws/install/interfaces/lib/libinterfaces__rosidl_typesupport_introspection_c.so
-- Up-to-date: /home/jimmy/ros2_ws/install/interfaces/lib/libinterfaces__rosidl_typesupport_c.so
-- Up-to-date: /home/jimmy/ros2_ws/install/interfaces/include/interfaces/interfaces
-- Up-to-date: /home/jimmy/ros2_ws/install/interfaces/include/interfaces/interfaces/msg
-- Up-to-date: /home/jimmy/ros2_ws/install/interfaces/include/interfaces/interfaces/msg/rosidl_generator_cpp__visibility_control.hpp
-- Up-to-date: /home/jimmy/ros2_ws/install/interfaces/include/interfaces/interfaces/msg/motor_cmds.hpp
-- Up-to-date: /home/jimmy/ros2_ws/install/interfaces/include/interfaces/interfaces/msg/detail
-- Up-to-date: /home/jimmy/ros2_ws/install/interfaces/include/interfaces/interfaces/msg/detail/motor_cmds__type_support.hpp
-- Up-to-date: /home/jimmy/ros2_ws/install/interfaces/include/interfaces/interfaces/msg/detail/motor_cmds__builder.hpp
-- Up-to-date: /home/jimmy/ros2_ws/install/interfaces/include/interfaces/interfaces/msg/detail/motor_cmds__struct.hpp
-- Up-to-date: /home/jimmy/ros2_ws/install/interfaces/include/interfaces/interfaces/msg/detail/motor_cmds__traits.hpp
-- Up-to-date: /home/jimmy/ros2_ws/install/interfaces/include/interfaces/interfaces
-- Up-to-date: /home/jimmy/ros2_ws/install/interfaces/include/interfaces/interfaces/msg
-- Up-to-date: /home/jimmy/ros2_ws/install/interfaces/include/interfaces/interfaces/msg/rosidl_typesupport_fastrtps_cpp__visibility_control.h
-- Up-to-date: /home/jimmy/ros2_ws/install/interfaces/include/interfaces/interfaces/msg/detail
-- Up-to-date: /home/jimmy/ros2_ws/install/interfaces/include/interfaces/interfaces/msg/detail/motor_cmds__rosidl_typesupport_fastrtps_cpp.hpp
-- Up-to-date: /home/jimmy/ros2_ws/install/interfaces/include/interfaces/interfaces/msg/detail/dds_fastrtps
-- Up-to-date: /home/jimmy/ros2_ws/install/interfaces/lib/libinterfaces__rosidl_typesupport_fastrtps_cpp.so
-- Up-to-date: /home/jimmy/ros2_ws/install/interfaces/include/interfaces/interfaces
-- Up-to-date: /home/jimmy/ros2_ws/install/interfaces/include/interfaces/interfaces/msg
-- Up-to-date: /home/jimmy/ros2_ws/install/interfaces/include/interfaces/interfaces/msg/detail
-- Up-to-date: /home/jimmy/ros2_ws/install/interfaces/include/interfaces/interfaces/msg/detail/motor_cmds__rosidl_typesupport_introspection_cpp.hpp
-- Up-to-date: /home/jimmy/ros2_ws/install/interfaces/include/interfaces/interfaces/msg/detail/motor_cmds__type_support.cpp
-- Up-to-date: /home/jimmy/ros2_ws/install/interfaces/lib/libinterfaces__rosidl_typesupport_introspection_cpp.so
-- Up-to-date: /home/jimmy/ros2_ws/install/interfaces/lib/libinterfaces__rosidl_typesupport_cpp.so
-- Up-to-date: /home/jimmy/ros2_ws/install/interfaces/share/interfaces/environment/pythonpath.sh
-- Up-to-date: /home/jimmy/ros2_ws/install/interfaces/share/interfaces/environment/pythonpath.dsv
-- Up-to-date: /home/jimmy/ros2_ws/install/interfaces/lib/python3.12/site-packages/interfaces-0.0.0-py3.12.egg-info
-- Installing: /home/jimmy/ros2_ws/install/interfaces/lib/python3.12/site-packages/interfaces-0.0.0-py3.12.egg-info/dependency_links.txt
-- Installing: /home/jimmy/ros2_ws/install/interfaces/lib/python3.12/site-packages/interfaces-0.0.0-py3.12.egg-info/top_level.txt
-- Installing: /home/jimmy/ros2_ws/install/interfaces/lib/python3.12/site-packages/interfaces-0.0.0-py3.12.egg-info/SOURCES.txt
-- Installing: /home/jimmy/ros2_ws/install/interfaces/lib/python3.12/site-packages/interfaces-0.0.0-py3.12.egg-info/PKG-INFO
-- Up-to-date: /home/jimmy/ros2_ws/install/interfaces/lib/python3.12/site-packages/interfaces
-- Up-to-date: /home/jimmy/ros2_ws/install/interfaces/lib/python3.12/site-packages/interfaces/_interfaces_s.ep.rosidl_typesupport_introspection_c.c
-- Up-to-date: /home/jimmy/ros2_ws/install/interfaces/lib/python3.12/site-packages/interfaces/_interfaces_s.ep.rosidl_typesupport_fastrtps_c.c
-- Up-to-date: /home/jimmy/ros2_ws/install/interfaces/lib/python3.12/site-packages/interfaces/msg
-- Up-to-date: /home/jimmy/ros2_ws/install/interfaces/lib/python3.12/site-packages/interfaces/msg/_motor_cmds.py
-- Up-to-date: /home/jimmy/ros2_ws/install/interfaces/lib/python3.12/site-packages/interfaces/msg/_motor_cmds_s.c
-- Up-to-date: /home/jimmy/ros2_ws/install/interfaces/lib/python3.12/site-packages/interfaces/msg/__init__.py
-- Up-to-date: /home/jimmy/ros2_ws/install/interfaces/lib/python3.12/site-packages/interfaces/interfaces_s__rosidl_typesupport_fastrtps_c.so
-- Installing: /home/jimmy/ros2_ws/install/interfaces/lib/python3.12/site-packages/interfaces/__init__.py
-- Up-to-date: /home/jimmy/ros2_ws/install/interfaces/lib/python3.12/site-packages/interfaces/_interfaces_s.ep.rosidl_typesupport_c.c
-- Up-to-date: /home/jimmy/ros2_ws/install/interfaces/lib/python3.12/site-packages/interfaces/interfaces_s__rosidl_typesupport_c.so
-- Up-to-date: /home/jimmy/ros2_ws/install/interfaces/lib/python3.12/site-packages/interfaces/interfaces_s__rosidl_typesupport_introspection_c.so
Listing '/home/jimmy/ros2_ws/install/interfaces/lib/python3.12/site-packages/interfaces'...
Compiling '/home/jimmy/ros2_ws/install/interfaces/lib/python3.12/site-packages/interfaces/__init__.py'...
Listing '/home/jimmy/ros2_ws/install/interfaces/lib/python3.12/site-packages/interfaces/msg'...
-- Up-to-date: /home/jimmy/ros2_ws/install/interfaces/lib/python3.12/site-packages/interfaces/interfaces_s__rosidl_typesupport_fastrtps_c.so
-- Up-to-date: /home/jimmy/ros2_ws/install/interfaces/lib/python3.12/site-packages/interfaces/interfaces_s__rosidl_typesupport_introspection_c.so
-- Up-to-date: /home/jimmy/ros2_ws/install/interfaces/lib/python3.12/site-packages/interfaces/interfaces_s__rosidl_typesupport_c.so
-- Up-to-date: /home/jimmy/ros2_ws/install/interfaces/lib/libinterfaces__rosidl_generator_py.so
-- Up-to-date: /home/jimmy/ros2_ws/install/interfaces/share/interfaces/msg/MotorCmds.idl
-- Up-to-date: /home/jimmy/ros2_ws/install/interfaces/share/interfaces/msg/MotorCmds.msg
-- Up-to-date: /home/jimmy/ros2_ws/install/interfaces/share/ament_index/resource_index/package_run_dependencies/interfaces
-- Installing: /home/jimmy/ros2_ws/install/interfaces/share/ament_index/resource_index/parent_prefix_path/interfaces
-- Up-to-date: /home/jimmy/ros2_ws/install/interfaces/share/interfaces/environment/ament_prefix_path.sh
-- Up-to-date: /home/jimmy/ros2_ws/install/interfaces/share/interfaces/environment/ament_prefix_path.dsv
-- Up-to-date: /home/jimmy/ros2_ws/install/interfaces/share/interfaces/environment/path.sh
-- Up-to-date: /home/jimmy/ros2_ws/install/interfaces/share/interfaces/environment/path.dsv
-- Up-to-date: /home/jimmy/ros2_ws/install/interfaces/share/interfaces/local_setup.bash
-- Up-to-date: /home/jimmy/ros2_ws/install/interfaces/share/interfaces/local_setup.sh
-- Up-to-date: /home/jimmy/ros2_ws/install/interfaces/share/interfaces/local_setup.zsh
-- Up-to-date: /home/jimmy/ros2_ws/install/interfaces/share/interfaces/local_setup.dsv
-- Installing: /home/jimmy/ros2_ws/install/interfaces/share/interfaces/package.dsv
-- Up-to-date: /home/jimmy/ros2_ws/install/interfaces/share/ament_index/resource_index/packages/interfaces
-- Up-to-date: /home/jimmy/ros2_ws/install/interfaces/share/interfaces/cmake/export_interfaces__rosidl_generator_cExport.cmake
-- Up-to-date: /home/jimmy/ros2_ws/install/interfaces/share/interfaces/cmake/export_interfaces__rosidl_generator_cExport-noconfig.cmake
-- Up-to-date: /home/jimmy/ros2_ws/install/interfaces/share/interfaces/cmake/export_interfaces__rosidl_typesupport_fastrtps_cExport.cmake
-- Up-to-date: /home/jimmy/ros2_ws/install/interfaces/share/interfaces/cmake/export_interfaces__rosidl_typesupport_fastrtps_cExport-noconfig.cmake
-- Up-to-date: /home/jimmy/ros2_ws/install/interfaces/share/interfaces/cmake/interfaces__rosidl_typesupport_introspection_cExport.cmake
-- Up-to-date: /home/jimmy/ros2_ws/install/interfaces/share/interfaces/cmake/interfaces__rosidl_typesupport_introspection_cExport-noconfig.cmake
-- Up-to-date: /home/jimmy/ros2_ws/install/interfaces/share/interfaces/cmake/interfaces__rosidl_typesupport_cExport.cmake
-- Up-to-date: /home/jimmy/ros2_ws/install/interfaces/share/interfaces/cmake/interfaces__rosidl_typesupport_cExport-noconfig.cmake
-- Up-to-date: /home/jimmy/ros2_ws/install/interfaces/share/interfaces/cmake/export_interfaces__rosidl_generator_cppExport.cmake
-- Up-to-date: /home/jimmy/ros2_ws/install/interfaces/share/interfaces/cmake/export_interfaces__rosidl_typesupport_fastrtps_cppExport.cmake
-- Up-to-date: /home/jimmy/ros2_ws/install/interfaces/share/interfaces/cmake/export_interfaces__rosidl_typesupport_fastrtps_cppExport-noconfig.cmake
-- Up-to-date: /home/jimmy/ros2_ws/install/interfaces/share/interfaces/cmake/interfaces__rosidl_typesupport_introspection_cppExport.cmake
-- Up-to-date: /home/jimmy/ros2_ws/install/interfaces/share/interfaces/cmake/interfaces__rosidl_typesupport_introspection_cppExport-noconfig.cmake
-- Up-to-date: /home/jimmy/ros2_ws/install/interfaces/share/interfaces/cmake/interfaces__rosidl_typesupport_cppExport.cmake
-- Up-to-date: /home/jimmy/ros2_ws/install/interfaces/share/interfaces/cmake/interfaces__rosidl_typesupport_cppExport-noconfig.cmake
-- Up-to-date: /home/jimmy/ros2_ws/install/interfaces/share/interfaces/cmake/export_interfaces__rosidl_generator_pyExport.cmake
-- Up-to-date: /home/jimmy/ros2_ws/install/interfaces/share/interfaces/cmake/export_interfaces__rosidl_generator_pyExport-noconfig.cmake
-- Up-to-date: /home/jimmy/ros2_ws/install/interfaces/share/interfaces/cmake/rosidl_cmake-extras.cmake
-- Up-to-date: /home/jimmy/ros2_ws/install/interfaces/share/interfaces/cmake/ament_cmake_export_include_directories-extras.cmake
-- Up-to-date: /home/jimmy/ros2_ws/install/interfaces/share/interfaces/cmake/ament_cmake_export_libraries-extras.cmake
-- Up-to-date: /home/jimmy/ros2_ws/install/interfaces/share/interfaces/cmake/ament_cmake_export_targets-extras.cmake
-- Up-to-date: /home/jimmy/ros2_ws/install/interfaces/share/interfaces/cmake/rosidl_cmake_export_typesupport_targets-extras.cmake
-- Up-to-date: /home/jimmy/ros2_ws/install/interfaces/share/interfaces/cmake/ament_cmake_export_dependencies-extras.cmake
-- Up-to-date: /home/jimmy/ros2_ws/install/interfaces/share/interfaces/cmake/rosidl_cmake_export_typesupport_libraries-extras.cmake
-- Up-to-date: /home/jimmy/ros2_ws/install/interfaces/share/interfaces/cmake/interfacesConfig.cmake
-- Up-to-date: /home/jimmy/ros2_ws/install/interfaces/share/interfaces/cmake/interfacesConfig-version.cmake
-- Up-to-date: /home/jimmy/ros2_ws/install/interfaces/share/interfaces/package.xml
