[0.047s] Invoking command in '/home/jimmy/ros2_ws/build/interfaces': CMAKE_PREFIX_PATH=${CMAKE_PREFIX_PATH}:/opt/ros/jazzy CONDA_PROMPT_MODIFIER=(base) DEBUGINFOD_URLS=https://debuginfod.ubuntu.com /usr/bin/cmake /home/jimmy/ros2_ws/src/interfaces -DBUILD_TOOLS=ON -DCMAKE_INSTALL_PREFIX=/home/jimmy/ros2_ws/install/interfaces
[0.224s] -- Found ament_cmake: 2.5.4 (/opt/ros/jazzy/share/ament_cmake/cmake)
[0.308s] -- Found Python3: /usr/bin/python3 (found version "3.12.3") found components: Interpreter 
[0.592s] -- Found rosidl_default_generators: 1.6.0 (/opt/ros/jazzy/share/rosidl_default_generators/cmake)
[0.607s] -- Using all available rosidl_typesupport_c: rosidl_typesupport_fastrtps_c;rosidl_typesupport_introspection_c
[0.692s] -- Using all available rosidl_typesupport_cpp: rosidl_typesupport_fastrtps_cpp;rosidl_typesupport_introspection_cpp
[0.769s] -- Found rosidl_adapter: 4.6.6 (/opt/ros/jazzy/share/rosidl_adapter/cmake)
[1.469s] -- Found ament_cmake_ros: 0.12.0 (/opt/ros/jazzy/share/ament_cmake_ros/cmake)
[1.663s] -- Using all available rosidl_typesupport_c: rosidl_typesupport_fastrtps_c;rosidl_typesupport_introspection_c
[1.882s] -- Using all available rosidl_typesupport_cpp: rosidl_typesupport_fastrtps_cpp;rosidl_typesupport_introspection_cpp
[1.886s] -- Found python_cmake_module: 0.11.1 (/opt/ros/jazzy/share/python_cmake_module/cmake)
[2.435s] -- Found Python3: /usr/bin/python3 (found version "3.12.3") found components: Interpreter Development NumPy Development.Module Development.Embed 
[2.452s] -- Found ament_lint_auto: 0.17.3 (/opt/ros/jazzy/share/ament_lint_auto/cmake)
[2.476s] -- Added test 'lint_cmake' to check CMake code style
[2.477s] -- Added test 'xmllint' to check XML markup files
[2.483s] -- Configuring done (2.3s)
[2.640s] -- Generating done (0.1s)
[2.649s] [33mCMake Warning:
[2.649s]   Manually-specified variables were not used by the project:
[2.649s] 
[2.649s]     BUILD_TOOLS
[2.650s] 
[2.650s] [0m
[2.672s] -- Build files have been written to: /home/jimmy/ros2_ws/build/interfaces
[2.690s] Invoked command in '/home/jimmy/ros2_ws/build/interfaces' returned '0': CMAKE_PREFIX_PATH=${CMAKE_PREFIX_PATH}:/opt/ros/jazzy CONDA_PROMPT_MODIFIER=(base) DEBUGINFOD_URLS=https://debuginfod.ubuntu.com /usr/bin/cmake /home/jimmy/ros2_ws/src/interfaces -DBUILD_TOOLS=ON -DCMAKE_INSTALL_PREFIX=/home/jimmy/ros2_ws/install/interfaces
[2.694s] Invoking command in '/home/jimmy/ros2_ws/build/interfaces': CMAKE_PREFIX_PATH=${CMAKE_PREFIX_PATH}:/opt/ros/jazzy CONDA_PROMPT_MODIFIER=(base) DEBUGINFOD_URLS=https://debuginfod.ubuntu.com /usr/bin/cmake --build /home/jimmy/ros2_ws/build/interfaces -- -j4 -l4
[2.791s] [  2%] Built target interfaces__rosidl_generator_type_description
[2.826s] [  2%] Built target ament_cmake_python_copy_interfaces
[2.840s] [  5%] Built target interfaces__cpp
[2.851s] [ 20%] Built target interfaces__rosidl_generator_c
[2.933s] [ 29%] Built target interfaces__rosidl_typesupport_c
[2.935s] [ 38%] Built target interfaces__rosidl_typesupport_introspection_c
[2.945s] [ 47%] Built target interfaces__rosidl_typesupport_cpp
[3.028s] [ 55%] Built target interfaces__rosidl_typesupport_fastrtps_cpp
[3.028s] [ 64%] Built target interfaces__rosidl_typesupport_fastrtps_c
[3.042s] [ 73%] Built target interfaces__rosidl_typesupport_introspection_cpp
[3.093s] [ 73%] Built target interfaces
[3.154s] [ 76%] Built target interfaces__py
[3.221s] [ 82%] Built target interfaces__rosidl_generator_py
[3.285s] [ 88%] Built target interfaces_s__rosidl_typesupport_fastrtps_c
[3.299s] [ 94%] Built target interfaces_s__rosidl_typesupport_c
[3.307s] [100%] Built target interfaces_s__rosidl_typesupport_introspection_c
[3.340s] running egg_info
[3.369s] writing interfaces.egg-info/PKG-INFO
[3.369s] writing dependency_links to interfaces.egg-info/dependency_links.txt
[3.370s] writing top-level names to interfaces.egg-info/top_level.txt
[3.460s] reading manifest file 'interfaces.egg-info/SOURCES.txt'
[3.461s] writing manifest file 'interfaces.egg-info/SOURCES.txt'
[3.574s] [100%] Built target ament_cmake_python_build_interfaces_egg
[3.605s] Invoked command in '/home/jimmy/ros2_ws/build/interfaces' returned '0': CMAKE_PREFIX_PATH=${CMAKE_PREFIX_PATH}:/opt/ros/jazzy CONDA_PROMPT_MODIFIER=(base) DEBUGINFOD_URLS=https://debuginfod.ubuntu.com /usr/bin/cmake --build /home/jimmy/ros2_ws/build/interfaces -- -j4 -l4
[3.608s] Invoking command in '/home/jimmy/ros2_ws/build/interfaces': CMAKE_PREFIX_PATH=${CMAKE_PREFIX_PATH}:/opt/ros/jazzy CONDA_PROMPT_MODIFIER=(base) DEBUGINFOD_URLS=https://debuginfod.ubuntu.com /usr/bin/cmake --install /home/jimmy/ros2_ws/build/interfaces
[3.626s] -- Install configuration: ""
[3.627s] -- Up-to-date: /home/jimmy/ros2_ws/install/interfaces/share/ament_index/resource_index/rosidl_interfaces/interfaces
[3.627s] -- Up-to-date: /home/jimmy/ros2_ws/install/interfaces/share/interfaces/msg/MotorCmds.json
[3.628s] -- Up-to-date: /home/jimmy/ros2_ws/install/interfaces/include/interfaces/interfaces
[3.628s] -- Up-to-date: /home/jimmy/ros2_ws/install/interfaces/include/interfaces/interfaces/msg
[3.628s] -- Up-to-date: /home/jimmy/ros2_ws/install/interfaces/include/interfaces/interfaces/msg/motor_cmds.h
[3.629s] -- Up-to-date: /home/jimmy/ros2_ws/install/interfaces/include/interfaces/interfaces/msg/rosidl_generator_c__visibility_control.h
[3.629s] -- Up-to-date: /home/jimmy/ros2_ws/install/interfaces/include/interfaces/interfaces/msg/detail
[3.629s] -- Up-to-date: /home/jimmy/ros2_ws/install/interfaces/include/interfaces/interfaces/msg/detail/motor_cmds__type_support.h
[3.629s] -- Up-to-date: /home/jimmy/ros2_ws/install/interfaces/include/interfaces/interfaces/msg/detail/motor_cmds__type_support.c
[3.629s] -- Up-to-date: /home/jimmy/ros2_ws/install/interfaces/include/interfaces/interfaces/msg/detail/motor_cmds__description.c
[3.629s] -- Up-to-date: /home/jimmy/ros2_ws/install/interfaces/include/interfaces/interfaces/msg/detail/motor_cmds__functions.c
[3.630s] -- Up-to-date: /home/jimmy/ros2_ws/install/interfaces/include/interfaces/interfaces/msg/detail/motor_cmds__functions.h
[3.630s] -- Up-to-date: /home/jimmy/ros2_ws/install/interfaces/include/interfaces/interfaces/msg/detail/motor_cmds__struct.h
[3.630s] -- Up-to-date: /home/jimmy/ros2_ws/install/interfaces/share/interfaces/environment/library_path.sh
[3.630s] -- Up-to-date: /home/jimmy/ros2_ws/install/interfaces/share/interfaces/environment/library_path.dsv
[3.631s] -- Up-to-date: /home/jimmy/ros2_ws/install/interfaces/lib/libinterfaces__rosidl_generator_c.so
[3.631s] -- Up-to-date: /home/jimmy/ros2_ws/install/interfaces/include/interfaces/interfaces
[3.631s] -- Up-to-date: /home/jimmy/ros2_ws/install/interfaces/include/interfaces/interfaces/msg
[3.632s] -- Up-to-date: /home/jimmy/ros2_ws/install/interfaces/include/interfaces/interfaces/msg/rosidl_typesupport_fastrtps_c__visibility_control.h
[3.632s] -- Up-to-date: /home/jimmy/ros2_ws/install/interfaces/include/interfaces/interfaces/msg/detail
[3.632s] -- Up-to-date: /home/jimmy/ros2_ws/install/interfaces/include/interfaces/interfaces/msg/detail/motor_cmds__rosidl_typesupport_fastrtps_c.h
[3.633s] -- Up-to-date: /home/jimmy/ros2_ws/install/interfaces/lib/libinterfaces__rosidl_typesupport_fastrtps_c.so
[3.633s] -- Up-to-date: /home/jimmy/ros2_ws/install/interfaces/include/interfaces/interfaces
[3.634s] -- Up-to-date: /home/jimmy/ros2_ws/install/interfaces/include/interfaces/interfaces/msg
[3.634s] -- Up-to-date: /home/jimmy/ros2_ws/install/interfaces/include/interfaces/interfaces/msg/rosidl_typesupport_introspection_c__visibility_control.h
[3.634s] -- Up-to-date: /home/jimmy/ros2_ws/install/interfaces/include/interfaces/interfaces/msg/detail
[3.634s] -- Up-to-date: /home/jimmy/ros2_ws/install/interfaces/include/interfaces/interfaces/msg/detail/motor_cmds__type_support.c
[3.634s] -- Up-to-date: /home/jimmy/ros2_ws/install/interfaces/include/interfaces/interfaces/msg/detail/motor_cmds__rosidl_typesupport_introspection_c.h
[3.635s] -- Up-to-date: /home/jimmy/ros2_ws/install/interfaces/lib/libinterfaces__rosidl_typesupport_introspection_c.so
[3.637s] -- Up-to-date: /home/jimmy/ros2_ws/install/interfaces/lib/libinterfaces__rosidl_typesupport_c.so
[3.637s] -- Up-to-date: /home/jimmy/ros2_ws/install/interfaces/include/interfaces/interfaces
[3.637s] -- Up-to-date: /home/jimmy/ros2_ws/install/interfaces/include/interfaces/interfaces/msg
[3.637s] -- Up-to-date: /home/jimmy/ros2_ws/install/interfaces/include/interfaces/interfaces/msg/rosidl_generator_cpp__visibility_control.hpp
[3.637s] -- Up-to-date: /home/jimmy/ros2_ws/install/interfaces/include/interfaces/interfaces/msg/motor_cmds.hpp
[3.637s] -- Up-to-date: /home/jimmy/ros2_ws/install/interfaces/include/interfaces/interfaces/msg/detail
[3.637s] -- Up-to-date: /home/jimmy/ros2_ws/install/interfaces/include/interfaces/interfaces/msg/detail/motor_cmds__type_support.hpp
[3.638s] -- Up-to-date: /home/jimmy/ros2_ws/install/interfaces/include/interfaces/interfaces/msg/detail/motor_cmds__builder.hpp
[3.638s] -- Up-to-date: /home/jimmy/ros2_ws/install/interfaces/include/interfaces/interfaces/msg/detail/motor_cmds__struct.hpp
[3.638s] -- Up-to-date: /home/jimmy/ros2_ws/install/interfaces/include/interfaces/interfaces/msg/detail/motor_cmds__traits.hpp
[3.639s] -- Up-to-date: /home/jimmy/ros2_ws/install/interfaces/include/interfaces/interfaces
[3.639s] -- Up-to-date: /home/jimmy/ros2_ws/install/interfaces/include/interfaces/interfaces/msg
[3.639s] -- Up-to-date: /home/jimmy/ros2_ws/install/interfaces/include/interfaces/interfaces/msg/rosidl_typesupport_fastrtps_cpp__visibility_control.h
[3.639s] -- Up-to-date: /home/jimmy/ros2_ws/install/interfaces/include/interfaces/interfaces/msg/detail
[3.639s] -- Up-to-date: /home/jimmy/ros2_ws/install/interfaces/include/interfaces/interfaces/msg/detail/motor_cmds__rosidl_typesupport_fastrtps_cpp.hpp
[3.639s] -- Up-to-date: /home/jimmy/ros2_ws/install/interfaces/include/interfaces/interfaces/msg/detail/dds_fastrtps
[3.639s] -- Up-to-date: /home/jimmy/ros2_ws/install/interfaces/lib/libinterfaces__rosidl_typesupport_fastrtps_cpp.so
[3.639s] -- Up-to-date: /home/jimmy/ros2_ws/install/interfaces/include/interfaces/interfaces
[3.640s] -- Up-to-date: /home/jimmy/ros2_ws/install/interfaces/include/interfaces/interfaces/msg
[3.640s] -- Up-to-date: /home/jimmy/ros2_ws/install/interfaces/include/interfaces/interfaces/msg/detail
[3.640s] -- Up-to-date: /home/jimmy/ros2_ws/install/interfaces/include/interfaces/interfaces/msg/detail/motor_cmds__rosidl_typesupport_introspection_cpp.hpp
[3.640s] -- Up-to-date: /home/jimmy/ros2_ws/install/interfaces/include/interfaces/interfaces/msg/detail/motor_cmds__type_support.cpp
[3.641s] -- Up-to-date: /home/jimmy/ros2_ws/install/interfaces/lib/libinterfaces__rosidl_typesupport_introspection_cpp.so
[3.643s] -- Up-to-date: /home/jimmy/ros2_ws/install/interfaces/lib/libinterfaces__rosidl_typesupport_cpp.so
[3.643s] -- Up-to-date: /home/jimmy/ros2_ws/install/interfaces/share/interfaces/environment/pythonpath.sh
[3.643s] -- Up-to-date: /home/jimmy/ros2_ws/install/interfaces/share/interfaces/environment/pythonpath.dsv
[3.643s] -- Up-to-date: /home/jimmy/ros2_ws/install/interfaces/lib/python3.12/site-packages/interfaces-0.0.0-py3.12.egg-info
[3.643s] -- Installing: /home/jimmy/ros2_ws/install/interfaces/lib/python3.12/site-packages/interfaces-0.0.0-py3.12.egg-info/dependency_links.txt
[3.643s] -- Installing: /home/jimmy/ros2_ws/install/interfaces/lib/python3.12/site-packages/interfaces-0.0.0-py3.12.egg-info/top_level.txt
[3.644s] -- Installing: /home/jimmy/ros2_ws/install/interfaces/lib/python3.12/site-packages/interfaces-0.0.0-py3.12.egg-info/SOURCES.txt
[3.644s] -- Installing: /home/jimmy/ros2_ws/install/interfaces/lib/python3.12/site-packages/interfaces-0.0.0-py3.12.egg-info/PKG-INFO
[3.644s] -- Up-to-date: /home/jimmy/ros2_ws/install/interfaces/lib/python3.12/site-packages/interfaces
[3.644s] -- Up-to-date: /home/jimmy/ros2_ws/install/interfaces/lib/python3.12/site-packages/interfaces/_interfaces_s.ep.rosidl_typesupport_introspection_c.c
[3.644s] -- Up-to-date: /home/jimmy/ros2_ws/install/interfaces/lib/python3.12/site-packages/interfaces/_interfaces_s.ep.rosidl_typesupport_fastrtps_c.c
[3.645s] -- Up-to-date: /home/jimmy/ros2_ws/install/interfaces/lib/python3.12/site-packages/interfaces/msg
[3.645s] -- Up-to-date: /home/jimmy/ros2_ws/install/interfaces/lib/python3.12/site-packages/interfaces/msg/_motor_cmds.py
[3.645s] -- Up-to-date: /home/jimmy/ros2_ws/install/interfaces/lib/python3.12/site-packages/interfaces/msg/_motor_cmds_s.c
[3.645s] -- Up-to-date: /home/jimmy/ros2_ws/install/interfaces/lib/python3.12/site-packages/interfaces/msg/__init__.py
[3.645s] -- Up-to-date: /home/jimmy/ros2_ws/install/interfaces/lib/python3.12/site-packages/interfaces/interfaces_s__rosidl_typesupport_fastrtps_c.so
[3.645s] -- Installing: /home/jimmy/ros2_ws/install/interfaces/lib/python3.12/site-packages/interfaces/__init__.py
[3.645s] -- Up-to-date: /home/jimmy/ros2_ws/install/interfaces/lib/python3.12/site-packages/interfaces/_interfaces_s.ep.rosidl_typesupport_c.c
[3.645s] -- Up-to-date: /home/jimmy/ros2_ws/install/interfaces/lib/python3.12/site-packages/interfaces/interfaces_s__rosidl_typesupport_c.so
[3.645s] -- Up-to-date: /home/jimmy/ros2_ws/install/interfaces/lib/python3.12/site-packages/interfaces/interfaces_s__rosidl_typesupport_introspection_c.so
[3.707s] Listing '/home/jimmy/ros2_ws/install/interfaces/lib/python3.12/site-packages/interfaces'...
[3.707s] Compiling '/home/jimmy/ros2_ws/install/interfaces/lib/python3.12/site-packages/interfaces/__init__.py'...
[3.707s] Listing '/home/jimmy/ros2_ws/install/interfaces/lib/python3.12/site-packages/interfaces/msg'...
[3.724s] -- Up-to-date: /home/jimmy/ros2_ws/install/interfaces/lib/python3.12/site-packages/interfaces/interfaces_s__rosidl_typesupport_fastrtps_c.so
[3.726s] -- Up-to-date: /home/jimmy/ros2_ws/install/interfaces/lib/python3.12/site-packages/interfaces/interfaces_s__rosidl_typesupport_introspection_c.so
[3.728s] -- Up-to-date: /home/jimmy/ros2_ws/install/interfaces/lib/python3.12/site-packages/interfaces/interfaces_s__rosidl_typesupport_c.so
[3.729s] -- Up-to-date: /home/jimmy/ros2_ws/install/interfaces/lib/libinterfaces__rosidl_generator_py.so
[3.729s] -- Up-to-date: /home/jimmy/ros2_ws/install/interfaces/share/interfaces/msg/MotorCmds.idl
[3.729s] -- Up-to-date: /home/jimmy/ros2_ws/install/interfaces/share/interfaces/msg/MotorCmds.msg
[3.729s] -- Up-to-date: /home/jimmy/ros2_ws/install/interfaces/share/ament_index/resource_index/package_run_dependencies/interfaces
[3.730s] -- Installing: /home/jimmy/ros2_ws/install/interfaces/share/ament_index/resource_index/parent_prefix_path/interfaces
[3.730s] -- Up-to-date: /home/jimmy/ros2_ws/install/interfaces/share/interfaces/environment/ament_prefix_path.sh
[3.730s] -- Up-to-date: /home/jimmy/ros2_ws/install/interfaces/share/interfaces/environment/ament_prefix_path.dsv
[3.730s] -- Up-to-date: /home/jimmy/ros2_ws/install/interfaces/share/interfaces/environment/path.sh
[3.730s] -- Up-to-date: /home/jimmy/ros2_ws/install/interfaces/share/interfaces/environment/path.dsv
[3.731s] -- Up-to-date: /home/jimmy/ros2_ws/install/interfaces/share/interfaces/local_setup.bash
[3.731s] -- Up-to-date: /home/jimmy/ros2_ws/install/interfaces/share/interfaces/local_setup.sh
[3.731s] -- Up-to-date: /home/jimmy/ros2_ws/install/interfaces/share/interfaces/local_setup.zsh
[3.731s] -- Up-to-date: /home/jimmy/ros2_ws/install/interfaces/share/interfaces/local_setup.dsv
[3.731s] -- Installing: /home/jimmy/ros2_ws/install/interfaces/share/interfaces/package.dsv
[3.731s] -- Up-to-date: /home/jimmy/ros2_ws/install/interfaces/share/ament_index/resource_index/packages/interfaces
[3.732s] -- Up-to-date: /home/jimmy/ros2_ws/install/interfaces/share/interfaces/cmake/export_interfaces__rosidl_generator_cExport.cmake
[3.732s] -- Up-to-date: /home/jimmy/ros2_ws/install/interfaces/share/interfaces/cmake/export_interfaces__rosidl_generator_cExport-noconfig.cmake
[3.732s] -- Up-to-date: /home/jimmy/ros2_ws/install/interfaces/share/interfaces/cmake/export_interfaces__rosidl_typesupport_fastrtps_cExport.cmake
[3.732s] -- Up-to-date: /home/jimmy/ros2_ws/install/interfaces/share/interfaces/cmake/export_interfaces__rosidl_typesupport_fastrtps_cExport-noconfig.cmake
[3.733s] -- Up-to-date: /home/jimmy/ros2_ws/install/interfaces/share/interfaces/cmake/interfaces__rosidl_typesupport_introspection_cExport.cmake
[3.733s] -- Up-to-date: /home/jimmy/ros2_ws/install/interfaces/share/interfaces/cmake/interfaces__rosidl_typesupport_introspection_cExport-noconfig.cmake
[3.733s] -- Up-to-date: /home/jimmy/ros2_ws/install/interfaces/share/interfaces/cmake/interfaces__rosidl_typesupport_cExport.cmake
[3.734s] -- Up-to-date: /home/jimmy/ros2_ws/install/interfaces/share/interfaces/cmake/interfaces__rosidl_typesupport_cExport-noconfig.cmake
[3.734s] -- Up-to-date: /home/jimmy/ros2_ws/install/interfaces/share/interfaces/cmake/export_interfaces__rosidl_generator_cppExport.cmake
[3.735s] -- Up-to-date: /home/jimmy/ros2_ws/install/interfaces/share/interfaces/cmake/export_interfaces__rosidl_typesupport_fastrtps_cppExport.cmake
[3.735s] -- Up-to-date: /home/jimmy/ros2_ws/install/interfaces/share/interfaces/cmake/export_interfaces__rosidl_typesupport_fastrtps_cppExport-noconfig.cmake
[3.735s] -- Up-to-date: /home/jimmy/ros2_ws/install/interfaces/share/interfaces/cmake/interfaces__rosidl_typesupport_introspection_cppExport.cmake
[3.735s] -- Up-to-date: /home/jimmy/ros2_ws/install/interfaces/share/interfaces/cmake/interfaces__rosidl_typesupport_introspection_cppExport-noconfig.cmake
[3.736s] -- Up-to-date: /home/jimmy/ros2_ws/install/interfaces/share/interfaces/cmake/interfaces__rosidl_typesupport_cppExport.cmake
[3.736s] -- Up-to-date: /home/jimmy/ros2_ws/install/interfaces/share/interfaces/cmake/interfaces__rosidl_typesupport_cppExport-noconfig.cmake
[3.736s] -- Up-to-date: /home/jimmy/ros2_ws/install/interfaces/share/interfaces/cmake/export_interfaces__rosidl_generator_pyExport.cmake
[3.736s] -- Up-to-date: /home/jimmy/ros2_ws/install/interfaces/share/interfaces/cmake/export_interfaces__rosidl_generator_pyExport-noconfig.cmake
[3.736s] -- Up-to-date: /home/jimmy/ros2_ws/install/interfaces/share/interfaces/cmake/rosidl_cmake-extras.cmake
[3.737s] -- Up-to-date: /home/jimmy/ros2_ws/install/interfaces/share/interfaces/cmake/ament_cmake_export_include_directories-extras.cmake
[3.737s] -- Up-to-date: /home/jimmy/ros2_ws/install/interfaces/share/interfaces/cmake/ament_cmake_export_libraries-extras.cmake
[3.737s] -- Up-to-date: /home/jimmy/ros2_ws/install/interfaces/share/interfaces/cmake/ament_cmake_export_targets-extras.cmake
[3.737s] -- Up-to-date: /home/jimmy/ros2_ws/install/interfaces/share/interfaces/cmake/rosidl_cmake_export_typesupport_targets-extras.cmake
[3.737s] -- Up-to-date: /home/jimmy/ros2_ws/install/interfaces/share/interfaces/cmake/ament_cmake_export_dependencies-extras.cmake
[3.737s] -- Up-to-date: /home/jimmy/ros2_ws/install/interfaces/share/interfaces/cmake/rosidl_cmake_export_typesupport_libraries-extras.cmake
[3.737s] -- Up-to-date: /home/jimmy/ros2_ws/install/interfaces/share/interfaces/cmake/interfacesConfig.cmake
[3.737s] -- Up-to-date: /home/jimmy/ros2_ws/install/interfaces/share/interfaces/cmake/interfacesConfig-version.cmake
[3.737s] -- Up-to-date: /home/jimmy/ros2_ws/install/interfaces/share/interfaces/package.xml
[3.741s] Invoked command in '/home/jimmy/ros2_ws/build/interfaces' returned '0': CMAKE_PREFIX_PATH=${CMAKE_PREFIX_PATH}:/opt/ros/jazzy CONDA_PROMPT_MODIFIER=(base) DEBUGINFOD_URLS=https://debuginfod.ubuntu.com /usr/bin/cmake --install /home/jimmy/ros2_ws/build/interfaces
